2020-11-24 08:08:34,522 [main] INFO  com.shortrent.ShortRentApplication - Starting ShortRentApplication on LAPTOP-RFRAAI6A with PID 10688 (D:\17201219-idea\shortrent\target\classes started by 施增辉 in D:\17201219-idea\shortrent)
2020-11-24 08:08:34,532 [main] INFO  com.shortrent.ShortRentApplication - No active profile set, falling back to default profiles: default
2020-11-24 08:08:37,381 [main] INFO  org.springframework.boot.web.embedded.tomcat.TomcatWebServer - Tomcat initialized with port(s): 8080 (https)
2020-11-24 08:08:37,396 [main] INFO  org.apache.coyote.http11.Http11NioProtocol - Initializing ProtocolHandler ["https-openssl-nio-8080"]
2020-11-24 08:08:37,419 [main] INFO  org.apache.catalina.core.StandardService - Starting service [Tomcat]
2020-11-24 08:08:37,434 [main] INFO  org.apache.catalina.core.StandardEngine - Starting Servlet Engine: Apache Tomcat/9.0.12
2020-11-24 08:08:37,434 [main] INFO  org.apache.catalina.core.AprLifecycleListener - Loaded APR based Apache Tomcat Native library [1.2.23] using APR version [1.7.0].
2020-11-24 08:08:37,434 [main] INFO  org.apache.catalina.core.AprLifecycleListener - APR capabilities: IPv6 [true], sendfile [true], accept filters [false], random [true].
2020-11-24 08:08:37,434 [main] INFO  org.apache.catalina.core.AprLifecycleListener - APR/OpenSSL configuration: useAprConnector [false], useOpenSSL [true]
2020-11-24 08:08:37,466 [main] INFO  org.apache.catalina.core.AprLifecycleListener - OpenSSL successfully initialized [OpenSSL 1.1.1c  28 May 2019]
2020-11-24 08:08:37,697 [main] INFO  org.apache.catalina.core.ContainerBase.[Tomcat].[localhost].[/] - Initializing Spring embedded WebApplicationContext
2020-11-24 08:08:37,697 [main] INFO  org.springframework.web.context.ContextLoader - Root WebApplicationContext: initialization completed in 3055 ms
2020-11-24 08:08:37,750 [main] INFO  org.springframework.boot.web.servlet.ServletRegistrationBean - Servlet dispatcherServlet mapped to [/]
2020-11-24 08:08:37,750 [main] INFO  org.springframework.boot.web.servlet.FilterRegistrationBean - Mapping filter: 'characterEncodingFilter' to: [/*]
2020-11-24 08:08:37,750 [main] INFO  org.springframework.boot.web.servlet.FilterRegistrationBean - Mapping filter: 'hiddenHttpMethodFilter' to: [/*]
2020-11-24 08:08:37,750 [main] INFO  org.springframework.boot.web.servlet.FilterRegistrationBean - Mapping filter: 'formContentFilter' to: [/*]
2020-11-24 08:08:37,750 [main] INFO  org.springframework.boot.web.servlet.FilterRegistrationBean - Mapping filter: 'requestContextFilter' to: [/*]
2020-11-24 08:08:38,834 [main] INFO  org.springframework.scheduling.concurrent.ThreadPoolTaskExecutor - Initializing ExecutorService 'applicationTaskExecutor'
2020-11-24 08:08:39,490 [main] INFO  org.apache.coyote.http11.Http11NioProtocol - Starting ProtocolHandler ["https-openssl-nio-8080"]
2020-11-24 08:08:40,311 [main] INFO  org.apache.tomcat.util.net.NioSelectorPool - Using a shared selector for servlet write/read
2020-11-24 08:08:40,343 [main] INFO  org.springframework.boot.web.embedded.tomcat.TomcatWebServer - Tomcat started on port(s): 8080 (https) with context path ''
2020-11-24 08:08:40,348 [main] INFO  com.shortrent.ShortRentApplication - Started ShortRentApplication in 6.825 seconds (JVM running for 7.829)
2020-11-24 08:08:55,413 [https-openssl-nio-8080-exec-7] INFO  org.apache.catalina.core.ContainerBase.[Tomcat].[localhost].[/] - Initializing Spring DispatcherServlet 'dispatcherServlet'
2020-11-24 08:08:55,413 [https-openssl-nio-8080-exec-7] INFO  org.springframework.web.servlet.DispatcherServlet - Initializing Servlet 'dispatcherServlet'
2020-11-24 08:08:55,422 [https-openssl-nio-8080-exec-7] INFO  org.springframework.web.servlet.DispatcherServlet - Completed initialization in 9 ms
2020-11-24 08:08:56,155 [https-openssl-nio-8080-exec-3] INFO  com.zaxxer.hikari.HikariDataSource - HikariPool-1 - Starting...
2020-11-24 08:08:56,395 [https-openssl-nio-8080-exec-3] INFO  com.zaxxer.hikari.HikariDataSource - HikariPool-1 - Start completed.
2020-11-24 15:48:16,911 [main] INFO  com.shortrent.ShortRentApplication - Starting ShortRentApplication on LAPTOP-RFRAAI6A with PID 1056 (D:\17201219-idea\shortrent\target\classes started by 施增辉 in D:\17201219-idea\shortrent)
2020-11-24 15:48:16,911 [main] INFO  com.shortrent.ShortRentApplication - No active profile set, falling back to default profiles: default
2020-11-24 15:48:21,428 [main] INFO  org.springframework.boot.web.embedded.tomcat.TomcatWebServer - Tomcat initialized with port(s): 8080 (https)
2020-11-24 15:48:21,459 [main] INFO  org.apache.coyote.http11.Http11NioProtocol - Initializing ProtocolHandler ["https-openssl-nio-8080"]
2020-11-24 15:48:21,475 [main] INFO  org.apache.catalina.core.StandardService - Starting service [Tomcat]
2020-11-24 15:48:21,475 [main] INFO  org.apache.catalina.core.StandardEngine - Starting Servlet Engine: Apache Tomcat/9.0.12
2020-11-24 15:48:21,490 [main] INFO  org.apache.catalina.core.AprLifecycleListener - Loaded APR based Apache Tomcat Native library [1.2.23] using APR version [1.7.0].
2020-11-24 15:48:21,506 [main] INFO  org.apache.catalina.core.AprLifecycleListener - APR capabilities: IPv6 [true], sendfile [true], accept filters [false], random [true].
2020-11-24 15:48:21,506 [main] INFO  org.apache.catalina.core.AprLifecycleListener - APR/OpenSSL configuration: useAprConnector [false], useOpenSSL [true]
2020-11-24 15:48:21,537 [main] INFO  org.apache.catalina.core.AprLifecycleListener - OpenSSL successfully initialized [OpenSSL 1.1.1c  28 May 2019]
2020-11-24 15:48:21,928 [main] INFO  org.apache.catalina.core.ContainerBase.[Tomcat].[localhost].[/] - Initializing Spring embedded WebApplicationContext
2020-11-24 15:48:21,928 [main] INFO  org.springframework.web.context.ContextLoader - Root WebApplicationContext: initialization completed in 4830 ms
2020-11-24 15:48:21,991 [main] INFO  org.springframework.boot.web.servlet.ServletRegistrationBean - Servlet dispatcherServlet mapped to [/]
2020-11-24 15:48:22,006 [main] INFO  org.springframework.boot.web.servlet.FilterRegistrationBean - Mapping filter: 'characterEncodingFilter' to: [/*]
2020-11-24 15:48:22,006 [main] INFO  org.springframework.boot.web.servlet.FilterRegistrationBean - Mapping filter: 'hiddenHttpMethodFilter' to: [/*]
2020-11-24 15:48:22,006 [main] INFO  org.springframework.boot.web.servlet.FilterRegistrationBean - Mapping filter: 'formContentFilter' to: [/*]
2020-11-24 15:48:22,006 [main] INFO  org.springframework.boot.web.servlet.FilterRegistrationBean - Mapping filter: 'requestContextFilter' to: [/*]
2020-11-24 15:48:23,632 [main] INFO  org.springframework.scheduling.concurrent.ThreadPoolTaskExecutor - Initializing ExecutorService 'applicationTaskExecutor'
2020-11-24 15:48:24,413 [main] INFO  org.apache.coyote.http11.Http11NioProtocol - Starting ProtocolHandler ["https-openssl-nio-8080"]
2020-11-24 15:48:25,554 [main] INFO  org.apache.tomcat.util.net.NioSelectorPool - Using a shared selector for servlet write/read
2020-11-24 15:48:25,585 [main] INFO  org.springframework.boot.web.embedded.tomcat.TomcatWebServer - Tomcat started on port(s): 8080 (https) with context path ''
2020-11-24 15:48:25,585 [main] INFO  com.shortrent.ShortRentApplication - Started ShortRentApplication in 10.05 seconds (JVM running for 11.425)
2020-11-24 15:48:38,692 [https-openssl-nio-8080-exec-7] INFO  org.apache.catalina.core.ContainerBase.[Tomcat].[localhost].[/] - Initializing Spring DispatcherServlet 'dispatcherServlet'
2020-11-24 15:48:38,692 [https-openssl-nio-8080-exec-7] INFO  org.springframework.web.servlet.DispatcherServlet - Initializing Servlet 'dispatcherServlet'
2020-11-24 15:48:38,708 [https-openssl-nio-8080-exec-7] INFO  org.springframework.web.servlet.DispatcherServlet - Completed initialization in 16 ms
2020-11-24 15:48:39,911 [https-openssl-nio-8080-exec-3] INFO  com.zaxxer.hikari.HikariDataSource - HikariPool-1 - Starting...
2020-11-24 15:48:40,327 [https-openssl-nio-8080-exec-3] INFO  com.zaxxer.hikari.HikariDataSource - HikariPool-1 - Start completed.
2020-11-24 16:19:18,046 [main] INFO  com.shortrent.ShortRentApplication - Starting ShortRentApplication on LAPTOP-RFRAAI6A with PID 1184 (D:\17201219-idea\shortrent\target\classes started by 施增辉 in D:\17201219-idea\shortrent)
2020-11-24 16:19:18,054 [main] INFO  com.shortrent.ShortRentApplication - No active profile set, falling back to default profiles: default
2020-11-24 16:19:23,438 [main] INFO  org.springframework.boot.web.embedded.tomcat.TomcatWebServer - Tomcat initialized with port(s): 8080 (https)
2020-11-24 16:19:23,478 [main] INFO  org.apache.coyote.http11.Http11NioProtocol - Initializing ProtocolHandler ["https-openssl-nio-8080"]
2020-11-24 16:19:23,486 [main] INFO  org.apache.catalina.core.StandardService - Starting service [Tomcat]
2020-11-24 16:19:23,486 [main] INFO  org.apache.catalina.core.StandardEngine - Starting Servlet Engine: Apache Tomcat/9.0.12
2020-11-24 16:19:23,533 [main] INFO  org.apache.catalina.core.AprLifecycleListener - Loaded APR based Apache Tomcat Native library [1.2.23] using APR version [1.7.0].
2020-11-24 16:19:23,534 [main] INFO  org.apache.catalina.core.AprLifecycleListener - APR capabilities: IPv6 [true], sendfile [true], accept filters [false], random [true].
2020-11-24 16:19:23,534 [main] INFO  org.apache.catalina.core.AprLifecycleListener - APR/OpenSSL configuration: useAprConnector [false], useOpenSSL [true]
2020-11-24 16:19:23,547 [main] INFO  org.apache.catalina.core.AprLifecycleListener - OpenSSL successfully initialized [OpenSSL 1.1.1c  28 May 2019]
2020-11-24 16:19:24,045 [main] INFO  org.apache.catalina.core.ContainerBase.[Tomcat].[localhost].[/] - Initializing Spring embedded WebApplicationContext
2020-11-24 16:19:24,045 [main] INFO  org.springframework.web.context.ContextLoader - Root WebApplicationContext: initialization completed in 5790 ms
2020-11-24 16:19:24,126 [main] INFO  org.springframework.boot.web.servlet.ServletRegistrationBean - Servlet dispatcherServlet mapped to [/]
2020-11-24 16:19:24,142 [main] INFO  org.springframework.boot.web.servlet.FilterRegistrationBean - Mapping filter: 'characterEncodingFilter' to: [/*]
2020-11-24 16:19:24,142 [main] INFO  org.springframework.boot.web.servlet.FilterRegistrationBean - Mapping filter: 'hiddenHttpMethodFilter' to: [/*]
2020-11-24 16:19:24,142 [main] INFO  org.springframework.boot.web.servlet.FilterRegistrationBean - Mapping filter: 'formContentFilter' to: [/*]
2020-11-24 16:19:24,142 [main] INFO  org.springframework.boot.web.servlet.FilterRegistrationBean - Mapping filter: 'requestContextFilter' to: [/*]
2020-11-24 16:19:26,200 [main] INFO  org.springframework.scheduling.concurrent.ThreadPoolTaskExecutor - Initializing ExecutorService 'applicationTaskExecutor'
2020-11-24 16:19:27,461 [main] INFO  org.apache.coyote.http11.Http11NioProtocol - Starting ProtocolHandler ["https-openssl-nio-8080"]
2020-11-24 16:19:28,754 [main] INFO  org.apache.tomcat.util.net.NioSelectorPool - Using a shared selector for servlet write/read
2020-11-24 16:19:28,814 [main] INFO  org.springframework.boot.web.embedded.tomcat.TomcatWebServer - Tomcat started on port(s): 8080 (https) with context path ''
2020-11-24 16:19:28,826 [main] INFO  com.shortrent.ShortRentApplication - Started ShortRentApplication in 12.296 seconds (JVM running for 14.344)
2020-11-24 16:21:21,169 [https-openssl-nio-8080-exec-4] INFO  org.apache.catalina.core.ContainerBase.[Tomcat].[localhost].[/] - Initializing Spring DispatcherServlet 'dispatcherServlet'
2020-11-24 16:21:21,169 [https-openssl-nio-8080-exec-4] INFO  org.springframework.web.servlet.DispatcherServlet - Initializing Servlet 'dispatcherServlet'
2020-11-24 16:21:21,189 [https-openssl-nio-8080-exec-4] INFO  org.springframework.web.servlet.DispatcherServlet - Completed initialization in 20 ms
2020-11-24 16:21:52,026 [https-openssl-nio-8080-exec-5] INFO  com.zaxxer.hikari.HikariDataSource - HikariPool-1 - Starting...
2020-11-24 16:21:52,422 [https-openssl-nio-8080-exec-5] INFO  com.zaxxer.hikari.HikariDataSource - HikariPool-1 - Start completed.
2020-11-24 16:23:00,937 [main] INFO  com.shortrent.ShortRentApplication - Starting ShortRentApplication on LAPTOP-RFRAAI6A with PID 9056 (D:\17201219-idea\shortrent\target\classes started by 施增辉 in D:\17201219-idea\shortrent)
2020-11-24 16:23:00,952 [main] INFO  com.shortrent.ShortRentApplication - No active profile set, falling back to default profiles: default
2020-11-24 16:23:04,884 [main] INFO  org.springframework.boot.web.embedded.tomcat.TomcatWebServer - Tomcat initialized with port(s): 8080 (https)
2020-11-24 16:23:04,899 [main] INFO  org.apache.coyote.http11.Http11NioProtocol - Initializing ProtocolHandler ["https-openssl-nio-8080"]
2020-11-24 16:23:04,915 [main] INFO  org.apache.catalina.core.StandardService - Starting service [Tomcat]
2020-11-24 16:23:04,915 [main] INFO  org.apache.catalina.core.StandardEngine - Starting Servlet Engine: Apache Tomcat/9.0.12
2020-11-24 16:23:04,947 [main] INFO  org.apache.catalina.core.AprLifecycleListener - Loaded APR based Apache Tomcat Native library [1.2.23] using APR version [1.7.0].
2020-11-24 16:23:04,947 [main] INFO  org.apache.catalina.core.AprLifecycleListener - APR capabilities: IPv6 [true], sendfile [true], accept filters [false], random [true].
2020-11-24 16:23:04,947 [main] INFO  org.apache.catalina.core.AprLifecycleListener - APR/OpenSSL configuration: useAprConnector [false], useOpenSSL [true]
2020-11-24 16:23:04,947 [main] INFO  org.apache.catalina.core.AprLifecycleListener - OpenSSL successfully initialized [OpenSSL 1.1.1c  28 May 2019]
2020-11-24 16:23:05,321 [main] INFO  org.apache.catalina.core.ContainerBase.[Tomcat].[localhost].[/] - Initializing Spring embedded WebApplicationContext
2020-11-24 16:23:05,321 [main] INFO  org.springframework.web.context.ContextLoader - Root WebApplicationContext: initialization completed in 4181 ms
2020-11-24 16:23:05,400 [main] INFO  org.springframework.boot.web.servlet.ServletRegistrationBean - Servlet dispatcherServlet mapped to [/]
2020-11-24 16:23:05,400 [main] INFO  org.springframework.boot.web.servlet.FilterRegistrationBean - Mapping filter: 'characterEncodingFilter' to: [/*]
2020-11-24 16:23:05,400 [main] INFO  org.springframework.boot.web.servlet.FilterRegistrationBean - Mapping filter: 'hiddenHttpMethodFilter' to: [/*]
2020-11-24 16:23:05,400 [main] INFO  org.springframework.boot.web.servlet.FilterRegistrationBean - Mapping filter: 'formContentFilter' to: [/*]
2020-11-24 16:23:05,400 [main] INFO  org.springframework.boot.web.servlet.FilterRegistrationBean - Mapping filter: 'requestContextFilter' to: [/*]
2020-11-24 16:23:06,806 [main] INFO  org.springframework.scheduling.concurrent.ThreadPoolTaskExecutor - Initializing ExecutorService 'applicationTaskExecutor'
2020-11-24 16:23:07,666 [main] INFO  org.apache.coyote.http11.Http11NioProtocol - Starting ProtocolHandler ["https-openssl-nio-8080"]
2020-11-24 16:23:08,760 [main] INFO  org.apache.tomcat.util.net.NioSelectorPool - Using a shared selector for servlet write/read
2020-11-24 16:23:08,791 [main] INFO  org.springframework.boot.web.embedded.tomcat.TomcatWebServer - Tomcat started on port(s): 8080 (https) with context path ''
2020-11-24 16:23:08,791 [main] INFO  com.shortrent.ShortRentApplication - Started ShortRentApplication in 8.917 seconds (JVM running for 10.117)
2020-11-24 16:23:13,763 [https-openssl-nio-8080-exec-3] INFO  org.apache.catalina.core.ContainerBase.[Tomcat].[localhost].[/] - Initializing Spring DispatcherServlet 'dispatcherServlet'
2020-11-24 16:23:13,763 [https-openssl-nio-8080-exec-3] INFO  org.springframework.web.servlet.DispatcherServlet - Initializing Servlet 'dispatcherServlet'
2020-11-24 16:23:13,775 [https-openssl-nio-8080-exec-3] INFO  org.springframework.web.servlet.DispatcherServlet - Completed initialization in 12 ms
2020-11-24 16:23:13,907 [https-openssl-nio-8080-exec-3] INFO  com.zaxxer.hikari.HikariDataSource - HikariPool-1 - Starting...
2020-11-24 16:23:14,240 [https-openssl-nio-8080-exec-3] INFO  com.zaxxer.hikari.HikariDataSource - HikariPool-1 - Start completed.
2020-11-24 16:29:49,347 [main] INFO  com.shortrent.ShortRentApplication - Starting ShortRentApplication on LAPTOP-RFRAAI6A with PID 668 (D:\17201219-idea\shortrent\target\classes started by 施增辉 in D:\17201219-idea\shortrent)
2020-11-24 16:29:49,363 [main] INFO  com.shortrent.ShortRentApplication - No active profile set, falling back to default profiles: default
2020-11-24 16:29:53,396 [main] INFO  org.springframework.boot.web.embedded.tomcat.TomcatWebServer - Tomcat initialized with port(s): 8080 (https)
2020-11-24 16:29:53,458 [main] INFO  org.apache.coyote.http11.Http11NioProtocol - Initializing ProtocolHandler ["https-openssl-nio-8080"]
2020-11-24 16:29:53,474 [main] INFO  org.apache.catalina.core.StandardService - Starting service [Tomcat]
2020-11-24 16:29:53,474 [main] INFO  org.apache.catalina.core.StandardEngine - Starting Servlet Engine: Apache Tomcat/9.0.12
2020-11-24 16:29:53,489 [main] INFO  org.apache.catalina.core.AprLifecycleListener - Loaded APR based Apache Tomcat Native library [1.2.23] using APR version [1.7.0].
2020-11-24 16:29:53,489 [main] INFO  org.apache.catalina.core.AprLifecycleListener - APR capabilities: IPv6 [true], sendfile [true], accept filters [false], random [true].
2020-11-24 16:29:53,489 [main] INFO  org.apache.catalina.core.AprLifecycleListener - APR/OpenSSL configuration: useAprConnector [false], useOpenSSL [true]
2020-11-24 16:29:53,505 [main] INFO  org.apache.catalina.core.AprLifecycleListener - OpenSSL successfully initialized [OpenSSL 1.1.1c  28 May 2019]
2020-11-24 16:29:53,880 [main] INFO  org.apache.catalina.core.ContainerBase.[Tomcat].[localhost].[/] - Initializing Spring embedded WebApplicationContext
2020-11-24 16:29:53,880 [main] INFO  org.springframework.web.context.ContextLoader - Root WebApplicationContext: initialization completed in 4361 ms
2020-11-24 16:29:53,943 [main] INFO  org.springframework.boot.web.servlet.ServletRegistrationBean - Servlet dispatcherServlet mapped to [/]
2020-11-24 16:29:53,958 [main] INFO  org.springframework.boot.web.servlet.FilterRegistrationBean - Mapping filter: 'characterEncodingFilter' to: [/*]
2020-11-24 16:29:53,958 [main] INFO  org.springframework.boot.web.servlet.FilterRegistrationBean - Mapping filter: 'hiddenHttpMethodFilter' to: [/*]
2020-11-24 16:29:53,958 [main] INFO  org.springframework.boot.web.servlet.FilterRegistrationBean - Mapping filter: 'formContentFilter' to: [/*]
2020-11-24 16:29:53,958 [main] INFO  org.springframework.boot.web.servlet.FilterRegistrationBean - Mapping filter: 'requestContextFilter' to: [/*]
2020-11-24 16:29:55,365 [main] INFO  org.springframework.scheduling.concurrent.ThreadPoolTaskExecutor - Initializing ExecutorService 'applicationTaskExecutor'
2020-11-24 16:29:56,225 [main] INFO  org.apache.coyote.http11.Http11NioProtocol - Starting ProtocolHandler ["https-openssl-nio-8080"]
2020-11-24 16:29:57,334 [main] INFO  org.apache.tomcat.util.net.NioSelectorPool - Using a shared selector for servlet write/read
2020-11-24 16:29:57,366 [main] INFO  org.springframework.boot.web.embedded.tomcat.TomcatWebServer - Tomcat started on port(s): 8080 (https) with context path ''
2020-11-24 16:29:57,366 [main] INFO  com.shortrent.ShortRentApplication - Started ShortRentApplication in 9.019 seconds (JVM running for 10.195)
2020-11-24 16:30:20,875 [https-openssl-nio-8080-exec-2] INFO  org.apache.catalina.core.ContainerBase.[Tomcat].[localhost].[/] - Initializing Spring DispatcherServlet 'dispatcherServlet'
2020-11-24 16:30:20,879 [https-openssl-nio-8080-exec-2] INFO  org.springframework.web.servlet.DispatcherServlet - Initializing Servlet 'dispatcherServlet'
2020-11-24 16:30:20,899 [https-openssl-nio-8080-exec-2] INFO  org.springframework.web.servlet.DispatcherServlet - Completed initialization in 20 ms
2020-11-24 16:30:21,011 [https-openssl-nio-8080-exec-2] INFO  com.zaxxer.hikari.HikariDataSource - HikariPool-1 - Starting...
2020-11-24 16:30:21,391 [https-openssl-nio-8080-exec-2] INFO  com.zaxxer.hikari.HikariDataSource - HikariPool-1 - Start completed.
2020-11-24 16:30:23,860 [https-openssl-nio-8080-exec-2] INFO  com.shortrent.rest.MailRestController - 发送成功!
2020-11-24 16:38:56,050 [https-openssl-nio-8080-exec-10] INFO  com.shortrent.rest.MailRestController - 发送成功!
2020-11-24 16:42:09,313 [https-openssl-nio-8080-exec-5] INFO  com.shortrent.rest.MailRestController - 发送成功!
2020-11-24 17:29:26,442 [https-openssl-nio-8080-exec-1] INFO  com.shortrent.rest.MailRestController - 发送成功!
2020-11-24 17:35:20,462 [https-openssl-nio-8080-exec-8] INFO  com.shortrent.rest.MailRestController - 发送成功!
2020-11-24 17:36:48,918 [https-openssl-nio-8080-exec-3] INFO  com.shortrent.rest.MailRestController - 发送成功!
2020-11-24 17:38:40,756 [https-openssl-nio-8080-exec-9] INFO  com.shortrent.rest.MailRestController - 发送成功!
2020-11-24 17:39:31,774 [main] INFO  com.shortrent.ShortRentApplication - Starting ShortRentApplication on LAPTOP-RFRAAI6A with PID 13932 (D:\17201219-idea\shortrent\target\classes started by 施增辉 in D:\17201219-idea\shortrent)
2020-11-24 17:39:31,789 [main] INFO  com.shortrent.ShortRentApplication - No active profile set, falling back to default profiles: default
2020-11-24 17:39:35,853 [main] INFO  org.springframework.boot.web.embedded.tomcat.TomcatWebServer - Tomcat initialized with port(s): 8080 (https)
2020-11-24 17:39:35,915 [main] INFO  org.apache.coyote.http11.Http11NioProtocol - Initializing ProtocolHandler ["https-openssl-nio-8080"]
2020-11-24 17:39:35,931 [main] INFO  org.apache.catalina.core.StandardService - Starting service [Tomcat]
2020-11-24 17:39:35,931 [main] INFO  org.apache.catalina.core.StandardEngine - Starting Servlet Engine: Apache Tomcat/9.0.12
2020-11-24 17:39:35,947 [main] INFO  org.apache.catalina.core.AprLifecycleListener - Loaded APR based Apache Tomcat Native library [1.2.23] using APR version [1.7.0].
2020-11-24 17:39:35,947 [main] INFO  org.apache.catalina.core.AprLifecycleListener - APR capabilities: IPv6 [true], sendfile [true], accept filters [false], random [true].
2020-11-24 17:39:35,947 [main] INFO  org.apache.catalina.core.AprLifecycleListener - APR/OpenSSL configuration: useAprConnector [false], useOpenSSL [true]
2020-11-24 17:39:35,962 [main] INFO  org.apache.catalina.core.AprLifecycleListener - OpenSSL successfully initialized [OpenSSL 1.1.1c  28 May 2019]
2020-11-24 17:39:36,353 [main] INFO  org.apache.catalina.core.ContainerBase.[Tomcat].[localhost].[/] - Initializing Spring embedded WebApplicationContext
2020-11-24 17:39:36,353 [main] INFO  org.springframework.web.context.ContextLoader - Root WebApplicationContext: initialization completed in 4392 ms
2020-11-24 17:39:36,431 [main] INFO  org.springframework.boot.web.servlet.ServletRegistrationBean - Servlet dispatcherServlet mapped to [/]
2020-11-24 17:39:36,447 [main] INFO  org.springframework.boot.web.servlet.FilterRegistrationBean - Mapping filter: 'characterEncodingFilter' to: [/*]
2020-11-24 17:39:36,447 [main] INFO  org.springframework.boot.web.servlet.FilterRegistrationBean - Mapping filter: 'hiddenHttpMethodFilter' to: [/*]
2020-11-24 17:39:36,447 [main] INFO  org.springframework.boot.web.servlet.FilterRegistrationBean - Mapping filter: 'formContentFilter' to: [/*]
2020-11-24 17:39:36,447 [main] INFO  org.springframework.boot.web.servlet.FilterRegistrationBean - Mapping filter: 'requestContextFilter' to: [/*]
2020-11-24 17:39:38,025 [main] INFO  org.springframework.scheduling.concurrent.ThreadPoolTaskExecutor - Initializing ExecutorService 'applicationTaskExecutor'
2020-11-24 17:39:39,046 [main] INFO  org.apache.coyote.http11.Http11NioProtocol - Starting ProtocolHandler ["https-openssl-nio-8080"]
2020-11-24 17:39:40,264 [main] INFO  org.apache.tomcat.util.net.NioSelectorPool - Using a shared selector for servlet write/read
2020-11-24 17:39:40,312 [main] INFO  org.springframework.boot.web.embedded.tomcat.TomcatWebServer - Tomcat started on port(s): 8080 (https) with context path ''
2020-11-24 17:39:40,320 [main] INFO  com.shortrent.ShortRentApplication - Started ShortRentApplication in 9.687 seconds (JVM running for 10.964)
2020-11-24 17:39:41,894 [https-openssl-nio-8080-exec-5] INFO  org.apache.catalina.core.ContainerBase.[Tomcat].[localhost].[/] - Initializing Spring DispatcherServlet 'dispatcherServlet'
2020-11-24 17:39:41,894 [https-openssl-nio-8080-exec-5] INFO  org.springframework.web.servlet.DispatcherServlet - Initializing Servlet 'dispatcherServlet'
2020-11-24 17:39:41,910 [https-openssl-nio-8080-exec-5] INFO  org.springframework.web.servlet.DispatcherServlet - Completed initialization in 16 ms
2020-11-24 17:39:42,079 [https-openssl-nio-8080-exec-5] INFO  com.zaxxer.hikari.HikariDataSource - HikariPool-1 - Starting...
2020-11-24 17:39:42,446 [https-openssl-nio-8080-exec-5] INFO  com.zaxxer.hikari.HikariDataSource - HikariPool-1 - Start completed.
2020-11-24 17:39:44,531 [https-openssl-nio-8080-exec-5] INFO  com.shortrent.rest.MailRestController - 发送成功!
2020-11-24 17:40:06,098 [main] INFO  com.shortrent.ShortRentApplication - Starting ShortRentApplication on LAPTOP-RFRAAI6A with PID 15200 (D:\17201219-idea\shortrent\target\classes started by 施增辉 in D:\17201219-idea\shortrent)
2020-11-24 17:40:06,098 [main] INFO  com.shortrent.ShortRentApplication - No active profile set, falling back to default profiles: default
2020-11-24 17:40:10,516 [main] INFO  org.springframework.boot.web.embedded.tomcat.TomcatWebServer - Tomcat initialized with port(s): 8080 (https)
2020-11-24 17:40:10,540 [main] INFO  org.apache.coyote.http11.Http11NioProtocol - Initializing ProtocolHandler ["https-openssl-nio-8080"]
2020-11-24 17:40:10,580 [main] INFO  org.apache.catalina.core.StandardService - Starting service [Tomcat]
2020-11-24 17:40:10,580 [main] INFO  org.apache.catalina.core.StandardEngine - Starting Servlet Engine: Apache Tomcat/9.0.12
2020-11-24 17:40:10,604 [main] INFO  org.apache.catalina.core.AprLifecycleListener - Loaded APR based Apache Tomcat Native library [1.2.23] using APR version [1.7.0].
2020-11-24 17:40:10,604 [main] INFO  org.apache.catalina.core.AprLifecycleListener - APR capabilities: IPv6 [true], sendfile [true], accept filters [false], random [true].
2020-11-24 17:40:10,604 [main] INFO  org.apache.catalina.core.AprLifecycleListener - APR/OpenSSL configuration: useAprConnector [false], useOpenSSL [true]
2020-11-24 17:40:10,612 [main] INFO  org.apache.catalina.core.AprLifecycleListener - OpenSSL successfully initialized [OpenSSL 1.1.1c  28 May 2019]
2020-11-24 17:40:10,963 [main] INFO  org.apache.catalina.core.ContainerBase.[Tomcat].[localhost].[/] - Initializing Spring embedded WebApplicationContext
2020-11-24 17:40:10,963 [main] INFO  org.springframework.web.context.ContextLoader - Root WebApplicationContext: initialization completed in 4709 ms
2020-11-24 17:40:11,043 [main] INFO  org.springframework.boot.web.servlet.ServletRegistrationBean - Servlet dispatcherServlet mapped to [/]
2020-11-24 17:40:11,051 [main] INFO  org.springframework.boot.web.servlet.FilterRegistrationBean - Mapping filter: 'characterEncodingFilter' to: [/*]
2020-11-24 17:40:11,051 [main] INFO  org.springframework.boot.web.servlet.FilterRegistrationBean - Mapping filter: 'hiddenHttpMethodFilter' to: [/*]
2020-11-24 17:40:11,051 [main] INFO  org.springframework.boot.web.servlet.FilterRegistrationBean - Mapping filter: 'formContentFilter' to: [/*]
2020-11-24 17:40:11,051 [main] INFO  org.springframework.boot.web.servlet.FilterRegistrationBean - Mapping filter: 'requestContextFilter' to: [/*]
2020-11-24 17:40:12,634 [main] INFO  org.springframework.scheduling.concurrent.ThreadPoolTaskExecutor - Initializing ExecutorService 'applicationTaskExecutor'
2020-11-24 17:40:13,411 [main] INFO  org.apache.coyote.http11.Http11NioProtocol - Starting ProtocolHandler ["https-openssl-nio-8080"]
2020-11-24 17:40:14,406 [main] INFO  org.apache.tomcat.util.net.NioSelectorPool - Using a shared selector for servlet write/read
2020-11-24 17:40:14,430 [main] INFO  org.springframework.boot.web.embedded.tomcat.TomcatWebServer - Tomcat started on port(s): 8080 (https) with context path ''
2020-11-24 17:40:14,430 [main] INFO  com.shortrent.ShortRentApplication - Started ShortRentApplication in 9.411 seconds (JVM running for 10.775)
2020-11-24 17:40:20,799 [https-openssl-nio-8080-exec-5] INFO  org.apache.catalina.core.ContainerBase.[Tomcat].[localhost].[/] - Initializing Spring DispatcherServlet 'dispatcherServlet'
2020-11-24 17:40:20,799 [https-openssl-nio-8080-exec-5] INFO  org.springframework.web.servlet.DispatcherServlet - Initializing Servlet 'dispatcherServlet'
2020-11-24 17:40:20,815 [https-openssl-nio-8080-exec-5] INFO  org.springframework.web.servlet.DispatcherServlet - Completed initialization in 16 ms
2020-11-24 17:40:20,959 [https-openssl-nio-8080-exec-5] INFO  com.zaxxer.hikari.HikariDataSource - HikariPool-1 - Starting...
2020-11-24 17:40:21,273 [https-openssl-nio-8080-exec-5] INFO  com.zaxxer.hikari.HikariDataSource - HikariPool-1 - Start completed.
2020-11-24 17:40:23,293 [https-openssl-nio-8080-exec-5] INFO  com.shortrent.rest.MailRestController - 发送成功!
2020-11-24 17:40:49,109 [main] INFO  com.shortrent.ShortRentApplication - Starting ShortRentApplication on LAPTOP-RFRAAI6A with PID 7468 (D:\17201219-idea\shortrent\target\classes started by 施增辉 in D:\17201219-idea\shortrent)
2020-11-24 17:40:49,117 [main] INFO  com.shortrent.ShortRentApplication - No active profile set, falling back to default profiles: default
2020-11-24 17:40:53,631 [main] INFO  org.springframework.boot.web.embedded.tomcat.TomcatWebServer - Tomcat initialized with port(s): 8080 (https)
2020-11-24 17:40:53,659 [main] INFO  org.apache.coyote.http11.Http11NioProtocol - Initializing ProtocolHandler ["https-openssl-nio-8080"]
2020-11-24 17:40:53,679 [main] INFO  org.apache.catalina.core.StandardService - Starting service [Tomcat]
2020-11-24 17:40:53,679 [main] INFO  org.apache.catalina.core.StandardEngine - Starting Servlet Engine: Apache Tomcat/9.0.12
2020-11-24 17:40:53,724 [main] INFO  org.apache.catalina.core.AprLifecycleListener - Loaded APR based Apache Tomcat Native library [1.2.23] using APR version [1.7.0].
2020-11-24 17:40:53,724 [main] INFO  org.apache.catalina.core.AprLifecycleListener - APR capabilities: IPv6 [true], sendfile [true], accept filters [false], random [true].
2020-11-24 17:40:53,724 [main] INFO  org.apache.catalina.core.AprLifecycleListener - APR/OpenSSL configuration: useAprConnector [false], useOpenSSL [true]
2020-11-24 17:40:53,740 [main] INFO  org.apache.catalina.core.AprLifecycleListener - OpenSSL successfully initialized [OpenSSL 1.1.1c  28 May 2019]
2020-11-24 17:40:54,090 [main] INFO  org.apache.catalina.core.ContainerBase.[Tomcat].[localhost].[/] - Initializing Spring embedded WebApplicationContext
2020-11-24 17:40:54,090 [main] INFO  org.springframework.web.context.ContextLoader - Root WebApplicationContext: initialization completed in 4797 ms
2020-11-24 17:40:54,158 [main] INFO  org.springframework.boot.web.servlet.ServletRegistrationBean - Servlet dispatcherServlet mapped to [/]
2020-11-24 17:40:54,166 [main] INFO  org.springframework.boot.web.servlet.FilterRegistrationBean - Mapping filter: 'characterEncodingFilter' to: [/*]
2020-11-24 17:40:54,166 [main] INFO  org.springframework.boot.web.servlet.FilterRegistrationBean - Mapping filter: 'hiddenHttpMethodFilter' to: [/*]
2020-11-24 17:40:54,166 [main] INFO  org.springframework.boot.web.servlet.FilterRegistrationBean - Mapping filter: 'formContentFilter' to: [/*]
2020-11-24 17:40:54,166 [main] INFO  org.springframework.boot.web.servlet.FilterRegistrationBean - Mapping filter: 'requestContextFilter' to: [/*]
2020-11-24 17:40:55,653 [main] INFO  org.springframework.scheduling.concurrent.ThreadPoolTaskExecutor - Initializing ExecutorService 'applicationTaskExecutor'
2020-11-24 17:40:56,658 [main] INFO  org.apache.coyote.http11.Http11NioProtocol - Starting ProtocolHandler ["https-openssl-nio-8080"]
2020-11-24 17:40:57,775 [main] INFO  org.apache.tomcat.util.net.NioSelectorPool - Using a shared selector for servlet write/read
2020-11-24 17:40:57,799 [main] INFO  org.springframework.boot.web.embedded.tomcat.TomcatWebServer - Tomcat started on port(s): 8080 (https) with context path ''
2020-11-24 17:40:57,799 [main] INFO  com.shortrent.ShortRentApplication - Started ShortRentApplication in 9.787 seconds (JVM running for 11.062)
2020-11-24 17:44:30,003 [https-openssl-nio-8080-exec-5] INFO  org.apache.catalina.core.ContainerBase.[Tomcat].[localhost].[/] - Initializing Spring DispatcherServlet 'dispatcherServlet'
2020-11-24 17:44:30,003 [https-openssl-nio-8080-exec-5] INFO  org.springframework.web.servlet.DispatcherServlet - Initializing Servlet 'dispatcherServlet'
2020-11-24 17:44:30,019 [https-openssl-nio-8080-exec-5] INFO  org.springframework.web.servlet.DispatcherServlet - Completed initialization in 16 ms
2020-11-24 17:44:30,191 [https-openssl-nio-8080-exec-5] INFO  com.zaxxer.hikari.HikariDataSource - HikariPool-1 - Starting...
2020-11-24 17:44:30,526 [https-openssl-nio-8080-exec-5] INFO  com.zaxxer.hikari.HikariDataSource - HikariPool-1 - Start completed.
2020-11-24 17:44:33,147 [https-openssl-nio-8080-exec-5] INFO  com.shortrent.rest.MailRestController - 发送成功!
2020-11-24 18:43:51,252 [main] INFO  com.shortrent.ShortRentApplication - Starting ShortRentApplication on LAPTOP-RFRAAI6A with PID 5972 (D:\17201219-idea\shortrent\target\classes started by 施增辉 in D:\17201219-idea\shortrent)
2020-11-24 18:43:51,262 [main] INFO  com.shortrent.ShortRentApplication - No active profile set, falling back to default profiles: default
2020-11-24 18:43:55,733 [main] INFO  org.springframework.boot.web.embedded.tomcat.TomcatWebServer - Tomcat initialized with port(s): 8080 (https)
2020-11-24 18:43:55,757 [main] INFO  org.apache.coyote.http11.Http11NioProtocol - Initializing ProtocolHandler ["https-openssl-nio-8080"]
2020-11-24 18:43:55,813 [main] INFO  org.apache.catalina.core.StandardService - Starting service [Tomcat]
2020-11-24 18:43:55,813 [main] INFO  org.apache.catalina.core.StandardEngine - Starting Servlet Engine: Apache Tomcat/9.0.12
2020-11-24 18:43:55,845 [main] INFO  org.apache.catalina.core.AprLifecycleListener - Loaded APR based Apache Tomcat Native library [1.2.23] using APR version [1.7.0].
2020-11-24 18:43:55,845 [main] INFO  org.apache.catalina.core.AprLifecycleListener - APR capabilities: IPv6 [true], sendfile [true], accept filters [false], random [true].
2020-11-24 18:43:55,853 [main] INFO  org.apache.catalina.core.AprLifecycleListener - APR/OpenSSL configuration: useAprConnector [false], useOpenSSL [true]
2020-11-24 18:43:55,861 [main] INFO  org.apache.catalina.core.AprLifecycleListener - OpenSSL successfully initialized [OpenSSL 1.1.1c  28 May 2019]
2020-11-24 18:43:56,245 [main] INFO  org.apache.catalina.core.ContainerBase.[Tomcat].[localhost].[/] - Initializing Spring embedded WebApplicationContext
2020-11-24 18:43:56,245 [main] INFO  org.springframework.web.context.ContextLoader - Root WebApplicationContext: initialization completed in 4792 ms
2020-11-24 18:43:56,317 [main] INFO  org.springframework.boot.web.servlet.ServletRegistrationBean - Servlet dispatcherServlet mapped to [/]
2020-11-24 18:43:56,333 [main] INFO  org.springframework.boot.web.servlet.FilterRegistrationBean - Mapping filter: 'characterEncodingFilter' to: [/*]
2020-11-24 18:43:56,333 [main] INFO  org.springframework.boot.web.servlet.FilterRegistrationBean - Mapping filter: 'hiddenHttpMethodFilter' to: [/*]
2020-11-24 18:43:56,333 [main] INFO  org.springframework.boot.web.servlet.FilterRegistrationBean - Mapping filter: 'formContentFilter' to: [/*]
2020-11-24 18:43:56,333 [main] INFO  org.springframework.boot.web.servlet.FilterRegistrationBean - Mapping filter: 'requestContextFilter' to: [/*]
2020-11-24 18:43:57,748 [main] INFO  org.springframework.scheduling.concurrent.ThreadPoolTaskExecutor - Initializing ExecutorService 'applicationTaskExecutor'
2020-11-24 18:43:58,600 [main] INFO  org.apache.coyote.http11.Http11NioProtocol - Starting ProtocolHandler ["https-openssl-nio-8080"]
2020-11-24 18:43:59,804 [main] INFO  org.apache.tomcat.util.net.NioSelectorPool - Using a shared selector for servlet write/read
2020-11-24 18:43:59,836 [main] INFO  org.springframework.boot.web.embedded.tomcat.TomcatWebServer - Tomcat started on port(s): 8080 (https) with context path ''
2020-11-24 18:43:59,844 [main] INFO  com.shortrent.ShortRentApplication - Started ShortRentApplication in 9.642 seconds (JVM running for 10.987)
2020-11-24 18:44:27,840 [https-openssl-nio-8080-exec-3] INFO  org.apache.catalina.core.ContainerBase.[Tomcat].[localhost].[/] - Initializing Spring DispatcherServlet 'dispatcherServlet'
2020-11-24 18:44:27,840 [https-openssl-nio-8080-exec-3] INFO  org.springframework.web.servlet.DispatcherServlet - Initializing Servlet 'dispatcherServlet'
2020-11-24 18:44:27,860 [https-openssl-nio-8080-exec-3] INFO  org.springframework.web.servlet.DispatcherServlet - Completed initialization in 20 ms
2020-11-24 18:44:58,085 [main] INFO  com.shortrent.ShortRentApplication - Starting ShortRentApplication on LAPTOP-RFRAAI6A with PID 13956 (D:\17201219-idea\shortrent\target\classes started by 施增辉 in D:\17201219-idea\shortrent)
2020-11-24 18:44:58,085 [main] INFO  com.shortrent.ShortRentApplication - No active profile set, falling back to default profiles: default
2020-11-24 18:45:02,094 [main] INFO  org.springframework.boot.web.embedded.tomcat.TomcatWebServer - Tomcat initialized with port(s): 8080 (https)
2020-11-24 18:45:02,150 [main] INFO  org.apache.coyote.http11.Http11NioProtocol - Initializing ProtocolHandler ["https-openssl-nio-8080"]
2020-11-24 18:45:02,166 [main] INFO  org.apache.catalina.core.StandardService - Starting service [Tomcat]
2020-11-24 18:45:02,166 [main] INFO  org.apache.catalina.core.StandardEngine - Starting Servlet Engine: Apache Tomcat/9.0.12
2020-11-24 18:45:02,182 [main] INFO  org.apache.catalina.core.AprLifecycleListener - Loaded APR based Apache Tomcat Native library [1.2.23] using APR version [1.7.0].
2020-11-24 18:45:02,182 [main] INFO  org.apache.catalina.core.AprLifecycleListener - APR capabilities: IPv6 [true], sendfile [true], accept filters [false], random [true].
2020-11-24 18:45:02,182 [main] INFO  org.apache.catalina.core.AprLifecycleListener - APR/OpenSSL configuration: useAprConnector [false], useOpenSSL [true]
2020-11-24 18:45:02,190 [main] INFO  org.apache.catalina.core.AprLifecycleListener - OpenSSL successfully initialized [OpenSSL 1.1.1c  28 May 2019]
2020-11-24 18:45:02,550 [main] INFO  org.apache.catalina.core.ContainerBase.[Tomcat].[localhost].[/] - Initializing Spring embedded WebApplicationContext
2020-11-24 18:45:02,550 [main] INFO  org.springframework.web.context.ContextLoader - Root WebApplicationContext: initialization completed in 4289 ms
2020-11-24 18:45:02,638 [main] INFO  org.springframework.boot.web.servlet.ServletRegistrationBean - Servlet dispatcherServlet mapped to [/]
2020-11-24 18:45:02,646 [main] INFO  org.springframework.boot.web.servlet.FilterRegistrationBean - Mapping filter: 'characterEncodingFilter' to: [/*]
2020-11-24 18:45:02,646 [main] INFO  org.springframework.boot.web.servlet.FilterRegistrationBean - Mapping filter: 'hiddenHttpMethodFilter' to: [/*]
2020-11-24 18:45:02,646 [main] INFO  org.springframework.boot.web.servlet.FilterRegistrationBean - Mapping filter: 'formContentFilter' to: [/*]
2020-11-24 18:45:02,646 [main] INFO  org.springframework.boot.web.servlet.FilterRegistrationBean - Mapping filter: 'requestContextFilter' to: [/*]
2020-11-24 18:45:04,072 [main] INFO  org.springframework.scheduling.concurrent.ThreadPoolTaskExecutor - Initializing ExecutorService 'applicationTaskExecutor'
2020-11-24 18:45:04,905 [main] INFO  org.apache.coyote.http11.Http11NioProtocol - Starting ProtocolHandler ["https-openssl-nio-8080"]
2020-11-24 18:45:05,945 [main] INFO  org.apache.tomcat.util.net.NioSelectorPool - Using a shared selector for servlet write/read
2020-11-24 18:45:05,977 [main] INFO  org.springframework.boot.web.embedded.tomcat.TomcatWebServer - Tomcat started on port(s): 8080 (https) with context path ''
2020-11-24 18:45:05,977 [main] INFO  com.shortrent.ShortRentApplication - Started ShortRentApplication in 8.916 seconds (JVM running for 10.052)
2020-11-24 18:45:12,672 [https-openssl-nio-8080-exec-3] INFO  org.apache.catalina.core.ContainerBase.[Tomcat].[localhost].[/] - Initializing Spring DispatcherServlet 'dispatcherServlet'
2020-11-24 18:45:12,672 [https-openssl-nio-8080-exec-3] INFO  org.springframework.web.servlet.DispatcherServlet - Initializing Servlet 'dispatcherServlet'
2020-11-24 18:45:12,688 [https-openssl-nio-8080-exec-3] INFO  org.springframework.web.servlet.DispatcherServlet - Completed initialization in 16 ms
2020-11-24 18:51:49,033 [main] INFO  com.shortrent.ShortRentApplication - Starting ShortRentApplication on LAPTOP-RFRAAI6A with PID 1444 (D:\17201219-idea\shortrent\target\classes started by 施增辉 in D:\17201219-idea\shortrent)
2020-11-24 18:51:49,033 [main] INFO  com.shortrent.ShortRentApplication - No active profile set, falling back to default profiles: default
2020-11-24 18:51:53,162 [main] INFO  org.springframework.boot.web.embedded.tomcat.TomcatWebServer - Tomcat initialized with port(s): 8080 (https)
2020-11-24 18:51:53,186 [main] INFO  org.apache.coyote.http11.Http11NioProtocol - Initializing ProtocolHandler ["https-openssl-nio-8080"]
2020-11-24 18:51:53,202 [main] INFO  org.apache.catalina.core.StandardService - Starting service [Tomcat]
2020-11-24 18:51:53,202 [main] INFO  org.apache.catalina.core.StandardEngine - Starting Servlet Engine: Apache Tomcat/9.0.12
2020-11-24 18:51:53,218 [main] INFO  org.apache.catalina.core.AprLifecycleListener - Loaded APR based Apache Tomcat Native library [1.2.23] using APR version [1.7.0].
2020-11-24 18:51:53,218 [main] INFO  org.apache.catalina.core.AprLifecycleListener - APR capabilities: IPv6 [true], sendfile [true], accept filters [false], random [true].
2020-11-24 18:51:53,218 [main] INFO  org.apache.catalina.core.AprLifecycleListener - APR/OpenSSL configuration: useAprConnector [false], useOpenSSL [true]
2020-11-24 18:51:53,226 [main] INFO  org.apache.catalina.core.AprLifecycleListener - OpenSSL successfully initialized [OpenSSL 1.1.1c  28 May 2019]
2020-11-24 18:51:53,570 [main] INFO  org.apache.catalina.core.ContainerBase.[Tomcat].[localhost].[/] - Initializing Spring embedded WebApplicationContext
2020-11-24 18:51:53,570 [main] INFO  org.springframework.web.context.ContextLoader - Root WebApplicationContext: initialization completed in 4369 ms
2020-11-24 18:51:53,634 [main] INFO  org.springframework.boot.web.servlet.ServletRegistrationBean - Servlet dispatcherServlet mapped to [/]
2020-11-24 18:51:53,642 [main] INFO  org.springframework.boot.web.servlet.FilterRegistrationBean - Mapping filter: 'characterEncodingFilter' to: [/*]
2020-11-24 18:51:53,642 [main] INFO  org.springframework.boot.web.servlet.FilterRegistrationBean - Mapping filter: 'hiddenHttpMethodFilter' to: [/*]
2020-11-24 18:51:53,642 [main] INFO  org.springframework.boot.web.servlet.FilterRegistrationBean - Mapping filter: 'formContentFilter' to: [/*]
2020-11-24 18:51:53,642 [main] INFO  org.springframework.boot.web.servlet.FilterRegistrationBean - Mapping filter: 'requestContextFilter' to: [/*]
2020-11-24 18:51:55,075 [main] INFO  org.springframework.scheduling.concurrent.ThreadPoolTaskExecutor - Initializing ExecutorService 'applicationTaskExecutor'
2020-11-24 18:51:55,892 [main] INFO  org.apache.coyote.http11.Http11NioProtocol - Starting ProtocolHandler ["https-openssl-nio-8080"]
2020-11-24 18:51:56,964 [main] INFO  org.apache.tomcat.util.net.NioSelectorPool - Using a shared selector for servlet write/read
2020-11-24 18:51:57,012 [main] INFO  org.springframework.boot.web.embedded.tomcat.TomcatWebServer - Tomcat started on port(s): 8080 (https) with context path ''
2020-11-24 18:51:57,012 [main] INFO  com.shortrent.ShortRentApplication - Started ShortRentApplication in 9.043 seconds (JVM running for 10.252)
2020-11-24 18:53:57,565 [https-openssl-nio-8080-exec-9] INFO  org.apache.catalina.core.ContainerBase.[Tomcat].[localhost].[/] - Initializing Spring DispatcherServlet 'dispatcherServlet'
2020-11-24 18:53:57,565 [https-openssl-nio-8080-exec-9] INFO  org.springframework.web.servlet.DispatcherServlet - Initializing Servlet 'dispatcherServlet'
2020-11-24 18:53:57,581 [https-openssl-nio-8080-exec-9] INFO  org.springframework.web.servlet.DispatcherServlet - Completed initialization in 16 ms
2020-11-24 18:53:57,797 [https-openssl-nio-8080-exec-9] INFO  com.zaxxer.hikari.HikariDataSource - HikariPool-1 - Starting...
2020-11-24 18:53:58,158 [https-openssl-nio-8080-exec-9] INFO  com.zaxxer.hikari.HikariDataSource - HikariPool-1 - Start completed.
2020-11-24 18:54:00,553 [https-openssl-nio-8080-exec-9] INFO  com.shortrent.rest.MailRestController - 发送成功!
2020-11-24 19:04:31,972 [main] INFO  com.shortrent.ShortRentApplication - Starting ShortRentApplication on LAPTOP-RFRAAI6A with PID 1192 (D:\17201219-idea\shortrent\target\classes started by 施增辉 in D:\17201219-idea\shortrent)
2020-11-24 19:04:31,980 [main] INFO  com.shortrent.ShortRentApplication - No active profile set, falling back to default profiles: default
2020-11-24 19:04:36,158 [main] INFO  org.springframework.boot.web.embedded.tomcat.TomcatWebServer - Tomcat initialized with port(s): 8080 (https)
2020-11-24 19:04:36,198 [main] INFO  org.apache.coyote.http11.Http11NioProtocol - Initializing ProtocolHandler ["https-openssl-nio-8080"]
2020-11-24 19:04:36,222 [main] INFO  org.apache.catalina.core.StandardService - Starting service [Tomcat]
2020-11-24 19:04:36,222 [main] INFO  org.apache.catalina.core.StandardEngine - Starting Servlet Engine: Apache Tomcat/9.0.12
2020-11-24 19:04:36,246 [main] INFO  org.apache.catalina.core.AprLifecycleListener - Loaded APR based Apache Tomcat Native library [1.2.23] using APR version [1.7.0].
2020-11-24 19:04:36,246 [main] INFO  org.apache.catalina.core.AprLifecycleListener - APR capabilities: IPv6 [true], sendfile [true], accept filters [false], random [true].
2020-11-24 19:04:36,254 [main] INFO  org.apache.catalina.core.AprLifecycleListener - APR/OpenSSL configuration: useAprConnector [false], useOpenSSL [true]
2020-11-24 19:04:36,262 [main] INFO  org.apache.catalina.core.AprLifecycleListener - OpenSSL successfully initialized [OpenSSL 1.1.1c  28 May 2019]
2020-11-24 19:04:36,622 [main] INFO  org.apache.catalina.core.ContainerBase.[Tomcat].[localhost].[/] - Initializing Spring embedded WebApplicationContext
2020-11-24 19:04:36,622 [main] INFO  org.springframework.web.context.ContextLoader - Root WebApplicationContext: initialization completed in 4482 ms
2020-11-24 19:04:36,694 [main] INFO  org.springframework.boot.web.servlet.ServletRegistrationBean - Servlet dispatcherServlet mapped to [/]
2020-11-24 19:04:36,702 [main] INFO  org.springframework.boot.web.servlet.FilterRegistrationBean - Mapping filter: 'characterEncodingFilter' to: [/*]
2020-11-24 19:04:36,702 [main] INFO  org.springframework.boot.web.servlet.FilterRegistrationBean - Mapping filter: 'hiddenHttpMethodFilter' to: [/*]
2020-11-24 19:04:36,702 [main] INFO  org.springframework.boot.web.servlet.FilterRegistrationBean - Mapping filter: 'formContentFilter' to: [/*]
2020-11-24 19:04:36,702 [main] INFO  org.springframework.boot.web.servlet.FilterRegistrationBean - Mapping filter: 'requestContextFilter' to: [/*]
2020-11-24 19:04:38,255 [main] INFO  org.springframework.scheduling.concurrent.ThreadPoolTaskExecutor - Initializing ExecutorService 'applicationTaskExecutor'
2020-11-24 19:04:39,010 [main] INFO  org.apache.coyote.http11.Http11NioProtocol - Starting ProtocolHandler ["https-openssl-nio-8080"]
2020-11-24 19:04:40,155 [main] INFO  org.apache.tomcat.util.net.NioSelectorPool - Using a shared selector for servlet write/read
2020-11-24 19:04:40,187 [main] INFO  org.springframework.boot.web.embedded.tomcat.TomcatWebServer - Tomcat started on port(s): 8080 (https) with context path ''
2020-11-24 19:04:40,195 [main] INFO  com.shortrent.ShortRentApplication - Started ShortRentApplication in 9.312 seconds (JVM running for 10.515)
2020-11-24 19:04:47,226 [https-openssl-nio-8080-exec-7] INFO  org.apache.catalina.core.ContainerBase.[Tomcat].[localhost].[/] - Initializing Spring DispatcherServlet 'dispatcherServlet'
2020-11-24 19:04:47,226 [https-openssl-nio-8080-exec-7] INFO  org.springframework.web.servlet.DispatcherServlet - Initializing Servlet 'dispatcherServlet'
2020-11-24 19:04:47,242 [https-openssl-nio-8080-exec-7] INFO  org.springframework.web.servlet.DispatcherServlet - Completed initialization in 16 ms
2020-11-24 19:04:48,419 [https-openssl-nio-8080-exec-4] INFO  com.zaxxer.hikari.HikariDataSource - HikariPool-1 - Starting...
2020-11-24 19:04:48,739 [https-openssl-nio-8080-exec-4] INFO  com.zaxxer.hikari.HikariDataSource - HikariPool-1 - Start completed.
2020-11-24 19:07:03,566 [main] INFO  com.shortrent.ShortRentApplication - Starting ShortRentApplication on LAPTOP-RFRAAI6A with PID 16764 (D:\17201219-idea\shortrent\target\classes started by 施增辉 in D:\17201219-idea\shortrent)
2020-11-24 19:07:03,574 [main] INFO  com.shortrent.ShortRentApplication - No active profile set, falling back to default profiles: default
2020-11-24 19:07:07,450 [main] INFO  org.springframework.boot.web.embedded.tomcat.TomcatWebServer - Tomcat initialized with port(s): 8080 (https)
2020-11-24 19:07:07,474 [main] INFO  org.apache.coyote.http11.Http11NioProtocol - Initializing ProtocolHandler ["https-openssl-nio-8080"]
2020-11-24 19:07:07,490 [main] INFO  org.apache.catalina.core.StandardService - Starting service [Tomcat]
2020-11-24 19:07:07,490 [main] INFO  org.apache.catalina.core.StandardEngine - Starting Servlet Engine: Apache Tomcat/9.0.12
2020-11-24 19:07:07,514 [main] INFO  org.apache.catalina.core.AprLifecycleListener - Loaded APR based Apache Tomcat Native library [1.2.23] using APR version [1.7.0].
2020-11-24 19:07:07,514 [main] INFO  org.apache.catalina.core.AprLifecycleListener - APR capabilities: IPv6 [true], sendfile [true], accept filters [false], random [true].
2020-11-24 19:07:07,514 [main] INFO  org.apache.catalina.core.AprLifecycleListener - APR/OpenSSL configuration: useAprConnector [false], useOpenSSL [true]
2020-11-24 19:07:07,522 [main] INFO  org.apache.catalina.core.AprLifecycleListener - OpenSSL successfully initialized [OpenSSL 1.1.1c  28 May 2019]
2020-11-24 19:07:07,906 [main] INFO  org.apache.catalina.core.ContainerBase.[Tomcat].[localhost].[/] - Initializing Spring embedded WebApplicationContext
2020-11-24 19:07:07,906 [main] INFO  org.springframework.web.context.ContextLoader - Root WebApplicationContext: initialization completed in 4164 ms
2020-11-24 19:07:07,970 [main] INFO  org.springframework.boot.web.servlet.ServletRegistrationBean - Servlet dispatcherServlet mapped to [/]
2020-11-24 19:07:07,986 [main] INFO  org.springframework.boot.web.servlet.FilterRegistrationBean - Mapping filter: 'characterEncodingFilter' to: [/*]
2020-11-24 19:07:07,986 [main] INFO  org.springframework.boot.web.servlet.FilterRegistrationBean - Mapping filter: 'hiddenHttpMethodFilter' to: [/*]
2020-11-24 19:07:07,986 [main] INFO  org.springframework.boot.web.servlet.FilterRegistrationBean - Mapping filter: 'formContentFilter' to: [/*]
2020-11-24 19:07:07,986 [main] INFO  org.springframework.boot.web.servlet.FilterRegistrationBean - Mapping filter: 'requestContextFilter' to: [/*]
2020-11-24 19:07:09,333 [main] INFO  org.springframework.scheduling.concurrent.ThreadPoolTaskExecutor - Initializing ExecutorService 'applicationTaskExecutor'
2020-11-24 19:07:10,197 [main] INFO  org.apache.coyote.http11.Http11NioProtocol - Starting ProtocolHandler ["https-openssl-nio-8080"]
2020-11-24 19:07:11,256 [main] INFO  org.apache.tomcat.util.net.NioSelectorPool - Using a shared selector for servlet write/read
2020-11-24 19:07:11,288 [main] INFO  org.springframework.boot.web.embedded.tomcat.TomcatWebServer - Tomcat started on port(s): 8080 (https) with context path ''
2020-11-24 19:07:11,296 [main] INFO  com.shortrent.ShortRentApplication - Started ShortRentApplication in 8.755 seconds (JVM running for 9.947)
2020-11-24 19:07:20,907 [https-openssl-nio-8080-exec-7] INFO  org.apache.catalina.core.ContainerBase.[Tomcat].[localhost].[/] - Initializing Spring DispatcherServlet 'dispatcherServlet'
2020-11-24 19:07:20,907 [https-openssl-nio-8080-exec-7] INFO  org.springframework.web.servlet.DispatcherServlet - Initializing Servlet 'dispatcherServlet'
2020-11-24 19:07:20,923 [https-openssl-nio-8080-exec-7] INFO  org.springframework.web.servlet.DispatcherServlet - Completed initialization in 16 ms
2020-11-24 19:07:21,852 [https-openssl-nio-8080-exec-3] INFO  com.zaxxer.hikari.HikariDataSource - HikariPool-1 - Starting...
2020-11-24 19:07:22,180 [https-openssl-nio-8080-exec-3] INFO  com.zaxxer.hikari.HikariDataSource - HikariPool-1 - Start completed.
2020-11-24 19:09:11,751 [main] INFO  com.shortrent.ShortRentApplication - Starting ShortRentApplication on LAPTOP-RFRAAI6A with PID 9708 (D:\17201219-idea\shortrent\target\classes started by 施增辉 in D:\17201219-idea\shortrent)
2020-11-24 19:09:11,759 [main] INFO  com.shortrent.ShortRentApplication - No active profile set, falling back to default profiles: default
2020-11-24 19:09:15,755 [main] INFO  org.springframework.boot.web.embedded.tomcat.TomcatWebServer - Tomcat initialized with port(s): 8080 (https)
2020-11-24 19:09:15,787 [main] INFO  org.apache.coyote.http11.Http11NioProtocol - Initializing ProtocolHandler ["https-openssl-nio-8080"]
2020-11-24 19:09:15,803 [main] INFO  org.apache.catalina.core.StandardService - Starting service [Tomcat]
2020-11-24 19:09:15,803 [main] INFO  org.apache.catalina.core.StandardEngine - Starting Servlet Engine: Apache Tomcat/9.0.12
2020-11-24 19:09:15,819 [main] INFO  org.apache.catalina.core.AprLifecycleListener - Loaded APR based Apache Tomcat Native library [1.2.23] using APR version [1.7.0].
2020-11-24 19:09:15,819 [main] INFO  org.apache.catalina.core.AprLifecycleListener - APR capabilities: IPv6 [true], sendfile [true], accept filters [false], random [true].
2020-11-24 19:09:15,819 [main] INFO  org.apache.catalina.core.AprLifecycleListener - APR/OpenSSL configuration: useAprConnector [false], useOpenSSL [true]
2020-11-24 19:09:15,827 [main] INFO  org.apache.catalina.core.AprLifecycleListener - OpenSSL successfully initialized [OpenSSL 1.1.1c  28 May 2019]
2020-11-24 19:09:16,196 [main] INFO  org.apache.catalina.core.ContainerBase.[Tomcat].[localhost].[/] - Initializing Spring embedded WebApplicationContext
2020-11-24 19:09:16,204 [main] INFO  org.springframework.web.context.ContextLoader - Root WebApplicationContext: initialization completed in 4285 ms
2020-11-24 19:09:16,276 [main] INFO  org.springframework.boot.web.servlet.ServletRegistrationBean - Servlet dispatcherServlet mapped to [/]
2020-11-24 19:09:16,284 [main] INFO  org.springframework.boot.web.servlet.FilterRegistrationBean - Mapping filter: 'characterEncodingFilter' to: [/*]
2020-11-24 19:09:16,284 [main] INFO  org.springframework.boot.web.servlet.FilterRegistrationBean - Mapping filter: 'hiddenHttpMethodFilter' to: [/*]
2020-11-24 19:09:16,284 [main] INFO  org.springframework.boot.web.servlet.FilterRegistrationBean - Mapping filter: 'formContentFilter' to: [/*]
2020-11-24 19:09:16,284 [main] INFO  org.springframework.boot.web.servlet.FilterRegistrationBean - Mapping filter: 'requestContextFilter' to: [/*]
2020-11-24 19:09:17,700 [main] INFO  org.springframework.scheduling.concurrent.ThreadPoolTaskExecutor - Initializing ExecutorService 'applicationTaskExecutor'
2020-11-24 19:09:18,485 [main] INFO  org.apache.coyote.http11.Http11NioProtocol - Starting ProtocolHandler ["https-openssl-nio-8080"]
2020-11-24 19:09:19,543 [main] INFO  org.apache.tomcat.util.net.NioSelectorPool - Using a shared selector for servlet write/read
2020-11-24 19:09:19,575 [main] INFO  org.springframework.boot.web.embedded.tomcat.TomcatWebServer - Tomcat started on port(s): 8080 (https) with context path ''
2020-11-24 19:09:19,583 [main] INFO  com.shortrent.ShortRentApplication - Started ShortRentApplication in 8.824 seconds (JVM running for 9.988)
2020-11-24 19:09:25,608 [https-openssl-nio-8080-exec-7] INFO  org.apache.catalina.core.ContainerBase.[Tomcat].[localhost].[/] - Initializing Spring DispatcherServlet 'dispatcherServlet'
2020-11-24 19:09:25,616 [https-openssl-nio-8080-exec-7] INFO  org.springframework.web.servlet.DispatcherServlet - Initializing Servlet 'dispatcherServlet'
2020-11-24 19:09:25,624 [https-openssl-nio-8080-exec-7] INFO  org.springframework.web.servlet.DispatcherServlet - Completed initialization in 8 ms
2020-11-24 19:09:33,463 [https-openssl-nio-8080-exec-1] INFO  com.zaxxer.hikari.HikariDataSource - HikariPool-1 - Starting...
2020-11-24 19:09:33,720 [https-openssl-nio-8080-exec-1] INFO  com.zaxxer.hikari.HikariDataSource - HikariPool-1 - Start completed.
2020-11-24 19:11:03,717 [https-openssl-nio-8080-exec-5] INFO  com.shortrent.rest.MailRestController - 发送成功!
2020-11-24 19:12:21,813 [main] INFO  com.shortrent.ShortRentApplication - Starting ShortRentApplication on LAPTOP-RFRAAI6A with PID 17576 (D:\17201219-idea\shortrent\target\classes started by 施增辉 in D:\17201219-idea\shortrent)
2020-11-24 19:12:21,821 [main] INFO  com.shortrent.ShortRentApplication - No active profile set, falling back to default profiles: default
2020-11-24 19:12:26,415 [main] INFO  org.springframework.boot.web.embedded.tomcat.TomcatWebServer - Tomcat initialized with port(s): 8080 (https)
2020-11-24 19:12:26,447 [main] INFO  org.apache.coyote.http11.Http11NioProtocol - Initializing ProtocolHandler ["https-openssl-nio-8080"]
2020-11-24 19:12:26,487 [main] INFO  org.apache.catalina.core.StandardService - Starting service [Tomcat]
2020-11-24 19:12:26,487 [main] INFO  org.apache.catalina.core.StandardEngine - Starting Servlet Engine: Apache Tomcat/9.0.12
2020-11-24 19:12:26,511 [main] INFO  org.apache.catalina.core.AprLifecycleListener - Loaded APR based Apache Tomcat Native library [1.2.23] using APR version [1.7.0].
2020-11-24 19:12:26,511 [main] INFO  org.apache.catalina.core.AprLifecycleListener - APR capabilities: IPv6 [true], sendfile [true], accept filters [false], random [true].
2020-11-24 19:12:26,511 [main] INFO  org.apache.catalina.core.AprLifecycleListener - APR/OpenSSL configuration: useAprConnector [false], useOpenSSL [true]
2020-11-24 19:12:26,519 [main] INFO  org.apache.catalina.core.AprLifecycleListener - OpenSSL successfully initialized [OpenSSL 1.1.1c  28 May 2019]
2020-11-24 19:12:26,935 [main] INFO  org.apache.catalina.core.ContainerBase.[Tomcat].[localhost].[/] - Initializing Spring embedded WebApplicationContext
2020-11-24 19:12:26,935 [main] INFO  org.springframework.web.context.ContextLoader - Root WebApplicationContext: initialization completed in 4954 ms
2020-11-24 19:12:27,031 [main] INFO  org.springframework.boot.web.servlet.ServletRegistrationBean - Servlet dispatcherServlet mapped to [/]
2020-11-24 19:12:27,047 [main] INFO  org.springframework.boot.web.servlet.FilterRegistrationBean - Mapping filter: 'characterEncodingFilter' to: [/*]
2020-11-24 19:12:27,047 [main] INFO  org.springframework.boot.web.servlet.FilterRegistrationBean - Mapping filter: 'hiddenHttpMethodFilter' to: [/*]
2020-11-24 19:12:27,047 [main] INFO  org.springframework.boot.web.servlet.FilterRegistrationBean - Mapping filter: 'formContentFilter' to: [/*]
2020-11-24 19:12:27,047 [main] INFO  org.springframework.boot.web.servlet.FilterRegistrationBean - Mapping filter: 'requestContextFilter' to: [/*]
2020-11-24 19:12:28,825 [main] INFO  org.springframework.scheduling.concurrent.ThreadPoolTaskExecutor - Initializing ExecutorService 'applicationTaskExecutor'
2020-11-24 19:12:29,920 [main] INFO  org.apache.coyote.http11.Http11NioProtocol - Starting ProtocolHandler ["https-openssl-nio-8080"]
2020-11-24 19:12:30,985 [main] INFO  org.apache.tomcat.util.net.NioSelectorPool - Using a shared selector for servlet write/read
2020-11-24 19:12:31,025 [main] INFO  org.springframework.boot.web.embedded.tomcat.TomcatWebServer - Tomcat started on port(s): 8080 (https) with context path ''
2020-11-24 19:12:31,033 [main] INFO  com.shortrent.ShortRentApplication - Started ShortRentApplication in 10.389 seconds (JVM running for 11.668)
2020-11-24 19:12:37,815 [https-openssl-nio-8080-exec-8] INFO  org.apache.catalina.core.ContainerBase.[Tomcat].[localhost].[/] - Initializing Spring DispatcherServlet 'dispatcherServlet'
2020-11-24 19:12:37,815 [https-openssl-nio-8080-exec-8] INFO  org.springframework.web.servlet.DispatcherServlet - Initializing Servlet 'dispatcherServlet'
2020-11-24 19:12:37,831 [https-openssl-nio-8080-exec-8] INFO  org.springframework.web.servlet.DispatcherServlet - Completed initialization in 16 ms
2020-11-24 19:12:40,111 [https-openssl-nio-8080-exec-3] INFO  com.zaxxer.hikari.HikariDataSource - HikariPool-1 - Starting...
2020-11-24 19:12:40,423 [https-openssl-nio-8080-exec-3] INFO  com.zaxxer.hikari.HikariDataSource - HikariPool-1 - Start completed.
