2020-11-23 09:44:44,582 [main] INFO  com.shortrent.ShortRentApplication - Starting ShortRentApplication on DESKTOP-IQVI3L0 with PID 13676 (started by Dell in D:\idea\shortrent (3))
2020-11-23 09:44:44,585 [main] INFO  com.shortrent.ShortRentApplication - No active profile set, falling back to default profiles: default
2020-11-23 09:44:52,678 [main] INFO  org.springframework.boot.web.embedded.tomcat.TomcatWebServer - Tomcat initialized with port(s): 8080 (https)
2020-11-23 09:44:52,699 [main] INFO  org.apache.coyote.http11.Http11NioProtocol - Initializing ProtocolHandler ["https-openssl-nio-8080"]
2020-11-23 09:44:52,709 [main] INFO  org.apache.catalina.core.StandardService - Starting service [Tomcat]
2020-11-23 09:44:52,710 [main] INFO  org.apache.catalina.core.StandardEngine - Starting Servlet Engine: Apache Tomcat/9.0.12
2020-11-23 09:44:52,725 [main] INFO  org.apache.catalina.core.AprLifecycleListener - Loaded APR based Apache Tomcat Native library [1.2.23] using APR version [1.7.0].
2020-11-23 09:44:52,725 [main] INFO  org.apache.catalina.core.AprLifecycleListener - APR capabilities: IPv6 [true], sendfile [true], accept filters [false], random [true].
2020-11-23 09:44:52,725 [main] INFO  org.apache.catalina.core.AprLifecycleListener - APR/OpenSSL configuration: useAprConnector [false], useOpenSSL [true]
2020-11-23 09:44:53,457 [main] INFO  org.apache.catalina.core.AprLifecycleListener - OpenSSL successfully initialized [OpenSSL 1.1.1c  28 May 2019]
2020-11-23 09:44:53,783 [main] INFO  org.apache.catalina.core.ContainerBase.[Tomcat].[localhost].[/] - Initializing Spring embedded WebApplicationContext
2020-11-23 09:44:53,784 [main] INFO  org.springframework.web.context.ContextLoader - Root WebApplicationContext: initialization completed in 9160 ms
2020-11-23 09:44:53,832 [main] INFO  org.springframework.boot.web.servlet.ServletRegistrationBean - Servlet dispatcherServlet mapped to [/]
2020-11-23 09:44:53,843 [main] INFO  org.springframework.boot.web.servlet.FilterRegistrationBean - Mapping filter: 'characterEncodingFilter' to: [/*]
2020-11-23 09:44:53,843 [main] INFO  org.springframework.boot.web.servlet.FilterRegistrationBean - Mapping filter: 'hiddenHttpMethodFilter' to: [/*]
2020-11-23 09:44:53,844 [main] INFO  org.springframework.boot.web.servlet.FilterRegistrationBean - Mapping filter: 'formContentFilter' to: [/*]
2020-11-23 09:44:53,844 [main] INFO  org.springframework.boot.web.servlet.FilterRegistrationBean - Mapping filter: 'requestContextFilter' to: [/*]
2020-11-23 09:44:55,048 [main] INFO  org.apache.catalina.core.StandardService - Stopping service [Tomcat]
2020-11-23 09:44:55,077 [main] INFO  o.s.boot.autoconfigure.logging.ConditionEvaluationReportLoggingListener - 

Error starting ApplicationContext. To display the conditions report re-run your application with 'debug' enabled.
2020-11-23 09:47:49,276 [main] INFO  com.shortrent.ShortRentApplication - Starting ShortRentApplication on DESKTOP-IQVI3L0 with PID 14452 (started by Dell in D:\idea\shortrent (3))
2020-11-23 09:47:49,280 [main] INFO  com.shortrent.ShortRentApplication - No active profile set, falling back to default profiles: default
2020-11-23 09:47:52,221 [main] INFO  org.springframework.boot.web.embedded.tomcat.TomcatWebServer - Tomcat initialized with port(s): 8080 (https)
2020-11-23 09:47:52,237 [main] INFO  org.apache.coyote.http11.Http11NioProtocol - Initializing ProtocolHandler ["https-openssl-nio-8080"]
2020-11-23 09:47:52,247 [main] INFO  org.apache.catalina.core.StandardService - Starting service [Tomcat]
2020-11-23 09:47:52,247 [main] INFO  org.apache.catalina.core.StandardEngine - Starting Servlet Engine: Apache Tomcat/9.0.12
2020-11-23 09:47:52,258 [main] INFO  org.apache.catalina.core.AprLifecycleListener - Loaded APR based Apache Tomcat Native library [1.2.23] using APR version [1.7.0].
2020-11-23 09:47:52,258 [main] INFO  org.apache.catalina.core.AprLifecycleListener - APR capabilities: IPv6 [true], sendfile [true], accept filters [false], random [true].
2020-11-23 09:47:52,258 [main] INFO  org.apache.catalina.core.AprLifecycleListener - APR/OpenSSL configuration: useAprConnector [false], useOpenSSL [true]
2020-11-23 09:47:52,323 [main] INFO  org.apache.catalina.core.AprLifecycleListener - OpenSSL successfully initialized [OpenSSL 1.1.1c  28 May 2019]
2020-11-23 09:47:52,601 [main] INFO  org.apache.catalina.core.ContainerBase.[Tomcat].[localhost].[/] - Initializing Spring embedded WebApplicationContext
2020-11-23 09:47:52,602 [main] INFO  org.springframework.web.context.ContextLoader - Root WebApplicationContext: initialization completed in 3236 ms
2020-11-23 09:47:52,634 [main] INFO  org.springframework.boot.web.servlet.ServletRegistrationBean - Servlet dispatcherServlet mapped to [/]
2020-11-23 09:47:52,639 [main] INFO  org.springframework.boot.web.servlet.FilterRegistrationBean - Mapping filter: 'characterEncodingFilter' to: [/*]
2020-11-23 09:47:52,639 [main] INFO  org.springframework.boot.web.servlet.FilterRegistrationBean - Mapping filter: 'hiddenHttpMethodFilter' to: [/*]
2020-11-23 09:47:52,639 [main] INFO  org.springframework.boot.web.servlet.FilterRegistrationBean - Mapping filter: 'formContentFilter' to: [/*]
2020-11-23 09:47:52,639 [main] INFO  org.springframework.boot.web.servlet.FilterRegistrationBean - Mapping filter: 'requestContextFilter' to: [/*]
2020-11-23 09:47:53,292 [main] INFO  org.apache.catalina.core.StandardService - Stopping service [Tomcat]
2020-11-23 09:47:53,315 [main] INFO  o.s.boot.autoconfigure.logging.ConditionEvaluationReportLoggingListener - 

Error starting ApplicationContext. To display the conditions report re-run your application with 'debug' enabled.
2020-11-23 10:00:18,977 [main] INFO  com.shortrent.ShortRentApplication - Starting ShortRentApplication on DESKTOP-IQVI3L0 with PID 16464 (started by Dell in D:\idea\shortrent (3))
2020-11-23 10:00:19,008 [main] INFO  com.shortrent.ShortRentApplication - No active profile set, falling back to default profiles: default
2020-11-23 10:00:23,600 [main] INFO  org.springframework.boot.web.embedded.tomcat.TomcatWebServer - Tomcat initialized with port(s): 8080 (https)
2020-11-23 10:00:23,614 [main] INFO  org.apache.coyote.http11.Http11NioProtocol - Initializing ProtocolHandler ["https-openssl-nio-8080"]
2020-11-23 10:00:23,621 [main] INFO  org.apache.catalina.core.StandardService - Starting service [Tomcat]
2020-11-23 10:00:23,621 [main] INFO  org.apache.catalina.core.StandardEngine - Starting Servlet Engine: Apache Tomcat/9.0.12
2020-11-23 10:00:23,631 [main] INFO  org.apache.catalina.core.AprLifecycleListener - Loaded APR based Apache Tomcat Native library [1.2.23] using APR version [1.7.0].
2020-11-23 10:00:23,631 [main] INFO  org.apache.catalina.core.AprLifecycleListener - APR capabilities: IPv6 [true], sendfile [true], accept filters [false], random [true].
2020-11-23 10:00:23,631 [main] INFO  org.apache.catalina.core.AprLifecycleListener - APR/OpenSSL configuration: useAprConnector [false], useOpenSSL [true]
2020-11-23 10:00:23,704 [main] INFO  org.apache.catalina.core.AprLifecycleListener - OpenSSL successfully initialized [OpenSSL 1.1.1c  28 May 2019]
2020-11-23 10:00:23,987 [main] INFO  org.apache.catalina.core.ContainerBase.[Tomcat].[localhost].[/] - Initializing Spring embedded WebApplicationContext
2020-11-23 10:00:23,993 [main] INFO  org.springframework.web.context.ContextLoader - Root WebApplicationContext: initialization completed in 4890 ms
2020-11-23 10:00:24,024 [main] INFO  org.springframework.boot.web.servlet.ServletRegistrationBean - Servlet dispatcherServlet mapped to [/]
2020-11-23 10:00:24,030 [main] INFO  org.springframework.boot.web.servlet.FilterRegistrationBean - Mapping filter: 'characterEncodingFilter' to: [/*]
2020-11-23 10:00:24,030 [main] INFO  org.springframework.boot.web.servlet.FilterRegistrationBean - Mapping filter: 'hiddenHttpMethodFilter' to: [/*]
2020-11-23 10:00:24,030 [main] INFO  org.springframework.boot.web.servlet.FilterRegistrationBean - Mapping filter: 'formContentFilter' to: [/*]
2020-11-23 10:00:24,030 [main] INFO  org.springframework.boot.web.servlet.FilterRegistrationBean - Mapping filter: 'requestContextFilter' to: [/*]
2020-11-23 10:00:24,681 [main] INFO  org.apache.catalina.core.StandardService - Stopping service [Tomcat]
2020-11-23 10:00:24,714 [main] INFO  o.s.boot.autoconfigure.logging.ConditionEvaluationReportLoggingListener - 

Error starting ApplicationContext. To display the conditions report re-run your application with 'debug' enabled.
2020-11-23 10:01:18,263 [main] INFO  com.shortrent.ShortRentApplication - Starting ShortRentApplication on DESKTOP-IQVI3L0 with PID 6872 (started by Dell in D:\idea\shortrent (3))
2020-11-23 10:01:18,268 [main] INFO  com.shortrent.ShortRentApplication - No active profile set, falling back to default profiles: default
2020-11-23 10:01:20,645 [main] INFO  org.springframework.boot.web.embedded.tomcat.TomcatWebServer - Tomcat initialized with port(s): 8080 (https)
2020-11-23 10:01:20,656 [main] INFO  org.apache.coyote.http11.Http11NioProtocol - Initializing ProtocolHandler ["https-openssl-nio-8080"]
2020-11-23 10:01:20,663 [main] INFO  org.apache.catalina.core.StandardService - Starting service [Tomcat]
2020-11-23 10:01:20,663 [main] INFO  org.apache.catalina.core.StandardEngine - Starting Servlet Engine: Apache Tomcat/9.0.12
2020-11-23 10:01:20,672 [main] INFO  org.apache.catalina.core.AprLifecycleListener - Loaded APR based Apache Tomcat Native library [1.2.23] using APR version [1.7.0].
2020-11-23 10:01:20,672 [main] INFO  org.apache.catalina.core.AprLifecycleListener - APR capabilities: IPv6 [true], sendfile [true], accept filters [false], random [true].
2020-11-23 10:01:20,673 [main] INFO  org.apache.catalina.core.AprLifecycleListener - APR/OpenSSL configuration: useAprConnector [false], useOpenSSL [true]
2020-11-23 10:01:20,676 [main] INFO  org.apache.catalina.core.AprLifecycleListener - OpenSSL successfully initialized [OpenSSL 1.1.1c  28 May 2019]
2020-11-23 10:01:20,943 [main] INFO  org.apache.catalina.core.ContainerBase.[Tomcat].[localhost].[/] - Initializing Spring embedded WebApplicationContext
2020-11-23 10:01:20,943 [main] INFO  org.springframework.web.context.ContextLoader - Root WebApplicationContext: initialization completed in 2589 ms
2020-11-23 10:01:21,044 [main] INFO  org.springframework.boot.web.servlet.ServletRegistrationBean - Servlet dispatcherServlet mapped to [/]
2020-11-23 10:01:21,048 [main] INFO  org.springframework.boot.web.servlet.FilterRegistrationBean - Mapping filter: 'characterEncodingFilter' to: [/*]
2020-11-23 10:01:21,048 [main] INFO  org.springframework.boot.web.servlet.FilterRegistrationBean - Mapping filter: 'hiddenHttpMethodFilter' to: [/*]
2020-11-23 10:01:21,048 [main] INFO  org.springframework.boot.web.servlet.FilterRegistrationBean - Mapping filter: 'formContentFilter' to: [/*]
2020-11-23 10:01:21,049 [main] INFO  org.springframework.boot.web.servlet.FilterRegistrationBean - Mapping filter: 'requestContextFilter' to: [/*]
2020-11-23 10:01:21,711 [main] INFO  org.springframework.scheduling.concurrent.ThreadPoolTaskExecutor - Initializing ExecutorService 'applicationTaskExecutor'
2020-11-23 10:01:22,174 [main] INFO  org.apache.coyote.http11.Http11NioProtocol - Starting ProtocolHandler ["https-openssl-nio-8080"]
2020-11-23 10:01:24,368 [main] INFO  org.apache.tomcat.util.net.NioSelectorPool - Using a shared selector for servlet write/read
2020-11-23 10:01:24,386 [main] INFO  org.springframework.boot.web.embedded.tomcat.TomcatWebServer - Tomcat started on port(s): 8080 (https) with context path ''
2020-11-23 10:01:24,391 [main] INFO  com.shortrent.ShortRentApplication - Started ShortRentApplication in 7.375 seconds (JVM running for 8.105)
2020-11-23 10:02:27,415 [https-openssl-nio-8080-exec-5] INFO  org.apache.catalina.core.ContainerBase.[Tomcat].[localhost].[/] - Initializing Spring DispatcherServlet 'dispatcherServlet'
2020-11-23 10:02:27,415 [https-openssl-nio-8080-exec-5] INFO  org.springframework.web.servlet.DispatcherServlet - Initializing Servlet 'dispatcherServlet'
2020-11-23 10:02:27,415 [https-openssl-nio-8080-exec-5] INFO  org.springframework.web.servlet.DispatcherServlet - Completed initialization in 0 ms
2020-11-23 10:02:53,735 [https-openssl-nio-8080-exec-5] INFO  com.zaxxer.hikari.HikariDataSource - HikariPool-1 - Starting...
2020-11-23 10:02:54,464 [https-openssl-nio-8080-exec-5] INFO  com.zaxxer.hikari.HikariDataSource - HikariPool-1 - Start completed.
2020-11-23 10:04:31,667 [main] INFO  com.shortrent.ShortRentApplication - Starting ShortRentApplication on DESKTOP-IQVI3L0 with PID 13900 (started by Dell in D:\idea\shortrent (3))
2020-11-23 10:04:31,684 [main] INFO  com.shortrent.ShortRentApplication - No active profile set, falling back to default profiles: default
2020-11-23 10:04:36,439 [main] INFO  org.springframework.boot.web.embedded.tomcat.TomcatWebServer - Tomcat initialized with port(s): 8080 (https)
2020-11-23 10:04:36,455 [main] INFO  org.apache.coyote.http11.Http11NioProtocol - Initializing ProtocolHandler ["https-openssl-nio-8080"]
2020-11-23 10:04:36,461 [main] INFO  org.apache.catalina.core.StandardService - Starting service [Tomcat]
2020-11-23 10:04:36,462 [main] INFO  org.apache.catalina.core.StandardEngine - Starting Servlet Engine: Apache Tomcat/9.0.12
2020-11-23 10:04:36,472 [main] INFO  org.apache.catalina.core.AprLifecycleListener - Loaded APR based Apache Tomcat Native library [1.2.23] using APR version [1.7.0].
2020-11-23 10:04:36,533 [main] INFO  org.apache.catalina.core.AprLifecycleListener - APR capabilities: IPv6 [true], sendfile [true], accept filters [false], random [true].
2020-11-23 10:04:36,534 [main] INFO  org.apache.catalina.core.AprLifecycleListener - APR/OpenSSL configuration: useAprConnector [false], useOpenSSL [true]
2020-11-23 10:04:38,101 [main] INFO  org.apache.catalina.core.AprLifecycleListener - OpenSSL successfully initialized [OpenSSL 1.1.1c  28 May 2019]
2020-11-23 10:04:38,444 [main] INFO  org.apache.catalina.core.ContainerBase.[Tomcat].[localhost].[/] - Initializing Spring embedded WebApplicationContext
2020-11-23 10:04:38,446 [main] INFO  org.springframework.web.context.ContextLoader - Root WebApplicationContext: initialization completed in 6680 ms
2020-11-23 10:04:38,484 [main] INFO  org.springframework.boot.web.servlet.ServletRegistrationBean - Servlet dispatcherServlet mapped to [/]
2020-11-23 10:04:38,489 [main] INFO  org.springframework.boot.web.servlet.FilterRegistrationBean - Mapping filter: 'characterEncodingFilter' to: [/*]
2020-11-23 10:04:38,489 [main] INFO  org.springframework.boot.web.servlet.FilterRegistrationBean - Mapping filter: 'hiddenHttpMethodFilter' to: [/*]
2020-11-23 10:04:38,489 [main] INFO  org.springframework.boot.web.servlet.FilterRegistrationBean - Mapping filter: 'formContentFilter' to: [/*]
2020-11-23 10:04:38,489 [main] INFO  org.springframework.boot.web.servlet.FilterRegistrationBean - Mapping filter: 'requestContextFilter' to: [/*]
2020-11-23 10:04:39,530 [main] INFO  org.springframework.scheduling.concurrent.ThreadPoolTaskExecutor - Initializing ExecutorService 'applicationTaskExecutor'
2020-11-23 10:04:40,007 [main] INFO  org.apache.coyote.http11.Http11NioProtocol - Starting ProtocolHandler ["https-openssl-nio-8080"]
2020-11-23 10:04:40,865 [main] INFO  org.apache.tomcat.util.net.NioSelectorPool - Using a shared selector for servlet write/read
2020-11-23 10:04:40,886 [main] INFO  org.springframework.boot.web.embedded.tomcat.TomcatWebServer - Tomcat started on port(s): 8080 (https) with context path ''
2020-11-23 10:04:40,890 [main] INFO  com.shortrent.ShortRentApplication - Started ShortRentApplication in 10.32 seconds (JVM running for 11.189)
2020-11-23 10:04:47,158 [https-openssl-nio-8080-exec-9] INFO  org.apache.catalina.core.ContainerBase.[Tomcat].[localhost].[/] - Initializing Spring DispatcherServlet 'dispatcherServlet'
2020-11-23 10:04:47,159 [https-openssl-nio-8080-exec-9] INFO  org.springframework.web.servlet.DispatcherServlet - Initializing Servlet 'dispatcherServlet'
2020-11-23 10:04:47,167 [https-openssl-nio-8080-exec-9] INFO  org.springframework.web.servlet.DispatcherServlet - Completed initialization in 8 ms
2020-11-23 10:04:47,222 [https-openssl-nio-8080-exec-9] INFO  com.zaxxer.hikari.HikariDataSource - HikariPool-1 - Starting...
2020-11-23 10:04:47,390 [https-openssl-nio-8080-exec-9] INFO  com.zaxxer.hikari.HikariDataSource - HikariPool-1 - Start completed.
2020-11-23 10:39:29,657 [main] INFO  com.shortrent.ShortRentApplication - Starting ShortRentApplication on DESKTOP-IQVI3L0 with PID 3544 (started by Dell in D:\idea\shortrent (3))
2020-11-23 10:39:29,672 [main] INFO  com.shortrent.ShortRentApplication - No active profile set, falling back to default profiles: default
2020-11-23 10:39:32,286 [main] INFO  org.springframework.boot.web.embedded.tomcat.TomcatWebServer - Tomcat initialized with port(s): 8080 (https)
2020-11-23 10:39:32,301 [main] INFO  org.apache.coyote.http11.Http11NioProtocol - Initializing ProtocolHandler ["https-openssl-nio-8080"]
2020-11-23 10:39:32,309 [main] INFO  org.apache.catalina.core.StandardService - Starting service [Tomcat]
2020-11-23 10:39:32,309 [main] INFO  org.apache.catalina.core.StandardEngine - Starting Servlet Engine: Apache Tomcat/9.0.12
2020-11-23 10:39:32,318 [main] INFO  org.apache.catalina.core.AprLifecycleListener - Loaded APR based Apache Tomcat Native library [1.2.23] using APR version [1.7.0].
2020-11-23 10:39:32,319 [main] INFO  org.apache.catalina.core.AprLifecycleListener - APR capabilities: IPv6 [true], sendfile [true], accept filters [false], random [true].
2020-11-23 10:39:32,319 [main] INFO  org.apache.catalina.core.AprLifecycleListener - APR/OpenSSL configuration: useAprConnector [false], useOpenSSL [true]
2020-11-23 10:39:32,429 [main] INFO  org.apache.catalina.core.AprLifecycleListener - OpenSSL successfully initialized [OpenSSL 1.1.1c  28 May 2019]
2020-11-23 10:39:32,728 [main] INFO  org.apache.catalina.core.ContainerBase.[Tomcat].[localhost].[/] - Initializing Spring embedded WebApplicationContext
2020-11-23 10:39:32,731 [main] INFO  org.springframework.web.context.ContextLoader - Root WebApplicationContext: initialization completed in 3010 ms
2020-11-23 10:39:32,768 [main] INFO  org.springframework.boot.web.servlet.ServletRegistrationBean - Servlet dispatcherServlet mapped to [/]
2020-11-23 10:39:32,772 [main] INFO  org.springframework.boot.web.servlet.FilterRegistrationBean - Mapping filter: 'characterEncodingFilter' to: [/*]
2020-11-23 10:39:32,772 [main] INFO  org.springframework.boot.web.servlet.FilterRegistrationBean - Mapping filter: 'hiddenHttpMethodFilter' to: [/*]
2020-11-23 10:39:32,772 [main] INFO  org.springframework.boot.web.servlet.FilterRegistrationBean - Mapping filter: 'formContentFilter' to: [/*]
2020-11-23 10:39:32,772 [main] INFO  org.springframework.boot.web.servlet.FilterRegistrationBean - Mapping filter: 'requestContextFilter' to: [/*]
2020-11-23 10:39:33,593 [main] INFO  org.springframework.scheduling.concurrent.ThreadPoolTaskExecutor - Initializing ExecutorService 'applicationTaskExecutor'
2020-11-23 10:39:34,020 [main] INFO  org.apache.coyote.http11.Http11NioProtocol - Starting ProtocolHandler ["https-openssl-nio-8080"]
2020-11-23 10:39:34,883 [main] INFO  org.apache.tomcat.util.net.NioSelectorPool - Using a shared selector for servlet write/read
2020-11-23 10:39:34,898 [main] INFO  org.springframework.boot.web.embedded.tomcat.TomcatWebServer - Tomcat started on port(s): 8080 (https) with context path ''
2020-11-23 10:39:34,902 [main] INFO  com.shortrent.ShortRentApplication - Started ShortRentApplication in 6.073 seconds (JVM running for 7.024)
2020-11-23 10:40:05,727 [https-openssl-nio-8080-exec-10] INFO  org.apache.catalina.core.ContainerBase.[Tomcat].[localhost].[/] - Initializing Spring DispatcherServlet 'dispatcherServlet'
2020-11-23 10:40:05,728 [https-openssl-nio-8080-exec-10] INFO  org.springframework.web.servlet.DispatcherServlet - Initializing Servlet 'dispatcherServlet'
2020-11-23 10:40:05,735 [https-openssl-nio-8080-exec-10] INFO  org.springframework.web.servlet.DispatcherServlet - Completed initialization in 7 ms
2020-11-23 10:40:08,466 [https-openssl-nio-8080-exec-4] INFO  com.zaxxer.hikari.HikariDataSource - HikariPool-1 - Starting...
2020-11-23 10:40:12,883 [https-openssl-nio-8080-exec-4] INFO  com.zaxxer.hikari.HikariDataSource - HikariPool-1 - Start completed.
2020-11-23 10:50:20,190 [main] INFO  com.shortrent.ShortRentApplication - Starting ShortRentApplication on DESKTOP-IQVI3L0 with PID 12424 (started by Dell in D:\idea\shortrent (3))
2020-11-23 10:50:20,231 [main] INFO  com.shortrent.ShortRentApplication - No active profile set, falling back to default profiles: default
2020-11-23 10:50:26,787 [main] INFO  org.springframework.boot.web.embedded.tomcat.TomcatWebServer - Tomcat initialized with port(s): 8080 (https)
2020-11-23 10:50:26,802 [main] INFO  org.apache.coyote.http11.Http11NioProtocol - Initializing ProtocolHandler ["https-openssl-nio-8080"]
2020-11-23 10:50:26,810 [main] INFO  org.apache.catalina.core.StandardService - Starting service [Tomcat]
2020-11-23 10:50:26,810 [main] INFO  org.apache.catalina.core.StandardEngine - Starting Servlet Engine: Apache Tomcat/9.0.12
2020-11-23 10:50:26,820 [main] INFO  org.apache.catalina.core.AprLifecycleListener - Loaded APR based Apache Tomcat Native library [1.2.23] using APR version [1.7.0].
2020-11-23 10:50:26,820 [main] INFO  org.apache.catalina.core.AprLifecycleListener - APR capabilities: IPv6 [true], sendfile [true], accept filters [false], random [true].
2020-11-23 10:50:26,821 [main] INFO  org.apache.catalina.core.AprLifecycleListener - APR/OpenSSL configuration: useAprConnector [false], useOpenSSL [true]
2020-11-23 10:50:27,177 [main] INFO  org.apache.catalina.core.AprLifecycleListener - OpenSSL successfully initialized [OpenSSL 1.1.1c  28 May 2019]
2020-11-23 10:50:27,679 [main] INFO  org.apache.catalina.core.ContainerBase.[Tomcat].[localhost].[/] - Initializing Spring embedded WebApplicationContext
2020-11-23 10:50:27,681 [main] INFO  org.springframework.web.context.ContextLoader - Root WebApplicationContext: initialization completed in 7337 ms
2020-11-23 10:50:27,721 [main] INFO  org.springframework.boot.web.servlet.ServletRegistrationBean - Servlet dispatcherServlet mapped to [/]
2020-11-23 10:50:27,726 [main] INFO  org.springframework.boot.web.servlet.FilterRegistrationBean - Mapping filter: 'characterEncodingFilter' to: [/*]
2020-11-23 10:50:27,727 [main] INFO  org.springframework.boot.web.servlet.FilterRegistrationBean - Mapping filter: 'hiddenHttpMethodFilter' to: [/*]
2020-11-23 10:50:27,727 [main] INFO  org.springframework.boot.web.servlet.FilterRegistrationBean - Mapping filter: 'formContentFilter' to: [/*]
2020-11-23 10:50:27,727 [main] INFO  org.springframework.boot.web.servlet.FilterRegistrationBean - Mapping filter: 'requestContextFilter' to: [/*]
2020-11-23 10:50:28,634 [main] INFO  org.springframework.scheduling.concurrent.ThreadPoolTaskExecutor - Initializing ExecutorService 'applicationTaskExecutor'
2020-11-23 10:50:29,120 [main] INFO  org.apache.coyote.http11.Http11NioProtocol - Starting ProtocolHandler ["https-openssl-nio-8080"]
2020-11-23 10:50:30,366 [main] INFO  org.apache.tomcat.util.net.NioSelectorPool - Using a shared selector for servlet write/read
2020-11-23 10:50:30,382 [main] INFO  org.springframework.boot.web.embedded.tomcat.TomcatWebServer - Tomcat started on port(s): 8080 (https) with context path ''
2020-11-23 10:50:30,397 [main] INFO  com.shortrent.ShortRentApplication - Started ShortRentApplication in 11.04 seconds (JVM running for 14.221)
2020-11-23 10:50:46,140 [https-openssl-nio-8080-exec-6] INFO  org.apache.catalina.core.ContainerBase.[Tomcat].[localhost].[/] - Initializing Spring DispatcherServlet 'dispatcherServlet'
2020-11-23 10:50:46,140 [https-openssl-nio-8080-exec-6] INFO  org.springframework.web.servlet.DispatcherServlet - Initializing Servlet 'dispatcherServlet'
2020-11-23 10:50:46,146 [https-openssl-nio-8080-exec-6] INFO  org.springframework.web.servlet.DispatcherServlet - Completed initialization in 6 ms
2020-11-23 10:50:46,191 [https-openssl-nio-8080-exec-6] INFO  com.zaxxer.hikari.HikariDataSource - HikariPool-1 - Starting...
2020-11-23 10:50:46,420 [https-openssl-nio-8080-exec-6] INFO  com.zaxxer.hikari.HikariDataSource - HikariPool-1 - Start completed.
2020-11-23 10:52:02,338 [main] INFO  com.shortrent.ShortRentApplication - Starting ShortRentApplication on DESKTOP-IQVI3L0 with PID 14912 (started by Dell in D:\idea\shortrent (3))
2020-11-23 10:52:02,347 [main] INFO  com.shortrent.ShortRentApplication - No active profile set, falling back to default profiles: default
2020-11-23 10:52:05,324 [main] INFO  org.springframework.boot.web.embedded.tomcat.TomcatWebServer - Tomcat initialized with port(s): 8080 (https)
2020-11-23 10:52:05,340 [main] INFO  org.apache.coyote.http11.Http11NioProtocol - Initializing ProtocolHandler ["https-openssl-nio-8080"]
2020-11-23 10:52:05,340 [main] INFO  org.apache.catalina.core.StandardService - Starting service [Tomcat]
2020-11-23 10:52:05,340 [main] INFO  org.apache.catalina.core.StandardEngine - Starting Servlet Engine: Apache Tomcat/9.0.12
2020-11-23 10:52:05,355 [main] INFO  org.apache.catalina.core.AprLifecycleListener - Loaded APR based Apache Tomcat Native library [1.2.23] using APR version [1.7.0].
2020-11-23 10:52:05,355 [main] INFO  org.apache.catalina.core.AprLifecycleListener - APR capabilities: IPv6 [true], sendfile [true], accept filters [false], random [true].
2020-11-23 10:52:05,355 [main] INFO  org.apache.catalina.core.AprLifecycleListener - APR/OpenSSL configuration: useAprConnector [false], useOpenSSL [true]
2020-11-23 10:52:05,947 [main] INFO  org.apache.catalina.core.AprLifecycleListener - OpenSSL successfully initialized [OpenSSL 1.1.1c  28 May 2019]
2020-11-23 10:52:06,149 [main] INFO  org.apache.catalina.core.ContainerBase.[Tomcat].[localhost].[/] - Initializing Spring embedded WebApplicationContext
2020-11-23 10:52:06,149 [main] INFO  org.springframework.web.context.ContextLoader - Root WebApplicationContext: initialization completed in 3735 ms
2020-11-23 10:52:06,263 [main] INFO  org.springframework.boot.web.servlet.ServletRegistrationBean - Servlet dispatcherServlet mapped to [/]
2020-11-23 10:52:06,269 [main] INFO  org.springframework.boot.web.servlet.FilterRegistrationBean - Mapping filter: 'characterEncodingFilter' to: [/*]
2020-11-23 10:52:06,270 [main] INFO  org.springframework.boot.web.servlet.FilterRegistrationBean - Mapping filter: 'hiddenHttpMethodFilter' to: [/*]
2020-11-23 10:52:06,270 [main] INFO  org.springframework.boot.web.servlet.FilterRegistrationBean - Mapping filter: 'formContentFilter' to: [/*]
2020-11-23 10:52:06,270 [main] INFO  org.springframework.boot.web.servlet.FilterRegistrationBean - Mapping filter: 'requestContextFilter' to: [/*]
2020-11-23 10:52:07,358 [main] INFO  org.springframework.scheduling.concurrent.ThreadPoolTaskExecutor - Initializing ExecutorService 'applicationTaskExecutor'
2020-11-23 10:52:07,848 [main] INFO  org.apache.coyote.http11.Http11NioProtocol - Starting ProtocolHandler ["https-openssl-nio-8080"]
2020-11-23 10:52:12,510 [main] INFO  org.apache.tomcat.util.net.NioSelectorPool - Using a shared selector for servlet write/read
2020-11-23 10:52:12,527 [main] INFO  org.springframework.boot.web.embedded.tomcat.TomcatWebServer - Tomcat started on port(s): 8080 (https) with context path ''
2020-11-23 10:52:12,530 [main] INFO  com.shortrent.ShortRentApplication - Started ShortRentApplication in 11.13 seconds (JVM running for 12.38)
2020-11-23 10:52:19,044 [https-openssl-nio-8080-exec-7] INFO  org.apache.catalina.core.ContainerBase.[Tomcat].[localhost].[/] - Initializing Spring DispatcherServlet 'dispatcherServlet'
2020-11-23 10:52:19,044 [https-openssl-nio-8080-exec-7] INFO  org.springframework.web.servlet.DispatcherServlet - Initializing Servlet 'dispatcherServlet'
2020-11-23 10:52:19,053 [https-openssl-nio-8080-exec-7] INFO  org.springframework.web.servlet.DispatcherServlet - Completed initialization in 9 ms
2020-11-23 10:52:19,102 [https-openssl-nio-8080-exec-7] INFO  com.zaxxer.hikari.HikariDataSource - HikariPool-1 - Starting...
2020-11-23 10:52:19,264 [https-openssl-nio-8080-exec-7] INFO  com.zaxxer.hikari.HikariDataSource - HikariPool-1 - Start completed.
2020-11-23 11:03:42,143 [main] INFO  com.shortrent.ShortRentApplication - Starting ShortRentApplication on DESKTOP-IQVI3L0 with PID 7256 (started by Dell in D:\idea\shortrent (3))
2020-11-23 11:03:42,427 [main] INFO  com.shortrent.ShortRentApplication - No active profile set, falling back to default profiles: default
2020-11-23 11:03:44,673 [main] INFO  org.springframework.boot.web.embedded.tomcat.TomcatWebServer - Tomcat initialized with port(s): 8080 (https)
2020-11-23 11:03:44,687 [main] INFO  org.apache.coyote.http11.Http11NioProtocol - Initializing ProtocolHandler ["https-openssl-nio-8080"]
2020-11-23 11:03:44,695 [main] INFO  org.apache.catalina.core.StandardService - Starting service [Tomcat]
2020-11-23 11:03:44,695 [main] INFO  org.apache.catalina.core.StandardEngine - Starting Servlet Engine: Apache Tomcat/9.0.12
2020-11-23 11:03:44,706 [main] INFO  org.apache.catalina.core.AprLifecycleListener - Loaded APR based Apache Tomcat Native library [1.2.23] using APR version [1.7.0].
2020-11-23 11:03:44,707 [main] INFO  org.apache.catalina.core.AprLifecycleListener - APR capabilities: IPv6 [true], sendfile [true], accept filters [false], random [true].
2020-11-23 11:03:44,707 [main] INFO  org.apache.catalina.core.AprLifecycleListener - APR/OpenSSL configuration: useAprConnector [false], useOpenSSL [true]
2020-11-23 11:03:44,744 [main] INFO  org.apache.catalina.core.AprLifecycleListener - OpenSSL successfully initialized [OpenSSL 1.1.1c  28 May 2019]
2020-11-23 11:03:45,036 [main] INFO  org.apache.catalina.core.ContainerBase.[Tomcat].[localhost].[/] - Initializing Spring embedded WebApplicationContext
2020-11-23 11:03:45,039 [main] INFO  org.springframework.web.context.ContextLoader - Root WebApplicationContext: initialization completed in 2545 ms
2020-11-23 11:03:45,075 [main] INFO  org.springframework.boot.web.servlet.ServletRegistrationBean - Servlet dispatcherServlet mapped to [/]
2020-11-23 11:03:45,080 [main] INFO  org.springframework.boot.web.servlet.FilterRegistrationBean - Mapping filter: 'characterEncodingFilter' to: [/*]
2020-11-23 11:03:45,080 [main] INFO  org.springframework.boot.web.servlet.FilterRegistrationBean - Mapping filter: 'hiddenHttpMethodFilter' to: [/*]
2020-11-23 11:03:45,080 [main] INFO  org.springframework.boot.web.servlet.FilterRegistrationBean - Mapping filter: 'formContentFilter' to: [/*]
2020-11-23 11:03:45,081 [main] INFO  org.springframework.boot.web.servlet.FilterRegistrationBean - Mapping filter: 'requestContextFilter' to: [/*]
2020-11-23 11:03:45,937 [main] INFO  org.springframework.scheduling.concurrent.ThreadPoolTaskExecutor - Initializing ExecutorService 'applicationTaskExecutor'
2020-11-23 11:03:46,349 [main] INFO  org.apache.coyote.http11.Http11NioProtocol - Starting ProtocolHandler ["https-openssl-nio-8080"]
2020-11-23 11:03:47,122 [main] INFO  org.apache.tomcat.util.net.NioSelectorPool - Using a shared selector for servlet write/read
2020-11-23 11:03:47,137 [main] INFO  org.springframework.boot.web.embedded.tomcat.TomcatWebServer - Tomcat started on port(s): 8080 (https) with context path ''
2020-11-23 11:03:47,140 [main] INFO  com.shortrent.ShortRentApplication - Started ShortRentApplication in 6.526 seconds (JVM running for 7.554)
2020-11-23 11:03:54,475 [https-openssl-nio-8080-exec-4] INFO  org.apache.catalina.core.ContainerBase.[Tomcat].[localhost].[/] - Initializing Spring DispatcherServlet 'dispatcherServlet'
2020-11-23 11:03:54,475 [https-openssl-nio-8080-exec-4] INFO  org.springframework.web.servlet.DispatcherServlet - Initializing Servlet 'dispatcherServlet'
2020-11-23 11:03:54,481 [https-openssl-nio-8080-exec-4] INFO  org.springframework.web.servlet.DispatcherServlet - Completed initialization in 6 ms
2020-11-23 11:03:55,042 [https-openssl-nio-8080-exec-3] INFO  com.zaxxer.hikari.HikariDataSource - HikariPool-1 - Starting...
2020-11-23 11:03:55,473 [https-openssl-nio-8080-exec-3] INFO  com.zaxxer.hikari.HikariDataSource - HikariPool-1 - Start completed.
2020-11-23 11:14:15,347 [main] INFO  com.shortrent.ShortRentApplication - Starting ShortRentApplication on DESKTOP-IQVI3L0 with PID 7088 (started by Dell in D:\idea\shortrent (3))
2020-11-23 11:14:15,378 [main] INFO  com.shortrent.ShortRentApplication - No active profile set, falling back to default profiles: default
2020-11-23 11:14:17,617 [main] INFO  org.springframework.boot.web.embedded.tomcat.TomcatWebServer - Tomcat initialized with port(s): 8080 (https)
2020-11-23 11:14:17,631 [main] INFO  org.apache.coyote.http11.Http11NioProtocol - Initializing ProtocolHandler ["https-openssl-nio-8080"]
2020-11-23 11:14:17,638 [main] INFO  org.apache.catalina.core.StandardService - Starting service [Tomcat]
2020-11-23 11:14:17,639 [main] INFO  org.apache.catalina.core.StandardEngine - Starting Servlet Engine: Apache Tomcat/9.0.12
2020-11-23 11:14:17,648 [main] INFO  org.apache.catalina.core.AprLifecycleListener - Loaded APR based Apache Tomcat Native library [1.2.23] using APR version [1.7.0].
2020-11-23 11:14:17,648 [main] INFO  org.apache.catalina.core.AprLifecycleListener - APR capabilities: IPv6 [true], sendfile [true], accept filters [false], random [true].
2020-11-23 11:14:17,648 [main] INFO  org.apache.catalina.core.AprLifecycleListener - APR/OpenSSL configuration: useAprConnector [false], useOpenSSL [true]
2020-11-23 11:14:17,699 [main] INFO  org.apache.catalina.core.AprLifecycleListener - OpenSSL successfully initialized [OpenSSL 1.1.1c  28 May 2019]
2020-11-23 11:14:17,898 [main] INFO  org.apache.catalina.core.ContainerBase.[Tomcat].[localhost].[/] - Initializing Spring embedded WebApplicationContext
2020-11-23 11:14:17,898 [main] INFO  org.springframework.web.context.ContextLoader - Root WebApplicationContext: initialization completed in 2442 ms
2020-11-23 11:14:18,019 [main] INFO  org.springframework.boot.web.servlet.ServletRegistrationBean - Servlet dispatcherServlet mapped to [/]
2020-11-23 11:14:18,027 [main] INFO  org.springframework.boot.web.servlet.FilterRegistrationBean - Mapping filter: 'characterEncodingFilter' to: [/*]
2020-11-23 11:14:18,027 [main] INFO  org.springframework.boot.web.servlet.FilterRegistrationBean - Mapping filter: 'hiddenHttpMethodFilter' to: [/*]
2020-11-23 11:14:18,027 [main] INFO  org.springframework.boot.web.servlet.FilterRegistrationBean - Mapping filter: 'formContentFilter' to: [/*]
2020-11-23 11:14:18,027 [main] INFO  org.springframework.boot.web.servlet.FilterRegistrationBean - Mapping filter: 'requestContextFilter' to: [/*]
2020-11-23 11:14:18,815 [main] INFO  org.springframework.scheduling.concurrent.ThreadPoolTaskExecutor - Initializing ExecutorService 'applicationTaskExecutor'
2020-11-23 11:14:19,206 [main] INFO  org.apache.coyote.http11.Http11NioProtocol - Starting ProtocolHandler ["https-openssl-nio-8080"]
2020-11-23 11:14:19,807 [main] INFO  org.apache.tomcat.util.net.NioSelectorPool - Using a shared selector for servlet write/read
2020-11-23 11:14:19,823 [main] INFO  org.springframework.boot.web.embedded.tomcat.TomcatWebServer - Tomcat started on port(s): 8080 (https) with context path ''
2020-11-23 11:14:19,826 [main] INFO  com.shortrent.ShortRentApplication - Started ShortRentApplication in 5.217 seconds (JVM running for 6.682)
2020-11-23 11:14:49,484 [https-openssl-nio-8080-exec-7] INFO  org.apache.catalina.core.ContainerBase.[Tomcat].[localhost].[/] - Initializing Spring DispatcherServlet 'dispatcherServlet'
2020-11-23 11:14:49,485 [https-openssl-nio-8080-exec-7] INFO  org.springframework.web.servlet.DispatcherServlet - Initializing Servlet 'dispatcherServlet'
2020-11-23 11:14:49,496 [https-openssl-nio-8080-exec-7] INFO  org.springframework.web.servlet.DispatcherServlet - Completed initialization in 11 ms
2020-11-23 11:14:59,236 [https-openssl-nio-8080-exec-6] INFO  com.zaxxer.hikari.HikariDataSource - HikariPool-1 - Starting...
2020-11-23 11:14:59,414 [https-openssl-nio-8080-exec-6] INFO  com.zaxxer.hikari.HikariDataSource - HikariPool-1 - Start completed.
2020-11-23 11:28:20,511 [main] INFO  com.shortrent.ShortRentApplication - Starting ShortRentApplication on DESKTOP-IQVI3L0 with PID 16636 (started by Dell in D:\idea\shortrent (3))
2020-11-23 11:28:20,537 [main] INFO  com.shortrent.ShortRentApplication - No active profile set, falling back to default profiles: default
2020-11-23 11:28:23,859 [main] INFO  org.springframework.boot.web.embedded.tomcat.TomcatWebServer - Tomcat initialized with port(s): 8080 (https)
2020-11-23 11:28:23,874 [main] INFO  org.apache.coyote.http11.Http11NioProtocol - Initializing ProtocolHandler ["https-openssl-nio-8080"]
2020-11-23 11:28:23,881 [main] INFO  org.apache.catalina.core.StandardService - Starting service [Tomcat]
2020-11-23 11:28:23,881 [main] INFO  org.apache.catalina.core.StandardEngine - Starting Servlet Engine: Apache Tomcat/9.0.12
2020-11-23 11:28:23,891 [main] INFO  org.apache.catalina.core.AprLifecycleListener - Loaded APR based Apache Tomcat Native library [1.2.23] using APR version [1.7.0].
2020-11-23 11:28:23,891 [main] INFO  org.apache.catalina.core.AprLifecycleListener - APR capabilities: IPv6 [true], sendfile [true], accept filters [false], random [true].
2020-11-23 11:28:23,891 [main] INFO  org.apache.catalina.core.AprLifecycleListener - APR/OpenSSL configuration: useAprConnector [false], useOpenSSL [true]
2020-11-23 11:28:23,920 [main] INFO  org.apache.catalina.core.AprLifecycleListener - OpenSSL successfully initialized [OpenSSL 1.1.1c  28 May 2019]
2020-11-23 11:28:24,252 [main] INFO  org.apache.catalina.core.ContainerBase.[Tomcat].[localhost].[/] - Initializing Spring embedded WebApplicationContext
2020-11-23 11:28:24,252 [main] INFO  org.springframework.web.context.ContextLoader - Root WebApplicationContext: initialization completed in 3627 ms
2020-11-23 11:28:24,279 [main] INFO  org.springframework.boot.web.servlet.ServletRegistrationBean - Servlet dispatcherServlet mapped to [/]
2020-11-23 11:28:24,284 [main] INFO  org.springframework.boot.web.servlet.FilterRegistrationBean - Mapping filter: 'characterEncodingFilter' to: [/*]
2020-11-23 11:28:24,284 [main] INFO  org.springframework.boot.web.servlet.FilterRegistrationBean - Mapping filter: 'hiddenHttpMethodFilter' to: [/*]
2020-11-23 11:28:24,284 [main] INFO  org.springframework.boot.web.servlet.FilterRegistrationBean - Mapping filter: 'formContentFilter' to: [/*]
2020-11-23 11:28:24,284 [main] INFO  org.springframework.boot.web.servlet.FilterRegistrationBean - Mapping filter: 'requestContextFilter' to: [/*]
2020-11-23 11:28:25,203 [main] INFO  org.springframework.scheduling.concurrent.ThreadPoolTaskExecutor - Initializing ExecutorService 'applicationTaskExecutor'
2020-11-23 11:28:25,607 [main] INFO  org.apache.coyote.http11.Http11NioProtocol - Starting ProtocolHandler ["https-openssl-nio-8080"]
2020-11-23 11:28:26,427 [main] INFO  org.apache.tomcat.util.net.NioSelectorPool - Using a shared selector for servlet write/read
2020-11-23 11:28:26,445 [main] INFO  org.springframework.boot.web.embedded.tomcat.TomcatWebServer - Tomcat started on port(s): 8080 (https) with context path ''
2020-11-23 11:28:26,449 [main] INFO  com.shortrent.ShortRentApplication - Started ShortRentApplication in 6.958 seconds (JVM running for 8.043)
2020-11-23 11:28:30,126 [https-openssl-nio-8080-exec-7] INFO  org.apache.catalina.core.ContainerBase.[Tomcat].[localhost].[/] - Initializing Spring DispatcherServlet 'dispatcherServlet'
2020-11-23 11:28:30,126 [https-openssl-nio-8080-exec-7] INFO  org.springframework.web.servlet.DispatcherServlet - Initializing Servlet 'dispatcherServlet'
2020-11-23 11:28:30,134 [https-openssl-nio-8080-exec-7] INFO  org.springframework.web.servlet.DispatcherServlet - Completed initialization in 8 ms
2020-11-23 11:28:32,156 [https-openssl-nio-8080-exec-4] INFO  com.zaxxer.hikari.HikariDataSource - HikariPool-1 - Starting...
2020-11-23 11:28:32,473 [https-openssl-nio-8080-exec-4] INFO  com.zaxxer.hikari.HikariDataSource - HikariPool-1 - Start completed.
2020-11-23 11:30:03,325 [main] INFO  com.shortrent.ShortRentApplication - Starting ShortRentApplication on DESKTOP-IQVI3L0 with PID 16972 (started by Dell in D:\idea\shortrent (3))
2020-11-23 11:30:03,335 [main] INFO  com.shortrent.ShortRentApplication - No active profile set, falling back to default profiles: default
2020-11-23 11:30:05,529 [main] INFO  org.springframework.boot.web.embedded.tomcat.TomcatWebServer - Tomcat initialized with port(s): 8080 (https)
2020-11-23 11:30:05,541 [main] INFO  org.apache.coyote.http11.Http11NioProtocol - Initializing ProtocolHandler ["https-openssl-nio-8080"]
2020-11-23 11:30:05,549 [main] INFO  org.apache.catalina.core.StandardService - Starting service [Tomcat]
2020-11-23 11:30:05,549 [main] INFO  org.apache.catalina.core.StandardEngine - Starting Servlet Engine: Apache Tomcat/9.0.12
2020-11-23 11:30:05,558 [main] INFO  org.apache.catalina.core.AprLifecycleListener - Loaded APR based Apache Tomcat Native library [1.2.23] using APR version [1.7.0].
2020-11-23 11:30:05,558 [main] INFO  org.apache.catalina.core.AprLifecycleListener - APR capabilities: IPv6 [true], sendfile [true], accept filters [false], random [true].
2020-11-23 11:30:05,558 [main] INFO  org.apache.catalina.core.AprLifecycleListener - APR/OpenSSL configuration: useAprConnector [false], useOpenSSL [true]
2020-11-23 11:30:05,561 [main] INFO  org.apache.catalina.core.AprLifecycleListener - OpenSSL successfully initialized [OpenSSL 1.1.1c  28 May 2019]
2020-11-23 11:30:05,815 [main] INFO  org.apache.catalina.core.ContainerBase.[Tomcat].[localhost].[/] - Initializing Spring embedded WebApplicationContext
2020-11-23 11:30:05,815 [main] INFO  org.springframework.web.context.ContextLoader - Root WebApplicationContext: initialization completed in 2367 ms
2020-11-23 11:30:05,852 [main] INFO  org.springframework.boot.web.servlet.ServletRegistrationBean - Servlet dispatcherServlet mapped to [/]
2020-11-23 11:30:05,858 [main] INFO  org.springframework.boot.web.servlet.FilterRegistrationBean - Mapping filter: 'characterEncodingFilter' to: [/*]
2020-11-23 11:30:05,858 [main] INFO  org.springframework.boot.web.servlet.FilterRegistrationBean - Mapping filter: 'hiddenHttpMethodFilter' to: [/*]
2020-11-23 11:30:05,858 [main] INFO  org.springframework.boot.web.servlet.FilterRegistrationBean - Mapping filter: 'formContentFilter' to: [/*]
2020-11-23 11:30:05,858 [main] INFO  org.springframework.boot.web.servlet.FilterRegistrationBean - Mapping filter: 'requestContextFilter' to: [/*]
2020-11-23 11:30:06,523 [main] INFO  org.springframework.scheduling.concurrent.ThreadPoolTaskExecutor - Initializing ExecutorService 'applicationTaskExecutor'
2020-11-23 11:30:06,884 [main] INFO  org.apache.coyote.http11.Http11NioProtocol - Starting ProtocolHandler ["https-openssl-nio-8080"]
2020-11-23 11:30:07,361 [main] INFO  org.apache.tomcat.util.net.NioSelectorPool - Using a shared selector for servlet write/read
2020-11-23 11:30:07,374 [main] INFO  org.springframework.boot.web.embedded.tomcat.TomcatWebServer - Tomcat started on port(s): 8080 (https) with context path ''
2020-11-23 11:30:07,376 [main] INFO  com.shortrent.ShortRentApplication - Started ShortRentApplication in 4.719 seconds (JVM running for 5.51)
2020-11-23 11:30:15,417 [https-openssl-nio-8080-exec-5] INFO  org.apache.catalina.core.ContainerBase.[Tomcat].[localhost].[/] - Initializing Spring DispatcherServlet 'dispatcherServlet'
2020-11-23 11:30:15,418 [https-openssl-nio-8080-exec-5] INFO  org.springframework.web.servlet.DispatcherServlet - Initializing Servlet 'dispatcherServlet'
2020-11-23 11:30:15,427 [https-openssl-nio-8080-exec-5] INFO  org.springframework.web.servlet.DispatcherServlet - Completed initialization in 9 ms
2020-11-23 11:30:24,826 [https-openssl-nio-8080-exec-6] INFO  com.zaxxer.hikari.HikariDataSource - HikariPool-1 - Starting...
2020-11-23 11:30:24,956 [https-openssl-nio-8080-exec-6] INFO  com.zaxxer.hikari.HikariDataSource - HikariPool-1 - Start completed.
2020-11-23 13:26:47,786 [main] INFO  com.shortrent.ShortRentApplication - Starting ShortRentApplication on DESKTOP-IQVI3L0 with PID 10324 (started by Dell in D:\idea\shortrent (3))
2020-11-23 13:26:47,883 [main] INFO  com.shortrent.ShortRentApplication - No active profile set, falling back to default profiles: default
2020-11-23 13:26:52,591 [main] INFO  org.springframework.boot.web.embedded.tomcat.TomcatWebServer - Tomcat initialized with port(s): 8080 (https)
2020-11-23 13:26:52,638 [main] INFO  org.apache.coyote.http11.Http11NioProtocol - Initializing ProtocolHandler ["https-openssl-nio-8080"]
2020-11-23 13:26:52,653 [main] INFO  org.apache.catalina.core.StandardService - Starting service [Tomcat]
2020-11-23 13:26:52,653 [main] INFO  org.apache.catalina.core.StandardEngine - Starting Servlet Engine: Apache Tomcat/9.0.12
2020-11-23 13:26:52,653 [main] INFO  org.apache.catalina.core.AprLifecycleListener - Loaded APR based Apache Tomcat Native library [1.2.23] using APR version [1.7.0].
2020-11-23 13:26:52,653 [main] INFO  org.apache.catalina.core.AprLifecycleListener - APR capabilities: IPv6 [true], sendfile [true], accept filters [false], random [true].
2020-11-23 13:26:52,653 [main] INFO  org.apache.catalina.core.AprLifecycleListener - APR/OpenSSL configuration: useAprConnector [false], useOpenSSL [true]
2020-11-23 13:26:52,843 [main] INFO  org.apache.catalina.core.AprLifecycleListener - OpenSSL successfully initialized [OpenSSL 1.1.1c  28 May 2019]
2020-11-23 13:26:53,080 [main] INFO  org.apache.catalina.core.ContainerBase.[Tomcat].[localhost].[/] - Initializing Spring embedded WebApplicationContext
2020-11-23 13:26:53,166 [main] INFO  org.springframework.web.context.ContextLoader - Root WebApplicationContext: initialization completed in 5225 ms
2020-11-23 13:26:53,201 [main] INFO  org.springframework.boot.web.servlet.ServletRegistrationBean - Servlet dispatcherServlet mapped to [/]
2020-11-23 13:26:53,207 [main] INFO  org.springframework.boot.web.servlet.FilterRegistrationBean - Mapping filter: 'characterEncodingFilter' to: [/*]
2020-11-23 13:26:53,207 [main] INFO  org.springframework.boot.web.servlet.FilterRegistrationBean - Mapping filter: 'hiddenHttpMethodFilter' to: [/*]
2020-11-23 13:26:53,207 [main] INFO  org.springframework.boot.web.servlet.FilterRegistrationBean - Mapping filter: 'formContentFilter' to: [/*]
2020-11-23 13:26:53,207 [main] INFO  org.springframework.boot.web.servlet.FilterRegistrationBean - Mapping filter: 'requestContextFilter' to: [/*]
2020-11-23 13:26:54,071 [main] INFO  org.springframework.scheduling.concurrent.ThreadPoolTaskExecutor - Initializing ExecutorService 'applicationTaskExecutor'
2020-11-23 13:26:54,496 [main] INFO  org.apache.coyote.http11.Http11NioProtocol - Starting ProtocolHandler ["https-openssl-nio-8080"]
2020-11-23 13:26:56,001 [main] INFO  org.apache.tomcat.util.net.NioSelectorPool - Using a shared selector for servlet write/read
2020-11-23 13:26:56,017 [main] INFO  org.springframework.boot.web.embedded.tomcat.TomcatWebServer - Tomcat started on port(s): 8080 (https) with context path ''
2020-11-23 13:26:56,020 [main] INFO  com.shortrent.ShortRentApplication - Started ShortRentApplication in 9.293 seconds (JVM running for 10.356)
2020-11-23 13:27:24,645 [https-openssl-nio-8080-exec-5] INFO  org.apache.catalina.core.ContainerBase.[Tomcat].[localhost].[/] - Initializing Spring DispatcherServlet 'dispatcherServlet'
2020-11-23 13:27:24,645 [https-openssl-nio-8080-exec-5] INFO  org.springframework.web.servlet.DispatcherServlet - Initializing Servlet 'dispatcherServlet'
2020-11-23 13:27:24,655 [https-openssl-nio-8080-exec-5] INFO  org.springframework.web.servlet.DispatcherServlet - Completed initialization in 10 ms
2020-11-23 13:27:52,696 [https-openssl-nio-8080-exec-4] INFO  com.zaxxer.hikari.HikariDataSource - HikariPool-1 - Starting...
2020-11-23 13:27:52,990 [https-openssl-nio-8080-exec-4] INFO  com.zaxxer.hikari.HikariDataSource - HikariPool-1 - Start completed.
2020-11-23 13:30:59,768 [main] INFO  com.shortrent.ShortRentApplication - Starting ShortRentApplication on DESKTOP-IQVI3L0 with PID 14636 (started by Dell in D:\idea\shortrent (3))
2020-11-23 13:30:59,771 [main] INFO  com.shortrent.ShortRentApplication - No active profile set, falling back to default profiles: default
2020-11-23 13:31:04,411 [main] INFO  org.springframework.boot.web.embedded.tomcat.TomcatWebServer - Tomcat initialized with port(s): 8080 (https)
2020-11-23 13:31:04,432 [main] INFO  org.apache.coyote.http11.Http11NioProtocol - Initializing ProtocolHandler ["https-openssl-nio-8080"]
2020-11-23 13:31:04,441 [main] INFO  org.apache.catalina.core.StandardService - Starting service [Tomcat]
2020-11-23 13:31:04,441 [main] INFO  org.apache.catalina.core.StandardEngine - Starting Servlet Engine: Apache Tomcat/9.0.12
2020-11-23 13:31:04,452 [main] INFO  org.apache.catalina.core.AprLifecycleListener - Loaded APR based Apache Tomcat Native library [1.2.23] using APR version [1.7.0].
2020-11-23 13:31:04,452 [main] INFO  org.apache.catalina.core.AprLifecycleListener - APR capabilities: IPv6 [true], sendfile [true], accept filters [false], random [true].
2020-11-23 13:31:04,452 [main] INFO  org.apache.catalina.core.AprLifecycleListener - APR/OpenSSL configuration: useAprConnector [false], useOpenSSL [true]
2020-11-23 13:31:04,726 [main] INFO  org.apache.catalina.core.AprLifecycleListener - OpenSSL successfully initialized [OpenSSL 1.1.1c  28 May 2019]
2020-11-23 13:31:04,988 [main] INFO  org.apache.catalina.core.ContainerBase.[Tomcat].[localhost].[/] - Initializing Spring embedded WebApplicationContext
2020-11-23 13:31:04,991 [main] INFO  org.springframework.web.context.ContextLoader - Root WebApplicationContext: initialization completed in 5181 ms
2020-11-23 13:31:05,035 [main] INFO  org.springframework.boot.web.servlet.ServletRegistrationBean - Servlet dispatcherServlet mapped to [/]
2020-11-23 13:31:05,041 [main] INFO  org.springframework.boot.web.servlet.FilterRegistrationBean - Mapping filter: 'characterEncodingFilter' to: [/*]
2020-11-23 13:31:05,041 [main] INFO  org.springframework.boot.web.servlet.FilterRegistrationBean - Mapping filter: 'hiddenHttpMethodFilter' to: [/*]
2020-11-23 13:31:05,041 [main] INFO  org.springframework.boot.web.servlet.FilterRegistrationBean - Mapping filter: 'formContentFilter' to: [/*]
2020-11-23 13:31:05,041 [main] INFO  org.springframework.boot.web.servlet.FilterRegistrationBean - Mapping filter: 'requestContextFilter' to: [/*]
2020-11-23 13:31:05,955 [main] INFO  org.springframework.scheduling.concurrent.ThreadPoolTaskExecutor - Initializing ExecutorService 'applicationTaskExecutor'
2020-11-23 13:31:06,450 [main] INFO  org.apache.coyote.http11.Http11NioProtocol - Starting ProtocolHandler ["https-openssl-nio-8080"]
2020-11-23 13:31:07,431 [main] INFO  org.apache.tomcat.util.net.NioSelectorPool - Using a shared selector for servlet write/read
2020-11-23 13:31:07,448 [main] INFO  org.springframework.boot.web.embedded.tomcat.TomcatWebServer - Tomcat started on port(s): 8080 (https) with context path ''
2020-11-23 13:31:07,453 [main] INFO  com.shortrent.ShortRentApplication - Started ShortRentApplication in 8.687 seconds (JVM running for 9.479)
2020-11-23 13:31:27,202 [https-openssl-nio-8080-exec-7] INFO  org.apache.catalina.core.ContainerBase.[Tomcat].[localhost].[/] - Initializing Spring DispatcherServlet 'dispatcherServlet'
2020-11-23 13:31:27,202 [https-openssl-nio-8080-exec-7] INFO  org.springframework.web.servlet.DispatcherServlet - Initializing Servlet 'dispatcherServlet'
2020-11-23 13:31:27,208 [https-openssl-nio-8080-exec-7] INFO  org.springframework.web.servlet.DispatcherServlet - Completed initialization in 6 ms
2020-11-23 13:31:42,451 [https-openssl-nio-8080-exec-7] INFO  com.zaxxer.hikari.HikariDataSource - HikariPool-1 - Starting...
2020-11-23 13:31:42,646 [https-openssl-nio-8080-exec-7] INFO  com.zaxxer.hikari.HikariDataSource - HikariPool-1 - Start completed.
2020-11-23 13:32:52,566 [main] INFO  com.shortrent.ShortRentApplication - Starting ShortRentApplication on DESKTOP-IQVI3L0 with PID 14236 (started by Dell in D:\idea\shortrent (3))
2020-11-23 13:32:52,573 [main] INFO  com.shortrent.ShortRentApplication - No active profile set, falling back to default profiles: default
2020-11-23 13:32:55,315 [main] INFO  org.springframework.boot.web.embedded.tomcat.TomcatWebServer - Tomcat initialized with port(s): 8080 (https)
2020-11-23 13:32:55,330 [main] INFO  org.apache.coyote.http11.Http11NioProtocol - Initializing ProtocolHandler ["https-openssl-nio-8080"]
2020-11-23 13:32:55,339 [main] INFO  org.apache.catalina.core.StandardService - Starting service [Tomcat]
2020-11-23 13:32:55,339 [main] INFO  org.apache.catalina.core.StandardEngine - Starting Servlet Engine: Apache Tomcat/9.0.12
2020-11-23 13:32:55,350 [main] INFO  org.apache.catalina.core.AprLifecycleListener - Loaded APR based Apache Tomcat Native library [1.2.23] using APR version [1.7.0].
2020-11-23 13:32:55,350 [main] INFO  org.apache.catalina.core.AprLifecycleListener - APR capabilities: IPv6 [true], sendfile [true], accept filters [false], random [true].
2020-11-23 13:32:55,350 [main] INFO  org.apache.catalina.core.AprLifecycleListener - APR/OpenSSL configuration: useAprConnector [false], useOpenSSL [true]
2020-11-23 13:32:55,381 [main] INFO  org.apache.catalina.core.AprLifecycleListener - OpenSSL successfully initialized [OpenSSL 1.1.1c  28 May 2019]
2020-11-23 13:32:55,707 [main] INFO  org.apache.catalina.core.ContainerBase.[Tomcat].[localhost].[/] - Initializing Spring embedded WebApplicationContext
2020-11-23 13:32:55,707 [main] INFO  org.springframework.web.context.ContextLoader - Root WebApplicationContext: initialization completed in 3037 ms
2020-11-23 13:32:55,743 [main] INFO  org.springframework.boot.web.servlet.ServletRegistrationBean - Servlet dispatcherServlet mapped to [/]
2020-11-23 13:32:55,748 [main] INFO  org.springframework.boot.web.servlet.FilterRegistrationBean - Mapping filter: 'characterEncodingFilter' to: [/*]
2020-11-23 13:32:55,749 [main] INFO  org.springframework.boot.web.servlet.FilterRegistrationBean - Mapping filter: 'hiddenHttpMethodFilter' to: [/*]
2020-11-23 13:32:55,749 [main] INFO  org.springframework.boot.web.servlet.FilterRegistrationBean - Mapping filter: 'formContentFilter' to: [/*]
2020-11-23 13:32:55,749 [main] INFO  org.springframework.boot.web.servlet.FilterRegistrationBean - Mapping filter: 'requestContextFilter' to: [/*]
2020-11-23 13:32:56,727 [main] INFO  org.springframework.scheduling.concurrent.ThreadPoolTaskExecutor - Initializing ExecutorService 'applicationTaskExecutor'
2020-11-23 13:32:57,177 [main] INFO  org.apache.coyote.http11.Http11NioProtocol - Starting ProtocolHandler ["https-openssl-nio-8080"]
2020-11-23 13:32:57,863 [main] INFO  org.apache.tomcat.util.net.NioSelectorPool - Using a shared selector for servlet write/read
2020-11-23 13:32:57,901 [main] INFO  org.springframework.boot.web.embedded.tomcat.TomcatWebServer - Tomcat started on port(s): 8080 (https) with context path ''
2020-11-23 13:32:57,907 [main] INFO  com.shortrent.ShortRentApplication - Started ShortRentApplication in 6.109 seconds (JVM running for 7.437)
2020-11-23 13:33:00,368 [https-openssl-nio-8080-exec-6] INFO  org.apache.catalina.core.ContainerBase.[Tomcat].[localhost].[/] - Initializing Spring DispatcherServlet 'dispatcherServlet'
2020-11-23 13:33:00,368 [https-openssl-nio-8080-exec-6] INFO  org.springframework.web.servlet.DispatcherServlet - Initializing Servlet 'dispatcherServlet'
2020-11-23 13:33:00,380 [https-openssl-nio-8080-exec-6] INFO  org.springframework.web.servlet.DispatcherServlet - Completed initialization in 12 ms
2020-11-23 13:33:02,888 [https-openssl-nio-8080-exec-2] INFO  com.zaxxer.hikari.HikariDataSource - HikariPool-1 - Starting...
2020-11-23 13:33:03,045 [https-openssl-nio-8080-exec-2] INFO  com.zaxxer.hikari.HikariDataSource - HikariPool-1 - Start completed.
2020-11-23 13:33:31,564 [main] INFO  com.shortrent.ShortRentApplication - Starting ShortRentApplication on DESKTOP-IQVI3L0 with PID 12000 (started by Dell in D:\idea\shortrent (3))
2020-11-23 13:33:31,569 [main] INFO  com.shortrent.ShortRentApplication - No active profile set, falling back to default profiles: default
2020-11-23 13:33:33,388 [main] INFO  org.springframework.boot.web.embedded.tomcat.TomcatWebServer - Tomcat initialized with port(s): 8080 (https)
2020-11-23 13:33:33,399 [main] INFO  org.apache.coyote.http11.Http11NioProtocol - Initializing ProtocolHandler ["https-openssl-nio-8080"]
2020-11-23 13:33:33,405 [main] INFO  org.apache.catalina.core.StandardService - Starting service [Tomcat]
2020-11-23 13:33:33,405 [main] INFO  org.apache.catalina.core.StandardEngine - Starting Servlet Engine: Apache Tomcat/9.0.12
2020-11-23 13:33:33,414 [main] INFO  org.apache.catalina.core.AprLifecycleListener - Loaded APR based Apache Tomcat Native library [1.2.23] using APR version [1.7.0].
2020-11-23 13:33:33,414 [main] INFO  org.apache.catalina.core.AprLifecycleListener - APR capabilities: IPv6 [true], sendfile [true], accept filters [false], random [true].
2020-11-23 13:33:33,414 [main] INFO  org.apache.catalina.core.AprLifecycleListener - APR/OpenSSL configuration: useAprConnector [false], useOpenSSL [true]
2020-11-23 13:33:33,417 [main] INFO  org.apache.catalina.core.AprLifecycleListener - OpenSSL successfully initialized [OpenSSL 1.1.1c  28 May 2019]
2020-11-23 13:33:33,642 [main] INFO  org.apache.catalina.core.ContainerBase.[Tomcat].[localhost].[/] - Initializing Spring embedded WebApplicationContext
2020-11-23 13:33:33,643 [main] INFO  org.springframework.web.context.ContextLoader - Root WebApplicationContext: initialization completed in 1995 ms
2020-11-23 13:33:33,680 [main] INFO  org.springframework.boot.web.servlet.ServletRegistrationBean - Servlet dispatcherServlet mapped to [/]
2020-11-23 13:33:33,685 [main] INFO  org.springframework.boot.web.servlet.FilterRegistrationBean - Mapping filter: 'characterEncodingFilter' to: [/*]
2020-11-23 13:33:33,686 [main] INFO  org.springframework.boot.web.servlet.FilterRegistrationBean - Mapping filter: 'hiddenHttpMethodFilter' to: [/*]
2020-11-23 13:33:33,686 [main] INFO  org.springframework.boot.web.servlet.FilterRegistrationBean - Mapping filter: 'formContentFilter' to: [/*]
2020-11-23 13:33:33,686 [main] INFO  org.springframework.boot.web.servlet.FilterRegistrationBean - Mapping filter: 'requestContextFilter' to: [/*]
2020-11-23 13:33:34,360 [main] INFO  org.springframework.scheduling.concurrent.ThreadPoolTaskExecutor - Initializing ExecutorService 'applicationTaskExecutor'
2020-11-23 13:33:34,795 [main] INFO  org.apache.coyote.http11.Http11NioProtocol - Starting ProtocolHandler ["https-openssl-nio-8080"]
2020-11-23 13:33:35,260 [main] INFO  org.apache.tomcat.util.net.NioSelectorPool - Using a shared selector for servlet write/read
2020-11-23 13:33:35,275 [main] INFO  org.springframework.boot.web.embedded.tomcat.TomcatWebServer - Tomcat started on port(s): 8080 (https) with context path ''
2020-11-23 13:33:35,277 [main] INFO  com.shortrent.ShortRentApplication - Started ShortRentApplication in 4.433 seconds (JVM running for 5.145)
2020-11-23 13:33:45,243 [https-openssl-nio-8080-exec-6] INFO  org.apache.catalina.core.ContainerBase.[Tomcat].[localhost].[/] - Initializing Spring DispatcherServlet 'dispatcherServlet'
2020-11-23 13:33:45,243 [https-openssl-nio-8080-exec-6] INFO  org.springframework.web.servlet.DispatcherServlet - Initializing Servlet 'dispatcherServlet'
2020-11-23 13:33:45,250 [https-openssl-nio-8080-exec-6] INFO  org.springframework.web.servlet.DispatcherServlet - Completed initialization in 7 ms
2020-11-23 13:33:47,558 [https-openssl-nio-8080-exec-2] INFO  com.zaxxer.hikari.HikariDataSource - HikariPool-1 - Starting...
2020-11-23 13:33:47,704 [https-openssl-nio-8080-exec-2] INFO  com.zaxxer.hikari.HikariDataSource - HikariPool-1 - Start completed.
2020-11-23 13:34:19,566 [main] INFO  com.shortrent.ShortRentApplication - Starting ShortRentApplication on DESKTOP-IQVI3L0 with PID 12500 (started by Dell in D:\idea\shortrent (3))
2020-11-23 13:34:19,571 [main] INFO  com.shortrent.ShortRentApplication - No active profile set, falling back to default profiles: default
2020-11-23 13:34:21,610 [main] INFO  org.springframework.boot.web.embedded.tomcat.TomcatWebServer - Tomcat initialized with port(s): 8080 (https)
2020-11-23 13:34:21,622 [main] INFO  org.apache.coyote.http11.Http11NioProtocol - Initializing ProtocolHandler ["https-openssl-nio-8080"]
2020-11-23 13:34:21,628 [main] INFO  org.apache.catalina.core.StandardService - Starting service [Tomcat]
2020-11-23 13:34:21,628 [main] INFO  org.apache.catalina.core.StandardEngine - Starting Servlet Engine: Apache Tomcat/9.0.12
2020-11-23 13:34:21,637 [main] INFO  org.apache.catalina.core.AprLifecycleListener - Loaded APR based Apache Tomcat Native library [1.2.23] using APR version [1.7.0].
2020-11-23 13:34:21,637 [main] INFO  org.apache.catalina.core.AprLifecycleListener - APR capabilities: IPv6 [true], sendfile [true], accept filters [false], random [true].
2020-11-23 13:34:21,637 [main] INFO  org.apache.catalina.core.AprLifecycleListener - APR/OpenSSL configuration: useAprConnector [false], useOpenSSL [true]
2020-11-23 13:34:21,640 [main] INFO  org.apache.catalina.core.AprLifecycleListener - OpenSSL successfully initialized [OpenSSL 1.1.1c  28 May 2019]
2020-11-23 13:34:21,797 [main] INFO  org.apache.catalina.core.ContainerBase.[Tomcat].[localhost].[/] - Initializing Spring embedded WebApplicationContext
2020-11-23 13:34:21,797 [main] INFO  org.springframework.web.context.ContextLoader - Root WebApplicationContext: initialization completed in 2091 ms
2020-11-23 13:34:21,897 [main] INFO  org.springframework.boot.web.servlet.ServletRegistrationBean - Servlet dispatcherServlet mapped to [/]
2020-11-23 13:34:21,904 [main] INFO  org.springframework.boot.web.servlet.FilterRegistrationBean - Mapping filter: 'characterEncodingFilter' to: [/*]
2020-11-23 13:34:21,905 [main] INFO  org.springframework.boot.web.servlet.FilterRegistrationBean - Mapping filter: 'hiddenHttpMethodFilter' to: [/*]
2020-11-23 13:34:21,905 [main] INFO  org.springframework.boot.web.servlet.FilterRegistrationBean - Mapping filter: 'formContentFilter' to: [/*]
2020-11-23 13:34:21,905 [main] INFO  org.springframework.boot.web.servlet.FilterRegistrationBean - Mapping filter: 'requestContextFilter' to: [/*]
2020-11-23 13:34:22,509 [main] INFO  org.springframework.scheduling.concurrent.ThreadPoolTaskExecutor - Initializing ExecutorService 'applicationTaskExecutor'
2020-11-23 13:34:22,891 [main] INFO  org.apache.coyote.http11.Http11NioProtocol - Starting ProtocolHandler ["https-openssl-nio-8080"]
2020-11-23 13:34:23,383 [main] INFO  org.apache.tomcat.util.net.NioSelectorPool - Using a shared selector for servlet write/read
2020-11-23 13:34:23,400 [main] INFO  org.springframework.boot.web.embedded.tomcat.TomcatWebServer - Tomcat started on port(s): 8080 (https) with context path ''
2020-11-23 13:34:23,405 [main] INFO  com.shortrent.ShortRentApplication - Started ShortRentApplication in 4.445 seconds (JVM running for 5.126)
2020-11-23 13:34:30,552 [https-openssl-nio-8080-exec-7] INFO  org.apache.catalina.core.ContainerBase.[Tomcat].[localhost].[/] - Initializing Spring DispatcherServlet 'dispatcherServlet'
2020-11-23 13:34:30,552 [https-openssl-nio-8080-exec-7] INFO  org.springframework.web.servlet.DispatcherServlet - Initializing Servlet 'dispatcherServlet'
2020-11-23 13:34:30,564 [https-openssl-nio-8080-exec-7] INFO  org.springframework.web.servlet.DispatcherServlet - Completed initialization in 12 ms
2020-11-23 13:34:32,341 [https-openssl-nio-8080-exec-8] INFO  com.zaxxer.hikari.HikariDataSource - HikariPool-1 - Starting...
2020-11-23 13:34:32,498 [https-openssl-nio-8080-exec-8] INFO  com.zaxxer.hikari.HikariDataSource - HikariPool-1 - Start completed.
2020-11-23 13:36:04,759 [main] INFO  com.shortrent.ShortRentApplication - Starting ShortRentApplication on DESKTOP-IQVI3L0 with PID 15452 (started by Dell in D:\idea\shortrent (3))
2020-11-23 13:36:04,765 [main] INFO  com.shortrent.ShortRentApplication - No active profile set, falling back to default profiles: default
2020-11-23 13:36:06,818 [main] INFO  org.springframework.boot.web.embedded.tomcat.TomcatWebServer - Tomcat initialized with port(s): 8080 (https)
2020-11-23 13:36:06,829 [main] INFO  org.apache.coyote.http11.Http11NioProtocol - Initializing ProtocolHandler ["https-openssl-nio-8080"]
2020-11-23 13:36:06,836 [main] INFO  org.apache.catalina.core.StandardService - Starting service [Tomcat]
2020-11-23 13:36:06,836 [main] INFO  org.apache.catalina.core.StandardEngine - Starting Servlet Engine: Apache Tomcat/9.0.12
2020-11-23 13:36:06,845 [main] INFO  org.apache.catalina.core.AprLifecycleListener - Loaded APR based Apache Tomcat Native library [1.2.23] using APR version [1.7.0].
2020-11-23 13:36:06,845 [main] INFO  org.apache.catalina.core.AprLifecycleListener - APR capabilities: IPv6 [true], sendfile [true], accept filters [false], random [true].
2020-11-23 13:36:06,845 [main] INFO  org.apache.catalina.core.AprLifecycleListener - APR/OpenSSL configuration: useAprConnector [false], useOpenSSL [true]
2020-11-23 13:36:06,848 [main] INFO  org.apache.catalina.core.AprLifecycleListener - OpenSSL successfully initialized [OpenSSL 1.1.1c  28 May 2019]
2020-11-23 13:36:07,059 [main] INFO  org.apache.catalina.core.ContainerBase.[Tomcat].[localhost].[/] - Initializing Spring embedded WebApplicationContext
2020-11-23 13:36:07,059 [main] INFO  org.springframework.web.context.ContextLoader - Root WebApplicationContext: initialization completed in 2217 ms
2020-11-23 13:36:07,175 [main] INFO  org.springframework.boot.web.servlet.ServletRegistrationBean - Servlet dispatcherServlet mapped to [/]
2020-11-23 13:36:07,182 [main] INFO  org.springframework.boot.web.servlet.FilterRegistrationBean - Mapping filter: 'characterEncodingFilter' to: [/*]
2020-11-23 13:36:07,182 [main] INFO  org.springframework.boot.web.servlet.FilterRegistrationBean - Mapping filter: 'hiddenHttpMethodFilter' to: [/*]
2020-11-23 13:36:07,182 [main] INFO  org.springframework.boot.web.servlet.FilterRegistrationBean - Mapping filter: 'formContentFilter' to: [/*]
2020-11-23 13:36:07,182 [main] INFO  org.springframework.boot.web.servlet.FilterRegistrationBean - Mapping filter: 'requestContextFilter' to: [/*]
2020-11-23 13:36:07,888 [main] INFO  org.springframework.scheduling.concurrent.ThreadPoolTaskExecutor - Initializing ExecutorService 'applicationTaskExecutor'
2020-11-23 13:36:08,305 [main] INFO  org.apache.coyote.http11.Http11NioProtocol - Starting ProtocolHandler ["https-openssl-nio-8080"]
2020-11-23 13:36:08,797 [main] INFO  org.apache.tomcat.util.net.NioSelectorPool - Using a shared selector for servlet write/read
2020-11-23 13:36:08,810 [main] INFO  org.springframework.boot.web.embedded.tomcat.TomcatWebServer - Tomcat started on port(s): 8080 (https) with context path ''
2020-11-23 13:36:08,813 [main] INFO  com.shortrent.ShortRentApplication - Started ShortRentApplication in 4.739 seconds (JVM running for 5.406)
2020-11-23 13:36:12,863 [https-openssl-nio-8080-exec-5] INFO  org.apache.catalina.core.ContainerBase.[Tomcat].[localhost].[/] - Initializing Spring DispatcherServlet 'dispatcherServlet'
2020-11-23 13:36:12,864 [https-openssl-nio-8080-exec-5] INFO  org.springframework.web.servlet.DispatcherServlet - Initializing Servlet 'dispatcherServlet'
2020-11-23 13:36:12,873 [https-openssl-nio-8080-exec-5] INFO  org.springframework.web.servlet.DispatcherServlet - Completed initialization in 9 ms
2020-11-23 13:36:14,719 [https-openssl-nio-8080-exec-5] INFO  com.zaxxer.hikari.HikariDataSource - HikariPool-1 - Starting...
2020-11-23 13:36:14,861 [https-openssl-nio-8080-exec-5] INFO  com.zaxxer.hikari.HikariDataSource - HikariPool-1 - Start completed.
2020-11-23 13:53:49,768 [main] INFO  com.shortrent.ShortRentApplication - Starting ShortRentApplication on DESKTOP-IQVI3L0 with PID 4248 (started by Dell in D:\idea\shortrent (3))
2020-11-23 13:53:50,161 [main] INFO  com.shortrent.ShortRentApplication - No active profile set, falling back to default profiles: default
2020-11-23 13:53:59,319 [main] INFO  org.springframework.boot.web.embedded.tomcat.TomcatWebServer - Tomcat initialized with port(s): 8080 (https)
2020-11-23 13:53:59,338 [main] INFO  org.apache.coyote.http11.Http11NioProtocol - Initializing ProtocolHandler ["https-openssl-nio-8080"]
2020-11-23 13:53:59,349 [main] INFO  org.apache.catalina.core.StandardService - Starting service [Tomcat]
2020-11-23 13:53:59,349 [main] INFO  org.apache.catalina.core.StandardEngine - Starting Servlet Engine: Apache Tomcat/9.0.12
2020-11-23 13:53:59,359 [main] INFO  org.apache.catalina.core.AprLifecycleListener - Loaded APR based Apache Tomcat Native library [1.2.23] using APR version [1.7.0].
2020-11-23 13:53:59,359 [main] INFO  org.apache.catalina.core.AprLifecycleListener - APR capabilities: IPv6 [true], sendfile [true], accept filters [false], random [true].
2020-11-23 13:53:59,359 [main] INFO  org.apache.catalina.core.AprLifecycleListener - APR/OpenSSL configuration: useAprConnector [false], useOpenSSL [true]
2020-11-23 13:53:59,415 [main] INFO  org.apache.catalina.core.AprLifecycleListener - OpenSSL successfully initialized [OpenSSL 1.1.1c  28 May 2019]
2020-11-23 13:53:59,796 [main] INFO  org.apache.catalina.core.ContainerBase.[Tomcat].[localhost].[/] - Initializing Spring embedded WebApplicationContext
2020-11-23 13:53:59,796 [main] INFO  org.springframework.web.context.ContextLoader - Root WebApplicationContext: initialization completed in 9592 ms
2020-11-23 13:53:59,840 [main] INFO  org.springframework.boot.web.servlet.ServletRegistrationBean - Servlet dispatcherServlet mapped to [/]
2020-11-23 13:53:59,847 [main] INFO  org.springframework.boot.web.servlet.FilterRegistrationBean - Mapping filter: 'characterEncodingFilter' to: [/*]
2020-11-23 13:53:59,848 [main] INFO  org.springframework.boot.web.servlet.FilterRegistrationBean - Mapping filter: 'hiddenHttpMethodFilter' to: [/*]
2020-11-23 13:53:59,848 [main] INFO  org.springframework.boot.web.servlet.FilterRegistrationBean - Mapping filter: 'formContentFilter' to: [/*]
2020-11-23 13:53:59,848 [main] INFO  org.springframework.boot.web.servlet.FilterRegistrationBean - Mapping filter: 'requestContextFilter' to: [/*]
2020-11-23 13:54:00,650 [main] INFO  org.springframework.scheduling.concurrent.ThreadPoolTaskExecutor - Initializing ExecutorService 'applicationTaskExecutor'
2020-11-23 13:54:01,049 [main] INFO  org.apache.coyote.http11.Http11NioProtocol - Starting ProtocolHandler ["https-openssl-nio-8080"]
2020-11-23 13:54:01,858 [main] INFO  org.apache.tomcat.util.net.NioSelectorPool - Using a shared selector for servlet write/read
2020-11-23 13:54:01,872 [main] INFO  org.springframework.boot.web.embedded.tomcat.TomcatWebServer - Tomcat started on port(s): 8080 (https) with context path ''
2020-11-23 13:54:01,875 [main] INFO  com.shortrent.ShortRentApplication - Started ShortRentApplication in 13.744 seconds (JVM running for 14.554)
2020-11-23 13:54:25,719 [https-openssl-nio-8080-exec-8] INFO  org.apache.catalina.core.ContainerBase.[Tomcat].[localhost].[/] - Initializing Spring DispatcherServlet 'dispatcherServlet'
2020-11-23 13:54:25,719 [https-openssl-nio-8080-exec-8] INFO  org.springframework.web.servlet.DispatcherServlet - Initializing Servlet 'dispatcherServlet'
2020-11-23 13:54:25,727 [https-openssl-nio-8080-exec-8] INFO  org.springframework.web.servlet.DispatcherServlet - Completed initialization in 8 ms
2020-11-23 13:55:20,838 [https-openssl-nio-8080-exec-10] INFO  com.zaxxer.hikari.HikariDataSource - HikariPool-1 - Starting...
2020-11-23 13:55:21,181 [https-openssl-nio-8080-exec-10] INFO  com.zaxxer.hikari.HikariDataSource - HikariPool-1 - Start completed.
2020-11-23 13:57:02,438 [main] INFO  com.shortrent.ShortRentApplication - Starting ShortRentApplication on DESKTOP-IQVI3L0 with PID 18280 (started by Dell in D:\idea\shortrent (3))
2020-11-23 13:57:02,443 [main] INFO  com.shortrent.ShortRentApplication - No active profile set, falling back to default profiles: default
2020-11-23 13:57:04,489 [main] INFO  org.springframework.boot.web.embedded.tomcat.TomcatWebServer - Tomcat initialized with port(s): 8080 (https)
2020-11-23 13:57:04,500 [main] INFO  org.apache.coyote.http11.Http11NioProtocol - Initializing ProtocolHandler ["https-openssl-nio-8080"]
2020-11-23 13:57:04,507 [main] INFO  org.apache.catalina.core.StandardService - Starting service [Tomcat]
2020-11-23 13:57:04,507 [main] INFO  org.apache.catalina.core.StandardEngine - Starting Servlet Engine: Apache Tomcat/9.0.12
2020-11-23 13:57:04,515 [main] INFO  org.apache.catalina.core.AprLifecycleListener - Loaded APR based Apache Tomcat Native library [1.2.23] using APR version [1.7.0].
2020-11-23 13:57:04,516 [main] INFO  org.apache.catalina.core.AprLifecycleListener - APR capabilities: IPv6 [true], sendfile [true], accept filters [false], random [true].
2020-11-23 13:57:04,516 [main] INFO  org.apache.catalina.core.AprLifecycleListener - APR/OpenSSL configuration: useAprConnector [false], useOpenSSL [true]
2020-11-23 13:57:04,519 [main] INFO  org.apache.catalina.core.AprLifecycleListener - OpenSSL successfully initialized [OpenSSL 1.1.1c  28 May 2019]
2020-11-23 13:57:04,934 [main] INFO  org.apache.catalina.core.ContainerBase.[Tomcat].[localhost].[/] - Initializing Spring embedded WebApplicationContext
2020-11-23 13:57:04,934 [main] INFO  org.springframework.web.context.ContextLoader - Root WebApplicationContext: initialization completed in 2394 ms
2020-11-23 13:57:04,958 [main] INFO  org.springframework.boot.web.servlet.ServletRegistrationBean - Servlet dispatcherServlet mapped to [/]
2020-11-23 13:57:04,963 [main] INFO  org.springframework.boot.web.servlet.FilterRegistrationBean - Mapping filter: 'characterEncodingFilter' to: [/*]
2020-11-23 13:57:04,963 [main] INFO  org.springframework.boot.web.servlet.FilterRegistrationBean - Mapping filter: 'hiddenHttpMethodFilter' to: [/*]
2020-11-23 13:57:04,963 [main] INFO  org.springframework.boot.web.servlet.FilterRegistrationBean - Mapping filter: 'formContentFilter' to: [/*]
2020-11-23 13:57:04,963 [main] INFO  org.springframework.boot.web.servlet.FilterRegistrationBean - Mapping filter: 'requestContextFilter' to: [/*]
2020-11-23 13:57:07,501 [main] INFO  org.springframework.scheduling.concurrent.ThreadPoolTaskExecutor - Initializing ExecutorService 'applicationTaskExecutor'
2020-11-23 13:57:07,913 [main] INFO  org.apache.coyote.http11.Http11NioProtocol - Starting ProtocolHandler ["https-openssl-nio-8080"]
2020-11-23 13:57:08,639 [main] INFO  org.apache.tomcat.util.net.NioSelectorPool - Using a shared selector for servlet write/read
2020-11-23 13:57:08,672 [main] INFO  org.springframework.boot.web.embedded.tomcat.TomcatWebServer - Tomcat started on port(s): 8080 (https) with context path ''
2020-11-23 13:57:08,675 [main] INFO  com.shortrent.ShortRentApplication - Started ShortRentApplication in 6.876 seconds (JVM running for 7.602)
2020-11-23 13:57:19,139 [https-openssl-nio-8080-exec-9] INFO  org.apache.catalina.core.ContainerBase.[Tomcat].[localhost].[/] - Initializing Spring DispatcherServlet 'dispatcherServlet'
2020-11-23 13:57:19,140 [https-openssl-nio-8080-exec-9] INFO  org.springframework.web.servlet.DispatcherServlet - Initializing Servlet 'dispatcherServlet'
2020-11-23 13:57:19,150 [https-openssl-nio-8080-exec-9] INFO  org.springframework.web.servlet.DispatcherServlet - Completed initialization in 9 ms
2020-11-23 13:57:19,217 [https-openssl-nio-8080-exec-9] INFO  com.zaxxer.hikari.HikariDataSource - HikariPool-1 - Starting...
2020-11-23 13:57:19,396 [https-openssl-nio-8080-exec-9] INFO  com.zaxxer.hikari.HikariDataSource - HikariPool-1 - Start completed.
2020-11-23 14:06:22,018 [main] INFO  com.shortrent.ShortRentApplication - Starting ShortRentApplication on DESKTOP-IQVI3L0 with PID 9724 (started by Dell in D:\idea\shortrent (3))
2020-11-23 14:06:22,026 [main] INFO  com.shortrent.ShortRentApplication - No active profile set, falling back to default profiles: default
2020-11-23 14:06:24,443 [main] INFO  org.springframework.boot.web.embedded.tomcat.TomcatWebServer - Tomcat initialized with port(s): 8080 (https)
2020-11-23 14:06:24,458 [main] INFO  org.apache.coyote.http11.Http11NioProtocol - Initializing ProtocolHandler ["https-openssl-nio-8080"]
2020-11-23 14:06:24,468 [main] INFO  org.apache.catalina.core.StandardService - Starting service [Tomcat]
2020-11-23 14:06:24,468 [main] INFO  org.apache.catalina.core.StandardEngine - Starting Servlet Engine: Apache Tomcat/9.0.12
2020-11-23 14:06:24,478 [main] INFO  org.apache.catalina.core.AprLifecycleListener - Loaded APR based Apache Tomcat Native library [1.2.23] using APR version [1.7.0].
2020-11-23 14:06:24,478 [main] INFO  org.apache.catalina.core.AprLifecycleListener - APR capabilities: IPv6 [true], sendfile [true], accept filters [false], random [true].
2020-11-23 14:06:24,479 [main] INFO  org.apache.catalina.core.AprLifecycleListener - APR/OpenSSL configuration: useAprConnector [false], useOpenSSL [true]
2020-11-23 14:06:24,657 [main] INFO  org.apache.catalina.core.AprLifecycleListener - OpenSSL successfully initialized [OpenSSL 1.1.1c  28 May 2019]
2020-11-23 14:06:25,695 [main] INFO  org.apache.catalina.core.ContainerBase.[Tomcat].[localhost].[/] - Initializing Spring embedded WebApplicationContext
2020-11-23 14:06:25,695 [main] INFO  org.springframework.web.context.ContextLoader - Root WebApplicationContext: initialization completed in 3580 ms
2020-11-23 14:06:25,740 [main] INFO  org.springframework.boot.web.servlet.ServletRegistrationBean - Servlet dispatcherServlet mapped to [/]
2020-11-23 14:06:25,746 [main] INFO  org.springframework.boot.web.servlet.FilterRegistrationBean - Mapping filter: 'characterEncodingFilter' to: [/*]
2020-11-23 14:06:25,747 [main] INFO  org.springframework.boot.web.servlet.FilterRegistrationBean - Mapping filter: 'hiddenHttpMethodFilter' to: [/*]
2020-11-23 14:06:25,747 [main] INFO  org.springframework.boot.web.servlet.FilterRegistrationBean - Mapping filter: 'formContentFilter' to: [/*]
2020-11-23 14:06:25,747 [main] INFO  org.springframework.boot.web.servlet.FilterRegistrationBean - Mapping filter: 'requestContextFilter' to: [/*]
2020-11-23 14:06:27,385 [main] INFO  org.springframework.scheduling.concurrent.ThreadPoolTaskExecutor - Initializing ExecutorService 'applicationTaskExecutor'
2020-11-23 14:06:27,893 [main] INFO  org.apache.coyote.http11.Http11NioProtocol - Starting ProtocolHandler ["https-openssl-nio-8080"]
2020-11-23 14:06:28,537 [main] INFO  org.apache.tomcat.util.net.NioSelectorPool - Using a shared selector for servlet write/read
2020-11-23 14:06:28,551 [main] INFO  org.springframework.boot.web.embedded.tomcat.TomcatWebServer - Tomcat started on port(s): 8080 (https) with context path ''
2020-11-23 14:06:28,555 [main] INFO  com.shortrent.ShortRentApplication - Started ShortRentApplication in 7.371 seconds (JVM running for 8.245)
2020-11-23 14:06:32,950 [https-openssl-nio-8080-exec-6] INFO  org.apache.catalina.core.ContainerBase.[Tomcat].[localhost].[/] - Initializing Spring DispatcherServlet 'dispatcherServlet'
2020-11-23 14:06:32,950 [https-openssl-nio-8080-exec-6] INFO  org.springframework.web.servlet.DispatcherServlet - Initializing Servlet 'dispatcherServlet'
2020-11-23 14:06:32,959 [https-openssl-nio-8080-exec-6] INFO  org.springframework.web.servlet.DispatcherServlet - Completed initialization in 9 ms
2020-11-23 14:06:35,163 [https-openssl-nio-8080-exec-6] INFO  com.zaxxer.hikari.HikariDataSource - HikariPool-1 - Starting...
2020-11-23 14:06:35,307 [https-openssl-nio-8080-exec-6] INFO  com.zaxxer.hikari.HikariDataSource - HikariPool-1 - Start completed.
2020-11-23 14:11:24,656 [main] INFO  com.shortrent.ShortRentApplication - Starting ShortRentApplication on DESKTOP-IQVI3L0 with PID 17588 (started by Dell in D:\idea\shortrent (3))
2020-11-23 14:11:24,925 [main] INFO  com.shortrent.ShortRentApplication - No active profile set, falling back to default profiles: default
2020-11-23 14:11:34,849 [main] INFO  org.springframework.boot.web.embedded.tomcat.TomcatWebServer - Tomcat initialized with port(s): 8080 (https)
2020-11-23 14:11:34,864 [main] INFO  org.apache.coyote.http11.Http11NioProtocol - Initializing ProtocolHandler ["https-openssl-nio-8080"]
2020-11-23 14:11:34,872 [main] INFO  org.apache.catalina.core.StandardService - Starting service [Tomcat]
2020-11-23 14:11:34,872 [main] INFO  org.apache.catalina.core.StandardEngine - Starting Servlet Engine: Apache Tomcat/9.0.12
2020-11-23 14:11:34,883 [main] INFO  org.apache.catalina.core.AprLifecycleListener - Loaded APR based Apache Tomcat Native library [1.2.23] using APR version [1.7.0].
2020-11-23 14:11:34,884 [main] INFO  org.apache.catalina.core.AprLifecycleListener - APR capabilities: IPv6 [true], sendfile [true], accept filters [false], random [true].
2020-11-23 14:11:34,966 [main] INFO  org.apache.catalina.core.AprLifecycleListener - APR/OpenSSL configuration: useAprConnector [false], useOpenSSL [true]
2020-11-23 14:11:35,645 [main] INFO  org.apache.catalina.core.AprLifecycleListener - OpenSSL successfully initialized [OpenSSL 1.1.1c  28 May 2019]
2020-11-23 14:11:36,093 [main] INFO  org.apache.catalina.core.ContainerBase.[Tomcat].[localhost].[/] - Initializing Spring embedded WebApplicationContext
2020-11-23 14:11:36,094 [main] INFO  org.springframework.web.context.ContextLoader - Root WebApplicationContext: initialization completed in 11112 ms
2020-11-23 14:11:36,127 [main] INFO  org.springframework.boot.web.servlet.ServletRegistrationBean - Servlet dispatcherServlet mapped to [/]
2020-11-23 14:11:36,131 [main] INFO  org.springframework.boot.web.servlet.FilterRegistrationBean - Mapping filter: 'characterEncodingFilter' to: [/*]
2020-11-23 14:11:36,131 [main] INFO  org.springframework.boot.web.servlet.FilterRegistrationBean - Mapping filter: 'hiddenHttpMethodFilter' to: [/*]
2020-11-23 14:11:36,132 [main] INFO  org.springframework.boot.web.servlet.FilterRegistrationBean - Mapping filter: 'formContentFilter' to: [/*]
2020-11-23 14:11:36,132 [main] INFO  org.springframework.boot.web.servlet.FilterRegistrationBean - Mapping filter: 'requestContextFilter' to: [/*]
2020-11-23 14:11:37,202 [main] INFO  org.springframework.scheduling.concurrent.ThreadPoolTaskExecutor - Initializing ExecutorService 'applicationTaskExecutor'
2020-11-23 14:11:37,655 [main] INFO  org.apache.coyote.http11.Http11NioProtocol - Starting ProtocolHandler ["https-openssl-nio-8080"]
2020-11-23 14:11:38,926 [main] INFO  org.apache.tomcat.util.net.NioSelectorPool - Using a shared selector for servlet write/read
2020-11-23 14:11:38,945 [main] INFO  org.springframework.boot.web.embedded.tomcat.TomcatWebServer - Tomcat started on port(s): 8080 (https) with context path ''
2020-11-23 14:11:38,950 [main] INFO  com.shortrent.ShortRentApplication - Started ShortRentApplication in 15.636 seconds (JVM running for 17.6)
2020-11-23 14:11:43,557 [https-openssl-nio-8080-exec-7] INFO  org.apache.catalina.core.ContainerBase.[Tomcat].[localhost].[/] - Initializing Spring DispatcherServlet 'dispatcherServlet'
2020-11-23 14:11:43,557 [https-openssl-nio-8080-exec-7] INFO  org.springframework.web.servlet.DispatcherServlet - Initializing Servlet 'dispatcherServlet'
2020-11-23 14:11:43,564 [https-openssl-nio-8080-exec-7] INFO  org.springframework.web.servlet.DispatcherServlet - Completed initialization in 7 ms
2020-11-23 14:11:43,712 [https-openssl-nio-8080-exec-7] INFO  com.zaxxer.hikari.HikariDataSource - HikariPool-1 - Starting...
2020-11-23 14:11:44,075 [https-openssl-nio-8080-exec-7] INFO  com.zaxxer.hikari.HikariDataSource - HikariPool-1 - Start completed.
2020-11-23 14:25:05,090 [main] INFO  com.shortrent.ShortRentApplication - Starting ShortRentApplication on DESKTOP-IQVI3L0 with PID 11876 (started by Dell in D:\idea\shortrent (3))
2020-11-23 14:25:05,122 [main] INFO  com.shortrent.ShortRentApplication - No active profile set, falling back to default profiles: default
2020-11-23 14:25:08,254 [main] INFO  org.springframework.boot.web.embedded.tomcat.TomcatWebServer - Tomcat initialized with port(s): 8080 (https)
2020-11-23 14:25:08,269 [main] INFO  org.apache.coyote.http11.Http11NioProtocol - Initializing ProtocolHandler ["https-openssl-nio-8080"]
2020-11-23 14:25:08,278 [main] INFO  org.apache.catalina.core.StandardService - Starting service [Tomcat]
2020-11-23 14:25:08,278 [main] INFO  org.apache.catalina.core.StandardEngine - Starting Servlet Engine: Apache Tomcat/9.0.12
2020-11-23 14:25:08,291 [main] INFO  org.apache.catalina.core.AprLifecycleListener - Loaded APR based Apache Tomcat Native library [1.2.23] using APR version [1.7.0].
2020-11-23 14:25:08,292 [main] INFO  org.apache.catalina.core.AprLifecycleListener - APR capabilities: IPv6 [true], sendfile [true], accept filters [false], random [true].
2020-11-23 14:25:08,292 [main] INFO  org.apache.catalina.core.AprLifecycleListener - APR/OpenSSL configuration: useAprConnector [false], useOpenSSL [true]
2020-11-23 14:25:08,389 [main] INFO  org.apache.catalina.core.AprLifecycleListener - OpenSSL successfully initialized [OpenSSL 1.1.1c  28 May 2019]
2020-11-23 14:25:08,733 [main] INFO  org.apache.catalina.core.ContainerBase.[Tomcat].[localhost].[/] - Initializing Spring embedded WebApplicationContext
2020-11-23 14:25:08,733 [main] INFO  org.springframework.web.context.ContextLoader - Root WebApplicationContext: initialization completed in 3541 ms
2020-11-23 14:25:08,767 [main] INFO  org.springframework.boot.web.servlet.ServletRegistrationBean - Servlet dispatcherServlet mapped to [/]
2020-11-23 14:25:08,773 [main] INFO  org.springframework.boot.web.servlet.FilterRegistrationBean - Mapping filter: 'characterEncodingFilter' to: [/*]
2020-11-23 14:25:08,773 [main] INFO  org.springframework.boot.web.servlet.FilterRegistrationBean - Mapping filter: 'hiddenHttpMethodFilter' to: [/*]
2020-11-23 14:25:08,773 [main] INFO  org.springframework.boot.web.servlet.FilterRegistrationBean - Mapping filter: 'formContentFilter' to: [/*]
2020-11-23 14:25:08,774 [main] INFO  org.springframework.boot.web.servlet.FilterRegistrationBean - Mapping filter: 'requestContextFilter' to: [/*]
2020-11-23 14:25:09,826 [main] INFO  org.springframework.scheduling.concurrent.ThreadPoolTaskExecutor - Initializing ExecutorService 'applicationTaskExecutor'
2020-11-23 14:25:10,256 [main] INFO  org.apache.coyote.http11.Http11NioProtocol - Starting ProtocolHandler ["https-openssl-nio-8080"]
2020-11-23 14:25:10,977 [main] INFO  org.apache.tomcat.util.net.NioSelectorPool - Using a shared selector for servlet write/read
2020-11-23 14:25:10,997 [main] INFO  org.springframework.boot.web.embedded.tomcat.TomcatWebServer - Tomcat started on port(s): 8080 (https) with context path ''
2020-11-23 14:25:11,000 [main] INFO  com.shortrent.ShortRentApplication - Started ShortRentApplication in 6.767 seconds (JVM running for 7.718)
2020-11-23 14:25:42,263 [https-openssl-nio-8080-exec-10] INFO  org.apache.catalina.core.ContainerBase.[Tomcat].[localhost].[/] - Initializing Spring DispatcherServlet 'dispatcherServlet'
2020-11-23 14:25:42,263 [https-openssl-nio-8080-exec-10] INFO  org.springframework.web.servlet.DispatcherServlet - Initializing Servlet 'dispatcherServlet'
2020-11-23 14:25:42,271 [https-openssl-nio-8080-exec-10] INFO  org.springframework.web.servlet.DispatcherServlet - Completed initialization in 8 ms
2020-11-23 14:26:28,686 [main] INFO  com.shortrent.ShortRentApplication - Starting ShortRentApplication on DESKTOP-IQVI3L0 with PID 17420 (started by Dell in D:\idea\shortrent (3))
2020-11-23 14:26:28,693 [main] INFO  com.shortrent.ShortRentApplication - No active profile set, falling back to default profiles: default
2020-11-23 14:26:31,218 [main] INFO  org.springframework.boot.web.embedded.tomcat.TomcatWebServer - Tomcat initialized with port(s): 8080 (https)
2020-11-23 14:26:31,232 [main] INFO  org.apache.coyote.http11.Http11NioProtocol - Initializing ProtocolHandler ["https-openssl-nio-8080"]
2020-11-23 14:26:31,239 [main] INFO  org.apache.catalina.core.StandardService - Starting service [Tomcat]
2020-11-23 14:26:31,239 [main] INFO  org.apache.catalina.core.StandardEngine - Starting Servlet Engine: Apache Tomcat/9.0.12
2020-11-23 14:26:31,248 [main] INFO  org.apache.catalina.core.AprLifecycleListener - Loaded APR based Apache Tomcat Native library [1.2.23] using APR version [1.7.0].
2020-11-23 14:26:31,248 [main] INFO  org.apache.catalina.core.AprLifecycleListener - APR capabilities: IPv6 [true], sendfile [true], accept filters [false], random [true].
2020-11-23 14:26:31,248 [main] INFO  org.apache.catalina.core.AprLifecycleListener - APR/OpenSSL configuration: useAprConnector [false], useOpenSSL [true]
2020-11-23 14:26:31,287 [main] INFO  org.apache.catalina.core.AprLifecycleListener - OpenSSL successfully initialized [OpenSSL 1.1.1c  28 May 2019]
2020-11-23 14:26:31,567 [main] INFO  org.apache.catalina.core.ContainerBase.[Tomcat].[localhost].[/] - Initializing Spring embedded WebApplicationContext
2020-11-23 14:26:31,568 [main] INFO  org.springframework.web.context.ContextLoader - Root WebApplicationContext: initialization completed in 2792 ms
2020-11-23 14:26:31,600 [main] INFO  org.springframework.boot.web.servlet.ServletRegistrationBean - Servlet dispatcherServlet mapped to [/]
2020-11-23 14:26:31,605 [main] INFO  org.springframework.boot.web.servlet.FilterRegistrationBean - Mapping filter: 'characterEncodingFilter' to: [/*]
2020-11-23 14:26:31,606 [main] INFO  org.springframework.boot.web.servlet.FilterRegistrationBean - Mapping filter: 'hiddenHttpMethodFilter' to: [/*]
2020-11-23 14:26:31,606 [main] INFO  org.springframework.boot.web.servlet.FilterRegistrationBean - Mapping filter: 'formContentFilter' to: [/*]
2020-11-23 14:26:31,606 [main] INFO  org.springframework.boot.web.servlet.FilterRegistrationBean - Mapping filter: 'requestContextFilter' to: [/*]
2020-11-23 14:26:32,658 [main] INFO  org.springframework.scheduling.concurrent.ThreadPoolTaskExecutor - Initializing ExecutorService 'applicationTaskExecutor'
2020-11-23 14:26:33,396 [main] INFO  org.apache.coyote.http11.Http11NioProtocol - Starting ProtocolHandler ["https-openssl-nio-8080"]
2020-11-23 14:26:34,518 [main] INFO  org.apache.tomcat.util.net.NioSelectorPool - Using a shared selector for servlet write/read
2020-11-23 14:26:34,533 [main] INFO  org.springframework.boot.web.embedded.tomcat.TomcatWebServer - Tomcat started on port(s): 8080 (https) with context path ''
2020-11-23 14:26:34,533 [main] INFO  com.shortrent.ShortRentApplication - Started ShortRentApplication in 6.583 seconds (JVM running for 7.32)
2020-11-23 14:26:43,059 [https-openssl-nio-8080-exec-10] INFO  org.apache.catalina.core.ContainerBase.[Tomcat].[localhost].[/] - Initializing Spring DispatcherServlet 'dispatcherServlet'
2020-11-23 14:26:43,059 [https-openssl-nio-8080-exec-10] INFO  org.springframework.web.servlet.DispatcherServlet - Initializing Servlet 'dispatcherServlet'
2020-11-23 14:26:43,074 [https-openssl-nio-8080-exec-10] INFO  org.springframework.web.servlet.DispatcherServlet - Completed initialization in 15 ms
2020-11-23 14:26:47,877 [https-openssl-nio-8080-exec-7] INFO  com.zaxxer.hikari.HikariDataSource - HikariPool-1 - Starting...
2020-11-23 14:26:48,202 [https-openssl-nio-8080-exec-7] INFO  com.zaxxer.hikari.HikariDataSource - HikariPool-1 - Start completed.
2020-11-23 14:29:37,241 [main] INFO  com.shortrent.ShortRentApplication - Starting ShortRentApplication on DESKTOP-IQVI3L0 with PID 2280 (started by Dell in D:\idea\shortrent (3))
2020-11-23 14:29:37,245 [main] INFO  com.shortrent.ShortRentApplication - No active profile set, falling back to default profiles: default
2020-11-23 14:29:39,655 [main] INFO  org.springframework.boot.web.embedded.tomcat.TomcatWebServer - Tomcat initialized with port(s): 8080 (https)
2020-11-23 14:29:39,678 [main] INFO  org.apache.coyote.http11.Http11NioProtocol - Initializing ProtocolHandler ["https-openssl-nio-8080"]
2020-11-23 14:29:39,687 [main] INFO  org.apache.catalina.core.StandardService - Starting service [Tomcat]
2020-11-23 14:29:39,687 [main] INFO  org.apache.catalina.core.StandardEngine - Starting Servlet Engine: Apache Tomcat/9.0.12
2020-11-23 14:29:39,696 [main] INFO  org.apache.catalina.core.AprLifecycleListener - Loaded APR based Apache Tomcat Native library [1.2.23] using APR version [1.7.0].
2020-11-23 14:29:39,696 [main] INFO  org.apache.catalina.core.AprLifecycleListener - APR capabilities: IPv6 [true], sendfile [true], accept filters [false], random [true].
2020-11-23 14:29:39,696 [main] INFO  org.apache.catalina.core.AprLifecycleListener - APR/OpenSSL configuration: useAprConnector [false], useOpenSSL [true]
2020-11-23 14:29:39,729 [main] INFO  org.apache.catalina.core.AprLifecycleListener - OpenSSL successfully initialized [OpenSSL 1.1.1c  28 May 2019]
2020-11-23 14:29:40,052 [main] INFO  org.apache.catalina.core.ContainerBase.[Tomcat].[localhost].[/] - Initializing Spring embedded WebApplicationContext
2020-11-23 14:29:40,052 [main] INFO  org.springframework.web.context.ContextLoader - Root WebApplicationContext: initialization completed in 2751 ms
2020-11-23 14:29:40,092 [main] INFO  org.springframework.boot.web.servlet.ServletRegistrationBean - Servlet dispatcherServlet mapped to [/]
2020-11-23 14:29:40,100 [main] INFO  org.springframework.boot.web.servlet.FilterRegistrationBean - Mapping filter: 'characterEncodingFilter' to: [/*]
2020-11-23 14:29:40,100 [main] INFO  org.springframework.boot.web.servlet.FilterRegistrationBean - Mapping filter: 'hiddenHttpMethodFilter' to: [/*]
2020-11-23 14:29:40,100 [main] INFO  org.springframework.boot.web.servlet.FilterRegistrationBean - Mapping filter: 'formContentFilter' to: [/*]
2020-11-23 14:29:40,100 [main] INFO  org.springframework.boot.web.servlet.FilterRegistrationBean - Mapping filter: 'requestContextFilter' to: [/*]
2020-11-23 14:29:40,875 [main] INFO  org.springframework.scheduling.concurrent.ThreadPoolTaskExecutor - Initializing ExecutorService 'applicationTaskExecutor'
2020-11-23 14:29:41,299 [main] INFO  org.apache.coyote.http11.Http11NioProtocol - Starting ProtocolHandler ["https-openssl-nio-8080"]
2020-11-23 14:29:42,510 [main] INFO  org.apache.tomcat.util.net.NioSelectorPool - Using a shared selector for servlet write/read
2020-11-23 14:29:42,524 [main] INFO  org.springframework.boot.web.embedded.tomcat.TomcatWebServer - Tomcat started on port(s): 8080 (https) with context path ''
2020-11-23 14:29:42,527 [main] INFO  com.shortrent.ShortRentApplication - Started ShortRentApplication in 6.074 seconds (JVM running for 6.818)
2020-11-23 14:30:04,271 [https-openssl-nio-8080-exec-10] INFO  org.apache.catalina.core.ContainerBase.[Tomcat].[localhost].[/] - Initializing Spring DispatcherServlet 'dispatcherServlet'
2020-11-23 14:30:04,271 [https-openssl-nio-8080-exec-10] INFO  org.springframework.web.servlet.DispatcherServlet - Initializing Servlet 'dispatcherServlet'
2020-11-23 14:30:04,280 [https-openssl-nio-8080-exec-10] INFO  org.springframework.web.servlet.DispatcherServlet - Completed initialization in 9 ms
2020-11-23 14:30:06,488 [https-openssl-nio-8080-exec-8] INFO  com.zaxxer.hikari.HikariDataSource - HikariPool-1 - Starting...
2020-11-23 14:30:06,624 [https-openssl-nio-8080-exec-8] INFO  com.zaxxer.hikari.HikariDataSource - HikariPool-1 - Start completed.
2020-11-23 14:36:59,231 [main] INFO  com.shortrent.ShortRentApplication - Starting ShortRentApplication on DESKTOP-IQVI3L0 with PID 8756 (started by Dell in D:\idea\shortrent (3))
2020-11-23 14:36:59,263 [main] INFO  com.shortrent.ShortRentApplication - No active profile set, falling back to default profiles: default
2020-11-23 14:37:02,768 [main] INFO  org.springframework.boot.web.embedded.tomcat.TomcatWebServer - Tomcat initialized with port(s): 8080 (https)
2020-11-23 14:37:02,783 [main] INFO  org.apache.coyote.http11.Http11NioProtocol - Initializing ProtocolHandler ["https-openssl-nio-8080"]
2020-11-23 14:37:02,791 [main] INFO  org.apache.catalina.core.StandardService - Starting service [Tomcat]
2020-11-23 14:37:02,791 [main] INFO  org.apache.catalina.core.StandardEngine - Starting Servlet Engine: Apache Tomcat/9.0.12
2020-11-23 14:37:02,800 [main] INFO  org.apache.catalina.core.AprLifecycleListener - Loaded APR based Apache Tomcat Native library [1.2.23] using APR version [1.7.0].
2020-11-23 14:37:02,801 [main] INFO  org.apache.catalina.core.AprLifecycleListener - APR capabilities: IPv6 [true], sendfile [true], accept filters [false], random [true].
2020-11-23 14:37:02,801 [main] INFO  org.apache.catalina.core.AprLifecycleListener - APR/OpenSSL configuration: useAprConnector [false], useOpenSSL [true]
2020-11-23 14:37:02,893 [main] INFO  org.apache.catalina.core.AprLifecycleListener - OpenSSL successfully initialized [OpenSSL 1.1.1c  28 May 2019]
2020-11-23 14:37:03,144 [main] INFO  org.apache.catalina.core.ContainerBase.[Tomcat].[localhost].[/] - Initializing Spring embedded WebApplicationContext
2020-11-23 14:37:03,145 [main] INFO  org.springframework.web.context.ContextLoader - Root WebApplicationContext: initialization completed in 3821 ms
2020-11-23 14:37:03,184 [main] INFO  org.springframework.boot.web.servlet.ServletRegistrationBean - Servlet dispatcherServlet mapped to [/]
2020-11-23 14:37:03,189 [main] INFO  org.springframework.boot.web.servlet.FilterRegistrationBean - Mapping filter: 'characterEncodingFilter' to: [/*]
2020-11-23 14:37:03,190 [main] INFO  org.springframework.boot.web.servlet.FilterRegistrationBean - Mapping filter: 'hiddenHttpMethodFilter' to: [/*]
2020-11-23 14:37:03,190 [main] INFO  org.springframework.boot.web.servlet.FilterRegistrationBean - Mapping filter: 'formContentFilter' to: [/*]
2020-11-23 14:37:03,190 [main] INFO  org.springframework.boot.web.servlet.FilterRegistrationBean - Mapping filter: 'requestContextFilter' to: [/*]
2020-11-23 14:37:04,889 [main] INFO  org.springframework.scheduling.concurrent.ThreadPoolTaskExecutor - Initializing ExecutorService 'applicationTaskExecutor'
2020-11-23 14:37:05,328 [main] INFO  org.apache.coyote.http11.Http11NioProtocol - Starting ProtocolHandler ["https-openssl-nio-8080"]
2020-11-23 14:37:06,970 [main] INFO  org.apache.tomcat.util.net.NioSelectorPool - Using a shared selector for servlet write/read
2020-11-23 14:37:06,986 [main] INFO  org.springframework.boot.web.embedded.tomcat.TomcatWebServer - Tomcat started on port(s): 8080 (https) with context path ''
2020-11-23 14:37:06,990 [main] INFO  com.shortrent.ShortRentApplication - Started ShortRentApplication in 8.602 seconds (JVM running for 9.446)
2020-11-23 14:37:30,190 [https-openssl-nio-8080-exec-7] INFO  org.apache.catalina.core.ContainerBase.[Tomcat].[localhost].[/] - Initializing Spring DispatcherServlet 'dispatcherServlet'
2020-11-23 14:37:30,190 [https-openssl-nio-8080-exec-7] INFO  org.springframework.web.servlet.DispatcherServlet - Initializing Servlet 'dispatcherServlet'
2020-11-23 14:37:30,197 [https-openssl-nio-8080-exec-7] INFO  org.springframework.web.servlet.DispatcherServlet - Completed initialization in 7 ms
2020-11-23 14:37:45,803 [https-openssl-nio-8080-exec-4] INFO  com.zaxxer.hikari.HikariDataSource - HikariPool-1 - Starting...
2020-11-23 14:37:46,051 [https-openssl-nio-8080-exec-4] INFO  com.zaxxer.hikari.HikariDataSource - HikariPool-1 - Start completed.
