2020-10-09 07:56:03,305 [main] INFO  com.shortrent.ShortRentApplication - Starting ShortRentApplication on DESKTOP-IQVI3L0 with PID 11944 (D:\springWork\shortrent\target\classes started by Dell in D:\springWork\shortrent)
2020-10-09 07:56:03,307 [main] INFO  com.shortrent.ShortRentApplication - No active profile set, falling back to default profiles: default
2020-10-09 07:56:04,126 [main] INFO  org.springframework.boot.web.embedded.tomcat.TomcatWebServer - Tomcat initialized with port(s): 8080 (https)
2020-10-09 07:56:04,134 [main] INFO  org.apache.coyote.http11.Http11NioProtocol - Initializing ProtocolHandler ["https-openssl-nio-8080"]
2020-10-09 07:56:04,137 [main] INFO  org.apache.catalina.core.StandardService - Starting service [Tomcat]
2020-10-09 07:56:04,139 [main] INFO  org.apache.catalina.core.StandardEngine - Starting Servlet Engine: Apache Tomcat/9.0.12
2020-10-09 07:56:04,144 [main] INFO  org.apache.catalina.core.AprLifecycleListener - Loaded APR based Apache Tomcat Native library [1.2.23] using APR version [1.7.0].
2020-10-09 07:56:04,144 [main] INFO  org.apache.catalina.core.AprLifecycleListener - APR capabilities: IPv6 [true], sendfile [true], accept filters [false], random [true].
2020-10-09 07:56:04,144 [main] INFO  org.apache.catalina.core.AprLifecycleListener - APR/OpenSSL configuration: useAprConnector [false], useOpenSSL [true]
2020-10-09 07:56:04,147 [main] INFO  org.apache.catalina.core.AprLifecycleListener - OpenSSL successfully initialized [OpenSSL 1.1.1c  28 May 2019]
2020-10-09 07:56:04,227 [main] INFO  org.apache.catalina.core.ContainerBase.[Tomcat].[localhost].[/] - Initializing Spring embedded WebApplicationContext
2020-10-09 07:56:04,227 [main] INFO  org.springframework.web.context.ContextLoader - Root WebApplicationContext: initialization completed in 886 ms
2020-10-09 07:56:04,247 [main] INFO  org.springframework.boot.web.servlet.ServletRegistrationBean - Servlet dispatcherServlet mapped to [/]
2020-10-09 07:56:04,251 [main] INFO  org.springframework.boot.web.servlet.FilterRegistrationBean - Mapping filter: 'characterEncodingFilter' to: [/*]
2020-10-09 07:56:04,251 [main] INFO  org.springframework.boot.web.servlet.FilterRegistrationBean - Mapping filter: 'hiddenHttpMethodFilter' to: [/*]
2020-10-09 07:56:04,251 [main] INFO  org.springframework.boot.web.servlet.FilterRegistrationBean - Mapping filter: 'formContentFilter' to: [/*]
2020-10-09 07:56:04,251 [main] INFO  org.springframework.boot.web.servlet.FilterRegistrationBean - Mapping filter: 'requestContextFilter' to: [/*]
2020-10-09 07:56:04,608 [main] INFO  org.springframework.scheduling.concurrent.ThreadPoolTaskExecutor - Initializing ExecutorService 'applicationTaskExecutor'
2020-10-09 07:56:04,868 [main] INFO  org.apache.coyote.http11.Http11NioProtocol - Starting ProtocolHandler ["https-openssl-nio-8080"]
2020-10-09 07:56:05,292 [main] INFO  org.apache.tomcat.util.net.NioSelectorPool - Using a shared selector for servlet write/read
2020-10-09 07:56:05,304 [main] INFO  org.springframework.boot.web.embedded.tomcat.TomcatWebServer - Tomcat started on port(s): 8080 (https) with context path ''
2020-10-09 07:56:05,307 [main] INFO  com.shortrent.ShortRentApplication - Started ShortRentApplication in 2.313 seconds (JVM running for 3.163)
2020-10-09 07:56:40,895 [https-openssl-nio-8080-exec-7] INFO  org.apache.catalina.core.ContainerBase.[Tomcat].[localhost].[/] - Initializing Spring DispatcherServlet 'dispatcherServlet'
2020-10-09 07:56:40,895 [https-openssl-nio-8080-exec-7] INFO  org.springframework.web.servlet.DispatcherServlet - Initializing Servlet 'dispatcherServlet'
2020-10-09 07:56:40,938 [https-openssl-nio-8080-exec-7] INFO  org.springframework.web.servlet.DispatcherServlet - Completed initialization in 43 ms
2020-10-09 07:56:42,485 [https-openssl-nio-8080-exec-5] INFO  com.zaxxer.hikari.HikariDataSource - HikariPool-1 - Starting...
2020-10-09 07:56:42,727 [https-openssl-nio-8080-exec-5] INFO  com.zaxxer.hikari.HikariDataSource - HikariPool-1 - Start completed.
2020-10-09 09:41:32,324 [RMI TCP Connection(2)-127.0.0.1] INFO  o.s.boot.admin.SpringApplicationAdminMXBeanRegistrar$SpringApplicationAdmin - Application shutdown requested.
2020-10-09 09:41:32,724 [RMI TCP Connection(2)-127.0.0.1] INFO  org.springframework.scheduling.concurrent.ThreadPoolTaskExecutor - Shutting down ExecutorService 'applicationTaskExecutor'
2020-10-09 09:41:32,751 [RMI TCP Connection(2)-127.0.0.1] INFO  com.zaxxer.hikari.HikariDataSource - HikariPool-1 - Shutdown initiated...
2020-10-09 09:41:32,861 [RMI TCP Connection(2)-127.0.0.1] INFO  com.zaxxer.hikari.HikariDataSource - HikariPool-1 - Shutdown completed.
2020-10-09 09:49:25,782 [main] INFO  com.shortrent.ShortRentApplication - Starting ShortRentApplication on DESKTOP-IQVI3L0 with PID 13584 (D:\springWork\shortrent\target\classes started by Dell in D:\springWork\shortrent)
2020-10-09 09:49:25,807 [main] INFO  com.shortrent.ShortRentApplication - No active profile set, falling back to default profiles: default
2020-10-09 09:49:45,942 [main] INFO  org.springframework.boot.web.embedded.tomcat.TomcatWebServer - Tomcat initialized with port(s): 8080 (https)
2020-10-09 09:49:46,397 [main] INFO  org.apache.coyote.http11.Http11NioProtocol - Initializing ProtocolHandler ["https-openssl-nio-8080"]
2020-10-09 09:49:46,446 [main] INFO  org.apache.catalina.core.StandardService - Starting service [Tomcat]
2020-10-09 09:49:46,447 [main] INFO  org.apache.catalina.core.StandardEngine - Starting Servlet Engine: Apache Tomcat/9.0.12
2020-10-09 09:49:46,504 [main] INFO  org.apache.catalina.core.AprLifecycleListener - Loaded APR based Apache Tomcat Native library [1.2.23] using APR version [1.7.0].
2020-10-09 09:49:46,504 [main] INFO  org.apache.catalina.core.AprLifecycleListener - APR capabilities: IPv6 [true], sendfile [true], accept filters [false], random [true].
2020-10-09 09:49:46,504 [main] INFO  org.apache.catalina.core.AprLifecycleListener - APR/OpenSSL configuration: useAprConnector [false], useOpenSSL [true]
2020-10-09 09:49:47,556 [main] INFO  org.apache.catalina.core.AprLifecycleListener - OpenSSL successfully initialized [OpenSSL 1.1.1c  28 May 2019]
2020-10-09 09:49:48,985 [main] INFO  org.apache.catalina.core.ContainerBase.[Tomcat].[localhost].[/] - Initializing Spring embedded WebApplicationContext
2020-10-09 09:49:48,985 [main] INFO  org.springframework.web.context.ContextLoader - Root WebApplicationContext: initialization completed in 23036 ms
2020-10-09 09:49:49,282 [main] INFO  org.springframework.boot.web.servlet.ServletRegistrationBean - Servlet dispatcherServlet mapped to [/]
2020-10-09 09:49:49,304 [main] INFO  org.springframework.boot.web.servlet.FilterRegistrationBean - Mapping filter: 'characterEncodingFilter' to: [/*]
2020-10-09 09:49:49,304 [main] INFO  org.springframework.boot.web.servlet.FilterRegistrationBean - Mapping filter: 'hiddenHttpMethodFilter' to: [/*]
2020-10-09 09:49:49,305 [main] INFO  org.springframework.boot.web.servlet.FilterRegistrationBean - Mapping filter: 'formContentFilter' to: [/*]
2020-10-09 09:49:49,305 [main] INFO  org.springframework.boot.web.servlet.FilterRegistrationBean - Mapping filter: 'requestContextFilter' to: [/*]
2020-10-09 09:49:50,970 [main] INFO  org.springframework.scheduling.concurrent.ThreadPoolTaskExecutor - Initializing ExecutorService 'applicationTaskExecutor'
2020-10-09 09:49:51,550 [main] INFO  org.apache.coyote.http11.Http11NioProtocol - Starting ProtocolHandler ["https-openssl-nio-8080"]
2020-10-09 09:49:52,275 [main] INFO  org.apache.tomcat.util.net.NioSelectorPool - Using a shared selector for servlet write/read
2020-10-09 09:49:52,291 [main] INFO  org.springframework.boot.web.embedded.tomcat.TomcatWebServer - Tomcat started on port(s): 8080 (https) with context path ''
2020-10-09 09:49:52,295 [main] INFO  com.shortrent.ShortRentApplication - Started ShortRentApplication in 28.657 seconds (JVM running for 32.392)
2020-10-09 09:52:45,713 [https-openssl-nio-8080-exec-7] INFO  org.apache.catalina.core.ContainerBase.[Tomcat].[localhost].[/] - Initializing Spring DispatcherServlet 'dispatcherServlet'
2020-10-09 09:52:45,714 [https-openssl-nio-8080-exec-7] INFO  org.springframework.web.servlet.DispatcherServlet - Initializing Servlet 'dispatcherServlet'
2020-10-09 09:52:45,757 [https-openssl-nio-8080-exec-7] INFO  org.springframework.web.servlet.DispatcherServlet - Completed initialization in 42 ms
2020-10-09 09:52:54,806 [https-openssl-nio-8080-exec-9] INFO  com.zaxxer.hikari.HikariDataSource - HikariPool-1 - Starting...
2020-10-09 09:52:56,111 [https-openssl-nio-8080-exec-9] INFO  com.zaxxer.hikari.HikariDataSource - HikariPool-1 - Start completed.
2020-10-09 09:59:49,751 [RMI TCP Connection(5)-127.0.0.1] INFO  o.s.boot.admin.SpringApplicationAdminMXBeanRegistrar$SpringApplicationAdmin - Application shutdown requested.
2020-10-09 09:59:49,965 [RMI TCP Connection(5)-127.0.0.1] INFO  org.springframework.scheduling.concurrent.ThreadPoolTaskExecutor - Shutting down ExecutorService 'applicationTaskExecutor'
2020-10-09 09:59:50,022 [RMI TCP Connection(5)-127.0.0.1] INFO  com.zaxxer.hikari.HikariDataSource - HikariPool-1 - Shutdown initiated...
2020-10-09 09:59:50,154 [RMI TCP Connection(5)-127.0.0.1] INFO  com.zaxxer.hikari.HikariDataSource - HikariPool-1 - Shutdown completed.
2020-10-09 10:00:10,003 [main] INFO  com.shortrent.ShortRentApplication - Starting ShortRentApplication on DESKTOP-IQVI3L0 with PID 15620 (D:\springWork\shortrent\target\classes started by Dell in D:\springWork\shortrent)
2020-10-09 10:00:10,031 [main] INFO  com.shortrent.ShortRentApplication - No active profile set, falling back to default profiles: default
2020-10-09 10:00:14,408 [main] INFO  org.springframework.boot.web.embedded.tomcat.TomcatWebServer - Tomcat initialized with port(s): 8080 (https)
2020-10-09 10:00:14,458 [main] INFO  org.apache.coyote.http11.Http11NioProtocol - Initializing ProtocolHandler ["https-openssl-nio-8080"]
2020-10-09 10:00:14,476 [main] INFO  org.apache.catalina.core.StandardService - Starting service [Tomcat]
2020-10-09 10:00:14,477 [main] INFO  org.apache.catalina.core.StandardEngine - Starting Servlet Engine: Apache Tomcat/9.0.12
2020-10-09 10:00:14,484 [main] INFO  org.apache.catalina.core.AprLifecycleListener - Loaded APR based Apache Tomcat Native library [1.2.23] using APR version [1.7.0].
2020-10-09 10:00:14,484 [main] INFO  org.apache.catalina.core.AprLifecycleListener - APR capabilities: IPv6 [true], sendfile [true], accept filters [false], random [true].
2020-10-09 10:00:14,484 [main] INFO  org.apache.catalina.core.AprLifecycleListener - APR/OpenSSL configuration: useAprConnector [false], useOpenSSL [true]
2020-10-09 10:00:14,556 [main] INFO  org.apache.catalina.core.AprLifecycleListener - OpenSSL successfully initialized [OpenSSL 1.1.1c  28 May 2019]
2020-10-09 10:00:14,798 [main] INFO  org.apache.catalina.core.ContainerBase.[Tomcat].[localhost].[/] - Initializing Spring embedded WebApplicationContext
2020-10-09 10:00:14,798 [main] INFO  org.springframework.web.context.ContextLoader - Root WebApplicationContext: initialization completed in 4458 ms
2020-10-09 10:00:14,828 [main] INFO  org.springframework.boot.web.servlet.ServletRegistrationBean - Servlet dispatcherServlet mapped to [/]
2020-10-09 10:00:14,831 [main] INFO  org.springframework.boot.web.servlet.FilterRegistrationBean - Mapping filter: 'characterEncodingFilter' to: [/*]
2020-10-09 10:00:14,832 [main] INFO  org.springframework.boot.web.servlet.FilterRegistrationBean - Mapping filter: 'hiddenHttpMethodFilter' to: [/*]
2020-10-09 10:00:14,832 [main] INFO  org.springframework.boot.web.servlet.FilterRegistrationBean - Mapping filter: 'formContentFilter' to: [/*]
2020-10-09 10:00:14,832 [main] INFO  org.springframework.boot.web.servlet.FilterRegistrationBean - Mapping filter: 'requestContextFilter' to: [/*]
2020-10-09 10:00:16,092 [main] INFO  org.springframework.scheduling.concurrent.ThreadPoolTaskExecutor - Initializing ExecutorService 'applicationTaskExecutor'
2020-10-09 10:00:17,187 [main] INFO  org.apache.coyote.http11.Http11NioProtocol - Starting ProtocolHandler ["https-openssl-nio-8080"]
2020-10-09 10:00:18,090 [main] INFO  org.apache.tomcat.util.net.NioSelectorPool - Using a shared selector for servlet write/read
2020-10-09 10:00:18,104 [main] INFO  org.springframework.boot.web.embedded.tomcat.TomcatWebServer - Tomcat started on port(s): 8080 (https) with context path ''
2020-10-09 10:00:18,107 [main] INFO  com.shortrent.ShortRentApplication - Started ShortRentApplication in 10.886 seconds (JVM running for 13.822)
2020-10-09 10:00:20,812 [https-openssl-nio-8080-exec-7] INFO  org.apache.catalina.core.ContainerBase.[Tomcat].[localhost].[/] - Initializing Spring DispatcherServlet 'dispatcherServlet'
2020-10-09 10:00:20,814 [https-openssl-nio-8080-exec-7] INFO  org.springframework.web.servlet.DispatcherServlet - Initializing Servlet 'dispatcherServlet'
2020-10-09 10:00:20,820 [https-openssl-nio-8080-exec-7] INFO  org.springframework.web.servlet.DispatcherServlet - Completed initialization in 6 ms
2020-10-09 10:00:21,331 [https-openssl-nio-8080-exec-5] INFO  com.zaxxer.hikari.HikariDataSource - HikariPool-1 - Starting...
2020-10-09 10:00:21,519 [https-openssl-nio-8080-exec-5] INFO  com.zaxxer.hikari.HikariDataSource - HikariPool-1 - Start completed.
2020-10-09 10:05:38,875 [RMI TCP Connection(4)-127.0.0.1] INFO  o.s.boot.admin.SpringApplicationAdminMXBeanRegistrar$SpringApplicationAdmin - Application shutdown requested.
2020-10-09 10:05:38,893 [RMI TCP Connection(4)-127.0.0.1] INFO  org.springframework.scheduling.concurrent.ThreadPoolTaskExecutor - Shutting down ExecutorService 'applicationTaskExecutor'
2020-10-09 10:05:38,895 [RMI TCP Connection(4)-127.0.0.1] INFO  com.zaxxer.hikari.HikariDataSource - HikariPool-1 - Shutdown initiated...
2020-10-09 10:05:38,906 [RMI TCP Connection(4)-127.0.0.1] INFO  com.zaxxer.hikari.HikariDataSource - HikariPool-1 - Shutdown completed.
2020-10-09 10:05:49,523 [main] INFO  com.shortrent.ShortRentApplication - Starting ShortRentApplication on DESKTOP-IQVI3L0 with PID 14576 (D:\springWork\shortrent\target\classes started by Dell in D:\springWork\shortrent)
2020-10-09 10:05:49,526 [main] INFO  com.shortrent.ShortRentApplication - No active profile set, falling back to default profiles: default
2020-10-09 10:05:50,467 [main] INFO  org.springframework.boot.web.embedded.tomcat.TomcatWebServer - Tomcat initialized with port(s): 8080 (https)
2020-10-09 10:05:50,475 [main] INFO  org.apache.coyote.http11.Http11NioProtocol - Initializing ProtocolHandler ["https-openssl-nio-8080"]
2020-10-09 10:05:50,479 [main] INFO  org.apache.catalina.core.StandardService - Starting service [Tomcat]
2020-10-09 10:05:50,479 [main] INFO  org.apache.catalina.core.StandardEngine - Starting Servlet Engine: Apache Tomcat/9.0.12
2020-10-09 10:05:50,484 [main] INFO  org.apache.catalina.core.AprLifecycleListener - Loaded APR based Apache Tomcat Native library [1.2.23] using APR version [1.7.0].
2020-10-09 10:05:50,484 [main] INFO  org.apache.catalina.core.AprLifecycleListener - APR capabilities: IPv6 [true], sendfile [true], accept filters [false], random [true].
2020-10-09 10:05:50,484 [main] INFO  org.apache.catalina.core.AprLifecycleListener - APR/OpenSSL configuration: useAprConnector [false], useOpenSSL [true]
2020-10-09 10:05:50,487 [main] INFO  org.apache.catalina.core.AprLifecycleListener - OpenSSL successfully initialized [OpenSSL 1.1.1c  28 May 2019]
2020-10-09 10:05:50,587 [main] INFO  org.apache.catalina.core.ContainerBase.[Tomcat].[localhost].[/] - Initializing Spring embedded WebApplicationContext
2020-10-09 10:05:50,588 [main] INFO  org.springframework.web.context.ContextLoader - Root WebApplicationContext: initialization completed in 1029 ms
2020-10-09 10:05:50,607 [main] INFO  org.springframework.boot.web.servlet.ServletRegistrationBean - Servlet dispatcherServlet mapped to [/]
2020-10-09 10:05:50,610 [main] INFO  org.springframework.boot.web.servlet.FilterRegistrationBean - Mapping filter: 'characterEncodingFilter' to: [/*]
2020-10-09 10:05:50,610 [main] INFO  org.springframework.boot.web.servlet.FilterRegistrationBean - Mapping filter: 'hiddenHttpMethodFilter' to: [/*]
2020-10-09 10:05:50,611 [main] INFO  org.springframework.boot.web.servlet.FilterRegistrationBean - Mapping filter: 'formContentFilter' to: [/*]
2020-10-09 10:05:50,611 [main] INFO  org.springframework.boot.web.servlet.FilterRegistrationBean - Mapping filter: 'requestContextFilter' to: [/*]
2020-10-09 10:05:51,014 [main] INFO  org.springframework.scheduling.concurrent.ThreadPoolTaskExecutor - Initializing ExecutorService 'applicationTaskExecutor'
2020-10-09 10:05:51,257 [main] INFO  org.apache.coyote.http11.Http11NioProtocol - Starting ProtocolHandler ["https-openssl-nio-8080"]
2020-10-09 10:05:51,682 [main] INFO  org.apache.tomcat.util.net.NioSelectorPool - Using a shared selector for servlet write/read
2020-10-09 10:05:51,693 [main] INFO  org.springframework.boot.web.embedded.tomcat.TomcatWebServer - Tomcat started on port(s): 8080 (https) with context path ''
2020-10-09 10:05:51,696 [main] INFO  com.shortrent.ShortRentApplication - Started ShortRentApplication in 2.549 seconds (JVM running for 3.321)
2020-10-09 10:06:05,606 [https-openssl-nio-8080-exec-8] INFO  org.apache.catalina.core.ContainerBase.[Tomcat].[localhost].[/] - Initializing Spring DispatcherServlet 'dispatcherServlet'
2020-10-09 10:06:05,607 [https-openssl-nio-8080-exec-8] INFO  org.springframework.web.servlet.DispatcherServlet - Initializing Servlet 'dispatcherServlet'
2020-10-09 10:06:05,619 [https-openssl-nio-8080-exec-8] INFO  org.springframework.web.servlet.DispatcherServlet - Completed initialization in 12 ms
2020-10-09 10:06:06,112 [https-openssl-nio-8080-exec-4] INFO  com.zaxxer.hikari.HikariDataSource - HikariPool-1 - Starting...
2020-10-09 10:06:06,313 [https-openssl-nio-8080-exec-4] INFO  com.zaxxer.hikari.HikariDataSource - HikariPool-1 - Start completed.
2020-10-09 10:10:47,213 [RMI TCP Connection(2)-127.0.0.1] INFO  o.s.boot.admin.SpringApplicationAdminMXBeanRegistrar$SpringApplicationAdmin - Application shutdown requested.
2020-10-09 10:10:47,215 [RMI TCP Connection(2)-127.0.0.1] INFO  org.springframework.scheduling.concurrent.ThreadPoolTaskExecutor - Shutting down ExecutorService 'applicationTaskExecutor'
2020-10-09 10:10:47,215 [RMI TCP Connection(2)-127.0.0.1] INFO  com.zaxxer.hikari.HikariDataSource - HikariPool-1 - Shutdown initiated...
2020-10-09 10:10:47,224 [RMI TCP Connection(2)-127.0.0.1] INFO  com.zaxxer.hikari.HikariDataSource - HikariPool-1 - Shutdown completed.
2020-10-09 10:14:20,159 [main] INFO  com.shortrent.ShortRentApplication - Starting ShortRentApplication on DESKTOP-IQVI3L0 with PID 2172 (D:\springWork\shortrent\target\classes started by Dell in D:\springWork\shortrent)
2020-10-09 10:14:20,161 [main] INFO  com.shortrent.ShortRentApplication - No active profile set, falling back to default profiles: default
2020-10-09 10:14:21,007 [main] INFO  org.springframework.boot.web.embedded.tomcat.TomcatWebServer - Tomcat initialized with port(s): 8080 (https)
2020-10-09 10:14:21,015 [main] INFO  org.apache.coyote.http11.Http11NioProtocol - Initializing ProtocolHandler ["https-openssl-nio-8080"]
2020-10-09 10:14:21,019 [main] INFO  org.apache.catalina.core.StandardService - Starting service [Tomcat]
2020-10-09 10:14:21,019 [main] INFO  org.apache.catalina.core.StandardEngine - Starting Servlet Engine: Apache Tomcat/9.0.12
2020-10-09 10:14:21,024 [main] INFO  org.apache.catalina.core.AprLifecycleListener - Loaded APR based Apache Tomcat Native library [1.2.23] using APR version [1.7.0].
2020-10-09 10:14:21,024 [main] INFO  org.apache.catalina.core.AprLifecycleListener - APR capabilities: IPv6 [true], sendfile [true], accept filters [false], random [true].
2020-10-09 10:14:21,024 [main] INFO  org.apache.catalina.core.AprLifecycleListener - APR/OpenSSL configuration: useAprConnector [false], useOpenSSL [true]
2020-10-09 10:14:21,027 [main] INFO  org.apache.catalina.core.AprLifecycleListener - OpenSSL successfully initialized [OpenSSL 1.1.1c  28 May 2019]
2020-10-09 10:14:21,261 [main] INFO  org.apache.catalina.core.ContainerBase.[Tomcat].[localhost].[/] - Initializing Spring embedded WebApplicationContext
2020-10-09 10:14:21,261 [main] INFO  org.springframework.web.context.ContextLoader - Root WebApplicationContext: initialization completed in 1070 ms
2020-10-09 10:14:21,281 [main] INFO  org.springframework.boot.web.servlet.ServletRegistrationBean - Servlet dispatcherServlet mapped to [/]
2020-10-09 10:14:21,284 [main] INFO  org.springframework.boot.web.servlet.FilterRegistrationBean - Mapping filter: 'characterEncodingFilter' to: [/*]
2020-10-09 10:14:21,285 [main] INFO  org.springframework.boot.web.servlet.FilterRegistrationBean - Mapping filter: 'hiddenHttpMethodFilter' to: [/*]
2020-10-09 10:14:21,285 [main] INFO  org.springframework.boot.web.servlet.FilterRegistrationBean - Mapping filter: 'formContentFilter' to: [/*]
2020-10-09 10:14:21,285 [main] INFO  org.springframework.boot.web.servlet.FilterRegistrationBean - Mapping filter: 'requestContextFilter' to: [/*]
2020-10-09 10:14:21,631 [main] INFO  org.springframework.scheduling.concurrent.ThreadPoolTaskExecutor - Initializing ExecutorService 'applicationTaskExecutor'
2020-10-09 10:14:21,879 [main] INFO  org.apache.coyote.http11.Http11NioProtocol - Starting ProtocolHandler ["https-openssl-nio-8080"]
2020-10-09 10:14:22,293 [main] INFO  org.apache.tomcat.util.net.NioSelectorPool - Using a shared selector for servlet write/read
2020-10-09 10:14:22,303 [main] INFO  org.springframework.boot.web.embedded.tomcat.TomcatWebServer - Tomcat started on port(s): 8080 (https) with context path ''
2020-10-09 10:14:22,305 [main] INFO  com.shortrent.ShortRentApplication - Started ShortRentApplication in 2.451 seconds (JVM running for 3.215)
2020-10-09 10:14:26,175 [https-openssl-nio-8080-exec-7] INFO  org.apache.catalina.core.ContainerBase.[Tomcat].[localhost].[/] - Initializing Spring DispatcherServlet 'dispatcherServlet'
2020-10-09 10:14:26,175 [https-openssl-nio-8080-exec-7] INFO  org.springframework.web.servlet.DispatcherServlet - Initializing Servlet 'dispatcherServlet'
2020-10-09 10:14:26,180 [https-openssl-nio-8080-exec-7] INFO  org.springframework.web.servlet.DispatcherServlet - Completed initialization in 4 ms
2020-10-09 10:14:26,496 [https-openssl-nio-8080-exec-1] INFO  com.zaxxer.hikari.HikariDataSource - HikariPool-1 - Starting...
2020-10-09 10:14:26,589 [https-openssl-nio-8080-exec-1] INFO  com.zaxxer.hikari.HikariDataSource - HikariPool-1 - Start completed.
2020-10-09 10:21:27,282 [RMI TCP Connection(2)-127.0.0.1] INFO  o.s.boot.admin.SpringApplicationAdminMXBeanRegistrar$SpringApplicationAdmin - Application shutdown requested.
2020-10-09 10:21:27,285 [RMI TCP Connection(2)-127.0.0.1] INFO  org.springframework.scheduling.concurrent.ThreadPoolTaskExecutor - Shutting down ExecutorService 'applicationTaskExecutor'
2020-10-09 10:21:27,285 [RMI TCP Connection(2)-127.0.0.1] INFO  com.zaxxer.hikari.HikariDataSource - HikariPool-1 - Shutdown initiated...
2020-10-09 10:21:27,314 [RMI TCP Connection(2)-127.0.0.1] INFO  com.zaxxer.hikari.HikariDataSource - HikariPool-1 - Shutdown completed.
2020-10-09 14:14:32,361 [main] INFO  com.shortrent.ShortRentApplication - Starting ShortRentApplication on DESKTOP-IQVI3L0 with PID 10940 (D:\springWork\shortrent\target\classes started by Dell in D:\springWork\shortrent)
2020-10-09 14:14:32,432 [main] INFO  com.shortrent.ShortRentApplication - No active profile set, falling back to default profiles: default
2020-10-09 14:14:38,664 [main] INFO  org.springframework.boot.web.embedded.tomcat.TomcatWebServer - Tomcat initialized with port(s): 8080 (https)
2020-10-09 14:14:38,723 [main] INFO  org.apache.coyote.http11.Http11NioProtocol - Initializing ProtocolHandler ["https-openssl-nio-8080"]
2020-10-09 14:14:38,732 [main] INFO  org.apache.catalina.core.StandardService - Starting service [Tomcat]
2020-10-09 14:14:38,732 [main] INFO  org.apache.catalina.core.StandardEngine - Starting Servlet Engine: Apache Tomcat/9.0.12
2020-10-09 14:14:38,753 [main] INFO  org.apache.catalina.core.AprLifecycleListener - Loaded APR based Apache Tomcat Native library [1.2.23] using APR version [1.7.0].
2020-10-09 14:14:38,753 [main] INFO  org.apache.catalina.core.AprLifecycleListener - APR capabilities: IPv6 [true], sendfile [true], accept filters [false], random [true].
2020-10-09 14:14:38,771 [main] INFO  org.apache.catalina.core.AprLifecycleListener - APR/OpenSSL configuration: useAprConnector [false], useOpenSSL [true]
2020-10-09 14:14:38,862 [main] INFO  org.apache.catalina.core.AprLifecycleListener - OpenSSL successfully initialized [OpenSSL 1.1.1c  28 May 2019]
2020-10-09 14:14:39,177 [main] INFO  org.apache.catalina.core.ContainerBase.[Tomcat].[localhost].[/] - Initializing Spring embedded WebApplicationContext
2020-10-09 14:14:39,178 [main] INFO  org.springframework.web.context.ContextLoader - Root WebApplicationContext: initialization completed in 6382 ms
2020-10-09 14:14:39,284 [main] INFO  org.springframework.boot.web.servlet.ServletRegistrationBean - Servlet dispatcherServlet mapped to [/]
2020-10-09 14:14:39,296 [main] INFO  org.springframework.boot.web.servlet.FilterRegistrationBean - Mapping filter: 'characterEncodingFilter' to: [/*]
2020-10-09 14:14:39,296 [main] INFO  org.springframework.boot.web.servlet.FilterRegistrationBean - Mapping filter: 'hiddenHttpMethodFilter' to: [/*]
2020-10-09 14:14:39,296 [main] INFO  org.springframework.boot.web.servlet.FilterRegistrationBean - Mapping filter: 'formContentFilter' to: [/*]
2020-10-09 14:14:39,296 [main] INFO  org.springframework.boot.web.servlet.FilterRegistrationBean - Mapping filter: 'requestContextFilter' to: [/*]
2020-10-09 14:14:40,669 [main] INFO  org.springframework.scheduling.concurrent.ThreadPoolTaskExecutor - Initializing ExecutorService 'applicationTaskExecutor'
2020-10-09 14:14:41,117 [main] INFO  org.apache.coyote.http11.Http11NioProtocol - Starting ProtocolHandler ["https-openssl-nio-8080"]
2020-10-09 14:14:41,783 [main] INFO  org.apache.tomcat.util.net.NioSelectorPool - Using a shared selector for servlet write/read
2020-10-09 14:14:41,799 [main] INFO  org.springframework.boot.web.embedded.tomcat.TomcatWebServer - Tomcat started on port(s): 8080 (https) with context path ''
2020-10-09 14:14:41,803 [main] INFO  com.shortrent.ShortRentApplication - Started ShortRentApplication in 10.94 seconds (JVM running for 12.724)
2020-10-09 14:15:42,156 [https-openssl-nio-8080-exec-7] INFO  org.apache.catalina.core.ContainerBase.[Tomcat].[localhost].[/] - Initializing Spring DispatcherServlet 'dispatcherServlet'
2020-10-09 14:15:42,156 [https-openssl-nio-8080-exec-7] INFO  org.springframework.web.servlet.DispatcherServlet - Initializing Servlet 'dispatcherServlet'
2020-10-09 14:15:42,163 [https-openssl-nio-8080-exec-7] INFO  org.springframework.web.servlet.DispatcherServlet - Completed initialization in 7 ms
2020-10-09 14:15:44,681 [https-openssl-nio-8080-exec-5] INFO  com.zaxxer.hikari.HikariDataSource - HikariPool-1 - Starting...
2020-10-09 14:15:44,967 [https-openssl-nio-8080-exec-5] INFO  com.zaxxer.hikari.HikariDataSource - HikariPool-1 - Start completed.
2020-10-09 14:34:43,789 [RMI TCP Connection(5)-127.0.0.1] INFO  o.s.boot.admin.SpringApplicationAdminMXBeanRegistrar$SpringApplicationAdmin - Application shutdown requested.
2020-10-09 14:34:43,833 [RMI TCP Connection(5)-127.0.0.1] INFO  org.springframework.scheduling.concurrent.ThreadPoolTaskExecutor - Shutting down ExecutorService 'applicationTaskExecutor'
2020-10-09 14:34:43,868 [RMI TCP Connection(5)-127.0.0.1] INFO  com.zaxxer.hikari.HikariDataSource - HikariPool-1 - Shutdown initiated...
2020-10-09 14:34:43,902 [RMI TCP Connection(5)-127.0.0.1] INFO  com.zaxxer.hikari.HikariDataSource - HikariPool-1 - Shutdown completed.
2020-10-09 14:37:11,549 [main] INFO  com.shortrent.ShortRentApplication - Starting ShortRentApplication on DESKTOP-IQVI3L0 with PID 5320 (D:\springWork\shortrent\target\classes started by Dell in D:\springWork\shortrent)
2020-10-09 14:37:11,552 [main] INFO  com.shortrent.ShortRentApplication - No active profile set, falling back to default profiles: default
2020-10-09 14:37:14,186 [main] INFO  org.springframework.boot.web.embedded.tomcat.TomcatWebServer - Tomcat initialized with port(s): 8080 (https)
2020-10-09 14:37:14,233 [main] INFO  org.apache.coyote.http11.Http11NioProtocol - Initializing ProtocolHandler ["https-openssl-nio-8080"]
2020-10-09 14:37:14,239 [main] INFO  org.apache.catalina.core.StandardService - Starting service [Tomcat]
2020-10-09 14:37:14,240 [main] INFO  org.apache.catalina.core.StandardEngine - Starting Servlet Engine: Apache Tomcat/9.0.12
2020-10-09 14:37:14,246 [main] INFO  org.apache.catalina.core.AprLifecycleListener - Loaded APR based Apache Tomcat Native library [1.2.23] using APR version [1.7.0].
2020-10-09 14:37:14,246 [main] INFO  org.apache.catalina.core.AprLifecycleListener - APR capabilities: IPv6 [true], sendfile [true], accept filters [false], random [true].
2020-10-09 14:37:14,246 [main] INFO  org.apache.catalina.core.AprLifecycleListener - APR/OpenSSL configuration: useAprConnector [false], useOpenSSL [true]
2020-10-09 14:37:14,292 [main] INFO  org.apache.catalina.core.AprLifecycleListener - OpenSSL successfully initialized [OpenSSL 1.1.1c  28 May 2019]
2020-10-09 14:37:14,462 [main] INFO  org.apache.catalina.core.ContainerBase.[Tomcat].[localhost].[/] - Initializing Spring embedded WebApplicationContext
2020-10-09 14:37:14,462 [main] INFO  org.springframework.web.context.ContextLoader - Root WebApplicationContext: initialization completed in 2761 ms
2020-10-09 14:37:14,482 [main] INFO  org.springframework.boot.web.servlet.ServletRegistrationBean - Servlet dispatcherServlet mapped to [/]
2020-10-09 14:37:14,485 [main] INFO  org.springframework.boot.web.servlet.FilterRegistrationBean - Mapping filter: 'characterEncodingFilter' to: [/*]
2020-10-09 14:37:14,485 [main] INFO  org.springframework.boot.web.servlet.FilterRegistrationBean - Mapping filter: 'hiddenHttpMethodFilter' to: [/*]
2020-10-09 14:37:14,485 [main] INFO  org.springframework.boot.web.servlet.FilterRegistrationBean - Mapping filter: 'formContentFilter' to: [/*]
2020-10-09 14:37:14,486 [main] INFO  org.springframework.boot.web.servlet.FilterRegistrationBean - Mapping filter: 'requestContextFilter' to: [/*]
2020-10-09 14:37:15,251 [main] INFO  org.springframework.scheduling.concurrent.ThreadPoolTaskExecutor - Initializing ExecutorService 'applicationTaskExecutor'
2020-10-09 14:37:15,592 [main] INFO  org.apache.coyote.http11.Http11NioProtocol - Starting ProtocolHandler ["https-openssl-nio-8080"]
2020-10-09 14:37:16,141 [main] INFO  org.apache.tomcat.util.net.NioSelectorPool - Using a shared selector for servlet write/read
2020-10-09 14:37:16,153 [main] INFO  org.springframework.boot.web.embedded.tomcat.TomcatWebServer - Tomcat started on port(s): 8080 (https) with context path ''
2020-10-09 14:37:16,156 [main] INFO  com.shortrent.ShortRentApplication - Started ShortRentApplication in 5.553 seconds (JVM running for 6.939)
2020-10-09 14:37:25,642 [https-openssl-nio-8080-exec-7] INFO  org.apache.catalina.core.ContainerBase.[Tomcat].[localhost].[/] - Initializing Spring DispatcherServlet 'dispatcherServlet'
2020-10-09 14:37:25,642 [https-openssl-nio-8080-exec-7] INFO  org.springframework.web.servlet.DispatcherServlet - Initializing Servlet 'dispatcherServlet'
2020-10-09 14:37:25,650 [https-openssl-nio-8080-exec-7] INFO  org.springframework.web.servlet.DispatcherServlet - Completed initialization in 8 ms
2020-10-09 14:37:26,276 [https-openssl-nio-8080-exec-3] INFO  com.zaxxer.hikari.HikariDataSource - HikariPool-1 - Starting...
2020-10-09 14:37:26,501 [https-openssl-nio-8080-exec-3] INFO  com.zaxxer.hikari.HikariDataSource - HikariPool-1 - Start completed.
2020-10-09 14:45:45,874 [RMI TCP Connection(4)-127.0.0.1] INFO  o.s.boot.admin.SpringApplicationAdminMXBeanRegistrar$SpringApplicationAdmin - Application shutdown requested.
2020-10-09 14:45:45,878 [RMI TCP Connection(4)-127.0.0.1] INFO  org.springframework.scheduling.concurrent.ThreadPoolTaskExecutor - Shutting down ExecutorService 'applicationTaskExecutor'
2020-10-09 14:45:45,879 [RMI TCP Connection(4)-127.0.0.1] INFO  com.zaxxer.hikari.HikariDataSource - HikariPool-1 - Shutdown initiated...
2020-10-09 14:45:45,890 [RMI TCP Connection(4)-127.0.0.1] INFO  com.zaxxer.hikari.HikariDataSource - HikariPool-1 - Shutdown completed.
