2020-10-12 08:12:34,709 [main] INFO  com.shortrent.ShortRentApplication - Starting ShortRentApplication on DESKTOP-IQVI3L0 with PID 12844 (D:\springWork\shortrent\target\classes started by Dell in D:\springWork\shortrent)
2020-10-12 08:12:34,712 [main] INFO  com.shortrent.ShortRentApplication - No active profile set, falling back to default profiles: default
2020-10-12 08:12:36,005 [main] INFO  org.springframework.boot.web.embedded.tomcat.TomcatWebServer - Tomcat initialized with port(s): 8080 (https)
2020-10-12 08:12:36,015 [main] INFO  org.apache.coyote.http11.Http11NioProtocol - Initializing ProtocolHandler ["https-openssl-nio-8080"]
2020-10-12 08:12:36,019 [main] INFO  org.apache.catalina.core.StandardService - Starting service [Tomcat]
2020-10-12 08:12:36,019 [main] INFO  org.apache.catalina.core.StandardEngine - Starting Servlet Engine: Apache Tomcat/9.0.12
2020-10-12 08:12:36,024 [main] INFO  org.apache.catalina.core.AprLifecycleListener - Loaded APR based Apache Tomcat Native library [1.2.23] using APR version [1.7.0].
2020-10-12 08:12:36,025 [main] INFO  org.apache.catalina.core.AprLifecycleListener - APR capabilities: IPv6 [true], sendfile [true], accept filters [false], random [true].
2020-10-12 08:12:36,025 [main] INFO  org.apache.catalina.core.AprLifecycleListener - APR/OpenSSL configuration: useAprConnector [false], useOpenSSL [true]
2020-10-12 08:12:36,030 [main] INFO  org.apache.catalina.core.AprLifecycleListener - OpenSSL successfully initialized [OpenSSL 1.1.1c  28 May 2019]
2020-10-12 08:12:36,114 [main] INFO  org.apache.catalina.core.ContainerBase.[Tomcat].[localhost].[/] - Initializing Spring embedded WebApplicationContext
2020-10-12 08:12:36,114 [main] INFO  org.springframework.web.context.ContextLoader - Root WebApplicationContext: initialization completed in 1375 ms
2020-10-12 08:12:36,132 [main] INFO  org.springframework.boot.web.servlet.ServletRegistrationBean - Servlet dispatcherServlet mapped to [/]
2020-10-12 08:12:36,135 [main] INFO  org.springframework.boot.web.servlet.FilterRegistrationBean - Mapping filter: 'characterEncodingFilter' to: [/*]
2020-10-12 08:12:36,136 [main] INFO  org.springframework.boot.web.servlet.FilterRegistrationBean - Mapping filter: 'hiddenHttpMethodFilter' to: [/*]
2020-10-12 08:12:36,136 [main] INFO  org.springframework.boot.web.servlet.FilterRegistrationBean - Mapping filter: 'formContentFilter' to: [/*]
2020-10-12 08:12:36,136 [main] INFO  org.springframework.boot.web.servlet.FilterRegistrationBean - Mapping filter: 'requestContextFilter' to: [/*]
2020-10-12 08:12:36,463 [main] INFO  org.springframework.scheduling.concurrent.ThreadPoolTaskExecutor - Initializing ExecutorService 'applicationTaskExecutor'
2020-10-12 08:12:36,695 [main] INFO  org.apache.coyote.http11.Http11NioProtocol - Starting ProtocolHandler ["https-openssl-nio-8080"]
2020-10-12 08:12:37,182 [main] INFO  org.apache.tomcat.util.net.NioSelectorPool - Using a shared selector for servlet write/read
2020-10-12 08:12:37,194 [main] INFO  org.springframework.boot.web.embedded.tomcat.TomcatWebServer - Tomcat started on port(s): 8080 (https) with context path ''
2020-10-12 08:12:37,196 [main] INFO  com.shortrent.ShortRentApplication - Started ShortRentApplication in 2.817 seconds (JVM running for 3.624)
2020-10-12 08:13:09,384 [https-openssl-nio-8080-exec-7] INFO  org.apache.catalina.core.ContainerBase.[Tomcat].[localhost].[/] - Initializing Spring DispatcherServlet 'dispatcherServlet'
2020-10-12 08:13:09,384 [https-openssl-nio-8080-exec-7] INFO  org.springframework.web.servlet.DispatcherServlet - Initializing Servlet 'dispatcherServlet'
2020-10-12 08:13:09,495 [https-openssl-nio-8080-exec-7] INFO  org.springframework.web.servlet.DispatcherServlet - Completed initialization in 110 ms
2020-10-12 08:13:11,491 [https-openssl-nio-8080-exec-9] INFO  com.zaxxer.hikari.HikariDataSource - HikariPool-1 - Starting...
2020-10-12 08:13:12,573 [https-openssl-nio-8080-exec-9] INFO  com.zaxxer.hikari.HikariDataSource - HikariPool-1 - Start completed.
2020-10-12 08:24:18,296 [RMI TCP Connection(3)-127.0.0.1] INFO  o.s.boot.admin.SpringApplicationAdminMXBeanRegistrar$SpringApplicationAdmin - Application shutdown requested.
2020-10-12 08:24:18,534 [RMI TCP Connection(3)-127.0.0.1] INFO  org.springframework.scheduling.concurrent.ThreadPoolTaskExecutor - Shutting down ExecutorService 'applicationTaskExecutor'
2020-10-12 08:24:18,613 [RMI TCP Connection(3)-127.0.0.1] INFO  com.zaxxer.hikari.HikariDataSource - HikariPool-1 - Shutdown initiated...
2020-10-12 08:24:18,717 [RMI TCP Connection(3)-127.0.0.1] INFO  com.zaxxer.hikari.HikariDataSource - HikariPool-1 - Shutdown completed.
2020-10-12 08:24:34,134 [main] INFO  com.shortrent.ShortRentApplication - Starting ShortRentApplication on DESKTOP-IQVI3L0 with PID 8460 (D:\springWork\shortrent\target\classes started by Dell in D:\springWork\shortrent)
2020-10-12 08:24:34,141 [main] INFO  com.shortrent.ShortRentApplication - No active profile set, falling back to default profiles: default
2020-10-12 08:24:38,467 [main] INFO  org.springframework.boot.web.embedded.tomcat.TomcatWebServer - Tomcat initialized with port(s): 8080 (https)
2020-10-12 08:24:38,528 [main] INFO  org.apache.coyote.http11.Http11NioProtocol - Initializing ProtocolHandler ["https-openssl-nio-8080"]
2020-10-12 08:24:38,546 [main] INFO  org.apache.catalina.core.StandardService - Starting service [Tomcat]
2020-10-12 08:24:38,546 [main] INFO  org.apache.catalina.core.StandardEngine - Starting Servlet Engine: Apache Tomcat/9.0.12
2020-10-12 08:24:38,554 [main] INFO  org.apache.catalina.core.AprLifecycleListener - Loaded APR based Apache Tomcat Native library [1.2.23] using APR version [1.7.0].
2020-10-12 08:24:38,554 [main] INFO  org.apache.catalina.core.AprLifecycleListener - APR capabilities: IPv6 [true], sendfile [true], accept filters [false], random [true].
2020-10-12 08:24:38,554 [main] INFO  org.apache.catalina.core.AprLifecycleListener - APR/OpenSSL configuration: useAprConnector [false], useOpenSSL [true]
2020-10-12 08:24:38,639 [main] INFO  org.apache.catalina.core.AprLifecycleListener - OpenSSL successfully initialized [OpenSSL 1.1.1c  28 May 2019]
2020-10-12 08:24:38,781 [main] INFO  org.apache.catalina.core.ContainerBase.[Tomcat].[localhost].[/] - Initializing Spring embedded WebApplicationContext
2020-10-12 08:24:38,781 [main] INFO  org.springframework.web.context.ContextLoader - Root WebApplicationContext: initialization completed in 4366 ms
2020-10-12 08:24:38,835 [main] INFO  org.springframework.boot.web.servlet.ServletRegistrationBean - Servlet dispatcherServlet mapped to [/]
2020-10-12 08:24:38,855 [main] INFO  org.springframework.boot.web.servlet.FilterRegistrationBean - Mapping filter: 'characterEncodingFilter' to: [/*]
2020-10-12 08:24:38,855 [main] INFO  org.springframework.boot.web.servlet.FilterRegistrationBean - Mapping filter: 'hiddenHttpMethodFilter' to: [/*]
2020-10-12 08:24:38,855 [main] INFO  org.springframework.boot.web.servlet.FilterRegistrationBean - Mapping filter: 'formContentFilter' to: [/*]
2020-10-12 08:24:38,855 [main] INFO  org.springframework.boot.web.servlet.FilterRegistrationBean - Mapping filter: 'requestContextFilter' to: [/*]
2020-10-12 08:24:40,291 [main] INFO  org.springframework.scheduling.concurrent.ThreadPoolTaskExecutor - Initializing ExecutorService 'applicationTaskExecutor'
2020-10-12 08:24:40,763 [main] INFO  org.apache.coyote.http11.Http11NioProtocol - Starting ProtocolHandler ["https-openssl-nio-8080"]
2020-10-12 08:24:41,413 [main] INFO  org.apache.tomcat.util.net.NioSelectorPool - Using a shared selector for servlet write/read
2020-10-12 08:24:41,429 [main] INFO  org.springframework.boot.web.embedded.tomcat.TomcatWebServer - Tomcat started on port(s): 8080 (https) with context path ''
2020-10-12 08:24:41,431 [main] INFO  com.shortrent.ShortRentApplication - Started ShortRentApplication in 9.785 seconds (JVM running for 11.992)
2020-10-12 08:25:26,551 [RMI TCP Connection(3)-127.0.0.1] INFO  o.s.boot.admin.SpringApplicationAdminMXBeanRegistrar$SpringApplicationAdmin - Application shutdown requested.
2020-10-12 08:25:26,555 [RMI TCP Connection(3)-127.0.0.1] INFO  org.springframework.scheduling.concurrent.ThreadPoolTaskExecutor - Shutting down ExecutorService 'applicationTaskExecutor'
2020-10-12 08:28:01,553 [main] INFO  com.shortrent.ShortRentApplication - Starting ShortRentApplication on DESKTOP-IQVI3L0 with PID 11640 (D:\springWork\shortrent\target\classes started by Dell in D:\springWork\shortrent)
2020-10-12 08:28:01,556 [main] INFO  com.shortrent.ShortRentApplication - No active profile set, falling back to default profiles: default
2020-10-12 08:28:03,074 [main] INFO  org.springframework.boot.web.embedded.tomcat.TomcatWebServer - Tomcat initialized with port(s): 8080 (https)
2020-10-12 08:28:03,136 [main] INFO  org.apache.coyote.http11.Http11NioProtocol - Initializing ProtocolHandler ["https-openssl-nio-8080"]
2020-10-12 08:28:03,153 [main] INFO  org.apache.catalina.core.StandardService - Starting service [Tomcat]
2020-10-12 08:28:03,153 [main] INFO  org.apache.catalina.core.StandardEngine - Starting Servlet Engine: Apache Tomcat/9.0.12
2020-10-12 08:28:03,160 [main] INFO  org.apache.catalina.core.AprLifecycleListener - Loaded APR based Apache Tomcat Native library [1.2.23] using APR version [1.7.0].
2020-10-12 08:28:03,161 [main] INFO  org.apache.catalina.core.AprLifecycleListener - APR capabilities: IPv6 [true], sendfile [true], accept filters [false], random [true].
2020-10-12 08:28:03,161 [main] INFO  org.apache.catalina.core.AprLifecycleListener - APR/OpenSSL configuration: useAprConnector [false], useOpenSSL [true]
2020-10-12 08:28:03,173 [main] INFO  org.apache.catalina.core.AprLifecycleListener - OpenSSL successfully initialized [OpenSSL 1.1.1c  28 May 2019]
2020-10-12 08:28:03,345 [main] INFO  org.apache.catalina.core.ContainerBase.[Tomcat].[localhost].[/] - Initializing Spring embedded WebApplicationContext
2020-10-12 08:28:03,345 [main] INFO  org.springframework.web.context.ContextLoader - Root WebApplicationContext: initialization completed in 1763 ms
2020-10-12 08:28:03,364 [main] INFO  org.springframework.boot.web.servlet.ServletRegistrationBean - Servlet dispatcherServlet mapped to [/]
2020-10-12 08:28:03,368 [main] INFO  org.springframework.boot.web.servlet.FilterRegistrationBean - Mapping filter: 'characterEncodingFilter' to: [/*]
2020-10-12 08:28:03,369 [main] INFO  org.springframework.boot.web.servlet.FilterRegistrationBean - Mapping filter: 'hiddenHttpMethodFilter' to: [/*]
2020-10-12 08:28:03,369 [main] INFO  org.springframework.boot.web.servlet.FilterRegistrationBean - Mapping filter: 'formContentFilter' to: [/*]
2020-10-12 08:28:03,369 [main] INFO  org.springframework.boot.web.servlet.FilterRegistrationBean - Mapping filter: 'requestContextFilter' to: [/*]
2020-10-12 08:28:03,829 [main] INFO  org.springframework.scheduling.concurrent.ThreadPoolTaskExecutor - Initializing ExecutorService 'applicationTaskExecutor'
2020-10-12 08:28:04,144 [main] INFO  org.apache.coyote.http11.Http11NioProtocol - Starting ProtocolHandler ["https-openssl-nio-8080"]
2020-10-12 08:28:04,896 [main] INFO  org.apache.tomcat.util.net.NioSelectorPool - Using a shared selector for servlet write/read
2020-10-12 08:28:04,911 [main] INFO  org.springframework.boot.web.embedded.tomcat.TomcatWebServer - Tomcat started on port(s): 8080 (https) with context path ''
2020-10-12 08:28:04,914 [main] INFO  com.shortrent.ShortRentApplication - Started ShortRentApplication in 3.668 seconds (JVM running for 4.451)
2020-10-12 08:28:10,694 [https-openssl-nio-8080-exec-7] INFO  org.apache.catalina.core.ContainerBase.[Tomcat].[localhost].[/] - Initializing Spring DispatcherServlet 'dispatcherServlet'
2020-10-12 08:28:10,694 [https-openssl-nio-8080-exec-7] INFO  org.springframework.web.servlet.DispatcherServlet - Initializing Servlet 'dispatcherServlet'
2020-10-12 08:28:10,699 [https-openssl-nio-8080-exec-7] INFO  org.springframework.web.servlet.DispatcherServlet - Completed initialization in 5 ms
2020-10-12 08:28:11,818 [https-openssl-nio-8080-exec-9] INFO  com.zaxxer.hikari.HikariDataSource - HikariPool-1 - Starting...
2020-10-12 08:28:12,085 [https-openssl-nio-8080-exec-9] INFO  com.zaxxer.hikari.HikariDataSource - HikariPool-1 - Start completed.
2020-10-12 08:58:31,528 [RMI TCP Connection(6)-127.0.0.1] INFO  o.s.boot.admin.SpringApplicationAdminMXBeanRegistrar$SpringApplicationAdmin - Application shutdown requested.
2020-10-12 08:58:31,819 [RMI TCP Connection(6)-127.0.0.1] INFO  org.springframework.scheduling.concurrent.ThreadPoolTaskExecutor - Shutting down ExecutorService 'applicationTaskExecutor'
2020-10-12 08:58:31,882 [RMI TCP Connection(6)-127.0.0.1] INFO  com.zaxxer.hikari.HikariDataSource - HikariPool-1 - Shutdown initiated...
2020-10-12 08:58:31,933 [RMI TCP Connection(6)-127.0.0.1] INFO  com.zaxxer.hikari.HikariDataSource - HikariPool-1 - Shutdown completed.
2020-10-12 08:58:48,220 [main] INFO  com.shortrent.ShortRentApplication - Starting ShortRentApplication on DESKTOP-IQVI3L0 with PID 832 (D:\springWork\shortrent\target\classes started by Dell in D:\springWork\shortrent)
2020-10-12 08:58:48,223 [main] INFO  com.shortrent.ShortRentApplication - No active profile set, falling back to default profiles: default
2020-10-12 08:58:49,030 [main] INFO  org.springframework.boot.web.embedded.tomcat.TomcatWebServer - Tomcat initialized with port(s): 8080 (https)
2020-10-12 08:58:49,037 [main] INFO  org.apache.coyote.http11.Http11NioProtocol - Initializing ProtocolHandler ["https-openssl-nio-8080"]
2020-10-12 08:58:49,040 [main] INFO  org.apache.catalina.core.StandardService - Starting service [Tomcat]
2020-10-12 08:58:49,041 [main] INFO  org.apache.catalina.core.StandardEngine - Starting Servlet Engine: Apache Tomcat/9.0.12
2020-10-12 08:58:49,046 [main] INFO  org.apache.catalina.core.AprLifecycleListener - Loaded APR based Apache Tomcat Native library [1.2.23] using APR version [1.7.0].
2020-10-12 08:58:49,046 [main] INFO  org.apache.catalina.core.AprLifecycleListener - APR capabilities: IPv6 [true], sendfile [true], accept filters [false], random [true].
2020-10-12 08:58:49,046 [main] INFO  org.apache.catalina.core.AprLifecycleListener - APR/OpenSSL configuration: useAprConnector [false], useOpenSSL [true]
2020-10-12 08:58:49,049 [main] INFO  org.apache.catalina.core.AprLifecycleListener - OpenSSL successfully initialized [OpenSSL 1.1.1c  28 May 2019]
2020-10-12 08:58:49,165 [main] INFO  org.apache.catalina.core.ContainerBase.[Tomcat].[localhost].[/] - Initializing Spring embedded WebApplicationContext
2020-10-12 08:58:49,166 [main] INFO  org.springframework.web.context.ContextLoader - Root WebApplicationContext: initialization completed in 906 ms
2020-10-12 08:58:49,184 [main] INFO  org.springframework.boot.web.servlet.ServletRegistrationBean - Servlet dispatcherServlet mapped to [/]
2020-10-12 08:58:49,187 [main] INFO  org.springframework.boot.web.servlet.FilterRegistrationBean - Mapping filter: 'characterEncodingFilter' to: [/*]
2020-10-12 08:58:49,187 [main] INFO  org.springframework.boot.web.servlet.FilterRegistrationBean - Mapping filter: 'hiddenHttpMethodFilter' to: [/*]
2020-10-12 08:58:49,187 [main] INFO  org.springframework.boot.web.servlet.FilterRegistrationBean - Mapping filter: 'formContentFilter' to: [/*]
2020-10-12 08:58:49,187 [main] INFO  org.springframework.boot.web.servlet.FilterRegistrationBean - Mapping filter: 'requestContextFilter' to: [/*]
2020-10-12 08:58:49,944 [main] INFO  org.springframework.scheduling.concurrent.ThreadPoolTaskExecutor - Initializing ExecutorService 'applicationTaskExecutor'
2020-10-12 08:58:50,478 [main] INFO  org.apache.coyote.http11.Http11NioProtocol - Starting ProtocolHandler ["https-openssl-nio-8080"]
2020-10-12 08:58:51,034 [main] INFO  org.apache.tomcat.util.net.NioSelectorPool - Using a shared selector for servlet write/read
2020-10-12 08:58:51,057 [main] INFO  org.springframework.boot.web.embedded.tomcat.TomcatWebServer - Tomcat started on port(s): 8080 (https) with context path ''
2020-10-12 08:58:51,060 [main] INFO  com.shortrent.ShortRentApplication - Started ShortRentApplication in 3.177 seconds (JVM running for 3.947)
2020-10-12 08:59:05,404 [https-openssl-nio-8080-exec-7] INFO  org.apache.catalina.core.ContainerBase.[Tomcat].[localhost].[/] - Initializing Spring DispatcherServlet 'dispatcherServlet'
2020-10-12 08:59:05,404 [https-openssl-nio-8080-exec-7] INFO  org.springframework.web.servlet.DispatcherServlet - Initializing Servlet 'dispatcherServlet'
2020-10-12 08:59:05,409 [https-openssl-nio-8080-exec-7] INFO  org.springframework.web.servlet.DispatcherServlet - Completed initialization in 5 ms
2020-10-12 08:59:06,298 [https-openssl-nio-8080-exec-8] INFO  com.zaxxer.hikari.HikariDataSource - HikariPool-1 - Starting...
2020-10-12 08:59:06,501 [https-openssl-nio-8080-exec-8] INFO  com.zaxxer.hikari.HikariDataSource - HikariPool-1 - Start completed.
2020-10-12 09:19:09,003 [RMI TCP Connection(4)-127.0.0.1] INFO  o.s.boot.admin.SpringApplicationAdminMXBeanRegistrar$SpringApplicationAdmin - Application shutdown requested.
2020-10-12 09:19:10,996 [RMI TCP Connection(4)-127.0.0.1] INFO  org.springframework.scheduling.concurrent.ThreadPoolTaskExecutor - Shutting down ExecutorService 'applicationTaskExecutor'
2020-10-12 09:19:11,180 [RMI TCP Connection(4)-127.0.0.1] INFO  com.zaxxer.hikari.HikariDataSource - HikariPool-1 - Shutdown initiated...
2020-10-12 09:19:11,636 [RMI TCP Connection(4)-127.0.0.1] INFO  com.zaxxer.hikari.HikariDataSource - HikariPool-1 - Shutdown completed.
2020-10-12 09:19:27,479 [main] INFO  com.shortrent.ShortRentApplication - Starting ShortRentApplication on DESKTOP-IQVI3L0 with PID 6576 (D:\springWork\shortrent\target\classes started by Dell in D:\springWork\shortrent)
2020-10-12 09:19:27,482 [main] INFO  com.shortrent.ShortRentApplication - No active profile set, falling back to default profiles: default
2020-10-12 09:19:28,506 [main] INFO  org.springframework.boot.web.embedded.tomcat.TomcatWebServer - Tomcat initialized with port(s): 8080 (https)
2020-10-12 09:19:28,514 [main] INFO  org.apache.coyote.http11.Http11NioProtocol - Initializing ProtocolHandler ["https-openssl-nio-8080"]
2020-10-12 09:19:28,517 [main] INFO  org.apache.catalina.core.StandardService - Starting service [Tomcat]
2020-10-12 09:19:28,518 [main] INFO  org.apache.catalina.core.StandardEngine - Starting Servlet Engine: Apache Tomcat/9.0.12
2020-10-12 09:19:28,523 [main] INFO  org.apache.catalina.core.AprLifecycleListener - Loaded APR based Apache Tomcat Native library [1.2.23] using APR version [1.7.0].
2020-10-12 09:19:28,523 [main] INFO  org.apache.catalina.core.AprLifecycleListener - APR capabilities: IPv6 [true], sendfile [true], accept filters [false], random [true].
2020-10-12 09:19:28,523 [main] INFO  org.apache.catalina.core.AprLifecycleListener - APR/OpenSSL configuration: useAprConnector [false], useOpenSSL [true]
2020-10-12 09:19:28,526 [main] INFO  org.apache.catalina.core.AprLifecycleListener - OpenSSL successfully initialized [OpenSSL 1.1.1c  28 May 2019]
2020-10-12 09:19:28,604 [main] INFO  org.apache.catalina.core.ContainerBase.[Tomcat].[localhost].[/] - Initializing Spring embedded WebApplicationContext
2020-10-12 09:19:28,604 [main] INFO  org.springframework.web.context.ContextLoader - Root WebApplicationContext: initialization completed in 1090 ms
2020-10-12 09:19:28,624 [main] INFO  org.springframework.boot.web.servlet.ServletRegistrationBean - Servlet dispatcherServlet mapped to [/]
2020-10-12 09:19:28,627 [main] INFO  org.springframework.boot.web.servlet.FilterRegistrationBean - Mapping filter: 'characterEncodingFilter' to: [/*]
2020-10-12 09:19:28,627 [main] INFO  org.springframework.boot.web.servlet.FilterRegistrationBean - Mapping filter: 'hiddenHttpMethodFilter' to: [/*]
2020-10-12 09:19:28,627 [main] INFO  org.springframework.boot.web.servlet.FilterRegistrationBean - Mapping filter: 'formContentFilter' to: [/*]
2020-10-12 09:19:28,627 [main] INFO  org.springframework.boot.web.servlet.FilterRegistrationBean - Mapping filter: 'requestContextFilter' to: [/*]
2020-10-12 09:19:29,032 [main] INFO  org.springframework.scheduling.concurrent.ThreadPoolTaskExecutor - Initializing ExecutorService 'applicationTaskExecutor'
2020-10-12 09:19:29,279 [main] INFO  org.apache.coyote.http11.Http11NioProtocol - Starting ProtocolHandler ["https-openssl-nio-8080"]
2020-10-12 09:19:29,715 [main] INFO  org.apache.tomcat.util.net.NioSelectorPool - Using a shared selector for servlet write/read
2020-10-12 09:19:29,725 [main] INFO  org.springframework.boot.web.embedded.tomcat.TomcatWebServer - Tomcat started on port(s): 8080 (https) with context path ''
2020-10-12 09:19:29,727 [main] INFO  com.shortrent.ShortRentApplication - Started ShortRentApplication in 2.574 seconds (JVM running for 3.42)
2020-10-12 09:19:36,978 [https-openssl-nio-8080-exec-7] INFO  org.apache.catalina.core.ContainerBase.[Tomcat].[localhost].[/] - Initializing Spring DispatcherServlet 'dispatcherServlet'
2020-10-12 09:19:36,978 [https-openssl-nio-8080-exec-7] INFO  org.springframework.web.servlet.DispatcherServlet - Initializing Servlet 'dispatcherServlet'
2020-10-12 09:19:37,006 [https-openssl-nio-8080-exec-7] INFO  org.springframework.web.servlet.DispatcherServlet - Completed initialization in 28 ms
2020-10-12 09:19:37,935 [https-openssl-nio-8080-exec-8] INFO  com.zaxxer.hikari.HikariDataSource - HikariPool-1 - Starting...
2020-10-12 09:19:38,130 [https-openssl-nio-8080-exec-8] INFO  com.zaxxer.hikari.HikariDataSource - HikariPool-1 - Start completed.
2020-10-12 10:59:52,163 [RMI TCP Connection(5)-127.0.0.1] INFO  o.s.boot.admin.SpringApplicationAdminMXBeanRegistrar$SpringApplicationAdmin - Application shutdown requested.
2020-10-12 10:59:54,582 [RMI TCP Connection(5)-127.0.0.1] INFO  org.springframework.scheduling.concurrent.ThreadPoolTaskExecutor - Shutting down ExecutorService 'applicationTaskExecutor'
2020-10-12 10:59:54,912 [RMI TCP Connection(5)-127.0.0.1] INFO  com.zaxxer.hikari.HikariDataSource - HikariPool-1 - Shutdown initiated...
2020-10-12 10:59:55,289 [RMI TCP Connection(5)-127.0.0.1] INFO  com.zaxxer.hikari.HikariDataSource - HikariPool-1 - Shutdown completed.
2020-10-12 11:00:30,649 [main] INFO  com.shortrent.ShortRentApplication - Starting ShortRentApplication on DESKTOP-IQVI3L0 with PID 1728 (D:\springWork\shortrent\target\classes started by Dell in D:\springWork\shortrent)
2020-10-12 11:00:30,652 [main] INFO  com.shortrent.ShortRentApplication - No active profile set, falling back to default profiles: default
2020-10-12 11:00:31,862 [main] INFO  org.springframework.boot.web.embedded.tomcat.TomcatWebServer - Tomcat initialized with port(s): 8080 (https)
2020-10-12 11:00:31,870 [main] INFO  org.apache.coyote.http11.Http11NioProtocol - Initializing ProtocolHandler ["https-openssl-nio-8080"]
2020-10-12 11:00:31,873 [main] INFO  org.apache.catalina.core.StandardService - Starting service [Tomcat]
2020-10-12 11:00:31,874 [main] INFO  org.apache.catalina.core.StandardEngine - Starting Servlet Engine: Apache Tomcat/9.0.12
2020-10-12 11:00:31,879 [main] INFO  org.apache.catalina.core.AprLifecycleListener - Loaded APR based Apache Tomcat Native library [1.2.23] using APR version [1.7.0].
2020-10-12 11:00:31,879 [main] INFO  org.apache.catalina.core.AprLifecycleListener - APR capabilities: IPv6 [true], sendfile [true], accept filters [false], random [true].
2020-10-12 11:00:31,879 [main] INFO  org.apache.catalina.core.AprLifecycleListener - APR/OpenSSL configuration: useAprConnector [false], useOpenSSL [true]
2020-10-12 11:00:31,882 [main] INFO  org.apache.catalina.core.AprLifecycleListener - OpenSSL successfully initialized [OpenSSL 1.1.1c  28 May 2019]
2020-10-12 11:00:32,037 [main] INFO  org.apache.catalina.core.ContainerBase.[Tomcat].[localhost].[/] - Initializing Spring embedded WebApplicationContext
2020-10-12 11:00:32,037 [main] INFO  org.springframework.web.context.ContextLoader - Root WebApplicationContext: initialization completed in 1354 ms
2020-10-12 11:00:32,056 [main] INFO  org.springframework.boot.web.servlet.ServletRegistrationBean - Servlet dispatcherServlet mapped to [/]
2020-10-12 11:00:32,059 [main] INFO  org.springframework.boot.web.servlet.FilterRegistrationBean - Mapping filter: 'characterEncodingFilter' to: [/*]
2020-10-12 11:00:32,059 [main] INFO  org.springframework.boot.web.servlet.FilterRegistrationBean - Mapping filter: 'hiddenHttpMethodFilter' to: [/*]
2020-10-12 11:00:32,059 [main] INFO  org.springframework.boot.web.servlet.FilterRegistrationBean - Mapping filter: 'formContentFilter' to: [/*]
2020-10-12 11:00:32,059 [main] INFO  org.springframework.boot.web.servlet.FilterRegistrationBean - Mapping filter: 'requestContextFilter' to: [/*]
2020-10-12 11:00:32,270 [main] INFO  org.apache.catalina.core.StandardService - Stopping service [Tomcat]
2020-10-12 11:00:32,279 [main] INFO  o.s.boot.autoconfigure.logging.ConditionEvaluationReportLoggingListener - 

Error starting ApplicationContext. To display the conditions report re-run your application with 'debug' enabled.
2020-10-12 11:01:48,282 [main] INFO  com.shortrent.ShortRentApplication - Starting ShortRentApplication on DESKTOP-IQVI3L0 with PID 620 (D:\springWork\shortrent\target\classes started by Dell in D:\springWork\shortrent)
2020-10-12 11:01:48,284 [main] INFO  com.shortrent.ShortRentApplication - No active profile set, falling back to default profiles: default
2020-10-12 11:01:49,110 [main] INFO  org.springframework.boot.web.embedded.tomcat.TomcatWebServer - Tomcat initialized with port(s): 8080 (https)
2020-10-12 11:01:49,117 [main] INFO  org.apache.coyote.http11.Http11NioProtocol - Initializing ProtocolHandler ["https-openssl-nio-8080"]
2020-10-12 11:01:49,121 [main] INFO  org.apache.catalina.core.StandardService - Starting service [Tomcat]
2020-10-12 11:01:49,121 [main] INFO  org.apache.catalina.core.StandardEngine - Starting Servlet Engine: Apache Tomcat/9.0.12
2020-10-12 11:01:49,126 [main] INFO  org.apache.catalina.core.AprLifecycleListener - Loaded APR based Apache Tomcat Native library [1.2.23] using APR version [1.7.0].
2020-10-12 11:01:49,126 [main] INFO  org.apache.catalina.core.AprLifecycleListener - APR capabilities: IPv6 [true], sendfile [true], accept filters [false], random [true].
2020-10-12 11:01:49,126 [main] INFO  org.apache.catalina.core.AprLifecycleListener - APR/OpenSSL configuration: useAprConnector [false], useOpenSSL [true]
2020-10-12 11:01:49,129 [main] INFO  org.apache.catalina.core.AprLifecycleListener - OpenSSL successfully initialized [OpenSSL 1.1.1c  28 May 2019]
2020-10-12 11:01:49,205 [main] INFO  org.apache.catalina.core.ContainerBase.[Tomcat].[localhost].[/] - Initializing Spring embedded WebApplicationContext
2020-10-12 11:01:49,206 [main] INFO  org.springframework.web.context.ContextLoader - Root WebApplicationContext: initialization completed in 896 ms
2020-10-12 11:01:49,225 [main] INFO  org.springframework.boot.web.servlet.ServletRegistrationBean - Servlet dispatcherServlet mapped to [/]
2020-10-12 11:01:49,228 [main] INFO  org.springframework.boot.web.servlet.FilterRegistrationBean - Mapping filter: 'characterEncodingFilter' to: [/*]
2020-10-12 11:01:49,228 [main] INFO  org.springframework.boot.web.servlet.FilterRegistrationBean - Mapping filter: 'hiddenHttpMethodFilter' to: [/*]
2020-10-12 11:01:49,229 [main] INFO  org.springframework.boot.web.servlet.FilterRegistrationBean - Mapping filter: 'formContentFilter' to: [/*]
2020-10-12 11:01:49,229 [main] INFO  org.springframework.boot.web.servlet.FilterRegistrationBean - Mapping filter: 'requestContextFilter' to: [/*]
2020-10-12 11:01:49,432 [main] INFO  org.apache.catalina.core.StandardService - Stopping service [Tomcat]
2020-10-12 11:01:49,441 [main] INFO  o.s.boot.autoconfigure.logging.ConditionEvaluationReportLoggingListener - 

Error starting ApplicationContext. To display the conditions report re-run your application with 'debug' enabled.
2020-10-12 11:02:24,815 [main] INFO  com.shortrent.ShortRentApplication - Starting ShortRentApplication on DESKTOP-IQVI3L0 with PID 260 (D:\springWork\shortrent\target\classes started by Dell in D:\springWork\shortrent)
2020-10-12 11:02:24,818 [main] INFO  com.shortrent.ShortRentApplication - No active profile set, falling back to default profiles: default
2020-10-12 11:02:25,636 [main] INFO  org.springframework.boot.web.embedded.tomcat.TomcatWebServer - Tomcat initialized with port(s): 8080 (https)
2020-10-12 11:02:25,644 [main] INFO  org.apache.coyote.http11.Http11NioProtocol - Initializing ProtocolHandler ["https-openssl-nio-8080"]
2020-10-12 11:02:25,648 [main] INFO  org.apache.catalina.core.StandardService - Starting service [Tomcat]
2020-10-12 11:02:25,648 [main] INFO  org.apache.catalina.core.StandardEngine - Starting Servlet Engine: Apache Tomcat/9.0.12
2020-10-12 11:02:25,653 [main] INFO  org.apache.catalina.core.AprLifecycleListener - Loaded APR based Apache Tomcat Native library [1.2.23] using APR version [1.7.0].
2020-10-12 11:02:25,653 [main] INFO  org.apache.catalina.core.AprLifecycleListener - APR capabilities: IPv6 [true], sendfile [true], accept filters [false], random [true].
2020-10-12 11:02:25,653 [main] INFO  org.apache.catalina.core.AprLifecycleListener - APR/OpenSSL configuration: useAprConnector [false], useOpenSSL [true]
2020-10-12 11:02:25,656 [main] INFO  org.apache.catalina.core.AprLifecycleListener - OpenSSL successfully initialized [OpenSSL 1.1.1c  28 May 2019]
2020-10-12 11:02:25,733 [main] INFO  org.apache.catalina.core.ContainerBase.[Tomcat].[localhost].[/] - Initializing Spring embedded WebApplicationContext
2020-10-12 11:02:25,733 [main] INFO  org.springframework.web.context.ContextLoader - Root WebApplicationContext: initialization completed in 884 ms
2020-10-12 11:02:25,753 [main] INFO  org.springframework.boot.web.servlet.ServletRegistrationBean - Servlet dispatcherServlet mapped to [/]
2020-10-12 11:02:25,758 [main] INFO  org.springframework.boot.web.servlet.FilterRegistrationBean - Mapping filter: 'characterEncodingFilter' to: [/*]
2020-10-12 11:02:25,758 [main] INFO  org.springframework.boot.web.servlet.FilterRegistrationBean - Mapping filter: 'hiddenHttpMethodFilter' to: [/*]
2020-10-12 11:02:25,758 [main] INFO  org.springframework.boot.web.servlet.FilterRegistrationBean - Mapping filter: 'formContentFilter' to: [/*]
2020-10-12 11:02:25,759 [main] INFO  org.springframework.boot.web.servlet.FilterRegistrationBean - Mapping filter: 'requestContextFilter' to: [/*]
2020-10-12 11:02:26,719 [main] INFO  org.springframework.scheduling.concurrent.ThreadPoolTaskExecutor - Initializing ExecutorService 'applicationTaskExecutor'
2020-10-12 11:02:27,316 [main] INFO  org.apache.coyote.http11.Http11NioProtocol - Starting ProtocolHandler ["https-openssl-nio-8080"]
2020-10-12 11:02:28,034 [main] INFO  org.apache.tomcat.util.net.NioSelectorPool - Using a shared selector for servlet write/read
2020-10-12 11:02:28,070 [main] INFO  org.springframework.boot.web.embedded.tomcat.TomcatWebServer - Tomcat started on port(s): 8080 (https) with context path ''
2020-10-12 11:02:28,072 [main] INFO  com.shortrent.ShortRentApplication - Started ShortRentApplication in 3.57 seconds (JVM running for 4.476)
2020-10-12 11:02:33,749 [https-openssl-nio-8080-exec-4] INFO  org.apache.catalina.core.ContainerBase.[Tomcat].[localhost].[/] - Initializing Spring DispatcherServlet 'dispatcherServlet'
2020-10-12 11:02:33,749 [https-openssl-nio-8080-exec-4] INFO  org.springframework.web.servlet.DispatcherServlet - Initializing Servlet 'dispatcherServlet'
2020-10-12 11:02:33,839 [https-openssl-nio-8080-exec-4] INFO  org.springframework.web.servlet.DispatcherServlet - Completed initialization in 90 ms
2020-10-12 11:02:34,086 [https-openssl-nio-8080-exec-4] INFO  com.zaxxer.hikari.HikariDataSource - HikariPool-1 - Starting...
2020-10-12 11:02:34,591 [https-openssl-nio-8080-exec-4] INFO  com.zaxxer.hikari.HikariDataSource - HikariPool-1 - Start completed.
2020-10-12 11:06:01,401 [RMI TCP Connection(4)-127.0.0.1] INFO  o.s.boot.admin.SpringApplicationAdminMXBeanRegistrar$SpringApplicationAdmin - Application shutdown requested.
2020-10-12 11:06:01,403 [RMI TCP Connection(4)-127.0.0.1] INFO  org.springframework.scheduling.concurrent.ThreadPoolTaskExecutor - Shutting down ExecutorService 'applicationTaskExecutor'
2020-10-12 11:06:01,404 [RMI TCP Connection(4)-127.0.0.1] INFO  com.zaxxer.hikari.HikariDataSource - HikariPool-1 - Shutdown initiated...
2020-10-12 11:06:01,412 [RMI TCP Connection(4)-127.0.0.1] INFO  com.zaxxer.hikari.HikariDataSource - HikariPool-1 - Shutdown completed.
2020-10-12 11:06:19,620 [main] INFO  com.shortrent.ShortRentApplication - Starting ShortRentApplication on DESKTOP-IQVI3L0 with PID 11012 (D:\springWork\shortrent\target\classes started by Dell in D:\springWork\shortrent)
2020-10-12 11:06:19,623 [main] INFO  com.shortrent.ShortRentApplication - No active profile set, falling back to default profiles: default
2020-10-12 11:06:20,503 [main] INFO  org.springframework.boot.web.embedded.tomcat.TomcatWebServer - Tomcat initialized with port(s): 8080 (https)
2020-10-12 11:06:20,511 [main] INFO  org.apache.coyote.http11.Http11NioProtocol - Initializing ProtocolHandler ["https-openssl-nio-8080"]
2020-10-12 11:06:20,514 [main] INFO  org.apache.catalina.core.StandardService - Starting service [Tomcat]
2020-10-12 11:06:20,514 [main] INFO  org.apache.catalina.core.StandardEngine - Starting Servlet Engine: Apache Tomcat/9.0.12
2020-10-12 11:06:20,519 [main] INFO  org.apache.catalina.core.AprLifecycleListener - Loaded APR based Apache Tomcat Native library [1.2.23] using APR version [1.7.0].
2020-10-12 11:06:20,519 [main] INFO  org.apache.catalina.core.AprLifecycleListener - APR capabilities: IPv6 [true], sendfile [true], accept filters [false], random [true].
2020-10-12 11:06:20,520 [main] INFO  org.apache.catalina.core.AprLifecycleListener - APR/OpenSSL configuration: useAprConnector [false], useOpenSSL [true]
2020-10-12 11:06:20,523 [main] INFO  org.apache.catalina.core.AprLifecycleListener - OpenSSL successfully initialized [OpenSSL 1.1.1c  28 May 2019]
2020-10-12 11:06:20,599 [main] INFO  org.apache.catalina.core.ContainerBase.[Tomcat].[localhost].[/] - Initializing Spring embedded WebApplicationContext
2020-10-12 11:06:20,599 [main] INFO  org.springframework.web.context.ContextLoader - Root WebApplicationContext: initialization completed in 945 ms
2020-10-12 11:06:20,618 [main] INFO  org.springframework.boot.web.servlet.ServletRegistrationBean - Servlet dispatcherServlet mapped to [/]
2020-10-12 11:06:20,621 [main] INFO  org.springframework.boot.web.servlet.FilterRegistrationBean - Mapping filter: 'characterEncodingFilter' to: [/*]
2020-10-12 11:06:20,621 [main] INFO  org.springframework.boot.web.servlet.FilterRegistrationBean - Mapping filter: 'hiddenHttpMethodFilter' to: [/*]
2020-10-12 11:06:20,621 [main] INFO  org.springframework.boot.web.servlet.FilterRegistrationBean - Mapping filter: 'formContentFilter' to: [/*]
2020-10-12 11:06:20,621 [main] INFO  org.springframework.boot.web.servlet.FilterRegistrationBean - Mapping filter: 'requestContextFilter' to: [/*]
2020-10-12 11:06:20,967 [main] INFO  org.springframework.scheduling.concurrent.ThreadPoolTaskExecutor - Initializing ExecutorService 'applicationTaskExecutor'
2020-10-12 11:06:21,217 [main] INFO  org.apache.coyote.http11.Http11NioProtocol - Starting ProtocolHandler ["https-openssl-nio-8080"]
2020-10-12 11:06:21,628 [main] INFO  org.apache.tomcat.util.net.NioSelectorPool - Using a shared selector for servlet write/read
2020-10-12 11:06:21,638 [main] INFO  org.springframework.boot.web.embedded.tomcat.TomcatWebServer - Tomcat started on port(s): 8080 (https) with context path ''
2020-10-12 11:06:21,641 [main] INFO  com.shortrent.ShortRentApplication - Started ShortRentApplication in 2.322 seconds (JVM running for 3.074)
2020-10-12 11:06:26,744 [https-openssl-nio-8080-exec-5] INFO  org.apache.catalina.core.ContainerBase.[Tomcat].[localhost].[/] - Initializing Spring DispatcherServlet 'dispatcherServlet'
2020-10-12 11:06:26,744 [https-openssl-nio-8080-exec-5] INFO  org.springframework.web.servlet.DispatcherServlet - Initializing Servlet 'dispatcherServlet'
2020-10-12 11:06:26,748 [https-openssl-nio-8080-exec-5] INFO  org.springframework.web.servlet.DispatcherServlet - Completed initialization in 4 ms
2020-10-12 11:06:26,818 [https-openssl-nio-8080-exec-5] INFO  com.zaxxer.hikari.HikariDataSource - HikariPool-1 - Starting...
2020-10-12 11:06:27,055 [https-openssl-nio-8080-exec-5] INFO  com.zaxxer.hikari.HikariDataSource - HikariPool-1 - Start completed.
2020-10-12 11:11:32,969 [RMI TCP Connection(4)-127.0.0.1] INFO  o.s.boot.admin.SpringApplicationAdminMXBeanRegistrar$SpringApplicationAdmin - Application shutdown requested.
2020-10-12 11:11:32,971 [RMI TCP Connection(4)-127.0.0.1] INFO  org.springframework.scheduling.concurrent.ThreadPoolTaskExecutor - Shutting down ExecutorService 'applicationTaskExecutor'
2020-10-12 11:11:32,973 [RMI TCP Connection(4)-127.0.0.1] INFO  com.zaxxer.hikari.HikariDataSource - HikariPool-1 - Shutdown initiated...
2020-10-12 11:11:32,976 [RMI TCP Connection(4)-127.0.0.1] INFO  com.zaxxer.hikari.HikariDataSource - HikariPool-1 - Shutdown completed.
2020-10-12 11:11:40,739 [main] INFO  com.shortrent.ShortRentApplication - Starting ShortRentApplication on DESKTOP-IQVI3L0 with PID 5484 (D:\springWork\shortrent\target\classes started by Dell in D:\springWork\shortrent)
2020-10-12 11:11:40,741 [main] INFO  com.shortrent.ShortRentApplication - No active profile set, falling back to default profiles: default
2020-10-12 11:11:41,544 [main] INFO  org.springframework.boot.web.embedded.tomcat.TomcatWebServer - Tomcat initialized with port(s): 8080 (https)
2020-10-12 11:11:41,552 [main] INFO  org.apache.coyote.http11.Http11NioProtocol - Initializing ProtocolHandler ["https-openssl-nio-8080"]
2020-10-12 11:11:41,556 [main] INFO  org.apache.catalina.core.StandardService - Starting service [Tomcat]
2020-10-12 11:11:41,556 [main] INFO  org.apache.catalina.core.StandardEngine - Starting Servlet Engine: Apache Tomcat/9.0.12
2020-10-12 11:11:41,561 [main] INFO  org.apache.catalina.core.AprLifecycleListener - Loaded APR based Apache Tomcat Native library [1.2.23] using APR version [1.7.0].
2020-10-12 11:11:41,561 [main] INFO  org.apache.catalina.core.AprLifecycleListener - APR capabilities: IPv6 [true], sendfile [true], accept filters [false], random [true].
2020-10-12 11:11:41,561 [main] INFO  org.apache.catalina.core.AprLifecycleListener - APR/OpenSSL configuration: useAprConnector [false], useOpenSSL [true]
2020-10-12 11:11:41,564 [main] INFO  org.apache.catalina.core.AprLifecycleListener - OpenSSL successfully initialized [OpenSSL 1.1.1c  28 May 2019]
2020-10-12 11:11:41,654 [main] INFO  org.apache.catalina.core.ContainerBase.[Tomcat].[localhost].[/] - Initializing Spring embedded WebApplicationContext
2020-10-12 11:11:41,654 [main] INFO  org.springframework.web.context.ContextLoader - Root WebApplicationContext: initialization completed in 884 ms
2020-10-12 11:11:41,673 [main] INFO  org.springframework.boot.web.servlet.ServletRegistrationBean - Servlet dispatcherServlet mapped to [/]
2020-10-12 11:11:41,677 [main] INFO  org.springframework.boot.web.servlet.FilterRegistrationBean - Mapping filter: 'characterEncodingFilter' to: [/*]
2020-10-12 11:11:41,677 [main] INFO  org.springframework.boot.web.servlet.FilterRegistrationBean - Mapping filter: 'hiddenHttpMethodFilter' to: [/*]
2020-10-12 11:11:41,677 [main] INFO  org.springframework.boot.web.servlet.FilterRegistrationBean - Mapping filter: 'formContentFilter' to: [/*]
2020-10-12 11:11:41,678 [main] INFO  org.springframework.boot.web.servlet.FilterRegistrationBean - Mapping filter: 'requestContextFilter' to: [/*]
2020-10-12 11:11:42,023 [main] INFO  org.springframework.scheduling.concurrent.ThreadPoolTaskExecutor - Initializing ExecutorService 'applicationTaskExecutor'
2020-10-12 11:11:42,269 [main] INFO  org.apache.coyote.http11.Http11NioProtocol - Starting ProtocolHandler ["https-openssl-nio-8080"]
2020-10-12 11:11:42,690 [main] INFO  org.apache.tomcat.util.net.NioSelectorPool - Using a shared selector for servlet write/read
2020-10-12 11:11:42,700 [main] INFO  org.springframework.boot.web.embedded.tomcat.TomcatWebServer - Tomcat started on port(s): 8080 (https) with context path ''
2020-10-12 11:11:42,703 [main] INFO  com.shortrent.ShortRentApplication - Started ShortRentApplication in 2.27 seconds (JVM running for 3.017)
2020-10-12 11:12:55,236 [https-openssl-nio-8080-exec-4] INFO  org.apache.catalina.core.ContainerBase.[Tomcat].[localhost].[/] - Initializing Spring DispatcherServlet 'dispatcherServlet'
2020-10-12 11:12:55,237 [https-openssl-nio-8080-exec-4] INFO  org.springframework.web.servlet.DispatcherServlet - Initializing Servlet 'dispatcherServlet'
2020-10-12 11:12:55,243 [https-openssl-nio-8080-exec-4] INFO  org.springframework.web.servlet.DispatcherServlet - Completed initialization in 6 ms
2020-10-12 11:12:55,276 [https-openssl-nio-8080-exec-4] INFO  com.zaxxer.hikari.HikariDataSource - HikariPool-1 - Starting...
2020-10-12 11:12:55,358 [https-openssl-nio-8080-exec-4] INFO  com.zaxxer.hikari.HikariDataSource - HikariPool-1 - Start completed.
2020-10-12 11:16:51,860 [RMI TCP Connection(5)-127.0.0.1] INFO  o.s.boot.admin.SpringApplicationAdminMXBeanRegistrar$SpringApplicationAdmin - Application shutdown requested.
2020-10-12 11:16:51,863 [RMI TCP Connection(5)-127.0.0.1] INFO  org.springframework.scheduling.concurrent.ThreadPoolTaskExecutor - Shutting down ExecutorService 'applicationTaskExecutor'
2020-10-12 11:16:51,864 [RMI TCP Connection(5)-127.0.0.1] INFO  com.zaxxer.hikari.HikariDataSource - HikariPool-1 - Shutdown initiated...
2020-10-12 11:16:51,871 [RMI TCP Connection(5)-127.0.0.1] INFO  com.zaxxer.hikari.HikariDataSource - HikariPool-1 - Shutdown completed.
2020-10-12 11:16:58,501 [main] INFO  com.shortrent.ShortRentApplication - Starting ShortRentApplication on DESKTOP-IQVI3L0 with PID 2768 (D:\springWork\shortrent\target\classes started by Dell in D:\springWork\shortrent)
2020-10-12 11:16:58,504 [main] INFO  com.shortrent.ShortRentApplication - No active profile set, falling back to default profiles: default
2020-10-12 11:16:59,312 [main] INFO  org.springframework.boot.web.embedded.tomcat.TomcatWebServer - Tomcat initialized with port(s): 8080 (https)
2020-10-12 11:16:59,321 [main] INFO  org.apache.coyote.http11.Http11NioProtocol - Initializing ProtocolHandler ["https-openssl-nio-8080"]
2020-10-12 11:16:59,325 [main] INFO  org.apache.catalina.core.StandardService - Starting service [Tomcat]
2020-10-12 11:16:59,325 [main] INFO  org.apache.catalina.core.StandardEngine - Starting Servlet Engine: Apache Tomcat/9.0.12
2020-10-12 11:16:59,330 [main] INFO  org.apache.catalina.core.AprLifecycleListener - Loaded APR based Apache Tomcat Native library [1.2.23] using APR version [1.7.0].
2020-10-12 11:16:59,330 [main] INFO  org.apache.catalina.core.AprLifecycleListener - APR capabilities: IPv6 [true], sendfile [true], accept filters [false], random [true].
2020-10-12 11:16:59,330 [main] INFO  org.apache.catalina.core.AprLifecycleListener - APR/OpenSSL configuration: useAprConnector [false], useOpenSSL [true]
2020-10-12 11:16:59,333 [main] INFO  org.apache.catalina.core.AprLifecycleListener - OpenSSL successfully initialized [OpenSSL 1.1.1c  28 May 2019]
2020-10-12 11:16:59,419 [main] INFO  org.apache.catalina.core.ContainerBase.[Tomcat].[localhost].[/] - Initializing Spring embedded WebApplicationContext
2020-10-12 11:16:59,419 [main] INFO  org.springframework.web.context.ContextLoader - Root WebApplicationContext: initialization completed in 881 ms
2020-10-12 11:16:59,438 [main] INFO  org.springframework.boot.web.servlet.ServletRegistrationBean - Servlet dispatcherServlet mapped to [/]
2020-10-12 11:16:59,442 [main] INFO  org.springframework.boot.web.servlet.FilterRegistrationBean - Mapping filter: 'characterEncodingFilter' to: [/*]
2020-10-12 11:16:59,442 [main] INFO  org.springframework.boot.web.servlet.FilterRegistrationBean - Mapping filter: 'hiddenHttpMethodFilter' to: [/*]
2020-10-12 11:16:59,442 [main] INFO  org.springframework.boot.web.servlet.FilterRegistrationBean - Mapping filter: 'formContentFilter' to: [/*]
2020-10-12 11:16:59,442 [main] INFO  org.springframework.boot.web.servlet.FilterRegistrationBean - Mapping filter: 'requestContextFilter' to: [/*]
2020-10-12 11:16:59,787 [main] INFO  org.springframework.scheduling.concurrent.ThreadPoolTaskExecutor - Initializing ExecutorService 'applicationTaskExecutor'
2020-10-12 11:17:00,036 [main] INFO  org.apache.coyote.http11.Http11NioProtocol - Starting ProtocolHandler ["https-openssl-nio-8080"]
2020-10-12 11:17:00,459 [main] INFO  org.apache.tomcat.util.net.NioSelectorPool - Using a shared selector for servlet write/read
2020-10-12 11:17:00,470 [main] INFO  org.springframework.boot.web.embedded.tomcat.TomcatWebServer - Tomcat started on port(s): 8080 (https) with context path ''
2020-10-12 11:17:00,472 [main] INFO  com.shortrent.ShortRentApplication - Started ShortRentApplication in 2.279 seconds (JVM running for 3.027)
2020-10-12 11:17:03,690 [https-openssl-nio-8080-exec-7] INFO  org.apache.catalina.core.ContainerBase.[Tomcat].[localhost].[/] - Initializing Spring DispatcherServlet 'dispatcherServlet'
2020-10-12 11:17:03,691 [https-openssl-nio-8080-exec-7] INFO  org.springframework.web.servlet.DispatcherServlet - Initializing Servlet 'dispatcherServlet'
2020-10-12 11:17:03,696 [https-openssl-nio-8080-exec-7] INFO  org.springframework.web.servlet.DispatcherServlet - Completed initialization in 5 ms
2020-10-12 11:17:04,169 [https-openssl-nio-8080-exec-3] INFO  com.zaxxer.hikari.HikariDataSource - HikariPool-1 - Starting...
2020-10-12 11:17:04,249 [https-openssl-nio-8080-exec-3] INFO  com.zaxxer.hikari.HikariDataSource - HikariPool-1 - Start completed.
2020-10-12 11:18:19,333 [RMI TCP Connection(5)-127.0.0.1] INFO  o.s.boot.admin.SpringApplicationAdminMXBeanRegistrar$SpringApplicationAdmin - Application shutdown requested.
2020-10-12 11:18:19,335 [RMI TCP Connection(5)-127.0.0.1] INFO  org.springframework.scheduling.concurrent.ThreadPoolTaskExecutor - Shutting down ExecutorService 'applicationTaskExecutor'
2020-10-12 11:18:19,335 [RMI TCP Connection(5)-127.0.0.1] INFO  com.zaxxer.hikari.HikariDataSource - HikariPool-1 - Shutdown initiated...
2020-10-12 11:18:19,342 [RMI TCP Connection(5)-127.0.0.1] INFO  com.zaxxer.hikari.HikariDataSource - HikariPool-1 - Shutdown completed.
2020-10-12 11:18:25,124 [main] INFO  com.shortrent.ShortRentApplication - Starting ShortRentApplication on DESKTOP-IQVI3L0 with PID 9524 (D:\springWork\shortrent\target\classes started by Dell in D:\springWork\shortrent)
2020-10-12 11:18:25,126 [main] INFO  com.shortrent.ShortRentApplication - No active profile set, falling back to default profiles: default
2020-10-12 11:18:25,931 [main] INFO  org.springframework.boot.web.embedded.tomcat.TomcatWebServer - Tomcat initialized with port(s): 8080 (https)
2020-10-12 11:18:25,939 [main] INFO  org.apache.coyote.http11.Http11NioProtocol - Initializing ProtocolHandler ["https-openssl-nio-8080"]
2020-10-12 11:18:25,942 [main] INFO  org.apache.catalina.core.StandardService - Starting service [Tomcat]
2020-10-12 11:18:25,943 [main] INFO  org.apache.catalina.core.StandardEngine - Starting Servlet Engine: Apache Tomcat/9.0.12
2020-10-12 11:18:25,948 [main] INFO  org.apache.catalina.core.AprLifecycleListener - Loaded APR based Apache Tomcat Native library [1.2.23] using APR version [1.7.0].
2020-10-12 11:18:25,948 [main] INFO  org.apache.catalina.core.AprLifecycleListener - APR capabilities: IPv6 [true], sendfile [true], accept filters [false], random [true].
2020-10-12 11:18:25,948 [main] INFO  org.apache.catalina.core.AprLifecycleListener - APR/OpenSSL configuration: useAprConnector [false], useOpenSSL [true]
2020-10-12 11:18:25,951 [main] INFO  org.apache.catalina.core.AprLifecycleListener - OpenSSL successfully initialized [OpenSSL 1.1.1c  28 May 2019]
2020-10-12 11:18:26,025 [main] INFO  org.apache.catalina.core.ContainerBase.[Tomcat].[localhost].[/] - Initializing Spring embedded WebApplicationContext
2020-10-12 11:18:26,025 [main] INFO  org.springframework.web.context.ContextLoader - Root WebApplicationContext: initialization completed in 867 ms
2020-10-12 11:18:26,046 [main] INFO  org.springframework.boot.web.servlet.ServletRegistrationBean - Servlet dispatcherServlet mapped to [/]
2020-10-12 11:18:26,049 [main] INFO  org.springframework.boot.web.servlet.FilterRegistrationBean - Mapping filter: 'characterEncodingFilter' to: [/*]
2020-10-12 11:18:26,049 [main] INFO  org.springframework.boot.web.servlet.FilterRegistrationBean - Mapping filter: 'hiddenHttpMethodFilter' to: [/*]
2020-10-12 11:18:26,049 [main] INFO  org.springframework.boot.web.servlet.FilterRegistrationBean - Mapping filter: 'formContentFilter' to: [/*]
2020-10-12 11:18:26,049 [main] INFO  org.springframework.boot.web.servlet.FilterRegistrationBean - Mapping filter: 'requestContextFilter' to: [/*]
2020-10-12 11:18:26,395 [main] INFO  org.springframework.scheduling.concurrent.ThreadPoolTaskExecutor - Initializing ExecutorService 'applicationTaskExecutor'
2020-10-12 11:18:26,639 [main] INFO  org.apache.coyote.http11.Http11NioProtocol - Starting ProtocolHandler ["https-openssl-nio-8080"]
2020-10-12 11:18:27,055 [main] INFO  org.apache.tomcat.util.net.NioSelectorPool - Using a shared selector for servlet write/read
2020-10-12 11:18:27,065 [main] INFO  org.springframework.boot.web.embedded.tomcat.TomcatWebServer - Tomcat started on port(s): 8080 (https) with context path ''
2020-10-12 11:18:27,067 [main] INFO  com.shortrent.ShortRentApplication - Started ShortRentApplication in 2.251 seconds (JVM running for 3.022)
2020-10-12 11:18:31,224 [https-openssl-nio-8080-exec-7] INFO  org.apache.catalina.core.ContainerBase.[Tomcat].[localhost].[/] - Initializing Spring DispatcherServlet 'dispatcherServlet'
2020-10-12 11:18:31,225 [https-openssl-nio-8080-exec-7] INFO  org.springframework.web.servlet.DispatcherServlet - Initializing Servlet 'dispatcherServlet'
2020-10-12 11:18:31,230 [https-openssl-nio-8080-exec-7] INFO  org.springframework.web.servlet.DispatcherServlet - Completed initialization in 5 ms
2020-10-12 11:18:31,577 [https-openssl-nio-8080-exec-4] INFO  com.zaxxer.hikari.HikariDataSource - HikariPool-1 - Starting...
2020-10-12 11:18:31,670 [https-openssl-nio-8080-exec-4] INFO  com.zaxxer.hikari.HikariDataSource - HikariPool-1 - Start completed.
2020-10-12 11:27:42,009 [RMI TCP Connection(4)-127.0.0.1] INFO  o.s.boot.admin.SpringApplicationAdminMXBeanRegistrar$SpringApplicationAdmin - Application shutdown requested.
2020-10-12 11:27:42,012 [RMI TCP Connection(4)-127.0.0.1] INFO  org.springframework.scheduling.concurrent.ThreadPoolTaskExecutor - Shutting down ExecutorService 'applicationTaskExecutor'
2020-10-12 11:27:42,013 [RMI TCP Connection(4)-127.0.0.1] INFO  com.zaxxer.hikari.HikariDataSource - HikariPool-1 - Shutdown initiated...
2020-10-12 11:27:42,019 [RMI TCP Connection(4)-127.0.0.1] INFO  com.zaxxer.hikari.HikariDataSource - HikariPool-1 - Shutdown completed.
2020-10-12 13:32:38,691 [main] INFO  com.shortrent.ShortRentApplication - Starting ShortRentApplication on DESKTOP-IQVI3L0 with PID 3704 (D:\springWork\shortrent\target\classes started by Dell in D:\springWork\shortrent)
2020-10-12 13:32:38,694 [main] INFO  com.shortrent.ShortRentApplication - No active profile set, falling back to default profiles: default
2020-10-12 13:32:39,584 [main] INFO  org.springframework.boot.web.embedded.tomcat.TomcatWebServer - Tomcat initialized with port(s): 8080 (https)
2020-10-12 13:32:39,592 [main] INFO  org.apache.coyote.http11.Http11NioProtocol - Initializing ProtocolHandler ["https-openssl-nio-8080"]
2020-10-12 13:32:39,595 [main] INFO  org.apache.catalina.core.StandardService - Starting service [Tomcat]
2020-10-12 13:32:39,596 [main] INFO  org.apache.catalina.core.StandardEngine - Starting Servlet Engine: Apache Tomcat/9.0.12
2020-10-12 13:32:39,600 [main] INFO  org.apache.catalina.core.AprLifecycleListener - Loaded APR based Apache Tomcat Native library [1.2.23] using APR version [1.7.0].
2020-10-12 13:32:39,601 [main] INFO  org.apache.catalina.core.AprLifecycleListener - APR capabilities: IPv6 [true], sendfile [true], accept filters [false], random [true].
2020-10-12 13:32:39,601 [main] INFO  org.apache.catalina.core.AprLifecycleListener - APR/OpenSSL configuration: useAprConnector [false], useOpenSSL [true]
2020-10-12 13:32:39,603 [main] INFO  org.apache.catalina.core.AprLifecycleListener - OpenSSL successfully initialized [OpenSSL 1.1.1c  28 May 2019]
2020-10-12 13:32:39,734 [main] INFO  org.apache.catalina.core.ContainerBase.[Tomcat].[localhost].[/] - Initializing Spring embedded WebApplicationContext
2020-10-12 13:32:39,734 [main] INFO  org.springframework.web.context.ContextLoader - Root WebApplicationContext: initialization completed in 1009 ms
2020-10-12 13:32:39,753 [main] INFO  org.springframework.boot.web.servlet.ServletRegistrationBean - Servlet dispatcherServlet mapped to [/]
2020-10-12 13:32:39,756 [main] INFO  org.springframework.boot.web.servlet.FilterRegistrationBean - Mapping filter: 'characterEncodingFilter' to: [/*]
2020-10-12 13:32:39,756 [main] INFO  org.springframework.boot.web.servlet.FilterRegistrationBean - Mapping filter: 'hiddenHttpMethodFilter' to: [/*]
2020-10-12 13:32:39,757 [main] INFO  org.springframework.boot.web.servlet.FilterRegistrationBean - Mapping filter: 'formContentFilter' to: [/*]
2020-10-12 13:32:39,757 [main] INFO  org.springframework.boot.web.servlet.FilterRegistrationBean - Mapping filter: 'requestContextFilter' to: [/*]
2020-10-12 13:32:40,110 [main] INFO  org.springframework.scheduling.concurrent.ThreadPoolTaskExecutor - Initializing ExecutorService 'applicationTaskExecutor'
2020-10-12 13:32:40,363 [main] INFO  org.apache.coyote.http11.Http11NioProtocol - Starting ProtocolHandler ["https-openssl-nio-8080"]
2020-10-12 13:32:40,780 [main] INFO  org.apache.tomcat.util.net.NioSelectorPool - Using a shared selector for servlet write/read
2020-10-12 13:32:40,790 [main] INFO  org.springframework.boot.web.embedded.tomcat.TomcatWebServer - Tomcat started on port(s): 8080 (https) with context path ''
2020-10-12 13:32:40,793 [main] INFO  com.shortrent.ShortRentApplication - Started ShortRentApplication in 2.407 seconds (JVM running for 3.175)
2020-10-12 13:33:08,933 [https-openssl-nio-8080-exec-7] INFO  org.apache.catalina.core.ContainerBase.[Tomcat].[localhost].[/] - Initializing Spring DispatcherServlet 'dispatcherServlet'
2020-10-12 13:33:08,934 [https-openssl-nio-8080-exec-7] INFO  org.springframework.web.servlet.DispatcherServlet - Initializing Servlet 'dispatcherServlet'
2020-10-12 13:33:08,946 [https-openssl-nio-8080-exec-7] INFO  org.springframework.web.servlet.DispatcherServlet - Completed initialization in 12 ms
2020-10-12 13:33:11,651 [https-openssl-nio-8080-exec-8] INFO  com.zaxxer.hikari.HikariDataSource - HikariPool-1 - Starting...
2020-10-12 13:33:12,570 [https-openssl-nio-8080-exec-8] INFO  com.zaxxer.hikari.HikariDataSource - HikariPool-1 - Start completed.
2020-10-12 14:16:43,582 [RMI TCP Connection(5)-127.0.0.1] INFO  o.s.boot.admin.SpringApplicationAdminMXBeanRegistrar$SpringApplicationAdmin - Application shutdown requested.
2020-10-12 14:16:44,759 [RMI TCP Connection(5)-127.0.0.1] INFO  org.springframework.scheduling.concurrent.ThreadPoolTaskExecutor - Shutting down ExecutorService 'applicationTaskExecutor'
2020-10-12 14:16:44,906 [RMI TCP Connection(5)-127.0.0.1] INFO  com.zaxxer.hikari.HikariDataSource - HikariPool-1 - Shutdown initiated...
2020-10-12 14:16:44,978 [RMI TCP Connection(5)-127.0.0.1] INFO  com.zaxxer.hikari.HikariDataSource - HikariPool-1 - Shutdown completed.
2020-10-12 14:17:01,356 [main] INFO  com.shortrent.ShortRentApplication - Starting ShortRentApplication on DESKTOP-IQVI3L0 with PID 13280 (D:\springWork\shortrent\target\classes started by Dell in D:\springWork\shortrent)
2020-10-12 14:17:01,359 [main] INFO  com.shortrent.ShortRentApplication - No active profile set, falling back to default profiles: default
2020-10-12 14:17:02,566 [main] INFO  org.springframework.boot.web.embedded.tomcat.TomcatWebServer - Tomcat initialized with port(s): 8080 (https)
2020-10-12 14:17:02,574 [main] INFO  org.apache.coyote.http11.Http11NioProtocol - Initializing ProtocolHandler ["https-openssl-nio-8080"]
2020-10-12 14:17:02,577 [main] INFO  org.apache.catalina.core.StandardService - Starting service [Tomcat]
2020-10-12 14:17:02,578 [main] INFO  org.apache.catalina.core.StandardEngine - Starting Servlet Engine: Apache Tomcat/9.0.12
2020-10-12 14:17:02,582 [main] INFO  org.apache.catalina.core.AprLifecycleListener - Loaded APR based Apache Tomcat Native library [1.2.23] using APR version [1.7.0].
2020-10-12 14:17:02,606 [main] INFO  org.apache.catalina.core.AprLifecycleListener - APR capabilities: IPv6 [true], sendfile [true], accept filters [false], random [true].
2020-10-12 14:17:02,607 [main] INFO  org.apache.catalina.core.AprLifecycleListener - APR/OpenSSL configuration: useAprConnector [false], useOpenSSL [true]
2020-10-12 14:17:02,632 [main] INFO  org.apache.catalina.core.AprLifecycleListener - OpenSSL successfully initialized [OpenSSL 1.1.1c  28 May 2019]
2020-10-12 14:17:02,726 [main] INFO  org.apache.catalina.core.ContainerBase.[Tomcat].[localhost].[/] - Initializing Spring embedded WebApplicationContext
2020-10-12 14:17:02,727 [main] INFO  org.springframework.web.context.ContextLoader - Root WebApplicationContext: initialization completed in 1342 ms
2020-10-12 14:17:02,745 [main] INFO  org.springframework.boot.web.servlet.ServletRegistrationBean - Servlet dispatcherServlet mapped to [/]
2020-10-12 14:17:02,748 [main] INFO  org.springframework.boot.web.servlet.FilterRegistrationBean - Mapping filter: 'characterEncodingFilter' to: [/*]
2020-10-12 14:17:02,748 [main] INFO  org.springframework.boot.web.servlet.FilterRegistrationBean - Mapping filter: 'hiddenHttpMethodFilter' to: [/*]
2020-10-12 14:17:02,748 [main] INFO  org.springframework.boot.web.servlet.FilterRegistrationBean - Mapping filter: 'formContentFilter' to: [/*]
2020-10-12 14:17:02,748 [main] INFO  org.springframework.boot.web.servlet.FilterRegistrationBean - Mapping filter: 'requestContextFilter' to: [/*]
2020-10-12 14:17:03,105 [main] INFO  org.springframework.scheduling.concurrent.ThreadPoolTaskExecutor - Initializing ExecutorService 'applicationTaskExecutor'
2020-10-12 14:17:03,346 [main] INFO  org.apache.coyote.http11.Http11NioProtocol - Starting ProtocolHandler ["https-openssl-nio-8080"]
2020-10-12 14:17:03,827 [main] INFO  org.apache.tomcat.util.net.NioSelectorPool - Using a shared selector for servlet write/read
2020-10-12 14:17:03,839 [main] INFO  org.springframework.boot.web.embedded.tomcat.TomcatWebServer - Tomcat started on port(s): 8080 (https) with context path ''
2020-10-12 14:17:03,841 [main] INFO  com.shortrent.ShortRentApplication - Started ShortRentApplication in 3.107 seconds (JVM running for 4.332)
2020-10-12 14:18:14,001 [https-openssl-nio-8080-exec-4] INFO  org.apache.catalina.core.ContainerBase.[Tomcat].[localhost].[/] - Initializing Spring DispatcherServlet 'dispatcherServlet'
2020-10-12 14:18:14,002 [https-openssl-nio-8080-exec-4] INFO  org.springframework.web.servlet.DispatcherServlet - Initializing Servlet 'dispatcherServlet'
2020-10-12 14:18:14,066 [https-openssl-nio-8080-exec-4] INFO  org.springframework.web.servlet.DispatcherServlet - Completed initialization in 64 ms
2020-10-12 14:18:31,985 [https-openssl-nio-8080-exec-5] INFO  com.zaxxer.hikari.HikariDataSource - HikariPool-1 - Starting...
2020-10-12 14:18:32,216 [https-openssl-nio-8080-exec-5] INFO  com.zaxxer.hikari.HikariDataSource - HikariPool-1 - Start completed.
2020-10-12 15:04:41,429 [RMI TCP Connection(7)-127.0.0.1] INFO  o.s.boot.admin.SpringApplicationAdminMXBeanRegistrar$SpringApplicationAdmin - Application shutdown requested.
2020-10-12 15:04:42,056 [RMI TCP Connection(7)-127.0.0.1] INFO  org.springframework.scheduling.concurrent.ThreadPoolTaskExecutor - Shutting down ExecutorService 'applicationTaskExecutor'
2020-10-12 15:04:42,184 [RMI TCP Connection(7)-127.0.0.1] INFO  com.zaxxer.hikari.HikariDataSource - HikariPool-1 - Shutdown initiated...
2020-10-12 15:04:42,311 [RMI TCP Connection(7)-127.0.0.1] INFO  com.zaxxer.hikari.HikariDataSource - HikariPool-1 - Shutdown completed.
2020-10-12 15:05:03,553 [main] INFO  com.shortrent.ShortRentApplication - Starting ShortRentApplication on DESKTOP-IQVI3L0 with PID 5644 (D:\springWork\shortrent\target\classes started by Dell in D:\springWork\shortrent)
2020-10-12 15:05:03,556 [main] INFO  com.shortrent.ShortRentApplication - No active profile set, falling back to default profiles: default
2020-10-12 15:05:04,418 [main] INFO  org.springframework.boot.web.embedded.tomcat.TomcatWebServer - Tomcat initialized with port(s): 8080 (https)
2020-10-12 15:05:04,468 [main] INFO  org.apache.coyote.http11.Http11NioProtocol - Initializing ProtocolHandler ["https-openssl-nio-8080"]
2020-10-12 15:05:04,474 [main] INFO  org.apache.catalina.core.StandardService - Starting service [Tomcat]
2020-10-12 15:05:04,474 [main] INFO  org.apache.catalina.core.StandardEngine - Starting Servlet Engine: Apache Tomcat/9.0.12
2020-10-12 15:05:04,479 [main] INFO  org.apache.catalina.core.AprLifecycleListener - Loaded APR based Apache Tomcat Native library [1.2.23] using APR version [1.7.0].
2020-10-12 15:05:04,480 [main] INFO  org.apache.catalina.core.AprLifecycleListener - APR capabilities: IPv6 [true], sendfile [true], accept filters [false], random [true].
2020-10-12 15:05:04,480 [main] INFO  org.apache.catalina.core.AprLifecycleListener - APR/OpenSSL configuration: useAprConnector [false], useOpenSSL [true]
2020-10-12 15:05:04,483 [main] INFO  org.apache.catalina.core.AprLifecycleListener - OpenSSL successfully initialized [OpenSSL 1.1.1c  28 May 2019]
2020-10-12 15:05:04,565 [main] INFO  org.apache.catalina.core.ContainerBase.[Tomcat].[localhost].[/] - Initializing Spring embedded WebApplicationContext
2020-10-12 15:05:04,565 [main] INFO  org.springframework.web.context.ContextLoader - Root WebApplicationContext: initialization completed in 977 ms
2020-10-12 15:05:04,584 [main] INFO  org.springframework.boot.web.servlet.ServletRegistrationBean - Servlet dispatcherServlet mapped to [/]
2020-10-12 15:05:04,587 [main] INFO  org.springframework.boot.web.servlet.FilterRegistrationBean - Mapping filter: 'characterEncodingFilter' to: [/*]
2020-10-12 15:05:04,587 [main] INFO  org.springframework.boot.web.servlet.FilterRegistrationBean - Mapping filter: 'hiddenHttpMethodFilter' to: [/*]
2020-10-12 15:05:04,587 [main] INFO  org.springframework.boot.web.servlet.FilterRegistrationBean - Mapping filter: 'formContentFilter' to: [/*]
2020-10-12 15:05:04,587 [main] INFO  org.springframework.boot.web.servlet.FilterRegistrationBean - Mapping filter: 'requestContextFilter' to: [/*]
2020-10-12 15:05:04,980 [main] INFO  org.springframework.scheduling.concurrent.ThreadPoolTaskExecutor - Initializing ExecutorService 'applicationTaskExecutor'
2020-10-12 15:05:05,189 [main] INFO  org.apache.coyote.http11.Http11NioProtocol - Starting ProtocolHandler ["https-openssl-nio-8080"]
2020-10-12 15:05:05,620 [main] INFO  org.apache.tomcat.util.net.NioSelectorPool - Using a shared selector for servlet write/read
2020-10-12 15:05:05,631 [main] INFO  org.springframework.boot.web.embedded.tomcat.TomcatWebServer - Tomcat started on port(s): 8080 (https) with context path ''
2020-10-12 15:05:05,633 [main] INFO  com.shortrent.ShortRentApplication - Started ShortRentApplication in 2.42 seconds (JVM running for 3.184)
2020-10-12 15:05:10,115 [https-openssl-nio-8080-exec-7] INFO  org.apache.catalina.core.ContainerBase.[Tomcat].[localhost].[/] - Initializing Spring DispatcherServlet 'dispatcherServlet'
2020-10-12 15:05:10,115 [https-openssl-nio-8080-exec-7] INFO  org.springframework.web.servlet.DispatcherServlet - Initializing Servlet 'dispatcherServlet'
2020-10-12 15:05:10,159 [https-openssl-nio-8080-exec-7] INFO  org.springframework.web.servlet.DispatcherServlet - Completed initialization in 44 ms
2020-10-12 15:05:11,350 [https-openssl-nio-8080-exec-3] INFO  com.zaxxer.hikari.HikariDataSource - HikariPool-1 - Starting...
2020-10-12 15:05:11,770 [https-openssl-nio-8080-exec-3] INFO  com.zaxxer.hikari.HikariDataSource - HikariPool-1 - Start completed.
2020-10-12 15:10:23,756 [RMI TCP Connection(4)-127.0.0.1] INFO  o.s.boot.admin.SpringApplicationAdminMXBeanRegistrar$SpringApplicationAdmin - Application shutdown requested.
2020-10-12 15:10:23,758 [RMI TCP Connection(4)-127.0.0.1] INFO  org.springframework.scheduling.concurrent.ThreadPoolTaskExecutor - Shutting down ExecutorService 'applicationTaskExecutor'
2020-10-12 15:10:23,760 [RMI TCP Connection(4)-127.0.0.1] INFO  com.zaxxer.hikari.HikariDataSource - HikariPool-1 - Shutdown initiated...
2020-10-12 15:10:23,766 [RMI TCP Connection(4)-127.0.0.1] INFO  com.zaxxer.hikari.HikariDataSource - HikariPool-1 - Shutdown completed.
