2020-09-14 22:05:00,133 [main] INFO  com.shortrent.Application - Starting Application on LAPTOP-RFRAAI6A with PID 8316 (D:\17201219-web\shortrent\target\classes started by 施增辉 in D:\17201219-web\shortrent)
2020-09-14 22:05:00,140 [main] INFO  com.shortrent.Application - No active profile set, falling back to default profiles: default
2020-09-14 22:05:03,385 [main] INFO  org.springframework.boot.web.embedded.tomcat.TomcatWebServer - Tomcat initialized with port(s): 8080 (http)
2020-09-14 22:05:03,409 [main] INFO  org.apache.coyote.http11.Http11NioProtocol - Initializing ProtocolHandler ["http-nio-8080"]
2020-09-14 22:05:03,410 [main] INFO  org.apache.catalina.core.StandardService - Starting service [Tomcat]
2020-09-14 22:05:03,417 [main] INFO  org.apache.catalina.core.StandardEngine - Starting Servlet engine: [Apache Tomcat/9.0.33]
2020-09-14 22:05:03,421 [main] INFO  org.apache.catalina.core.AprLifecycleListener - Loaded APR based Apache Tomcat Native library [1.2.23] using APR version [1.7.0].
2020-09-14 22:05:03,421 [main] INFO  org.apache.catalina.core.AprLifecycleListener - APR capabilities: IPv6 [true], sendfile [true], accept filters [false], random [true].
2020-09-14 22:05:03,421 [main] INFO  org.apache.catalina.core.AprLifecycleListener - APR/OpenSSL configuration: useAprConnector [false], useOpenSSL [true]
2020-09-14 22:05:03,428 [main] INFO  org.apache.catalina.core.AprLifecycleListener - OpenSSL successfully initialized [OpenSSL 1.1.1c  28 May 2019]
2020-09-14 22:05:03,711 [main] INFO  org.apache.catalina.core.ContainerBase.[Tomcat].[localhost].[/] - Initializing Spring embedded WebApplicationContext
2020-09-14 22:05:03,712 [main] INFO  org.springframework.web.context.ContextLoader - Root WebApplicationContext: initialization completed in 3422 ms
2020-09-14 22:05:04,728 [main] INFO  org.springframework.scheduling.concurrent.ThreadPoolTaskExecutor - Initializing ExecutorService 'applicationTaskExecutor'
2020-09-14 22:05:04,908 [main] INFO  org.springframework.boot.autoconfigure.web.servlet.WelcomePageHandlerMapping - Adding welcome page template: index
2020-09-14 22:05:05,230 [main] INFO  org.apache.coyote.http11.Http11NioProtocol - Starting ProtocolHandler ["http-nio-8080"]
2020-09-14 22:05:05,263 [main] INFO  org.apache.coyote.http11.Http11NioProtocol - Pausing ProtocolHandler ["http-nio-8080"]
2020-09-14 22:05:05,264 [main] INFO  org.apache.catalina.core.StandardService - Stopping service [Tomcat]
2020-09-14 22:05:05,272 [main] INFO  org.apache.coyote.http11.Http11NioProtocol - Stopping ProtocolHandler ["http-nio-8080"]
2020-09-14 22:05:05,272 [main] INFO  org.apache.coyote.http11.Http11NioProtocol - Destroying ProtocolHandler ["http-nio-8080"]
2020-09-14 22:05:05,277 [main] INFO  o.s.boot.autoconfigure.logging.ConditionEvaluationReportLoggingListener - 

Error starting ApplicationContext. To display the conditions report re-run your application with 'debug' enabled.
2020-09-14 22:05:05,286 [main] INFO  org.springframework.scheduling.concurrent.ThreadPoolTaskExecutor - Shutting down ExecutorService 'applicationTaskExecutor'
2020-09-14 22:05:36,034 [main] INFO  com.shortrent.Application - Starting Application on LAPTOP-RFRAAI6A with PID 11684 (D:\17201219-web\shortrent\target\classes started by 施增辉 in D:\17201219-web\shortrent)
2020-09-14 22:05:36,040 [main] INFO  com.shortrent.Application - No active profile set, falling back to default profiles: default
2020-09-14 22:05:39,581 [main] INFO  org.springframework.boot.web.embedded.tomcat.TomcatWebServer - Tomcat initialized with port(s): 8080 (http)
2020-09-14 22:05:39,604 [main] INFO  org.apache.coyote.http11.Http11NioProtocol - Initializing ProtocolHandler ["http-nio-8080"]
2020-09-14 22:05:39,606 [main] INFO  org.apache.catalina.core.StandardService - Starting service [Tomcat]
2020-09-14 22:05:39,606 [main] INFO  org.apache.catalina.core.StandardEngine - Starting Servlet engine: [Apache Tomcat/9.0.33]
2020-09-14 22:05:39,610 [main] INFO  org.apache.catalina.core.AprLifecycleListener - Loaded APR based Apache Tomcat Native library [1.2.23] using APR version [1.7.0].
2020-09-14 22:05:39,611 [main] INFO  org.apache.catalina.core.AprLifecycleListener - APR capabilities: IPv6 [true], sendfile [true], accept filters [false], random [true].
2020-09-14 22:05:39,612 [main] INFO  org.apache.catalina.core.AprLifecycleListener - APR/OpenSSL configuration: useAprConnector [false], useOpenSSL [true]
2020-09-14 22:05:39,620 [main] INFO  org.apache.catalina.core.AprLifecycleListener - OpenSSL successfully initialized [OpenSSL 1.1.1c  28 May 2019]
2020-09-14 22:05:39,841 [main] INFO  org.apache.catalina.core.ContainerBase.[Tomcat].[localhost].[/] - Initializing Spring embedded WebApplicationContext
2020-09-14 22:05:39,841 [main] INFO  org.springframework.web.context.ContextLoader - Root WebApplicationContext: initialization completed in 3652 ms
2020-09-14 22:05:40,860 [main] INFO  org.springframework.scheduling.concurrent.ThreadPoolTaskExecutor - Initializing ExecutorService 'applicationTaskExecutor'
2020-09-14 22:05:41,088 [main] INFO  org.springframework.boot.autoconfigure.web.servlet.WelcomePageHandlerMapping - Adding welcome page template: index
2020-09-14 22:05:41,515 [main] INFO  org.apache.coyote.http11.Http11NioProtocol - Starting ProtocolHandler ["http-nio-8080"]
2020-09-14 22:05:41,589 [main] INFO  org.springframework.boot.web.embedded.tomcat.TomcatWebServer - Tomcat started on port(s): 8080 (http) with context path ''
2020-09-14 22:05:41,597 [main] INFO  com.shortrent.Application - Started Application in 6.53 seconds (JVM running for 7.484)
2020-09-14 22:05:47,295 [http-nio-8080-exec-1] INFO  org.apache.catalina.core.ContainerBase.[Tomcat].[localhost].[/] - Initializing Spring DispatcherServlet 'dispatcherServlet'
2020-09-14 22:05:47,295 [http-nio-8080-exec-1] INFO  org.springframework.web.servlet.DispatcherServlet - Initializing Servlet 'dispatcherServlet'
2020-09-14 22:05:47,312 [http-nio-8080-exec-1] INFO  org.springframework.web.servlet.DispatcherServlet - Completed initialization in 17 ms
2020-09-14 22:05:57,051 [http-nio-8080-exec-2] INFO  com.zaxxer.hikari.HikariDataSource - HikariPool-1 - Starting...
2020-09-14 22:07:01,981 [main] INFO  com.shortrent.Application - Starting Application on LAPTOP-RFRAAI6A with PID 7248 (D:\17201219-web\shortrent\target\classes started by 施增辉 in D:\17201219-web\shortrent)
2020-09-14 22:07:01,987 [main] INFO  com.shortrent.Application - No active profile set, falling back to default profiles: default
2020-09-14 22:07:05,712 [main] INFO  org.springframework.boot.web.embedded.tomcat.TomcatWebServer - Tomcat initialized with port(s): 8080 (http)
2020-09-14 22:07:05,737 [main] INFO  org.apache.coyote.http11.Http11NioProtocol - Initializing ProtocolHandler ["http-nio-8080"]
2020-09-14 22:07:05,739 [main] INFO  org.apache.catalina.core.StandardService - Starting service [Tomcat]
2020-09-14 22:07:05,740 [main] INFO  org.apache.catalina.core.StandardEngine - Starting Servlet engine: [Apache Tomcat/9.0.33]
2020-09-14 22:07:05,744 [main] INFO  org.apache.catalina.core.AprLifecycleListener - Loaded APR based Apache Tomcat Native library [1.2.23] using APR version [1.7.0].
2020-09-14 22:07:05,744 [main] INFO  org.apache.catalina.core.AprLifecycleListener - APR capabilities: IPv6 [true], sendfile [true], accept filters [false], random [true].
2020-09-14 22:07:05,744 [main] INFO  org.apache.catalina.core.AprLifecycleListener - APR/OpenSSL configuration: useAprConnector [false], useOpenSSL [true]
2020-09-14 22:07:05,753 [main] INFO  org.apache.catalina.core.AprLifecycleListener - OpenSSL successfully initialized [OpenSSL 1.1.1c  28 May 2019]
2020-09-14 22:07:05,991 [main] INFO  org.apache.catalina.core.ContainerBase.[Tomcat].[localhost].[/] - Initializing Spring embedded WebApplicationContext
2020-09-14 22:07:05,991 [main] INFO  org.springframework.web.context.ContextLoader - Root WebApplicationContext: initialization completed in 3868 ms
2020-09-14 22:07:07,006 [main] INFO  org.springframework.scheduling.concurrent.ThreadPoolTaskExecutor - Initializing ExecutorService 'applicationTaskExecutor'
2020-09-14 22:07:07,187 [main] INFO  org.springframework.boot.autoconfigure.web.servlet.WelcomePageHandlerMapping - Adding welcome page template: index
2020-09-14 22:07:07,546 [main] INFO  org.apache.coyote.http11.Http11NioProtocol - Starting ProtocolHandler ["http-nio-8080"]
2020-09-14 22:07:07,614 [main] INFO  org.springframework.boot.web.embedded.tomcat.TomcatWebServer - Tomcat started on port(s): 8080 (http) with context path ''
2020-09-14 22:07:07,623 [main] INFO  com.shortrent.Application - Started Application in 6.623 seconds (JVM running for 7.571)
2020-09-14 22:07:35,986 [http-nio-8080-exec-2] INFO  org.apache.catalina.core.ContainerBase.[Tomcat].[localhost].[/] - Initializing Spring DispatcherServlet 'dispatcherServlet'
2020-09-14 22:07:35,987 [http-nio-8080-exec-2] INFO  org.springframework.web.servlet.DispatcherServlet - Initializing Servlet 'dispatcherServlet'
2020-09-14 22:07:36,006 [http-nio-8080-exec-2] INFO  org.springframework.web.servlet.DispatcherServlet - Completed initialization in 19 ms
2020-09-14 22:07:43,744 [http-nio-8080-exec-1] INFO  com.zaxxer.hikari.HikariDataSource - HikariPool-1 - Starting...
2020-09-14 22:09:33,216 [main] INFO  com.shortrent.Application - Starting Application on LAPTOP-RFRAAI6A with PID 1352 (D:\17201219-web\shortrent\target\classes started by 施增辉 in D:\17201219-web\shortrent)
2020-09-14 22:09:33,221 [main] INFO  com.shortrent.Application - No active profile set, falling back to default profiles: default
2020-09-14 22:09:36,841 [main] INFO  org.springframework.boot.web.embedded.tomcat.TomcatWebServer - Tomcat initialized with port(s): 8080 (http)
2020-09-14 22:09:36,868 [main] INFO  org.apache.coyote.http11.Http11NioProtocol - Initializing ProtocolHandler ["http-nio-8080"]
2020-09-14 22:09:36,870 [main] INFO  org.apache.catalina.core.StandardService - Starting service [Tomcat]
2020-09-14 22:09:36,870 [main] INFO  org.apache.catalina.core.StandardEngine - Starting Servlet engine: [Apache Tomcat/9.0.33]
2020-09-14 22:09:36,874 [main] INFO  org.apache.catalina.core.AprLifecycleListener - Loaded APR based Apache Tomcat Native library [1.2.23] using APR version [1.7.0].
2020-09-14 22:09:36,875 [main] INFO  org.apache.catalina.core.AprLifecycleListener - APR capabilities: IPv6 [true], sendfile [true], accept filters [false], random [true].
2020-09-14 22:09:36,875 [main] INFO  org.apache.catalina.core.AprLifecycleListener - APR/OpenSSL configuration: useAprConnector [false], useOpenSSL [true]
2020-09-14 22:09:36,883 [main] INFO  org.apache.catalina.core.AprLifecycleListener - OpenSSL successfully initialized [OpenSSL 1.1.1c  28 May 2019]
2020-09-14 22:09:37,151 [main] INFO  org.apache.catalina.core.ContainerBase.[Tomcat].[localhost].[/] - Initializing Spring embedded WebApplicationContext
2020-09-14 22:09:37,152 [main] INFO  org.springframework.web.context.ContextLoader - Root WebApplicationContext: initialization completed in 3771 ms
2020-09-14 22:09:38,221 [main] INFO  org.springframework.scheduling.concurrent.ThreadPoolTaskExecutor - Initializing ExecutorService 'applicationTaskExecutor'
2020-09-14 22:09:38,412 [main] INFO  org.springframework.boot.autoconfigure.web.servlet.WelcomePageHandlerMapping - Adding welcome page template: index
2020-09-14 22:09:38,754 [main] INFO  org.apache.coyote.http11.Http11NioProtocol - Starting ProtocolHandler ["http-nio-8080"]
2020-09-14 22:09:38,824 [main] INFO  org.springframework.boot.web.embedded.tomcat.TomcatWebServer - Tomcat started on port(s): 8080 (http) with context path ''
2020-09-14 22:09:38,831 [main] INFO  com.shortrent.Application - Started Application in 6.667 seconds (JVM running for 7.761)
2020-09-14 22:09:50,396 [http-nio-8080-exec-1] INFO  org.apache.catalina.core.ContainerBase.[Tomcat].[localhost].[/] - Initializing Spring DispatcherServlet 'dispatcherServlet'
2020-09-14 22:09:50,397 [http-nio-8080-exec-1] INFO  org.springframework.web.servlet.DispatcherServlet - Initializing Servlet 'dispatcherServlet'
2020-09-14 22:09:50,417 [http-nio-8080-exec-1] INFO  org.springframework.web.servlet.DispatcherServlet - Completed initialization in 20 ms
2020-09-14 22:09:50,504 [http-nio-8080-exec-1] INFO  com.zaxxer.hikari.HikariDataSource - HikariPool-1 - Starting...
2020-09-14 22:09:50,848 [http-nio-8080-exec-1] INFO  com.zaxxer.hikari.HikariDataSource - HikariPool-1 - Start completed.
2020-09-14 22:10:26,667 [main] INFO  com.shortrent.Application - Starting Application on LAPTOP-RFRAAI6A with PID 3108 (D:\17201219-web\shortrent\target\classes started by 施增辉 in D:\17201219-web\shortrent)
2020-09-14 22:10:26,673 [main] INFO  com.shortrent.Application - No active profile set, falling back to default profiles: default
2020-09-14 22:10:29,871 [main] INFO  org.springframework.boot.web.embedded.tomcat.TomcatWebServer - Tomcat initialized with port(s): 8080 (http)
2020-09-14 22:10:29,894 [main] INFO  org.apache.coyote.http11.Http11NioProtocol - Initializing ProtocolHandler ["http-nio-8080"]
2020-09-14 22:10:29,895 [main] INFO  org.apache.catalina.core.StandardService - Starting service [Tomcat]
2020-09-14 22:10:29,896 [main] INFO  org.apache.catalina.core.StandardEngine - Starting Servlet engine: [Apache Tomcat/9.0.33]
2020-09-14 22:10:29,899 [main] INFO  org.apache.catalina.core.AprLifecycleListener - Loaded APR based Apache Tomcat Native library [1.2.23] using APR version [1.7.0].
2020-09-14 22:10:29,899 [main] INFO  org.apache.catalina.core.AprLifecycleListener - APR capabilities: IPv6 [true], sendfile [true], accept filters [false], random [true].
2020-09-14 22:10:29,900 [main] INFO  org.apache.catalina.core.AprLifecycleListener - APR/OpenSSL configuration: useAprConnector [false], useOpenSSL [true]
2020-09-14 22:10:29,908 [main] INFO  org.apache.catalina.core.AprLifecycleListener - OpenSSL successfully initialized [OpenSSL 1.1.1c  28 May 2019]
2020-09-14 22:10:30,165 [main] INFO  org.apache.catalina.core.ContainerBase.[Tomcat].[localhost].[/] - Initializing Spring embedded WebApplicationContext
2020-09-14 22:10:30,165 [main] INFO  org.springframework.web.context.ContextLoader - Root WebApplicationContext: initialization completed in 3335 ms
2020-09-14 22:10:31,243 [main] INFO  org.springframework.scheduling.concurrent.ThreadPoolTaskExecutor - Initializing ExecutorService 'applicationTaskExecutor'
2020-09-14 22:10:31,443 [main] INFO  org.springframework.boot.autoconfigure.web.servlet.WelcomePageHandlerMapping - Adding welcome page template: index
2020-09-14 22:10:31,808 [main] INFO  org.apache.coyote.http11.Http11NioProtocol - Starting ProtocolHandler ["http-nio-8080"]
2020-09-14 22:10:31,873 [main] INFO  org.springframework.boot.web.embedded.tomcat.TomcatWebServer - Tomcat started on port(s): 8080 (http) with context path ''
2020-09-14 22:10:31,882 [main] INFO  com.shortrent.Application - Started Application in 6.199 seconds (JVM running for 7.242)
2020-09-14 22:10:58,819 [http-nio-8080-exec-1] INFO  org.apache.catalina.core.ContainerBase.[Tomcat].[localhost].[/] - Initializing Spring DispatcherServlet 'dispatcherServlet'
2020-09-14 22:10:58,820 [http-nio-8080-exec-1] INFO  org.springframework.web.servlet.DispatcherServlet - Initializing Servlet 'dispatcherServlet'
2020-09-14 22:10:58,840 [http-nio-8080-exec-1] INFO  org.springframework.web.servlet.DispatcherServlet - Completed initialization in 20 ms
2020-09-14 22:10:58,941 [http-nio-8080-exec-1] INFO  com.zaxxer.hikari.HikariDataSource - HikariPool-1 - Starting...
2020-09-14 22:10:59,291 [http-nio-8080-exec-1] INFO  com.zaxxer.hikari.HikariDataSource - HikariPool-1 - Start completed.
2020-09-14 22:13:12,622 [main] INFO  com.shortrent.Application - Starting Application on LAPTOP-RFRAAI6A with PID 9544 (D:\17201219-web\shortrent\target\classes started by 施增辉 in D:\17201219-web\shortrent)
2020-09-14 22:13:12,628 [main] INFO  com.shortrent.Application - No active profile set, falling back to default profiles: default
2020-09-14 22:13:15,781 [main] INFO  org.springframework.boot.web.embedded.tomcat.TomcatWebServer - Tomcat initialized with port(s): 8080 (http)
2020-09-14 22:13:15,801 [main] INFO  org.apache.coyote.http11.Http11NioProtocol - Initializing ProtocolHandler ["http-nio-8080"]
2020-09-14 22:13:15,802 [main] INFO  org.apache.catalina.core.StandardService - Starting service [Tomcat]
2020-09-14 22:13:15,803 [main] INFO  org.apache.catalina.core.StandardEngine - Starting Servlet engine: [Apache Tomcat/9.0.33]
2020-09-14 22:13:15,807 [main] INFO  org.apache.catalina.core.AprLifecycleListener - Loaded APR based Apache Tomcat Native library [1.2.23] using APR version [1.7.0].
2020-09-14 22:13:15,807 [main] INFO  org.apache.catalina.core.AprLifecycleListener - APR capabilities: IPv6 [true], sendfile [true], accept filters [false], random [true].
2020-09-14 22:13:15,807 [main] INFO  org.apache.catalina.core.AprLifecycleListener - APR/OpenSSL configuration: useAprConnector [false], useOpenSSL [true]
2020-09-14 22:13:15,814 [main] INFO  org.apache.catalina.core.AprLifecycleListener - OpenSSL successfully initialized [OpenSSL 1.1.1c  28 May 2019]
2020-09-14 22:13:16,059 [main] INFO  org.apache.catalina.core.ContainerBase.[Tomcat].[localhost].[/] - Initializing Spring embedded WebApplicationContext
2020-09-14 22:13:16,060 [main] INFO  org.springframework.web.context.ContextLoader - Root WebApplicationContext: initialization completed in 3270 ms
2020-09-14 22:13:17,199 [main] INFO  org.springframework.scheduling.concurrent.ThreadPoolTaskExecutor - Initializing ExecutorService 'applicationTaskExecutor'
2020-09-14 22:13:17,410 [main] INFO  org.springframework.boot.autoconfigure.web.servlet.WelcomePageHandlerMapping - Adding welcome page template: index
2020-09-14 22:13:17,748 [main] INFO  org.apache.coyote.http11.Http11NioProtocol - Starting ProtocolHandler ["http-nio-8080"]
2020-09-14 22:13:17,817 [main] INFO  org.springframework.boot.web.embedded.tomcat.TomcatWebServer - Tomcat started on port(s): 8080 (http) with context path ''
2020-09-14 22:13:17,825 [main] INFO  com.shortrent.Application - Started Application in 6.276 seconds (JVM running for 7.444)
2020-09-14 22:13:19,729 [http-nio-8080-exec-1] INFO  org.apache.catalina.core.ContainerBase.[Tomcat].[localhost].[/] - Initializing Spring DispatcherServlet 'dispatcherServlet'
2020-09-14 22:13:19,730 [http-nio-8080-exec-1] INFO  org.springframework.web.servlet.DispatcherServlet - Initializing Servlet 'dispatcherServlet'
2020-09-14 22:13:19,746 [http-nio-8080-exec-1] INFO  org.springframework.web.servlet.DispatcherServlet - Completed initialization in 16 ms
2020-09-14 22:13:23,960 [http-nio-8080-exec-4] INFO  com.zaxxer.hikari.HikariDataSource - HikariPool-1 - Starting...
2020-09-14 22:13:24,262 [http-nio-8080-exec-4] INFO  com.zaxxer.hikari.HikariDataSource - HikariPool-1 - Start completed.
2020-09-14 22:14:58,287 [main] INFO  com.shortrent.Application - Starting Application on LAPTOP-RFRAAI6A with PID 13716 (D:\17201219-web\shortrent\target\classes started by 施增辉 in D:\17201219-web\shortrent)
2020-09-14 22:14:58,294 [main] INFO  com.shortrent.Application - No active profile set, falling back to default profiles: default
2020-09-14 22:15:01,638 [main] INFO  org.springframework.boot.web.embedded.tomcat.TomcatWebServer - Tomcat initialized with port(s): 8080 (http)
2020-09-14 22:15:01,658 [main] INFO  org.apache.coyote.http11.Http11NioProtocol - Initializing ProtocolHandler ["http-nio-8080"]
2020-09-14 22:15:01,659 [main] INFO  org.apache.catalina.core.StandardService - Starting service [Tomcat]
2020-09-14 22:15:01,660 [main] INFO  org.apache.catalina.core.StandardEngine - Starting Servlet engine: [Apache Tomcat/9.0.33]
2020-09-14 22:15:01,662 [main] INFO  org.apache.catalina.core.AprLifecycleListener - Loaded APR based Apache Tomcat Native library [1.2.23] using APR version [1.7.0].
2020-09-14 22:15:01,663 [main] INFO  org.apache.catalina.core.AprLifecycleListener - APR capabilities: IPv6 [true], sendfile [true], accept filters [false], random [true].
2020-09-14 22:15:01,663 [main] INFO  org.apache.catalina.core.AprLifecycleListener - APR/OpenSSL configuration: useAprConnector [false], useOpenSSL [true]
2020-09-14 22:15:01,675 [main] INFO  org.apache.catalina.core.AprLifecycleListener - OpenSSL successfully initialized [OpenSSL 1.1.1c  28 May 2019]
2020-09-14 22:15:01,917 [main] INFO  org.apache.catalina.core.ContainerBase.[Tomcat].[localhost].[/] - Initializing Spring embedded WebApplicationContext
2020-09-14 22:15:01,918 [main] INFO  org.springframework.web.context.ContextLoader - Root WebApplicationContext: initialization completed in 3387 ms
2020-09-14 22:15:03,018 [main] INFO  org.springframework.scheduling.concurrent.ThreadPoolTaskExecutor - Initializing ExecutorService 'applicationTaskExecutor'
2020-09-14 22:15:03,206 [main] INFO  org.springframework.boot.autoconfigure.web.servlet.WelcomePageHandlerMapping - Adding welcome page template: index
2020-09-14 22:15:03,538 [main] INFO  org.apache.coyote.http11.Http11NioProtocol - Starting ProtocolHandler ["http-nio-8080"]
2020-09-14 22:15:03,601 [main] INFO  org.springframework.boot.web.embedded.tomcat.TomcatWebServer - Tomcat started on port(s): 8080 (http) with context path ''
2020-09-14 22:15:03,615 [main] INFO  com.shortrent.Application - Started Application in 6.439 seconds (JVM running for 7.494)
2020-09-14 22:15:13,618 [http-nio-8080-exec-1] INFO  org.apache.catalina.core.ContainerBase.[Tomcat].[localhost].[/] - Initializing Spring DispatcherServlet 'dispatcherServlet'
2020-09-14 22:15:13,618 [http-nio-8080-exec-1] INFO  org.springframework.web.servlet.DispatcherServlet - Initializing Servlet 'dispatcherServlet'
2020-09-14 22:15:13,638 [http-nio-8080-exec-1] INFO  org.springframework.web.servlet.DispatcherServlet - Completed initialization in 19 ms
2020-09-14 22:15:13,804 [http-nio-8080-exec-1] INFO  com.zaxxer.hikari.HikariDataSource - HikariPool-1 - Starting...
2020-09-14 22:15:14,151 [http-nio-8080-exec-1] INFO  com.zaxxer.hikari.HikariDataSource - HikariPool-1 - Start completed.
2020-09-14 22:20:33,043 [main] INFO  com.shortrent.Application - Starting Application on LAPTOP-RFRAAI6A with PID 11452 (D:\17201219-web\shortrent\target\classes started by 施增辉 in D:\17201219-web\shortrent)
2020-09-14 22:20:33,050 [main] INFO  com.shortrent.Application - No active profile set, falling back to default profiles: default
2020-09-14 22:20:36,652 [main] INFO  org.springframework.boot.web.embedded.tomcat.TomcatWebServer - Tomcat initialized with port(s): 8080 (http)
2020-09-14 22:20:36,733 [main] INFO  org.apache.coyote.http11.Http11NioProtocol - Initializing ProtocolHandler ["http-nio-8080"]
2020-09-14 22:20:36,736 [main] INFO  org.apache.catalina.core.StandardService - Starting service [Tomcat]
2020-09-14 22:20:36,737 [main] INFO  org.apache.catalina.core.StandardEngine - Starting Servlet engine: [Apache Tomcat/9.0.33]
2020-09-14 22:20:36,745 [main] INFO  org.apache.catalina.core.AprLifecycleListener - Loaded APR based Apache Tomcat Native library [1.2.23] using APR version [1.7.0].
2020-09-14 22:20:36,747 [main] INFO  org.apache.catalina.core.AprLifecycleListener - APR capabilities: IPv6 [true], sendfile [true], accept filters [false], random [true].
2020-09-14 22:20:36,748 [main] INFO  org.apache.catalina.core.AprLifecycleListener - APR/OpenSSL configuration: useAprConnector [false], useOpenSSL [true]
2020-09-14 22:20:36,766 [main] INFO  org.apache.catalina.core.AprLifecycleListener - OpenSSL successfully initialized [OpenSSL 1.1.1c  28 May 2019]
2020-09-14 22:20:37,134 [main] INFO  org.apache.catalina.core.ContainerBase.[Tomcat].[localhost].[/] - Initializing Spring embedded WebApplicationContext
2020-09-14 22:20:37,135 [main] INFO  org.springframework.web.context.ContextLoader - Root WebApplicationContext: initialization completed in 3909 ms
2020-09-14 22:20:38,644 [main] INFO  org.springframework.scheduling.concurrent.ThreadPoolTaskExecutor - Initializing ExecutorService 'applicationTaskExecutor'
2020-09-14 22:20:38,966 [main] INFO  org.springframework.boot.autoconfigure.web.servlet.WelcomePageHandlerMapping - Adding welcome page template: index
2020-09-14 22:20:39,915 [main] INFO  org.apache.coyote.http11.Http11NioProtocol - Starting ProtocolHandler ["http-nio-8080"]
2020-09-14 22:20:40,049 [main] INFO  org.springframework.boot.web.embedded.tomcat.TomcatWebServer - Tomcat started on port(s): 8080 (http) with context path ''
2020-09-14 22:20:40,092 [main] INFO  com.shortrent.Application - Started Application in 8.123 seconds (JVM running for 9.178)
2020-09-14 22:20:53,633 [http-nio-8080-exec-3] INFO  org.apache.catalina.core.ContainerBase.[Tomcat].[localhost].[/] - Initializing Spring DispatcherServlet 'dispatcherServlet'
2020-09-14 22:20:53,634 [http-nio-8080-exec-3] INFO  org.springframework.web.servlet.DispatcherServlet - Initializing Servlet 'dispatcherServlet'
2020-09-14 22:20:53,651 [http-nio-8080-exec-3] INFO  org.springframework.web.servlet.DispatcherServlet - Completed initialization in 17 ms
2020-09-14 22:20:53,781 [http-nio-8080-exec-3] INFO  com.zaxxer.hikari.HikariDataSource - HikariPool-1 - Starting...
2020-09-14 22:20:54,144 [http-nio-8080-exec-3] INFO  com.zaxxer.hikari.HikariDataSource - HikariPool-1 - Start completed.
2020-09-14 23:01:26,322 [main] INFO  com.shortrent.Application - Starting Application on LAPTOP-RFRAAI6A with PID 11060 (D:\17201219-web\shortrent\target\classes started by 施增辉 in D:\17201219-web\shortrent)
2020-09-14 23:01:26,334 [main] INFO  com.shortrent.Application - No active profile set, falling back to default profiles: default
2020-09-14 23:01:32,331 [main] INFO  org.springframework.boot.web.embedded.tomcat.TomcatWebServer - Tomcat initialized with port(s): 8080 (http)
2020-09-14 23:01:32,402 [main] INFO  org.apache.coyote.http11.Http11NioProtocol - Initializing ProtocolHandler ["http-nio-8080"]
2020-09-14 23:01:32,404 [main] INFO  org.apache.catalina.core.StandardService - Starting service [Tomcat]
2020-09-14 23:01:32,405 [main] INFO  org.apache.catalina.core.StandardEngine - Starting Servlet engine: [Apache Tomcat/9.0.33]
2020-09-14 23:01:32,410 [main] INFO  org.apache.catalina.core.AprLifecycleListener - Loaded APR based Apache Tomcat Native library [1.2.23] using APR version [1.7.0].
2020-09-14 23:01:32,411 [main] INFO  org.apache.catalina.core.AprLifecycleListener - APR capabilities: IPv6 [true], sendfile [true], accept filters [false], random [true].
2020-09-14 23:01:32,435 [main] INFO  org.apache.catalina.core.AprLifecycleListener - APR/OpenSSL configuration: useAprConnector [false], useOpenSSL [true]
2020-09-14 23:01:32,477 [main] INFO  org.apache.catalina.core.AprLifecycleListener - OpenSSL successfully initialized [OpenSSL 1.1.1c  28 May 2019]
2020-09-14 23:01:33,266 [main] INFO  org.apache.catalina.core.ContainerBase.[Tomcat].[localhost].[/] - Initializing Spring embedded WebApplicationContext
2020-09-14 23:01:33,273 [main] INFO  org.springframework.web.context.ContextLoader - Root WebApplicationContext: initialization completed in 6692 ms
2020-09-14 23:01:36,825 [main] INFO  org.springframework.scheduling.concurrent.ThreadPoolTaskExecutor - Initializing ExecutorService 'applicationTaskExecutor'
2020-09-14 23:01:37,391 [main] INFO  org.springframework.boot.autoconfigure.web.servlet.WelcomePageHandlerMapping - Adding welcome page template: index
2020-09-14 23:01:38,590 [main] INFO  org.apache.coyote.http11.Http11NioProtocol - Starting ProtocolHandler ["http-nio-8080"]
2020-09-14 23:01:38,824 [main] INFO  org.springframework.boot.web.embedded.tomcat.TomcatWebServer - Tomcat started on port(s): 8080 (http) with context path ''
2020-09-14 23:01:38,911 [main] INFO  com.shortrent.Application - Started Application in 15.02 seconds (JVM running for 17.601)
2020-09-14 23:03:11,493 [main] INFO  com.shortrent.Application - Starting Application on LAPTOP-RFRAAI6A with PID 14260 (D:\17201219-web\shortrent\target\classes started by 施增辉 in D:\17201219-web\shortrent)
2020-09-14 23:03:11,498 [main] INFO  com.shortrent.Application - No active profile set, falling back to default profiles: default
2020-09-14 23:03:14,330 [main] INFO  org.springframework.boot.web.embedded.tomcat.TomcatWebServer - Tomcat initialized with port(s): 8080 (http)
2020-09-14 23:03:14,348 [main] INFO  org.apache.coyote.http11.Http11NioProtocol - Initializing ProtocolHandler ["http-nio-8080"]
2020-09-14 23:03:14,349 [main] INFO  org.apache.catalina.core.StandardService - Starting service [Tomcat]
2020-09-14 23:03:14,350 [main] INFO  org.apache.catalina.core.StandardEngine - Starting Servlet engine: [Apache Tomcat/9.0.33]
2020-09-14 23:03:14,352 [main] INFO  org.apache.catalina.core.AprLifecycleListener - Loaded APR based Apache Tomcat Native library [1.2.23] using APR version [1.7.0].
2020-09-14 23:03:14,353 [main] INFO  org.apache.catalina.core.AprLifecycleListener - APR capabilities: IPv6 [true], sendfile [true], accept filters [false], random [true].
2020-09-14 23:03:14,353 [main] INFO  org.apache.catalina.core.AprLifecycleListener - APR/OpenSSL configuration: useAprConnector [false], useOpenSSL [true]
2020-09-14 23:03:14,361 [main] INFO  org.apache.catalina.core.AprLifecycleListener - OpenSSL successfully initialized [OpenSSL 1.1.1c  28 May 2019]
2020-09-14 23:03:14,569 [main] INFO  org.apache.catalina.core.ContainerBase.[Tomcat].[localhost].[/] - Initializing Spring embedded WebApplicationContext
2020-09-14 23:03:14,569 [main] INFO  org.springframework.web.context.ContextLoader - Root WebApplicationContext: initialization completed in 2930 ms
2020-09-14 23:03:15,577 [main] INFO  org.springframework.scheduling.concurrent.ThreadPoolTaskExecutor - Initializing ExecutorService 'applicationTaskExecutor'
2020-09-14 23:03:15,770 [main] INFO  org.springframework.boot.autoconfigure.web.servlet.WelcomePageHandlerMapping - Adding welcome page template: index
2020-09-14 23:03:16,061 [main] INFO  org.apache.coyote.http11.Http11NioProtocol - Starting ProtocolHandler ["http-nio-8080"]
2020-09-14 23:03:16,125 [main] INFO  org.springframework.boot.web.embedded.tomcat.TomcatWebServer - Tomcat started on port(s): 8080 (http) with context path ''
2020-09-14 23:03:16,133 [main] INFO  com.shortrent.Application - Started Application in 5.545 seconds (JVM running for 6.478)
2020-09-14 23:03:21,322 [http-nio-8080-exec-1] INFO  org.apache.catalina.core.ContainerBase.[Tomcat].[localhost].[/] - Initializing Spring DispatcherServlet 'dispatcherServlet'
2020-09-14 23:03:21,323 [http-nio-8080-exec-1] INFO  org.springframework.web.servlet.DispatcherServlet - Initializing Servlet 'dispatcherServlet'
2020-09-14 23:03:21,341 [http-nio-8080-exec-1] INFO  org.springframework.web.servlet.DispatcherServlet - Completed initialization in 18 ms
2020-09-14 23:03:28,431 [http-nio-8080-exec-4] INFO  com.zaxxer.hikari.HikariDataSource - HikariPool-1 - Starting...
2020-09-14 23:03:28,900 [http-nio-8080-exec-4] INFO  com.zaxxer.hikari.HikariDataSource - HikariPool-1 - Start completed.
2020-09-14 23:08:10,153 [main] INFO  com.shortrent.Application - Starting Application on LAPTOP-RFRAAI6A with PID 9080 (D:\17201219-web\shortrent\target\classes started by 施增辉 in D:\17201219-web\shortrent)
2020-09-14 23:08:10,161 [main] INFO  com.shortrent.Application - No active profile set, falling back to default profiles: default
2020-09-14 23:08:13,109 [main] INFO  org.springframework.boot.web.embedded.tomcat.TomcatWebServer - Tomcat initialized with port(s): 8080 (http)
2020-09-14 23:08:13,128 [main] INFO  org.apache.coyote.http11.Http11NioProtocol - Initializing ProtocolHandler ["http-nio-8080"]
2020-09-14 23:08:13,129 [main] INFO  org.apache.catalina.core.StandardService - Starting service [Tomcat]
2020-09-14 23:08:13,129 [main] INFO  org.apache.catalina.core.StandardEngine - Starting Servlet engine: [Apache Tomcat/9.0.33]
2020-09-14 23:08:13,132 [main] INFO  org.apache.catalina.core.AprLifecycleListener - Loaded APR based Apache Tomcat Native library [1.2.23] using APR version [1.7.0].
2020-09-14 23:08:13,132 [main] INFO  org.apache.catalina.core.AprLifecycleListener - APR capabilities: IPv6 [true], sendfile [true], accept filters [false], random [true].
2020-09-14 23:08:13,132 [main] INFO  org.apache.catalina.core.AprLifecycleListener - APR/OpenSSL configuration: useAprConnector [false], useOpenSSL [true]
2020-09-14 23:08:13,139 [main] INFO  org.apache.catalina.core.AprLifecycleListener - OpenSSL successfully initialized [OpenSSL 1.1.1c  28 May 2019]
2020-09-14 23:08:13,342 [main] INFO  org.apache.catalina.core.ContainerBase.[Tomcat].[localhost].[/] - Initializing Spring embedded WebApplicationContext
2020-09-14 23:08:13,343 [main] INFO  org.springframework.web.context.ContextLoader - Root WebApplicationContext: initialization completed in 2998 ms
2020-09-14 23:08:14,444 [main] INFO  org.springframework.scheduling.concurrent.ThreadPoolTaskExecutor - Initializing ExecutorService 'applicationTaskExecutor'
2020-09-14 23:08:14,752 [main] INFO  org.springframework.boot.autoconfigure.web.servlet.WelcomePageHandlerMapping - Adding welcome page template: index
2020-09-14 23:08:15,088 [main] INFO  org.apache.coyote.http11.Http11NioProtocol - Starting ProtocolHandler ["http-nio-8080"]
2020-09-14 23:08:15,159 [main] INFO  org.springframework.boot.web.embedded.tomcat.TomcatWebServer - Tomcat started on port(s): 8080 (http) with context path ''
2020-09-14 23:08:15,170 [main] INFO  com.shortrent.Application - Started Application in 6.21 seconds (JVM running for 7.158)
2020-09-14 23:08:20,729 [http-nio-8080-exec-1] INFO  org.apache.catalina.core.ContainerBase.[Tomcat].[localhost].[/] - Initializing Spring DispatcherServlet 'dispatcherServlet'
2020-09-14 23:08:20,732 [http-nio-8080-exec-1] INFO  org.springframework.web.servlet.DispatcherServlet - Initializing Servlet 'dispatcherServlet'
2020-09-14 23:08:20,751 [http-nio-8080-exec-1] INFO  org.springframework.web.servlet.DispatcherServlet - Completed initialization in 18 ms
2020-09-14 23:08:20,852 [http-nio-8080-exec-1] INFO  com.zaxxer.hikari.HikariDataSource - HikariPool-1 - Starting...
2020-09-14 23:08:21,201 [http-nio-8080-exec-1] INFO  com.zaxxer.hikari.HikariDataSource - HikariPool-1 - Start completed.
