2020-10-10 08:52:11,472 [main] INFO  com.shortrent.ShortRentApplication - Starting ShortRentApplication on DESKTOP-IQVI3L0 with PID 7340 (D:\springWork\shortrent\target\classes started by Dell in D:\springWork\shortrent)
2020-10-10 08:52:11,485 [main] INFO  com.shortrent.ShortRentApplication - No active profile set, falling back to default profiles: default
2020-10-10 08:52:14,239 [main] INFO  org.springframework.boot.web.embedded.tomcat.TomcatWebServer - Tomcat initialized with port(s): 8080 (https)
2020-10-10 08:52:14,288 [main] INFO  org.apache.coyote.http11.Http11NioProtocol - Initializing ProtocolHandler ["https-openssl-nio-8080"]
2020-10-10 08:52:14,307 [main] INFO  org.apache.catalina.core.StandardService - Starting service [Tomcat]
2020-10-10 08:52:14,308 [main] INFO  org.apache.catalina.core.StandardEngine - Starting Servlet Engine: Apache Tomcat/9.0.12
2020-10-10 08:52:14,329 [main] INFO  org.apache.catalina.core.AprLifecycleListener - Loaded APR based Apache Tomcat Native library [1.2.23] using APR version [1.7.0].
2020-10-10 08:52:14,329 [main] INFO  org.apache.catalina.core.AprLifecycleListener - APR capabilities: IPv6 [true], sendfile [true], accept filters [false], random [true].
2020-10-10 08:52:14,330 [main] INFO  org.apache.catalina.core.AprLifecycleListener - APR/OpenSSL configuration: useAprConnector [false], useOpenSSL [true]
2020-10-10 08:52:14,338 [main] INFO  org.apache.catalina.core.AprLifecycleListener - OpenSSL successfully initialized [OpenSSL 1.1.1c  28 May 2019]
2020-10-10 08:52:14,480 [main] INFO  org.apache.catalina.core.ContainerBase.[Tomcat].[localhost].[/] - Initializing Spring embedded WebApplicationContext
2020-10-10 08:52:14,480 [main] INFO  org.springframework.web.context.ContextLoader - Root WebApplicationContext: initialization completed in 2897 ms
2020-10-10 08:52:14,500 [main] INFO  org.springframework.boot.web.servlet.ServletRegistrationBean - Servlet dispatcherServlet mapped to [/]
2020-10-10 08:52:14,504 [main] INFO  org.springframework.boot.web.servlet.FilterRegistrationBean - Mapping filter: 'characterEncodingFilter' to: [/*]
2020-10-10 08:52:14,505 [main] INFO  org.springframework.boot.web.servlet.FilterRegistrationBean - Mapping filter: 'hiddenHttpMethodFilter' to: [/*]
2020-10-10 08:52:14,505 [main] INFO  org.springframework.boot.web.servlet.FilterRegistrationBean - Mapping filter: 'formContentFilter' to: [/*]
2020-10-10 08:52:14,505 [main] INFO  org.springframework.boot.web.servlet.FilterRegistrationBean - Mapping filter: 'requestContextFilter' to: [/*]
2020-10-10 08:52:15,959 [main] INFO  org.springframework.scheduling.concurrent.ThreadPoolTaskExecutor - Initializing ExecutorService 'applicationTaskExecutor'
2020-10-10 08:52:16,258 [main] INFO  org.apache.coyote.http11.Http11NioProtocol - Starting ProtocolHandler ["https-openssl-nio-8080"]
2020-10-10 08:52:16,865 [main] INFO  org.apache.tomcat.util.net.NioSelectorPool - Using a shared selector for servlet write/read
2020-10-10 08:52:16,877 [main] INFO  org.springframework.boot.web.embedded.tomcat.TomcatWebServer - Tomcat started on port(s): 8080 (https) with context path ''
2020-10-10 08:52:16,879 [main] INFO  com.shortrent.ShortRentApplication - Started ShortRentApplication in 6.085 seconds (JVM running for 8.157)
2020-10-10 09:12:13,007 [RMI TCP Connection(6)-127.0.0.1] INFO  o.s.boot.admin.SpringApplicationAdminMXBeanRegistrar$SpringApplicationAdmin - Application shutdown requested.
2020-10-10 09:12:13,007 [RMI TCP Connection(5)-127.0.0.1] INFO  o.s.boot.admin.SpringApplicationAdminMXBeanRegistrar$SpringApplicationAdmin - Application shutdown requested.
2020-10-10 09:12:17,376 [RMI TCP Connection(6)-127.0.0.1] INFO  org.springframework.scheduling.concurrent.ThreadPoolTaskExecutor - Shutting down ExecutorService 'applicationTaskExecutor'
2020-10-10 09:13:24,145 [main] INFO  com.shortrent.ShortRentApplication - Starting ShortRentApplication on DESKTOP-IQVI3L0 with PID 18328 (D:\springWork\shortrent\target\classes started by Dell in D:\springWork\shortrent)
2020-10-10 09:13:24,152 [main] INFO  com.shortrent.ShortRentApplication - No active profile set, falling back to default profiles: default
2020-10-10 09:13:31,548 [main] INFO  org.springframework.boot.web.embedded.tomcat.TomcatWebServer - Tomcat initialized with port(s): 8080 (https)
2020-10-10 09:13:31,694 [main] INFO  org.apache.coyote.http11.Http11NioProtocol - Initializing ProtocolHandler ["https-openssl-nio-8080"]
2020-10-10 09:13:31,721 [main] INFO  org.apache.catalina.core.StandardService - Starting service [Tomcat]
2020-10-10 09:13:31,722 [main] INFO  org.apache.catalina.core.StandardEngine - Starting Servlet Engine: Apache Tomcat/9.0.12
2020-10-10 09:13:31,727 [main] INFO  org.apache.catalina.core.AprLifecycleListener - Loaded APR based Apache Tomcat Native library [1.2.23] using APR version [1.7.0].
2020-10-10 09:13:31,727 [main] INFO  org.apache.catalina.core.AprLifecycleListener - APR capabilities: IPv6 [true], sendfile [true], accept filters [false], random [true].
2020-10-10 09:13:31,727 [main] INFO  org.apache.catalina.core.AprLifecycleListener - APR/OpenSSL configuration: useAprConnector [false], useOpenSSL [true]
2020-10-10 09:13:31,781 [main] INFO  org.apache.catalina.core.AprLifecycleListener - OpenSSL successfully initialized [OpenSSL 1.1.1c  28 May 2019]
2020-10-10 09:13:32,403 [main] INFO  org.apache.catalina.core.ContainerBase.[Tomcat].[localhost].[/] - Initializing Spring embedded WebApplicationContext
2020-10-10 09:13:32,405 [main] INFO  org.springframework.web.context.ContextLoader - Root WebApplicationContext: initialization completed in 7996 ms
2020-10-10 09:13:32,557 [main] INFO  org.springframework.boot.web.servlet.ServletRegistrationBean - Servlet dispatcherServlet mapped to [/]
2020-10-10 09:13:32,576 [main] INFO  org.springframework.boot.web.servlet.FilterRegistrationBean - Mapping filter: 'characterEncodingFilter' to: [/*]
2020-10-10 09:13:32,576 [main] INFO  org.springframework.boot.web.servlet.FilterRegistrationBean - Mapping filter: 'hiddenHttpMethodFilter' to: [/*]
2020-10-10 09:13:32,576 [main] INFO  org.springframework.boot.web.servlet.FilterRegistrationBean - Mapping filter: 'formContentFilter' to: [/*]
2020-10-10 09:13:32,576 [main] INFO  org.springframework.boot.web.servlet.FilterRegistrationBean - Mapping filter: 'requestContextFilter' to: [/*]
2020-10-10 09:13:35,260 [main] INFO  org.springframework.scheduling.concurrent.ThreadPoolTaskExecutor - Initializing ExecutorService 'applicationTaskExecutor'
2020-10-10 09:13:36,629 [main] INFO  org.apache.coyote.http11.Http11NioProtocol - Starting ProtocolHandler ["https-openssl-nio-8080"]
2020-10-10 09:13:37,408 [main] INFO  org.apache.tomcat.util.net.NioSelectorPool - Using a shared selector for servlet write/read
2020-10-10 09:13:37,423 [main] INFO  org.springframework.boot.web.embedded.tomcat.TomcatWebServer - Tomcat started on port(s): 8080 (https) with context path ''
2020-10-10 09:13:37,427 [main] INFO  com.shortrent.ShortRentApplication - Started ShortRentApplication in 18.136 seconds (JVM running for 25.749)
2020-10-10 09:15:24,170 [https-openssl-nio-8080-exec-7] INFO  org.apache.catalina.core.ContainerBase.[Tomcat].[localhost].[/] - Initializing Spring DispatcherServlet 'dispatcherServlet'
2020-10-10 09:15:24,171 [https-openssl-nio-8080-exec-7] INFO  org.springframework.web.servlet.DispatcherServlet - Initializing Servlet 'dispatcherServlet'
2020-10-10 09:15:24,177 [https-openssl-nio-8080-exec-7] INFO  org.springframework.web.servlet.DispatcherServlet - Completed initialization in 6 ms
2020-10-10 09:15:28,764 [https-openssl-nio-8080-exec-3] INFO  com.zaxxer.hikari.HikariDataSource - HikariPool-1 - Starting...
2020-10-10 09:15:29,415 [https-openssl-nio-8080-exec-3] INFO  com.zaxxer.hikari.HikariDataSource - HikariPool-1 - Start completed.
2020-10-10 09:50:13,080 [RMI TCP Connection(5)-127.0.0.1] INFO  o.s.boot.admin.SpringApplicationAdminMXBeanRegistrar$SpringApplicationAdmin - Application shutdown requested.
2020-10-10 09:50:13,090 [RMI TCP Connection(5)-127.0.0.1] INFO  org.springframework.scheduling.concurrent.ThreadPoolTaskExecutor - Shutting down ExecutorService 'applicationTaskExecutor'
2020-10-10 09:50:13,092 [RMI TCP Connection(5)-127.0.0.1] INFO  com.zaxxer.hikari.HikariDataSource - HikariPool-1 - Shutdown initiated...
2020-10-10 09:50:13,099 [RMI TCP Connection(5)-127.0.0.1] INFO  com.zaxxer.hikari.HikariDataSource - HikariPool-1 - Shutdown completed.
2020-10-10 09:50:29,223 [main] INFO  com.shortrent.ShortRentApplication - Starting ShortRentApplication on DESKTOP-IQVI3L0 with PID 18788 (D:\springWork\shortrent\target\classes started by Dell in D:\springWork\shortrent)
2020-10-10 09:50:29,242 [main] INFO  com.shortrent.ShortRentApplication - No active profile set, falling back to default profiles: default
2020-10-10 09:50:35,914 [main] INFO  org.springframework.boot.web.embedded.tomcat.TomcatWebServer - Tomcat initialized with port(s): 8080 (https)
2020-10-10 09:50:36,137 [main] INFO  org.apache.coyote.http11.Http11NioProtocol - Initializing ProtocolHandler ["https-openssl-nio-8080"]
2020-10-10 09:50:36,186 [main] INFO  org.apache.catalina.core.StandardService - Starting service [Tomcat]
2020-10-10 09:50:36,187 [main] INFO  org.apache.catalina.core.StandardEngine - Starting Servlet Engine: Apache Tomcat/9.0.12
2020-10-10 09:50:36,202 [main] INFO  org.apache.catalina.core.AprLifecycleListener - Loaded APR based Apache Tomcat Native library [1.2.23] using APR version [1.7.0].
2020-10-10 09:50:36,202 [main] INFO  org.apache.catalina.core.AprLifecycleListener - APR capabilities: IPv6 [true], sendfile [true], accept filters [false], random [true].
2020-10-10 09:50:36,202 [main] INFO  org.apache.catalina.core.AprLifecycleListener - APR/OpenSSL configuration: useAprConnector [false], useOpenSSL [true]
2020-10-10 09:50:36,319 [main] INFO  org.apache.catalina.core.AprLifecycleListener - OpenSSL successfully initialized [OpenSSL 1.1.1c  28 May 2019]
2020-10-10 09:50:36,601 [main] INFO  org.apache.catalina.core.ContainerBase.[Tomcat].[localhost].[/] - Initializing Spring embedded WebApplicationContext
2020-10-10 09:50:36,601 [main] INFO  org.springframework.web.context.ContextLoader - Root WebApplicationContext: initialization completed in 6503 ms
2020-10-10 09:50:36,624 [main] INFO  org.springframework.boot.web.servlet.ServletRegistrationBean - Servlet dispatcherServlet mapped to [/]
2020-10-10 09:50:36,629 [main] INFO  org.springframework.boot.web.servlet.FilterRegistrationBean - Mapping filter: 'characterEncodingFilter' to: [/*]
2020-10-10 09:50:36,629 [main] INFO  org.springframework.boot.web.servlet.FilterRegistrationBean - Mapping filter: 'hiddenHttpMethodFilter' to: [/*]
2020-10-10 09:50:36,629 [main] INFO  org.springframework.boot.web.servlet.FilterRegistrationBean - Mapping filter: 'formContentFilter' to: [/*]
2020-10-10 09:50:36,630 [main] INFO  org.springframework.boot.web.servlet.FilterRegistrationBean - Mapping filter: 'requestContextFilter' to: [/*]
2020-10-10 09:50:38,756 [main] INFO  org.springframework.scheduling.concurrent.ThreadPoolTaskExecutor - Initializing ExecutorService 'applicationTaskExecutor'
2020-10-10 09:50:39,095 [main] INFO  org.apache.coyote.http11.Http11NioProtocol - Starting ProtocolHandler ["https-openssl-nio-8080"]
2020-10-10 09:50:39,710 [main] INFO  org.apache.tomcat.util.net.NioSelectorPool - Using a shared selector for servlet write/read
2020-10-10 09:50:39,726 [main] INFO  org.springframework.boot.web.embedded.tomcat.TomcatWebServer - Tomcat started on port(s): 8080 (https) with context path ''
2020-10-10 09:50:39,730 [main] INFO  com.shortrent.ShortRentApplication - Started ShortRentApplication in 12.073 seconds (JVM running for 15.543)
2020-10-10 09:50:45,918 [https-openssl-nio-8080-exec-7] INFO  org.apache.catalina.core.ContainerBase.[Tomcat].[localhost].[/] - Initializing Spring DispatcherServlet 'dispatcherServlet'
2020-10-10 09:50:45,918 [https-openssl-nio-8080-exec-7] INFO  org.springframework.web.servlet.DispatcherServlet - Initializing Servlet 'dispatcherServlet'
2020-10-10 09:50:45,925 [https-openssl-nio-8080-exec-7] INFO  org.springframework.web.servlet.DispatcherServlet - Completed initialization in 7 ms
2020-10-10 09:50:46,903 [https-openssl-nio-8080-exec-8] INFO  com.zaxxer.hikari.HikariDataSource - HikariPool-1 - Starting...
2020-10-10 09:50:47,164 [https-openssl-nio-8080-exec-8] INFO  com.zaxxer.hikari.HikariDataSource - HikariPool-1 - Start completed.
2020-10-10 10:08:19,037 [RMI TCP Connection(6)-127.0.0.1] INFO  o.s.boot.admin.SpringApplicationAdminMXBeanRegistrar$SpringApplicationAdmin - Application shutdown requested.
2020-10-10 10:08:19,207 [RMI TCP Connection(6)-127.0.0.1] INFO  org.springframework.scheduling.concurrent.ThreadPoolTaskExecutor - Shutting down ExecutorService 'applicationTaskExecutor'
2020-10-10 10:08:19,226 [RMI TCP Connection(6)-127.0.0.1] INFO  com.zaxxer.hikari.HikariDataSource - HikariPool-1 - Shutdown initiated...
2020-10-10 10:08:19,271 [RMI TCP Connection(6)-127.0.0.1] INFO  com.zaxxer.hikari.HikariDataSource - HikariPool-1 - Shutdown completed.
2020-10-10 10:08:29,417 [main] INFO  com.shortrent.ShortRentApplication - Starting ShortRentApplication on DESKTOP-IQVI3L0 with PID 3392 (D:\springWork\shortrent\target\classes started by Dell in D:\springWork\shortrent)
2020-10-10 10:08:29,420 [main] INFO  com.shortrent.ShortRentApplication - No active profile set, falling back to default profiles: default
2020-10-10 10:08:31,043 [main] INFO  org.springframework.boot.web.embedded.tomcat.TomcatWebServer - Tomcat initialized with port(s): 8080 (https)
2020-10-10 10:08:31,168 [main] INFO  org.apache.coyote.http11.Http11NioProtocol - Initializing ProtocolHandler ["https-openssl-nio-8080"]
2020-10-10 10:08:31,223 [main] INFO  org.apache.catalina.core.StandardService - Starting service [Tomcat]
2020-10-10 10:08:31,223 [main] INFO  org.apache.catalina.core.StandardEngine - Starting Servlet Engine: Apache Tomcat/9.0.12
2020-10-10 10:08:31,230 [main] INFO  org.apache.catalina.core.AprLifecycleListener - Loaded APR based Apache Tomcat Native library [1.2.23] using APR version [1.7.0].
2020-10-10 10:08:31,230 [main] INFO  org.apache.catalina.core.AprLifecycleListener - APR capabilities: IPv6 [true], sendfile [true], accept filters [false], random [true].
2020-10-10 10:08:31,230 [main] INFO  org.apache.catalina.core.AprLifecycleListener - APR/OpenSSL configuration: useAprConnector [false], useOpenSSL [true]
2020-10-10 10:08:31,326 [main] INFO  org.apache.catalina.core.AprLifecycleListener - OpenSSL successfully initialized [OpenSSL 1.1.1c  28 May 2019]
2020-10-10 10:08:32,053 [main] INFO  org.apache.catalina.core.ContainerBase.[Tomcat].[localhost].[/] - Initializing Spring embedded WebApplicationContext
2020-10-10 10:08:32,055 [main] INFO  org.springframework.web.context.ContextLoader - Root WebApplicationContext: initialization completed in 2603 ms
2020-10-10 10:08:32,256 [main] INFO  org.springframework.boot.web.servlet.ServletRegistrationBean - Servlet dispatcherServlet mapped to [/]
2020-10-10 10:08:32,328 [main] INFO  org.springframework.boot.web.servlet.FilterRegistrationBean - Mapping filter: 'characterEncodingFilter' to: [/*]
2020-10-10 10:08:32,329 [main] INFO  org.springframework.boot.web.servlet.FilterRegistrationBean - Mapping filter: 'hiddenHttpMethodFilter' to: [/*]
2020-10-10 10:08:32,329 [main] INFO  org.springframework.boot.web.servlet.FilterRegistrationBean - Mapping filter: 'formContentFilter' to: [/*]
2020-10-10 10:08:32,329 [main] INFO  org.springframework.boot.web.servlet.FilterRegistrationBean - Mapping filter: 'requestContextFilter' to: [/*]
2020-10-10 10:08:34,544 [main] INFO  org.springframework.scheduling.concurrent.ThreadPoolTaskExecutor - Initializing ExecutorService 'applicationTaskExecutor'
2020-10-10 10:08:35,666 [main] INFO  org.apache.coyote.http11.Http11NioProtocol - Starting ProtocolHandler ["https-openssl-nio-8080"]
2020-10-10 10:08:36,395 [main] INFO  org.apache.tomcat.util.net.NioSelectorPool - Using a shared selector for servlet write/read
2020-10-10 10:08:36,412 [main] INFO  org.springframework.boot.web.embedded.tomcat.TomcatWebServer - Tomcat started on port(s): 8080 (https) with context path ''
2020-10-10 10:08:36,415 [main] INFO  com.shortrent.ShortRentApplication - Started ShortRentApplication in 7.309 seconds (JVM running for 8.1)
2020-10-10 10:10:29,484 [https-openssl-nio-8080-exec-7] INFO  org.apache.catalina.core.ContainerBase.[Tomcat].[localhost].[/] - Initializing Spring DispatcherServlet 'dispatcherServlet'
2020-10-10 10:10:29,484 [https-openssl-nio-8080-exec-7] INFO  org.springframework.web.servlet.DispatcherServlet - Initializing Servlet 'dispatcherServlet'
2020-10-10 10:10:29,493 [https-openssl-nio-8080-exec-7] INFO  org.springframework.web.servlet.DispatcherServlet - Completed initialization in 9 ms
2020-10-10 10:10:29,977 [https-openssl-nio-8080-exec-9] INFO  com.zaxxer.hikari.HikariDataSource - HikariPool-1 - Starting...
2020-10-10 10:10:30,258 [https-openssl-nio-8080-exec-9] INFO  com.zaxxer.hikari.HikariDataSource - HikariPool-1 - Start completed.
2020-10-10 10:12:06,940 [RMI TCP Connection(4)-127.0.0.1] INFO  o.s.boot.admin.SpringApplicationAdminMXBeanRegistrar$SpringApplicationAdmin - Application shutdown requested.
2020-10-10 10:12:06,943 [RMI TCP Connection(4)-127.0.0.1] INFO  org.springframework.scheduling.concurrent.ThreadPoolTaskExecutor - Shutting down ExecutorService 'applicationTaskExecutor'
2020-10-10 10:12:06,945 [RMI TCP Connection(4)-127.0.0.1] INFO  com.zaxxer.hikari.HikariDataSource - HikariPool-1 - Shutdown initiated...
2020-10-10 10:12:06,953 [RMI TCP Connection(4)-127.0.0.1] INFO  com.zaxxer.hikari.HikariDataSource - HikariPool-1 - Shutdown completed.
2020-10-10 10:18:14,489 [main] INFO  com.shortrent.ShortRentApplication - Starting ShortRentApplication on DESKTOP-IQVI3L0 with PID 20532 (D:\springWork\shortrent\target\classes started by Dell in D:\springWork\shortrent)
2020-10-10 10:18:14,492 [main] INFO  com.shortrent.ShortRentApplication - No active profile set, falling back to default profiles: default
2020-10-10 10:18:15,375 [main] INFO  org.springframework.boot.web.embedded.tomcat.TomcatWebServer - Tomcat initialized with port(s): 8080 (https)
2020-10-10 10:18:15,384 [main] INFO  org.apache.coyote.http11.Http11NioProtocol - Initializing ProtocolHandler ["https-openssl-nio-8080"]
2020-10-10 10:18:15,387 [main] INFO  org.apache.catalina.core.StandardService - Starting service [Tomcat]
2020-10-10 10:18:15,387 [main] INFO  org.apache.catalina.core.StandardEngine - Starting Servlet Engine: Apache Tomcat/9.0.12
2020-10-10 10:18:15,392 [main] INFO  org.apache.catalina.core.AprLifecycleListener - Loaded APR based Apache Tomcat Native library [1.2.23] using APR version [1.7.0].
2020-10-10 10:18:15,393 [main] INFO  org.apache.catalina.core.AprLifecycleListener - APR capabilities: IPv6 [true], sendfile [true], accept filters [false], random [true].
2020-10-10 10:18:15,393 [main] INFO  org.apache.catalina.core.AprLifecycleListener - APR/OpenSSL configuration: useAprConnector [false], useOpenSSL [true]
2020-10-10 10:18:15,396 [main] INFO  org.apache.catalina.core.AprLifecycleListener - OpenSSL successfully initialized [OpenSSL 1.1.1c  28 May 2019]
2020-10-10 10:18:15,472 [main] INFO  org.apache.catalina.core.ContainerBase.[Tomcat].[localhost].[/] - Initializing Spring embedded WebApplicationContext
2020-10-10 10:18:15,472 [main] INFO  org.springframework.web.context.ContextLoader - Root WebApplicationContext: initialization completed in 918 ms
2020-10-10 10:18:15,491 [main] INFO  org.springframework.boot.web.servlet.ServletRegistrationBean - Servlet dispatcherServlet mapped to [/]
2020-10-10 10:18:15,495 [main] INFO  org.springframework.boot.web.servlet.FilterRegistrationBean - Mapping filter: 'characterEncodingFilter' to: [/*]
2020-10-10 10:18:15,495 [main] INFO  org.springframework.boot.web.servlet.FilterRegistrationBean - Mapping filter: 'hiddenHttpMethodFilter' to: [/*]
2020-10-10 10:18:15,495 [main] INFO  org.springframework.boot.web.servlet.FilterRegistrationBean - Mapping filter: 'formContentFilter' to: [/*]
2020-10-10 10:18:15,495 [main] INFO  org.springframework.boot.web.servlet.FilterRegistrationBean - Mapping filter: 'requestContextFilter' to: [/*]
2020-10-10 10:18:15,905 [main] INFO  org.springframework.scheduling.concurrent.ThreadPoolTaskExecutor - Initializing ExecutorService 'applicationTaskExecutor'
2020-10-10 10:18:16,091 [main] INFO  org.apache.coyote.http11.Http11NioProtocol - Starting ProtocolHandler ["https-openssl-nio-8080"]
2020-10-10 10:18:16,501 [main] INFO  org.apache.tomcat.util.net.NioSelectorPool - Using a shared selector for servlet write/read
2020-10-10 10:18:16,511 [main] INFO  org.springframework.boot.web.embedded.tomcat.TomcatWebServer - Tomcat started on port(s): 8080 (https) with context path ''
2020-10-10 10:18:16,514 [main] INFO  com.shortrent.ShortRentApplication - Started ShortRentApplication in 2.342 seconds (JVM running for 3.11)
2020-10-10 10:18:29,854 [https-openssl-nio-8080-exec-6] INFO  org.apache.catalina.core.ContainerBase.[Tomcat].[localhost].[/] - Initializing Spring DispatcherServlet 'dispatcherServlet'
2020-10-10 10:18:29,854 [https-openssl-nio-8080-exec-6] INFO  org.springframework.web.servlet.DispatcherServlet - Initializing Servlet 'dispatcherServlet'
2020-10-10 10:18:29,863 [https-openssl-nio-8080-exec-6] INFO  org.springframework.web.servlet.DispatcherServlet - Completed initialization in 8 ms
2020-10-10 10:18:45,286 [https-openssl-nio-8080-exec-1] INFO  com.zaxxer.hikari.HikariDataSource - HikariPool-1 - Starting...
2020-10-10 10:18:45,400 [https-openssl-nio-8080-exec-1] INFO  com.zaxxer.hikari.HikariDataSource - HikariPool-1 - Start completed.
2020-10-10 10:32:02,475 [RMI TCP Connection(5)-127.0.0.1] INFO  o.s.boot.admin.SpringApplicationAdminMXBeanRegistrar$SpringApplicationAdmin - Application shutdown requested.
2020-10-10 10:32:02,479 [RMI TCP Connection(5)-127.0.0.1] INFO  org.springframework.scheduling.concurrent.ThreadPoolTaskExecutor - Shutting down ExecutorService 'applicationTaskExecutor'
2020-10-10 10:32:02,481 [RMI TCP Connection(5)-127.0.0.1] INFO  com.zaxxer.hikari.HikariDataSource - HikariPool-1 - Shutdown initiated...
2020-10-10 10:32:02,489 [RMI TCP Connection(5)-127.0.0.1] INFO  com.zaxxer.hikari.HikariDataSource - HikariPool-1 - Shutdown completed.
2020-10-10 10:32:09,529 [main] INFO  com.shortrent.ShortRentApplication - Starting ShortRentApplication on DESKTOP-IQVI3L0 with PID 19416 (D:\springWork\shortrent\target\classes started by Dell in D:\springWork\shortrent)
2020-10-10 10:32:09,531 [main] INFO  com.shortrent.ShortRentApplication - No active profile set, falling back to default profiles: default
2020-10-10 10:32:10,362 [main] INFO  org.springframework.boot.web.embedded.tomcat.TomcatWebServer - Tomcat initialized with port(s): 8080 (https)
2020-10-10 10:32:10,371 [main] INFO  org.apache.coyote.http11.Http11NioProtocol - Initializing ProtocolHandler ["https-openssl-nio-8080"]
2020-10-10 10:32:10,375 [main] INFO  org.apache.catalina.core.StandardService - Starting service [Tomcat]
2020-10-10 10:32:10,375 [main] INFO  org.apache.catalina.core.StandardEngine - Starting Servlet Engine: Apache Tomcat/9.0.12
2020-10-10 10:32:10,380 [main] INFO  org.apache.catalina.core.AprLifecycleListener - Loaded APR based Apache Tomcat Native library [1.2.23] using APR version [1.7.0].
2020-10-10 10:32:10,380 [main] INFO  org.apache.catalina.core.AprLifecycleListener - APR capabilities: IPv6 [true], sendfile [true], accept filters [false], random [true].
2020-10-10 10:32:10,380 [main] INFO  org.apache.catalina.core.AprLifecycleListener - APR/OpenSSL configuration: useAprConnector [false], useOpenSSL [true]
2020-10-10 10:32:10,383 [main] INFO  org.apache.catalina.core.AprLifecycleListener - OpenSSL successfully initialized [OpenSSL 1.1.1c  28 May 2019]
2020-10-10 10:32:10,462 [main] INFO  org.apache.catalina.core.ContainerBase.[Tomcat].[localhost].[/] - Initializing Spring embedded WebApplicationContext
2020-10-10 10:32:10,462 [main] INFO  org.springframework.web.context.ContextLoader - Root WebApplicationContext: initialization completed in 865 ms
2020-10-10 10:32:10,481 [main] INFO  org.springframework.boot.web.servlet.ServletRegistrationBean - Servlet dispatcherServlet mapped to [/]
2020-10-10 10:32:10,484 [main] INFO  org.springframework.boot.web.servlet.FilterRegistrationBean - Mapping filter: 'characterEncodingFilter' to: [/*]
2020-10-10 10:32:10,485 [main] INFO  org.springframework.boot.web.servlet.FilterRegistrationBean - Mapping filter: 'hiddenHttpMethodFilter' to: [/*]
2020-10-10 10:32:10,485 [main] INFO  org.springframework.boot.web.servlet.FilterRegistrationBean - Mapping filter: 'formContentFilter' to: [/*]
2020-10-10 10:32:10,485 [main] INFO  org.springframework.boot.web.servlet.FilterRegistrationBean - Mapping filter: 'requestContextFilter' to: [/*]
2020-10-10 10:32:10,895 [main] INFO  org.springframework.scheduling.concurrent.ThreadPoolTaskExecutor - Initializing ExecutorService 'applicationTaskExecutor'
2020-10-10 10:32:11,083 [main] INFO  org.apache.coyote.http11.Http11NioProtocol - Starting ProtocolHandler ["https-openssl-nio-8080"]
2020-10-10 10:32:11,505 [main] INFO  org.apache.tomcat.util.net.NioSelectorPool - Using a shared selector for servlet write/read
2020-10-10 10:32:11,515 [main] INFO  org.springframework.boot.web.embedded.tomcat.TomcatWebServer - Tomcat started on port(s): 8080 (https) with context path ''
2020-10-10 10:32:11,518 [main] INFO  com.shortrent.ShortRentApplication - Started ShortRentApplication in 2.295 seconds (JVM running for 3.05)
2020-10-10 10:32:47,003 [https-openssl-nio-8080-exec-6] INFO  org.apache.catalina.core.ContainerBase.[Tomcat].[localhost].[/] - Initializing Spring DispatcherServlet 'dispatcherServlet'
2020-10-10 10:32:47,003 [https-openssl-nio-8080-exec-6] INFO  org.springframework.web.servlet.DispatcherServlet - Initializing Servlet 'dispatcherServlet'
2020-10-10 10:32:47,008 [https-openssl-nio-8080-exec-6] INFO  org.springframework.web.servlet.DispatcherServlet - Completed initialization in 5 ms
2020-10-10 10:32:47,421 [https-openssl-nio-8080-exec-7] INFO  com.zaxxer.hikari.HikariDataSource - HikariPool-1 - Starting...
2020-10-10 10:32:47,506 [https-openssl-nio-8080-exec-7] INFO  com.zaxxer.hikari.HikariDataSource - HikariPool-1 - Start completed.
2020-10-10 10:45:13,226 [RMI TCP Connection(4)-127.0.0.1] INFO  o.s.boot.admin.SpringApplicationAdminMXBeanRegistrar$SpringApplicationAdmin - Application shutdown requested.
2020-10-10 10:45:45,622 [main] INFO  com.shortrent.ShortRentApplication - Starting ShortRentApplication on DESKTOP-IQVI3L0 with PID 3148 (D:\springWork\shortrent\target\classes started by Dell in D:\springWork\shortrent)
2020-10-10 10:45:45,624 [main] INFO  com.shortrent.ShortRentApplication - No active profile set, falling back to default profiles: default
2020-10-10 10:45:46,620 [main] INFO  org.springframework.boot.web.embedded.tomcat.TomcatWebServer - Tomcat initialized with port(s): 8080 (https)
2020-10-10 10:45:46,628 [main] INFO  org.apache.coyote.http11.Http11NioProtocol - Initializing ProtocolHandler ["https-openssl-nio-8080"]
2020-10-10 10:45:46,631 [main] INFO  org.apache.catalina.core.StandardService - Starting service [Tomcat]
2020-10-10 10:45:46,632 [main] INFO  org.apache.catalina.core.StandardEngine - Starting Servlet Engine: Apache Tomcat/9.0.12
2020-10-10 10:45:46,637 [main] INFO  org.apache.catalina.core.AprLifecycleListener - Loaded APR based Apache Tomcat Native library [1.2.23] using APR version [1.7.0].
2020-10-10 10:45:46,637 [main] INFO  org.apache.catalina.core.AprLifecycleListener - APR capabilities: IPv6 [true], sendfile [true], accept filters [false], random [true].
2020-10-10 10:45:46,637 [main] INFO  org.apache.catalina.core.AprLifecycleListener - APR/OpenSSL configuration: useAprConnector [false], useOpenSSL [true]
2020-10-10 10:45:46,750 [main] INFO  org.apache.catalina.core.AprLifecycleListener - OpenSSL successfully initialized [OpenSSL 1.1.1c  28 May 2019]
2020-10-10 10:45:46,896 [main] INFO  org.apache.catalina.core.ContainerBase.[Tomcat].[localhost].[/] - Initializing Spring embedded WebApplicationContext
2020-10-10 10:45:46,896 [main] INFO  org.springframework.web.context.ContextLoader - Root WebApplicationContext: initialization completed in 1243 ms
2020-10-10 10:45:46,915 [main] INFO  org.springframework.boot.web.servlet.ServletRegistrationBean - Servlet dispatcherServlet mapped to [/]
2020-10-10 10:45:46,932 [main] INFO  org.springframework.boot.web.servlet.FilterRegistrationBean - Mapping filter: 'characterEncodingFilter' to: [/*]
2020-10-10 10:45:46,932 [main] INFO  org.springframework.boot.web.servlet.FilterRegistrationBean - Mapping filter: 'hiddenHttpMethodFilter' to: [/*]
2020-10-10 10:45:46,932 [main] INFO  org.springframework.boot.web.servlet.FilterRegistrationBean - Mapping filter: 'formContentFilter' to: [/*]
2020-10-10 10:45:46,932 [main] INFO  org.springframework.boot.web.servlet.FilterRegistrationBean - Mapping filter: 'requestContextFilter' to: [/*]
2020-10-10 10:45:47,329 [main] INFO  org.springframework.scheduling.concurrent.ThreadPoolTaskExecutor - Initializing ExecutorService 'applicationTaskExecutor'
2020-10-10 10:45:47,521 [main] INFO  org.apache.coyote.http11.Http11NioProtocol - Starting ProtocolHandler ["https-openssl-nio-8080"]
2020-10-10 10:45:47,995 [main] INFO  org.apache.tomcat.util.net.NioSelectorPool - Using a shared selector for servlet write/read
2020-10-10 10:45:48,080 [main] INFO  org.springframework.boot.web.embedded.tomcat.TomcatWebServer - Tomcat started on port(s): 8080 (https) with context path ''
2020-10-10 10:45:48,083 [main] INFO  com.shortrent.ShortRentApplication - Started ShortRentApplication in 2.865 seconds (JVM running for 3.757)
2020-10-10 10:46:17,055 [https-openssl-nio-8080-exec-4] INFO  org.apache.catalina.core.ContainerBase.[Tomcat].[localhost].[/] - Initializing Spring DispatcherServlet 'dispatcherServlet'
2020-10-10 10:46:17,055 [https-openssl-nio-8080-exec-4] INFO  org.springframework.web.servlet.DispatcherServlet - Initializing Servlet 'dispatcherServlet'
2020-10-10 10:46:17,083 [https-openssl-nio-8080-exec-4] INFO  org.springframework.web.servlet.DispatcherServlet - Completed initialization in 28 ms
2020-10-10 10:46:17,428 [https-openssl-nio-8080-exec-4] INFO  com.zaxxer.hikari.HikariDataSource - HikariPool-1 - Starting...
2020-10-10 10:46:17,713 [https-openssl-nio-8080-exec-4] INFO  com.zaxxer.hikari.HikariDataSource - HikariPool-1 - Start completed.
2020-10-10 10:47:35,802 [RMI TCP Connection(4)-127.0.0.1] INFO  o.s.boot.admin.SpringApplicationAdminMXBeanRegistrar$SpringApplicationAdmin - Application shutdown requested.
2020-10-10 10:47:35,804 [RMI TCP Connection(4)-127.0.0.1] INFO  org.springframework.scheduling.concurrent.ThreadPoolTaskExecutor - Shutting down ExecutorService 'applicationTaskExecutor'
2020-10-10 10:47:35,805 [RMI TCP Connection(4)-127.0.0.1] INFO  com.zaxxer.hikari.HikariDataSource - HikariPool-1 - Shutdown initiated...
2020-10-10 10:47:35,814 [RMI TCP Connection(4)-127.0.0.1] INFO  com.zaxxer.hikari.HikariDataSource - HikariPool-1 - Shutdown completed.
2020-10-10 10:47:43,403 [main] INFO  com.shortrent.ShortRentApplication - Starting ShortRentApplication on DESKTOP-IQVI3L0 with PID 19200 (D:\springWork\shortrent\target\classes started by Dell in D:\springWork\shortrent)
2020-10-10 10:47:43,405 [main] INFO  com.shortrent.ShortRentApplication - No active profile set, falling back to default profiles: default
2020-10-10 10:47:44,250 [main] INFO  org.springframework.boot.web.embedded.tomcat.TomcatWebServer - Tomcat initialized with port(s): 8080 (https)
2020-10-10 10:47:44,258 [main] INFO  org.apache.coyote.http11.Http11NioProtocol - Initializing ProtocolHandler ["https-openssl-nio-8080"]
2020-10-10 10:47:44,262 [main] INFO  org.apache.catalina.core.StandardService - Starting service [Tomcat]
2020-10-10 10:47:44,262 [main] INFO  org.apache.catalina.core.StandardEngine - Starting Servlet Engine: Apache Tomcat/9.0.12
2020-10-10 10:47:44,267 [main] INFO  org.apache.catalina.core.AprLifecycleListener - Loaded APR based Apache Tomcat Native library [1.2.23] using APR version [1.7.0].
2020-10-10 10:47:44,267 [main] INFO  org.apache.catalina.core.AprLifecycleListener - APR capabilities: IPv6 [true], sendfile [true], accept filters [false], random [true].
2020-10-10 10:47:44,267 [main] INFO  org.apache.catalina.core.AprLifecycleListener - APR/OpenSSL configuration: useAprConnector [false], useOpenSSL [true]
2020-10-10 10:47:44,270 [main] INFO  org.apache.catalina.core.AprLifecycleListener - OpenSSL successfully initialized [OpenSSL 1.1.1c  28 May 2019]
2020-10-10 10:47:44,345 [main] INFO  org.apache.catalina.core.ContainerBase.[Tomcat].[localhost].[/] - Initializing Spring embedded WebApplicationContext
2020-10-10 10:47:44,345 [main] INFO  org.springframework.web.context.ContextLoader - Root WebApplicationContext: initialization completed in 910 ms
2020-10-10 10:47:44,363 [main] INFO  org.springframework.boot.web.servlet.ServletRegistrationBean - Servlet dispatcherServlet mapped to [/]
2020-10-10 10:47:44,367 [main] INFO  org.springframework.boot.web.servlet.FilterRegistrationBean - Mapping filter: 'characterEncodingFilter' to: [/*]
2020-10-10 10:47:44,367 [main] INFO  org.springframework.boot.web.servlet.FilterRegistrationBean - Mapping filter: 'hiddenHttpMethodFilter' to: [/*]
2020-10-10 10:47:44,367 [main] INFO  org.springframework.boot.web.servlet.FilterRegistrationBean - Mapping filter: 'formContentFilter' to: [/*]
2020-10-10 10:47:44,367 [main] INFO  org.springframework.boot.web.servlet.FilterRegistrationBean - Mapping filter: 'requestContextFilter' to: [/*]
2020-10-10 10:47:44,711 [main] INFO  org.springframework.scheduling.concurrent.ThreadPoolTaskExecutor - Initializing ExecutorService 'applicationTaskExecutor'
2020-10-10 10:47:44,953 [main] INFO  org.apache.coyote.http11.Http11NioProtocol - Starting ProtocolHandler ["https-openssl-nio-8080"]
2020-10-10 10:47:45,373 [main] INFO  org.apache.tomcat.util.net.NioSelectorPool - Using a shared selector for servlet write/read
2020-10-10 10:47:45,383 [main] INFO  org.springframework.boot.web.embedded.tomcat.TomcatWebServer - Tomcat started on port(s): 8080 (https) with context path ''
2020-10-10 10:47:45,386 [main] INFO  com.shortrent.ShortRentApplication - Started ShortRentApplication in 2.286 seconds (JVM running for 3.041)
2020-10-10 10:47:58,291 [https-openssl-nio-8080-exec-2] INFO  org.apache.catalina.core.ContainerBase.[Tomcat].[localhost].[/] - Initializing Spring DispatcherServlet 'dispatcherServlet'
2020-10-10 10:47:58,292 [https-openssl-nio-8080-exec-2] INFO  org.springframework.web.servlet.DispatcherServlet - Initializing Servlet 'dispatcherServlet'
2020-10-10 10:47:58,302 [https-openssl-nio-8080-exec-2] INFO  org.springframework.web.servlet.DispatcherServlet - Completed initialization in 10 ms
2020-10-10 10:47:58,814 [https-openssl-nio-8080-exec-2] INFO  com.zaxxer.hikari.HikariDataSource - HikariPool-1 - Starting...
2020-10-10 10:47:58,913 [https-openssl-nio-8080-exec-2] INFO  com.zaxxer.hikari.HikariDataSource - HikariPool-1 - Start completed.
2020-10-10 10:48:25,864 [RMI TCP Connection(3)-127.0.0.1] INFO  o.s.boot.admin.SpringApplicationAdminMXBeanRegistrar$SpringApplicationAdmin - Application shutdown requested.
2020-10-10 10:48:25,869 [RMI TCP Connection(3)-127.0.0.1] INFO  org.springframework.scheduling.concurrent.ThreadPoolTaskExecutor - Shutting down ExecutorService 'applicationTaskExecutor'
2020-10-10 10:48:25,870 [RMI TCP Connection(3)-127.0.0.1] INFO  com.zaxxer.hikari.HikariDataSource - HikariPool-1 - Shutdown initiated...
2020-10-10 10:48:25,877 [RMI TCP Connection(3)-127.0.0.1] INFO  com.zaxxer.hikari.HikariDataSource - HikariPool-1 - Shutdown completed.
2020-10-10 10:48:47,741 [main] INFO  com.shortrent.ShortRentApplication - Starting ShortRentApplication on DESKTOP-IQVI3L0 with PID 19716 (D:\springWork\shortrent\target\classes started by Dell in D:\springWork\shortrent)
2020-10-10 10:48:47,743 [main] INFO  com.shortrent.ShortRentApplication - No active profile set, falling back to default profiles: default
2020-10-10 10:48:48,546 [main] INFO  org.springframework.boot.web.embedded.tomcat.TomcatWebServer - Tomcat initialized with port(s): 8080 (https)
2020-10-10 10:48:48,553 [main] INFO  org.apache.coyote.http11.Http11NioProtocol - Initializing ProtocolHandler ["https-openssl-nio-8080"]
2020-10-10 10:48:48,557 [main] INFO  org.apache.catalina.core.StandardService - Starting service [Tomcat]
2020-10-10 10:48:48,557 [main] INFO  org.apache.catalina.core.StandardEngine - Starting Servlet Engine: Apache Tomcat/9.0.12
2020-10-10 10:48:48,562 [main] INFO  org.apache.catalina.core.AprLifecycleListener - Loaded APR based Apache Tomcat Native library [1.2.23] using APR version [1.7.0].
2020-10-10 10:48:48,562 [main] INFO  org.apache.catalina.core.AprLifecycleListener - APR capabilities: IPv6 [true], sendfile [true], accept filters [false], random [true].
2020-10-10 10:48:48,562 [main] INFO  org.apache.catalina.core.AprLifecycleListener - APR/OpenSSL configuration: useAprConnector [false], useOpenSSL [true]
2020-10-10 10:48:48,565 [main] INFO  org.apache.catalina.core.AprLifecycleListener - OpenSSL successfully initialized [OpenSSL 1.1.1c  28 May 2019]
2020-10-10 10:48:48,642 [main] INFO  org.apache.catalina.core.ContainerBase.[Tomcat].[localhost].[/] - Initializing Spring embedded WebApplicationContext
2020-10-10 10:48:48,642 [main] INFO  org.springframework.web.context.ContextLoader - Root WebApplicationContext: initialization completed in 865 ms
2020-10-10 10:48:48,661 [main] INFO  org.springframework.boot.web.servlet.ServletRegistrationBean - Servlet dispatcherServlet mapped to [/]
2020-10-10 10:48:48,664 [main] INFO  org.springframework.boot.web.servlet.FilterRegistrationBean - Mapping filter: 'characterEncodingFilter' to: [/*]
2020-10-10 10:48:48,665 [main] INFO  org.springframework.boot.web.servlet.FilterRegistrationBean - Mapping filter: 'hiddenHttpMethodFilter' to: [/*]
2020-10-10 10:48:48,665 [main] INFO  org.springframework.boot.web.servlet.FilterRegistrationBean - Mapping filter: 'formContentFilter' to: [/*]
2020-10-10 10:48:48,665 [main] INFO  org.springframework.boot.web.servlet.FilterRegistrationBean - Mapping filter: 'requestContextFilter' to: [/*]
2020-10-10 10:48:49,005 [main] INFO  org.springframework.scheduling.concurrent.ThreadPoolTaskExecutor - Initializing ExecutorService 'applicationTaskExecutor'
2020-10-10 10:48:49,250 [main] INFO  org.apache.coyote.http11.Http11NioProtocol - Starting ProtocolHandler ["https-openssl-nio-8080"]
2020-10-10 10:48:49,670 [main] INFO  org.apache.tomcat.util.net.NioSelectorPool - Using a shared selector for servlet write/read
2020-10-10 10:48:49,716 [main] INFO  org.springframework.boot.web.embedded.tomcat.TomcatWebServer - Tomcat started on port(s): 8080 (https) with context path ''
2020-10-10 10:48:49,719 [main] INFO  com.shortrent.ShortRentApplication - Started ShortRentApplication in 2.281 seconds (JVM running for 3.053)
2020-10-10 10:48:54,415 [https-openssl-nio-8080-exec-5] INFO  org.apache.catalina.core.ContainerBase.[Tomcat].[localhost].[/] - Initializing Spring DispatcherServlet 'dispatcherServlet'
2020-10-10 10:48:54,415 [https-openssl-nio-8080-exec-5] INFO  org.springframework.web.servlet.DispatcherServlet - Initializing Servlet 'dispatcherServlet'
2020-10-10 10:48:54,420 [https-openssl-nio-8080-exec-5] INFO  org.springframework.web.servlet.DispatcherServlet - Completed initialization in 4 ms
2020-10-10 10:48:54,490 [https-openssl-nio-8080-exec-5] INFO  com.zaxxer.hikari.HikariDataSource - HikariPool-1 - Starting...
2020-10-10 10:48:54,577 [https-openssl-nio-8080-exec-5] INFO  com.zaxxer.hikari.HikariDataSource - HikariPool-1 - Start completed.
2020-10-10 10:49:47,866 [RMI TCP Connection(5)-127.0.0.1] INFO  o.s.boot.admin.SpringApplicationAdminMXBeanRegistrar$SpringApplicationAdmin - Application shutdown requested.
2020-10-10 10:49:47,871 [RMI TCP Connection(5)-127.0.0.1] INFO  org.springframework.scheduling.concurrent.ThreadPoolTaskExecutor - Shutting down ExecutorService 'applicationTaskExecutor'
2020-10-10 10:49:47,871 [RMI TCP Connection(5)-127.0.0.1] INFO  com.zaxxer.hikari.HikariDataSource - HikariPool-1 - Shutdown initiated...
2020-10-10 10:49:47,879 [RMI TCP Connection(5)-127.0.0.1] INFO  com.zaxxer.hikari.HikariDataSource - HikariPool-1 - Shutdown completed.
2020-10-10 10:49:54,526 [main] INFO  com.shortrent.ShortRentApplication - Starting ShortRentApplication on DESKTOP-IQVI3L0 with PID 20760 (D:\springWork\shortrent\target\classes started by Dell in D:\springWork\shortrent)
2020-10-10 10:49:54,549 [main] INFO  com.shortrent.ShortRentApplication - No active profile set, falling back to default profiles: default
2020-10-10 10:49:55,359 [main] INFO  org.springframework.boot.web.embedded.tomcat.TomcatWebServer - Tomcat initialized with port(s): 8080 (https)
2020-10-10 10:49:55,367 [main] INFO  org.apache.coyote.http11.Http11NioProtocol - Initializing ProtocolHandler ["https-openssl-nio-8080"]
2020-10-10 10:49:55,370 [main] INFO  org.apache.catalina.core.StandardService - Starting service [Tomcat]
2020-10-10 10:49:55,371 [main] INFO  org.apache.catalina.core.StandardEngine - Starting Servlet Engine: Apache Tomcat/9.0.12
2020-10-10 10:49:55,376 [main] INFO  org.apache.catalina.core.AprLifecycleListener - Loaded APR based Apache Tomcat Native library [1.2.23] using APR version [1.7.0].
2020-10-10 10:49:55,376 [main] INFO  org.apache.catalina.core.AprLifecycleListener - APR capabilities: IPv6 [true], sendfile [true], accept filters [false], random [true].
2020-10-10 10:49:55,376 [main] INFO  org.apache.catalina.core.AprLifecycleListener - APR/OpenSSL configuration: useAprConnector [false], useOpenSSL [true]
2020-10-10 10:49:55,378 [main] INFO  org.apache.catalina.core.AprLifecycleListener - OpenSSL successfully initialized [OpenSSL 1.1.1c  28 May 2019]
2020-10-10 10:49:55,519 [main] INFO  org.apache.catalina.core.ContainerBase.[Tomcat].[localhost].[/] - Initializing Spring embedded WebApplicationContext
2020-10-10 10:49:55,519 [main] INFO  org.springframework.web.context.ContextLoader - Root WebApplicationContext: initialization completed in 938 ms
2020-10-10 10:49:55,539 [main] INFO  org.springframework.boot.web.servlet.ServletRegistrationBean - Servlet dispatcherServlet mapped to [/]
2020-10-10 10:49:55,542 [main] INFO  org.springframework.boot.web.servlet.FilterRegistrationBean - Mapping filter: 'characterEncodingFilter' to: [/*]
2020-10-10 10:49:55,542 [main] INFO  org.springframework.boot.web.servlet.FilterRegistrationBean - Mapping filter: 'hiddenHttpMethodFilter' to: [/*]
2020-10-10 10:49:55,542 [main] INFO  org.springframework.boot.web.servlet.FilterRegistrationBean - Mapping filter: 'formContentFilter' to: [/*]
2020-10-10 10:49:55,542 [main] INFO  org.springframework.boot.web.servlet.FilterRegistrationBean - Mapping filter: 'requestContextFilter' to: [/*]
2020-10-10 10:49:55,889 [main] INFO  org.springframework.scheduling.concurrent.ThreadPoolTaskExecutor - Initializing ExecutorService 'applicationTaskExecutor'
2020-10-10 10:49:56,137 [main] INFO  org.apache.coyote.http11.Http11NioProtocol - Starting ProtocolHandler ["https-openssl-nio-8080"]
2020-10-10 10:49:56,553 [main] INFO  org.apache.tomcat.util.net.NioSelectorPool - Using a shared selector for servlet write/read
2020-10-10 10:49:56,564 [main] INFO  org.springframework.boot.web.embedded.tomcat.TomcatWebServer - Tomcat started on port(s): 8080 (https) with context path ''
2020-10-10 10:49:56,567 [main] INFO  com.shortrent.ShortRentApplication - Started ShortRentApplication in 2.346 seconds (JVM running for 3.089)
2020-10-10 10:50:08,131 [https-openssl-nio-8080-exec-5] INFO  org.apache.catalina.core.ContainerBase.[Tomcat].[localhost].[/] - Initializing Spring DispatcherServlet 'dispatcherServlet'
2020-10-10 10:50:08,132 [https-openssl-nio-8080-exec-5] INFO  org.springframework.web.servlet.DispatcherServlet - Initializing Servlet 'dispatcherServlet'
2020-10-10 10:50:08,142 [https-openssl-nio-8080-exec-5] INFO  org.springframework.web.servlet.DispatcherServlet - Completed initialization in 10 ms
2020-10-10 10:50:08,269 [https-openssl-nio-8080-exec-5] INFO  com.zaxxer.hikari.HikariDataSource - HikariPool-1 - Starting...
2020-10-10 10:50:08,483 [https-openssl-nio-8080-exec-5] INFO  com.zaxxer.hikari.HikariDataSource - HikariPool-1 - Start completed.
2020-10-10 10:58:12,847 [RMI TCP Connection(5)-127.0.0.1] INFO  o.s.boot.admin.SpringApplicationAdminMXBeanRegistrar$SpringApplicationAdmin - Application shutdown requested.
2020-10-10 10:58:12,854 [RMI TCP Connection(5)-127.0.0.1] INFO  org.springframework.scheduling.concurrent.ThreadPoolTaskExecutor - Shutting down ExecutorService 'applicationTaskExecutor'
2020-10-10 10:58:12,874 [RMI TCP Connection(5)-127.0.0.1] INFO  com.zaxxer.hikari.HikariDataSource - HikariPool-1 - Shutdown initiated...
2020-10-10 10:58:12,884 [RMI TCP Connection(5)-127.0.0.1] INFO  com.zaxxer.hikari.HikariDataSource - HikariPool-1 - Shutdown completed.
2020-10-10 10:58:25,118 [main] INFO  com.shortrent.ShortRentApplication - Starting ShortRentApplication on DESKTOP-IQVI3L0 with PID 20564 (D:\springWork\shortrent\target\classes started by Dell in D:\springWork\shortrent)
2020-10-10 10:58:25,120 [main] INFO  com.shortrent.ShortRentApplication - No active profile set, falling back to default profiles: default
2020-10-10 10:58:26,058 [main] INFO  org.springframework.boot.web.embedded.tomcat.TomcatWebServer - Tomcat initialized with port(s): 8080 (https)
2020-10-10 10:58:26,066 [main] INFO  org.apache.coyote.http11.Http11NioProtocol - Initializing ProtocolHandler ["https-openssl-nio-8080"]
2020-10-10 10:58:26,070 [main] INFO  org.apache.catalina.core.StandardService - Starting service [Tomcat]
2020-10-10 10:58:26,070 [main] INFO  org.apache.catalina.core.StandardEngine - Starting Servlet Engine: Apache Tomcat/9.0.12
2020-10-10 10:58:26,075 [main] INFO  org.apache.catalina.core.AprLifecycleListener - Loaded APR based Apache Tomcat Native library [1.2.23] using APR version [1.7.0].
2020-10-10 10:58:26,075 [main] INFO  org.apache.catalina.core.AprLifecycleListener - APR capabilities: IPv6 [true], sendfile [true], accept filters [false], random [true].
2020-10-10 10:58:26,075 [main] INFO  org.apache.catalina.core.AprLifecycleListener - APR/OpenSSL configuration: useAprConnector [false], useOpenSSL [true]
2020-10-10 10:58:26,078 [main] INFO  org.apache.catalina.core.AprLifecycleListener - OpenSSL successfully initialized [OpenSSL 1.1.1c  28 May 2019]
2020-10-10 10:58:26,160 [main] INFO  org.apache.catalina.core.ContainerBase.[Tomcat].[localhost].[/] - Initializing Spring embedded WebApplicationContext
2020-10-10 10:58:26,160 [main] INFO  org.springframework.web.context.ContextLoader - Root WebApplicationContext: initialization completed in 1007 ms
2020-10-10 10:58:26,179 [main] INFO  org.springframework.boot.web.servlet.ServletRegistrationBean - Servlet dispatcherServlet mapped to [/]
2020-10-10 10:58:26,183 [main] INFO  org.springframework.boot.web.servlet.FilterRegistrationBean - Mapping filter: 'characterEncodingFilter' to: [/*]
2020-10-10 10:58:26,183 [main] INFO  org.springframework.boot.web.servlet.FilterRegistrationBean - Mapping filter: 'hiddenHttpMethodFilter' to: [/*]
2020-10-10 10:58:26,183 [main] INFO  org.springframework.boot.web.servlet.FilterRegistrationBean - Mapping filter: 'formContentFilter' to: [/*]
2020-10-10 10:58:26,183 [main] INFO  org.springframework.boot.web.servlet.FilterRegistrationBean - Mapping filter: 'requestContextFilter' to: [/*]
2020-10-10 10:58:26,584 [main] INFO  org.springframework.scheduling.concurrent.ThreadPoolTaskExecutor - Initializing ExecutorService 'applicationTaskExecutor'
2020-10-10 10:58:26,776 [main] INFO  org.apache.coyote.http11.Http11NioProtocol - Starting ProtocolHandler ["https-openssl-nio-8080"]
2020-10-10 10:58:27,195 [main] INFO  org.apache.tomcat.util.net.NioSelectorPool - Using a shared selector for servlet write/read
2020-10-10 10:58:27,207 [main] INFO  org.springframework.boot.web.embedded.tomcat.TomcatWebServer - Tomcat started on port(s): 8080 (https) with context path ''
2020-10-10 10:58:27,210 [main] INFO  com.shortrent.ShortRentApplication - Started ShortRentApplication in 2.397 seconds (JVM running for 3.197)
2020-10-10 10:59:21,046 [https-openssl-nio-8080-exec-3] INFO  org.apache.catalina.core.ContainerBase.[Tomcat].[localhost].[/] - Initializing Spring DispatcherServlet 'dispatcherServlet'
2020-10-10 10:59:21,046 [https-openssl-nio-8080-exec-3] INFO  org.springframework.web.servlet.DispatcherServlet - Initializing Servlet 'dispatcherServlet'
2020-10-10 10:59:21,190 [https-openssl-nio-8080-exec-3] INFO  org.springframework.web.servlet.DispatcherServlet - Completed initialization in 15 ms
2020-10-10 10:59:21,961 [https-openssl-nio-8080-exec-9] INFO  com.zaxxer.hikari.HikariDataSource - HikariPool-1 - Starting...
2020-10-10 10:59:22,125 [https-openssl-nio-8080-exec-9] INFO  com.zaxxer.hikari.HikariDataSource - HikariPool-1 - Start completed.
2020-10-10 14:15:38,583 [RMI TCP Connection(4)-127.0.0.1] INFO  o.s.boot.admin.SpringApplicationAdminMXBeanRegistrar$SpringApplicationAdmin - Application shutdown requested.
2020-10-10 14:15:39,653 [RMI TCP Connection(4)-127.0.0.1] INFO  org.springframework.scheduling.concurrent.ThreadPoolTaskExecutor - Shutting down ExecutorService 'applicationTaskExecutor'
2020-10-10 14:15:39,788 [RMI TCP Connection(4)-127.0.0.1] INFO  com.zaxxer.hikari.HikariDataSource - HikariPool-1 - Shutdown initiated...
2020-10-10 14:15:39,876 [RMI TCP Connection(4)-127.0.0.1] INFO  com.zaxxer.hikari.HikariDataSource - HikariPool-1 - Shutdown completed.
2020-10-10 14:23:56,612 [main] INFO  com.shortrent.ShortRentApplication - Starting ShortRentApplication on DESKTOP-IQVI3L0 with PID 8200 (D:\springWork\shortrent\target\classes started by Dell in D:\springWork\shortrent)
2020-10-10 14:23:56,727 [main] INFO  com.shortrent.ShortRentApplication - No active profile set, falling back to default profiles: default
2020-10-10 14:23:57,863 [main] INFO  org.springframework.boot.web.embedded.tomcat.TomcatWebServer - Tomcat initialized with port(s): 8080 (https)
2020-10-10 14:23:57,870 [main] INFO  org.apache.coyote.http11.Http11NioProtocol - Initializing ProtocolHandler ["https-openssl-nio-8080"]
2020-10-10 14:23:57,874 [main] INFO  org.apache.catalina.core.StandardService - Starting service [Tomcat]
2020-10-10 14:23:57,875 [main] INFO  org.apache.catalina.core.StandardEngine - Starting Servlet Engine: Apache Tomcat/9.0.12
2020-10-10 14:23:57,880 [main] INFO  org.apache.catalina.core.AprLifecycleListener - Loaded APR based Apache Tomcat Native library [1.2.23] using APR version [1.7.0].
2020-10-10 14:23:57,880 [main] INFO  org.apache.catalina.core.AprLifecycleListener - APR capabilities: IPv6 [true], sendfile [true], accept filters [false], random [true].
2020-10-10 14:23:57,880 [main] INFO  org.apache.catalina.core.AprLifecycleListener - APR/OpenSSL configuration: useAprConnector [false], useOpenSSL [true]
2020-10-10 14:23:57,883 [main] INFO  org.apache.catalina.core.AprLifecycleListener - OpenSSL successfully initialized [OpenSSL 1.1.1c  28 May 2019]
2020-10-10 14:23:58,292 [main] INFO  org.apache.catalina.core.ContainerBase.[Tomcat].[localhost].[/] - Initializing Spring embedded WebApplicationContext
2020-10-10 14:23:58,293 [main] INFO  org.springframework.web.context.ContextLoader - Root WebApplicationContext: initialization completed in 1521 ms
2020-10-10 14:23:58,679 [main] INFO  org.springframework.boot.web.servlet.ServletRegistrationBean - Servlet dispatcherServlet mapped to [/]
2020-10-10 14:23:58,726 [main] INFO  org.springframework.boot.web.servlet.FilterRegistrationBean - Mapping filter: 'characterEncodingFilter' to: [/*]
2020-10-10 14:23:58,726 [main] INFO  org.springframework.boot.web.servlet.FilterRegistrationBean - Mapping filter: 'hiddenHttpMethodFilter' to: [/*]
2020-10-10 14:23:58,727 [main] INFO  org.springframework.boot.web.servlet.FilterRegistrationBean - Mapping filter: 'formContentFilter' to: [/*]
2020-10-10 14:23:58,727 [main] INFO  org.springframework.boot.web.servlet.FilterRegistrationBean - Mapping filter: 'requestContextFilter' to: [/*]
2020-10-10 14:24:03,049 [main] INFO  org.springframework.scheduling.concurrent.ThreadPoolTaskExecutor - Initializing ExecutorService 'applicationTaskExecutor'
2020-10-10 14:24:05,301 [main] INFO  org.apache.coyote.http11.Http11NioProtocol - Starting ProtocolHandler ["https-openssl-nio-8080"]
2020-10-10 14:24:06,474 [main] INFO  org.apache.tomcat.util.net.NioSelectorPool - Using a shared selector for servlet write/read
2020-10-10 14:24:06,616 [main] INFO  org.springframework.boot.web.embedded.tomcat.TomcatWebServer - Tomcat started on port(s): 8080 (https) with context path ''
2020-10-10 14:24:06,620 [main] INFO  com.shortrent.ShortRentApplication - Started ShortRentApplication in 10.552 seconds (JVM running for 11.519)
2020-10-10 14:24:13,837 [https-openssl-nio-8080-exec-7] INFO  org.apache.catalina.core.ContainerBase.[Tomcat].[localhost].[/] - Initializing Spring DispatcherServlet 'dispatcherServlet'
2020-10-10 14:24:13,838 [https-openssl-nio-8080-exec-7] INFO  org.springframework.web.servlet.DispatcherServlet - Initializing Servlet 'dispatcherServlet'
2020-10-10 14:24:13,902 [https-openssl-nio-8080-exec-7] INFO  org.springframework.web.servlet.DispatcherServlet - Completed initialization in 64 ms
2020-10-10 14:24:18,164 [https-openssl-nio-8080-exec-9] INFO  com.zaxxer.hikari.HikariDataSource - HikariPool-1 - Starting...
2020-10-10 14:24:18,900 [https-openssl-nio-8080-exec-9] INFO  com.zaxxer.hikari.HikariDataSource - HikariPool-1 - Start completed.
2020-10-10 14:48:39,219 [RMI TCP Connection(7)-127.0.0.1] INFO  o.s.boot.admin.SpringApplicationAdminMXBeanRegistrar$SpringApplicationAdmin - Application shutdown requested.
2020-10-10 14:48:39,514 [RMI TCP Connection(7)-127.0.0.1] INFO  org.springframework.scheduling.concurrent.ThreadPoolTaskExecutor - Shutting down ExecutorService 'applicationTaskExecutor'
2020-10-10 14:48:39,552 [RMI TCP Connection(7)-127.0.0.1] INFO  com.zaxxer.hikari.HikariDataSource - HikariPool-1 - Shutdown initiated...
2020-10-10 14:48:39,635 [RMI TCP Connection(7)-127.0.0.1] INFO  com.zaxxer.hikari.HikariDataSource - HikariPool-1 - Shutdown completed.
2020-10-10 14:51:37,439 [main] INFO  com.shortrent.ShortRentApplication - Starting ShortRentApplication on DESKTOP-IQVI3L0 with PID 18024 (D:\springWork\shortrent\target\classes started by Dell in D:\springWork\shortrent)
2020-10-10 14:51:37,442 [main] INFO  com.shortrent.ShortRentApplication - No active profile set, falling back to default profiles: default
2020-10-10 14:51:38,269 [main] INFO  org.springframework.boot.web.embedded.tomcat.TomcatWebServer - Tomcat initialized with port(s): 8080 (https)
2020-10-10 14:51:38,277 [main] INFO  org.apache.coyote.http11.Http11NioProtocol - Initializing ProtocolHandler ["https-openssl-nio-8080"]
2020-10-10 14:51:38,280 [main] INFO  org.apache.catalina.core.StandardService - Starting service [Tomcat]
2020-10-10 14:51:38,281 [main] INFO  org.apache.catalina.core.StandardEngine - Starting Servlet Engine: Apache Tomcat/9.0.12
2020-10-10 14:51:38,286 [main] INFO  org.apache.catalina.core.AprLifecycleListener - Loaded APR based Apache Tomcat Native library [1.2.23] using APR version [1.7.0].
2020-10-10 14:51:38,286 [main] INFO  org.apache.catalina.core.AprLifecycleListener - APR capabilities: IPv6 [true], sendfile [true], accept filters [false], random [true].
2020-10-10 14:51:38,286 [main] INFO  org.apache.catalina.core.AprLifecycleListener - APR/OpenSSL configuration: useAprConnector [false], useOpenSSL [true]
2020-10-10 14:51:38,289 [main] INFO  org.apache.catalina.core.AprLifecycleListener - OpenSSL successfully initialized [OpenSSL 1.1.1c  28 May 2019]
2020-10-10 14:51:38,370 [main] INFO  org.apache.catalina.core.ContainerBase.[Tomcat].[localhost].[/] - Initializing Spring embedded WebApplicationContext
2020-10-10 14:51:38,370 [main] INFO  org.springframework.web.context.ContextLoader - Root WebApplicationContext: initialization completed in 892 ms
2020-10-10 14:51:38,390 [main] INFO  org.springframework.boot.web.servlet.ServletRegistrationBean - Servlet dispatcherServlet mapped to [/]
2020-10-10 14:51:38,394 [main] INFO  org.springframework.boot.web.servlet.FilterRegistrationBean - Mapping filter: 'characterEncodingFilter' to: [/*]
2020-10-10 14:51:38,394 [main] INFO  org.springframework.boot.web.servlet.FilterRegistrationBean - Mapping filter: 'hiddenHttpMethodFilter' to: [/*]
2020-10-10 14:51:38,394 [main] INFO  org.springframework.boot.web.servlet.FilterRegistrationBean - Mapping filter: 'formContentFilter' to: [/*]
2020-10-10 14:51:38,394 [main] INFO  org.springframework.boot.web.servlet.FilterRegistrationBean - Mapping filter: 'requestContextFilter' to: [/*]
2020-10-10 14:51:38,802 [main] INFO  org.springframework.scheduling.concurrent.ThreadPoolTaskExecutor - Initializing ExecutorService 'applicationTaskExecutor'
2020-10-10 14:51:38,993 [main] INFO  org.apache.coyote.http11.Http11NioProtocol - Starting ProtocolHandler ["https-openssl-nio-8080"]
2020-10-10 14:51:39,407 [main] INFO  org.apache.tomcat.util.net.NioSelectorPool - Using a shared selector for servlet write/read
2020-10-10 14:51:39,418 [main] INFO  org.springframework.boot.web.embedded.tomcat.TomcatWebServer - Tomcat started on port(s): 8080 (https) with context path ''
2020-10-10 14:51:39,421 [main] INFO  com.shortrent.ShortRentApplication - Started ShortRentApplication in 2.292 seconds (JVM running for 3.078)
2020-10-10 14:51:43,620 [https-openssl-nio-8080-exec-7] INFO  org.apache.catalina.core.ContainerBase.[Tomcat].[localhost].[/] - Initializing Spring DispatcherServlet 'dispatcherServlet'
2020-10-10 14:51:43,620 [https-openssl-nio-8080-exec-7] INFO  org.springframework.web.servlet.DispatcherServlet - Initializing Servlet 'dispatcherServlet'
2020-10-10 14:51:43,649 [https-openssl-nio-8080-exec-7] INFO  org.springframework.web.servlet.DispatcherServlet - Completed initialization in 29 ms
2020-10-10 14:51:45,343 [https-openssl-nio-8080-exec-5] INFO  com.zaxxer.hikari.HikariDataSource - HikariPool-1 - Starting...
2020-10-10 14:51:45,849 [https-openssl-nio-8080-exec-5] INFO  com.zaxxer.hikari.HikariDataSource - HikariPool-1 - Start completed.
2020-10-10 14:53:02,997 [RMI TCP Connection(5)-127.0.0.1] INFO  o.s.boot.admin.SpringApplicationAdminMXBeanRegistrar$SpringApplicationAdmin - Application shutdown requested.
2020-10-10 14:53:03,001 [RMI TCP Connection(5)-127.0.0.1] INFO  org.springframework.scheduling.concurrent.ThreadPoolTaskExecutor - Shutting down ExecutorService 'applicationTaskExecutor'
2020-10-10 14:53:03,002 [RMI TCP Connection(5)-127.0.0.1] INFO  com.zaxxer.hikari.HikariDataSource - HikariPool-1 - Shutdown initiated...
2020-10-10 14:53:03,009 [RMI TCP Connection(5)-127.0.0.1] INFO  com.zaxxer.hikari.HikariDataSource - HikariPool-1 - Shutdown completed.
